Started: 17-May-2013 14:02
1	1	0	1	0	0	198	0	0.419	0.000	0.000	0.023	0.000	0.000	1.500	0.000
2	1	2	2	0	0	0	0	0.000	0.000	0.000	0.000	0.000	0.000	0.875	1.500
3	1	0	0	0	0	197	0	0.314	0.000	0.000	2.009	0.000	0.000	1.500	2.375
4	1	2	2	0	0	0	0	0.000	0.000	0.000	0.000	0.000	0.000	0.500	3.875
5	1	0	0	0	0	197	0	0.394	0.000	0.000	3.879	0.000	0.000	1.500	4.375
6	1	2	2	0	0	0	0	0.000	0.000	0.000	0.000	0.000	0.000	2.125	5.875
7	1	0	0	0	0	197	0	0.331	0.000	0.000	5.832	0.000	0.000	1.500	8.000
8	1	2	2	0	0	0	0	0.000	0.000	0.000	0.000	0.000	0.000	1.375	9.500
9	1	0	1	0	0	198	0	0.331	0.000	0.000	7.718	0.000	0.000	1.500	10.875
10	1	2	2	0	0	0	0	0.000	0.000	0.000	0.000	0.000	0.000	1.125	12.375
11	1	1	0	2	350	197	0	0.331	0.000	0.000	9.621	0.000	0.000	1.500	13.500
12	1	2	2	0	0	0	0	0.000	0.000	0.000	0.000	0.000	0.000	0.750	15.000
13	1	1	1	1	250	198	0	0.375	0.000	0.000	11.508	0.000	0.255	1.500	15.750
14	1	2	2	0	0	0	0	0.000	0.000	0.000	0.000	0.000	0.000	0.625	17.250
15	1	0	1	0	0	198	0	0.691	0.000	0.000	13.478	0.000	0.000	1.500	17.875
16	1	2	2	0	0	0	0	0.000	0.000	0.000	0.000	0.000	0.000	1.125	19.375
17	1	0	0	0	0	197	0	0.278	0.000	0.000	15.731	0.000	0.000	1.500	20.500
18	1	2	2	0	0	0	0	0.000	0.000	0.000	0.000	0.000	0.000	1.500	22.000
19	1	0	1	0	0	197	0	0.336	0.000	0.000	17.568	0.000	0.000	1.500	23.500
20	1	2	2	0	0	0	0	0.000	0.000	0.000	0.000	0.000	0.000	1.500	25.000
21	1	0	0	0	0	197	0	0.331	0.000	0.000	19.471	0.000	0.000	1.500	26.500
22	1	2	2	0	0	0	0	0.000	0.000	0.000	0.000	0.000	0.000	1.625	28.000
23	1	0	0	0	0	197	0	0.316	0.000	0.000	21.374	0.000	0.000	1.500	29.625
24	1	2	2	0	0	0	0	0.000	0.000	0.000	0.000	0.000	0.000	1.875	31.125
25	1	0	1	0	0	198	0	0.277	0.000	0.000	23.260	0.000	0.000	1.500	33.000
26	1	2	2	0	0	0	0	0.000	0.000	0.000	0.000	0.000	0.000	1.250	34.500
27	1	0	1	0	0	198	0	0.344	0.000	0.000	25.097	0.000	0.000	1.500	35.750
28	1	2	2	0	0	0	0	0.000	0.000	0.000	0.000	0.000	0.000	0.875	37.250
29	1	1	1	1	200	198	0	0.353	0.000	0.000	27.000	0.000	0.204	1.500	38.125
30	1	2	2	0	0	0	0	0.000	0.000	0.000	0.000	0.000	0.000	1.500	39.625
31	1	1	0	2	300	197	0	0.314	0.000	0.000	28.936	0.000	0.305	1.500	41.125
32	1	2	2	0	0	0	0	0.000	0.000	0.000	0.000	0.000	0.000	1.125	42.625
33	1	0	1	0	0	198	0	0.337	0.000	0.000	30.840	0.000	0.000	1.500	43.750
34	1	2	2	0	0	0	0	0.000	0.000	0.000	0.000	0.000	0.000	1.500	45.250
35	1	0	1	0	0	198	0	0.324	0.000	0.000	32.743	0.000	0.000	1.500	46.750
36	1	2	2	0	0	0	0	0.000	0.000	0.000	0.000	0.000	0.000	2.750	48.250
37	1	0	0	0	0	197	0	0.300	0.000	0.000	34.629	0.000	0.000	1.500	51.000
38	1	2	2	0	0	0	0	0.000	0.000	0.000	0.000	0.000	0.000	1.750	52.500
39	1	1	1	1	150	198	0	0.182	0.000	0.000	36.499	0.000	0.153	1.500	54.250
40	1	2	2	0	0	0	0	0.000	0.000	0.000	0.000	0.000	0.000	0.625	55.750
41	1	1	0	2	250	197	0	0.244	0.000	0.000	38.268	0.000	0.000	1.500	56.375
42	1	2	2	0	0	0	0	0.000	0.000	0.000	0.000	0.000	0.000	1.000	57.875
43	1	0	0	0	0	198	0	0.224	0.000	0.000	40.071	0.000	0.000	1.500	58.875
44	1	2	2	0	0	0	0	0.000	0.000	0.000	0.000	0.000	0.000	0.625	60.375
45	1	0	1	0	0	198	0	0.305	0.000	0.000	41.858	0.000	0.000	1.500	61.000
46	1	2	2	0	0	0	0	0.000	0.000	0.000	0.000	0.000	0.000	0.875	62.500
47	1	0	0	0	0	197	0	0.275	0.000	0.000	43.727	0.000	0.000	1.500	63.375
48	1	2	2	0	0	0	0	0.000	0.000	0.000	0.000	0.000	0.000	0.750	64.875
49	1	0	0	0	0	197	0	0.335	0.000	0.000	45.564	0.000	0.000	1.500	65.625
50	1	2	2	0	0	0	0	0.000	0.000	0.000	0.000	0.000	0.000	1.375	67.125
51	1	0	0	0	0	197	0	0.349	0.000	0.000	47.467	0.000	0.000	1.500	68.500
52	1	2	2	0	0	0	0	0.000	0.000	0.000	0.000	0.000	0.000	1.000	70.000
53	1	0	1	0	0	198	0	0.278	0.000	0.000	49.387	0.000	0.000	1.500	71.000
54	1	2	2	0	0	0	0	0.000	0.000	0.000	0.000	0.000	0.000	0.875	72.500
55	1	0	1	0	0	198	0	0.378	0.000	0.000	51.223	0.000	0.000	1.500	73.375
56	1	2	2	0	0	0	0	0.000	0.000	0.000	0.000	0.000	0.000	1.000	74.875
57	1	0	0	0	0	197	0	0.266	0.000	0.000	53.159	0.000	0.000	1.500	75.875
58	1	2	2	0	0	0	0	0.000	0.000	0.000	0.000	0.000	0.000	1.375	77.375
59	1	0	1	0	0	198	0	0.253	0.000	0.000	54.996	0.000	0.000	1.500	78.750
60	1	2	2	0	0	0	0	0.000	0.000	0.000	0.000	0.000	0.000	2.125	80.250
61	1	1	0	2	200	197	0	0.275	0.000	0.000	56.816	0.000	0.206	1.500	82.375
62	1	2	2	0	0	0	0	0.000	0.000	0.000	0.000	0.000	0.000	1.500	83.875
63	1	1	1	1	100	198	0	0.293	0.000	0.000	58.685	0.000	0.103	1.500	85.375
64	1	2	2	0	0	0	0	0.000	0.000	0.000	0.000	0.000	0.000	2.125	86.875
65	1	0	1	0	0	198	0	0.480	0.000	0.000	60.538	0.000	0.000	1.500	89.000
66	1	2	2	0	0	0	0	0.000	0.000	0.000	0.000	0.000	0.000	0.875	90.500
67	1	1	0	2	150	197	0	0.290	0.000	0.000	62.575	0.000	0.154	1.500	91.375
68	1	2	2	0	0	0	0	0.000	0.000	0.000	0.000	0.000	0.000	0.625	92.875
69	1	0	0	0	0	197	0	0.379	0.000	0.000	64.461	0.000	0.000	1.500	93.500
70	1	2	2	0	0	0	0	0.000	0.000	0.000	0.000	0.000	0.000	0.625	95.000
71	1	1	1	1	50	198	0	0.292	0.000	0.000	66.398	0.000	0.053	1.500	95.625
72	1	2	2	0	0	0	0	0.000	0.000	0.000	0.000	0.000	0.000	1.375	97.125
73	1	0	0	0	0	197	0	0.223	0.000	0.000	68.251	0.000	0.000	1.500	98.500
74	1	2	2	0	0	0	0	0.000	0.000	0.000	0.000	0.000	0.000	2.125	100.000
75	1	0	1	0	0	198	0	0.301	0.000	0.000	70.037	0.000	0.000	1.500	102.125
76	1	2	2	0	0	0	0	0.000	0.000	0.000	0.000	0.000	0.000	0.875	103.625
77	1	0	0	0	0	197	0	0.431	0.000	0.000	71.907	0.000	0.000	1.500	104.500
78	1	2	2	0	0	0	0	0.000	0.000	0.000	0.000	0.000	0.000	0.625	106.000
79	1	0	1	0	0	198	0	0.275	0.000	0.000	73.894	0.000	0.000	1.500	106.625
80	1	2	2	0	0	0	0	0.000	0.000	0.000	0.000	0.000	0.000	1.250	108.125
81	1	0	0	0	0	197	0	0.263	0.000	0.000	75.730	0.000	0.000	1.500	109.375
82	1	2	2	0	0	0	0	0.000	0.000	0.000	0.000	0.000	0.000	1.000	110.875
83	1	0	1	0	0	198	0	0.307	0.000	0.000	77.550	0.000	0.000	1.500	111.875
84	1	2	2	0	0	0	0	0.000	0.000	0.000	0.000	0.000	0.000	0.625	113.375
85	1	0	0	0	0	197	0	0.278	0.000	0.000	79.419	0.000	0.000	1.500	114.000
86	1	2	2	0	0	0	0	0.000	0.000	0.000	0.000	0.000	0.000	2.500	115.500
87	1	0	0	0	0	197	0	0.730	0.000	0.000	81.256	0.000	0.000	1.500	118.000
88	1	2	2	0	0	0	0	0.000	0.000	0.000	0.000	0.000	0.000	2.125	119.500
89	1	0	1	0	0	198	0	0.370	0.000	0.000	83.543	0.000	0.000	1.500	121.625
90	1	2	2	0	0	0	0	0.000	0.000	0.000	0.000	0.000	0.000	1.000	123.125
91	1	0	1	0	0	198	0	0.346	0.000	0.000	85.479	0.000	0.000	1.500	124.125
92	1	2	2	0	0	0	0	0.000	0.000	0.000	0.000	0.000	0.000	0.625	125.625
93	1	1	1	2	100	198	0	0.540	0.000	0.000	87.382	0.000	0.104	1.500	126.250
94	1	2	2	0	0	0	0	0.000	0.000	0.000	0.000	0.000	0.000	2.000	127.750
95	1	1	0	1	0	197	0	0.274	0.000	0.000	89.486	0.000	0.007	1.500	129.750
96	1	2	2	0	0	0	0	0.000	0.000	0.000	0.000	0.000	0.000	0.625	131.250
97	1	0	0	0	0	197	0	0.318	0.000	0.000	91.322	0.000	0.000	1.500	131.875
98	1	2	2	0	0	0	0	0.000	0.000	0.000	0.000	0.000	0.000	1.375	133.375
99	1	0	1	0	0	198	0	0.345	0.000	0.000	93.209	0.000	0.000	1.500	134.750
100	1	2	2	0	0	0	0	0.000	0.000	0.000	0.000	0.000	0.000	1.250	136.250
101	1	0	0	0	0	197	0	0.322	0.000	0.000	95.112	0.000	0.000	1.500	137.500
102	1	2	2	0	0	0	0	0.000	0.000	0.000	0.000	0.000	0.000	0.625	139.000
103	1	0	0	0	0	197	0	0.387	0.000	0.000	96.998	0.000	0.000	1.500	139.625
104	1	2	2	0	0	0	0	0.000	0.000	0.000	0.000	0.000	0.000	2.000	141.125
105	1	1	1	1	0	0	0	0.000	0.000	0.000	98.951	0.000	0.006	1.500	143.125
106	1	2	2	0	0	0	0	0.000	0.000	0.000	0.000	0.000	0.000	1.250	144.625
107	1	0	1	0	0	198	0	0.438	0.000	0.000	101.522	0.000	0.000	1.500	145.875
108	1	2	2	0	0	0	0	0.000	0.000	0.000	0.000	0.000	0.000	1.750	147.375
109	1	1	0	2	50	0	0	0.000	0.000	0.000	103.526	0.000	0.054	1.500	149.125
110	1	2	2	0	0	0	0	0.000	0.000	0.000	0.000	0.000	0.000	1.875	150.625
111	1	0	1	0	0	198	0	0.360	0.000	0.000	106.096	0.000	0.000	1.500	152.500
112	1	2	2	0	0	0	0	0.000	0.000	0.000	0.000	0.000	0.000	0.750	154.000
113	1	0	1	0	0	198	0	0.369	0.000	0.000	108.016	0.000	0.000	1.500	154.750
114	1	2	2	0	0	0	0	0.000	0.000	0.000	0.000	0.000	0.000	2.375	156.250
115	1	0	0	0	0	197	0	0.266	0.000	0.000	109.953	0.000	0.000	1.500	158.625
116	1	2	2	0	0	0	0	0.000	0.000	0.000	0.000	0.000	0.000	0.625	160.125
117	1	0	1	0	0	198	0	0.347	0.000	0.000	111.789	0.000	0.000	1.500	160.750
118	1	2	2	0	0	0	0	0.000	0.000	0.000	0.000	0.000	0.000	1.625	162.250
119	1	0	0	0	0	197	0	0.341	0.000	0.000	113.692	0.000	0.000	1.500	163.875
120	1	2	2	0	0	0	0	0.000	0.000	0.000	0.000	0.000	0.000	0.500	165.375
121	1	0	1	0	0	198	0	0.341	0.000	0.000	115.595	0.000	0.000	1.500	165.875
122	1	2	2	0	0	0	0	0.000	0.000	0.000	0.000	0.000	0.000	2.500	167.375
123	1	0	0	0	0	197	0	0.288	0.000	0.000	117.499	0.000	0.000	1.500	169.875
124	1	2	2	0	0	0	0	0.000	0.000	0.000	0.000	0.000	0.000	0.875	171.375
125	1	1	1	1	50	0	0	0.000	0.000	0.000	119.352	0.000	0.053	1.500	172.250
126	1	2	2	0	0	0	0	0.000	0.000	0.000	0.000	0.000	0.000	1.500	173.750
127	1	1	0	2	100	0	0	0.000	0.000	0.000	121.922	0.000	0.106	1.500	175.250
128	1	2	2	0	0	0	0	0.000	0.000	0.000	0.000	0.000	0.000	1.000	176.750
129	1	1	0	1	100	0	0	0.000	0.000	0.000	148.833	0.000	0.103	1.500	177.750
130	1	2	2	0	0	0	0	0.000	0.000	0.000	0.000	0.000	0.000	3.500	179.250
131	1	1	1	2	150	0	0	0.000	0.000	0.000	151.404	0.000	0.153	1.500	182.750
132	1	2	2	0	0	0	0	0.000	0.000	0.000	0.000	0.000	0.000	0.750	184.250
133	1	0	1	0	0	198	0	0.379	0.000	0.000	153.975	0.000	0.000	1.500	185.000
134	1	2	2	0	0	0	0	0.000	0.000	0.000	0.000	0.000	0.000	0.875	186.500
135	1	0	0	0	0	197	0	0.306	0.000	0.000	155.912	0.000	0.000	1.500	187.375
136	1	2	2	0	0	0	0	0.000	0.000	0.000	0.000	0.000	0.000	1.875	188.875
137	1	0	1	0	0	198	0	0.284	0.000	0.000	157.781	0.000	0.000	1.500	190.750
138	1	2	2	0	0	0	0	0.000	0.000	0.000	0.000	0.000	0.000	0.875	192.250
139	1	0	0	0	0	197	0	0.352	0.000	0.000	159.634	0.000	0.000	1.500	193.125
140	1	2	2	0	0	0	0	0.000	0.000	0.000	0.000	0.000	0.000	1.375	194.625
141	1	0	1	0	0	198	0	0.360	0.000	0.000	161.554	0.000	0.000	1.500	196.000
142	1	2	2	0	0	0	0	0.000	0.000	0.000	0.000	0.000	0.000	0.500	197.500
143	1	0	0	0	0	197	0	0.295	0.000	0.000	163.474	0.000	0.000	1.500	198.000
144	1	2	2	0	0	0	0	0.000	0.000	0.000	0.000	0.000	0.000	1.500	199.500
145	1	0	0	0	0	197	0	0.466	0.000	0.000	165.327	0.000	0.000	1.500	201.000
146	1	2	2	0	0	0	0	0.000	0.000	0.000	0.000	0.000	0.000	3.500	202.500
147	1	0	0	0	0	197	0	0.310	0.000	0.000	167.364	0.000	0.000	1.500	206.000
148	1	2	2	0	0	0	0	0.000	0.000	0.000	0.000	0.000	0.000	0.750	207.500
149	1	0	0	0	0	197	0	0.344	0.000	0.000	169.233	0.000	0.000	1.500	208.250
150	1	2	2	0	0	0	0	0.000	0.000	0.000	0.000	0.000	0.000	1.500	209.750
151	1	0	1	0	0	198	0	0.433	0.000	0.000	171.137	0.000	0.000	1.500	211.250
152	1	2	2	0	0	0	0	0.000	0.000	0.000	0.000	0.000	0.000	0.750	212.750
153	1	1	1	2	200	0	0	0.000	0.000	0.000	173.140	0.000	0.203	1.500	213.500
154	1	2	2	0	0	0	0	0.000	0.000	0.000	0.000	0.000	0.000	0.875	215.000
155	1	0	1	0	0	198	0	0.475	0.000	0.000	175.711	0.000	0.000	1.500	215.875
156	1	2	2	0	0	0	0	0.000	0.000	0.000	0.000	0.000	0.000	1.500	217.375
157	1	1	0	1	150	0	0	0.000	0.000	0.000	177.747	0.000	0.154	1.500	218.875
158	1	2	2	0	0	0	0	0.000	0.000	0.000	0.000	0.000	0.000	1.125	220.375
159	1	0	1	0	0	198	0	0.380	0.000	0.000	180.318	0.000	0.000	1.500	221.500
160	1	2	2	0	0	0	0	0.000	0.000	0.000	0.000	0.000	0.000	0.625	223.000
161	1	0	1	0	0	198	0	0.459	0.000	0.000	182.255	0.000	0.000	1.500	223.625
162	1	2	2	0	0	0	0	0.000	0.000	0.000	0.000	0.000	0.000	1.375	225.125
163	1	0	0	0	0	197	0	0.383	0.000	0.000	184.275	0.000	0.000	1.500	226.500
164	1	2	2	0	0	0	0	0.000	0.000	0.000	0.000	0.000	0.000	0.500	228.000
165	1	0	1	0	0	198	0	0.333	0.000	0.000	186.228	0.000	0.000	1.500	228.500
166	1	2	2	0	0	0	0	0.000	0.000	0.000	0.000	0.000	0.000	3.500	230.000
167	1	1	0	2	250	197	0	0.288	0.000	0.000	188.131	0.000	0.253	1.500	233.500
168	1	2	2	0	0	0	0	0.000	0.000	0.000	0.000	0.000	0.000	2.125	235.000
169	1	1	1	1	200	198	0	0.369	0.000	0.000	190.001	0.000	0.205	1.500	237.125
170	1	2	2	0	0	0	0	0.000	0.000	0.000	0.000	0.000	0.000	1.500	238.625
171	1	0	0	0	0	197	0	0.536	0.000	0.000	191.954	0.000	0.000	1.500	240.125
172	1	2	2	0	0	0	0	0.000	0.000	0.000	0.000	0.000	0.000	0.500	241.625
173	1	0	0	0	0	197	0	0.304	0.000	0.000	194.058	0.000	0.000	1.500	242.125
174	1	2	2	0	0	0	0	0.000	0.000	0.000	0.000	0.000	0.000	0.875	243.625
175	1	0	1	0	0	198	0	0.338	0.000	0.000	195.927	0.000	0.000	1.500	244.500
176	1	2	2	0	0	0	0	0.000	0.000	0.000	0.000	0.000	0.000	1.875	246.000
177	1	0	1	0	0	198	0	0.450	0.000	0.000	197.830	0.000	0.000	1.500	247.875
178	1	2	2	0	0	0	0	0.000	0.000	0.000	0.000	0.000	0.000	0.500	249.375
179	1	0	1	0	0	198	0	0.368	0.000	0.000	199.850	0.000	0.000	1.500	249.875
180	1	2	2	0	0	0	0	0.000	0.000	0.000	0.000	0.000	0.000	1.750	251.375
181	1	0	0	0	0	197	0	0.336	0.000	0.000	201.787	0.000	0.000	1.500	253.125
182	1	2	2	0	0	0	0	0.000	0.000	0.000	0.000	0.000	0.000	1.375	254.625
183	1	0	1	0	0	198	0	0.368	0.000	0.000	203.690	0.000	0.000	1.500	256.000
184	1	2	2	0	0	0	0	0.000	0.000	0.000	0.000	0.000	0.000	3.625	257.500
185	1	0	0	0	0	197	0	0.446	0.000	0.000	205.627	0.000	0.000	1.500	261.125
186	1	2	2	0	0	0	0	0.000	0.000	0.000	0.000	0.000	0.000	0.500	262.625
187	1	0	0	0	0	197	0	0.363	0.000	0.000	207.630	0.000	0.000	1.500	263.125
188	1	2	2	0	0	0	0	0.000	0.000	0.000	0.000	0.000	0.000	2.375	264.625
189	1	1	1	1	150	0	0	0.000	0.000	0.000	209.550	0.000	0.154	1.500	267.000
190	1	2	2	0	0	0	0	0.000	0.000	0.000	0.000	0.000	0.000	0.625	268.500
191	1	1	0	2	200	197	0	0.298	0.000	0.000	212.121	0.000	0.204	1.500	269.125
192	1	2	2	0	0	0	0	0.000	0.000	0.000	0.000	0.000	0.000	1.500	270.625
193	1	1	0	2	150	0	0	0.000	0.000	0.000	214.007	0.000	0.154	1.500	272.125
194	1	2	2	0	0	0	0	0.000	0.000	0.000	0.000	0.000	0.000	1.250	273.625
195	1	1	1	1	200	198	0	0.335	0.000	0.000	216.578	0.000	0.204	1.500	274.875
196	1	2	2	0	0	0	0	0.000	0.000	0.000	0.000	0.000	0.000	0.500	276.375
197	1	0	0	0	0	197	0	0.338	0.000	0.000	218.498	0.000	0.000	1.500	276.875
198	1	2	2	0	0	0	0	0.000	0.000	0.000	0.000	0.000	0.000	1.125	278.375
199	1	0	0	0	0	197	0	0.304	0.000	0.000	220.401	0.000	0.000	1.500	279.500
200	1	2	2	0	0	0	0	0.000	0.000	0.000	0.000	0.000	0.000	0.750	281.000
201	1	0	1	0	0	198	0	0.323	0.000	0.000	222.271	0.000	0.000	1.500	281.750
202	1	2	2	0	0	0	0	0.000	0.000	0.000	0.000	0.000	0.000	0.875	283.250
203	1	0	1	0	0	198	0	0.398	0.000	0.000	224.157	0.000	0.000	1.500	284.125
204	1	2	2	0	0	0	0	0.000	0.000	0.000	0.000	0.000	0.000	2.875	285.625
205	1	0	1	0	0	198	0	0.378	0.000	0.000	226.127	0.000	0.000	1.500	288.500
206	1	2	2	0	0	0	0	0.000	0.000	0.000	0.000	0.000	0.000	1.750	290.000
207	1	0	0	0	0	197	0	0.281	0.000	0.000	228.063	0.000	0.000	1.500	291.750
208	1	2	2	0	0	0	0	0.000	0.000	0.000	0.000	0.000	0.000	0.875	293.250
209	1	1	0	1	150	197	0	0.325	0.000	0.000	229.900	0.000	0.154	1.500	294.125
210	1	2	2	0	0	0	0	0.000	0.000	0.000	0.000	0.000	0.000	0.750	295.625
211	1	0	1	0	0	198	0	0.422	0.000	0.000	231.820	0.000	0.000	1.500	296.375
212	1	2	2	0	0	0	0	0.000	0.000	0.000	0.000	0.000	0.000	0.750	297.875
213	1	1	1	2	200	0	0	0.000	0.000	0.000	233.806	0.000	0.204	1.500	298.625
214	1	2	2	0	0	0	0	0.000	0.000	0.000	0.000	0.000	0.000	1.000	300.125
215	1	0	1	0	0	198	0	0.440	0.000	0.000	236.377	0.000	0.000	1.500	301.125
216	1	2	2	0	0	0	0	0.000	0.000	0.000	0.000	0.000	0.000	0.625	302.625
217	1	0	1	0	0	198	0	0.549	0.000	0.000	238.380	0.000	0.000	1.500	303.250
218	1	2	2	0	0	0	0	0.000	0.000	0.000	0.000	0.000	0.000	3.125	304.750
219	1	0	0	0	0	197	0	0.308	0.000	0.000	240.501	0.000	0.000	1.500	307.875
220	1	2	2	0	0	0	0	0.000	0.000	0.000	0.000	0.000	0.000	0.625	309.375
221	1	0	0	0	0	197	0	0.366	0.000	0.000	242.370	0.000	0.000	1.500	310.000
222	1	2	2	0	0	0	0	0.000	0.000	0.000	0.000	0.000	0.000	1.500	311.500
223	1	0	0	0	0	197	0	0.407	0.000	0.000	244.307	0.000	0.000	1.500	313.000
224	1	2	2	0	0	0	0	0.000	0.000	0.000	0.000	0.000	0.000	1.500	314.500
225	1	0	1	0	0	198	0	0.460	0.000	0.000	246.277	0.000	0.000	1.500	316.000
226	1	2	2	0	0	0	0	0.000	0.000	0.000	0.000	0.000	0.000	2.125	317.500
227	1	0	0	0	0	197	0	0.370	0.000	0.000	248.297	0.000	0.000	1.500	319.625
228	1	2	2	0	0	0	0	0.000	0.000	0.000	0.000	0.000	0.000	0.875	321.125
229	1	0	0	0	0	197	0	0.378	0.000	0.000	250.233	0.000	0.000	1.500	322.000
230	1	2	2	0	0	0	0	0.000	0.000	0.000	0.000	0.000	0.000	1.625	323.500
231	1	0	0	0	0	197	0	0.400	0.000	0.000	252.170	0.000	0.000	1.500	325.125
232	1	2	2	0	0	0	0	0.000	0.000	0.000	0.000	0.000	0.000	0.625	326.625
233	1	1	1	2	250	198	0	0.365	0.000	0.000	254.140	0.000	0.254	1.500	327.250
234	1	2	2	0	0	0	0	0.000	0.000	0.000	0.000	0.000	0.000	2.000	328.750
235	1	0	1	0	0	198	0	0.501	0.000	0.000	256.093	0.000	0.000	1.500	330.750
236	1	2	2	0	0	0	0	0.000	0.000	0.000	0.000	0.000	0.000	0.500	332.250
237	1	1	0	1	100	0	0	0.000	0.000	0.000	258.163	0.000	0.103	1.500	332.750
238	1	2	2	0	0	0	0	0.000	0.000	0.000	0.000	0.000	0.000	0.625	334.250
239	1	0	1	0	0	198	0	0.508	0.000	0.000	260.717	0.000	0.000	1.500	334.875
240	1	2	2	0	0	0	0	0.000	0.000	0.000	0.000	0.000	0.000	2.875	336.375
241	1	0	1	0	0	198	0	0.461	0.000	0.000	262.787	0.000	0.000	1.500	339.250
242	1	2	2	0	0	0	0	0.000	0.000	0.000	0.000	0.000	0.000	1.125	340.750
243	1	0	0	0	0	197	0	0.340	0.000	0.000	264.807	0.000	0.000	1.500	341.875
244	1	2	2	0	0	0	0	0.000	0.000	0.000	0.000	0.000	0.000	0.500	343.375
245	1	1	0	1	150	197	0	0.308	0.000	0.000	266.710	0.000	0.154	1.500	343.875
246	1	2	2	0	0	0	0	0.000	0.000	0.000	0.000	0.000	0.000	0.500	345.375
247	1	1	1	2	200	0	0	0.000	0.000	0.000	268.613	0.000	0.203	1.500	345.875
248	1	2	2	0	0	0	0	0.000	0.000	0.000	0.000	0.000	0.000	0.625	347.375
249	1	0	1	0	0	198	0	0.466	0.000	0.000	271.184	0.000	0.000	1.500	348.000
250	1	2	2	0	0	0	0	0.000	0.000	0.000	0.000	0.000	0.000	1.375	349.500
251	1	0	1	0	0	198	0	0.381	0.000	0.000	273.221	0.000	0.000	1.500	350.875
252	1	2	2	0	0	0	0	0.000	0.000	0.000	0.000	0.000	0.000	0.625	352.375
253	1	0	0	0	0	197	0	0.357	0.000	0.000	275.157	0.000	0.000	1.500	353.000
254	1	2	2	0	0	0	0	0.000	0.000	0.000	0.000	0.000	0.000	1.625	354.500
255	1	0	0	0	0	197	0	0.334	0.000	0.000	277.077	0.000	0.000	1.500	356.125
256	1	2	2	0	0	0	0	0.000	0.000	0.000	0.000	0.000	0.000	2.125	357.625
