Started: 17-Apr-2013 10:25
1	1	0	1	0	0	198	0	0.504	0.000	0.000	0.013	0.000	0.000	1.500	0.000
2	1	2	2	0	0	0	0	0.000	0.000	0.000	0.000	0.000	0.000	0.875	1.500
3	1	0	0	0	0	197	0	0.575	0.000	0.000	2.082	0.000	0.000	1.500	2.375
4	1	2	2	0	0	0	0	0.000	0.000	0.000	0.000	0.000	0.000	0.500	3.875
5	1	0	0	0	0	197	0	0.392	0.000	0.000	4.219	0.000	0.000	1.500	4.375
6	1	2	2	0	0	0	0	0.000	0.000	0.000	0.000	0.000	0.000	2.125	5.875
7	1	0	0	0	0	197	0	0.590	0.000	0.000	6.172	0.000	0.000	1.500	8.000
8	1	2	2	0	0	0	0	0.000	0.000	0.000	0.000	0.000	0.000	1.375	9.500
9	1	0	1	0	0	198	0	0.539	0.000	0.000	8.326	0.000	0.000	1.500	10.875
10	1	2	2	0	0	0	0	0.000	0.000	0.000	0.000	0.000	0.000	1.125	12.375
11	1	1	0	2	350	197	0	0.365	0.000	0.000	10.429	0.000	0.356	1.500	13.500
12	1	2	2	0	0	0	0	0.000	0.000	0.000	0.000	0.000	0.000	0.750	15.000
13	1	1	1	1	250	0	0	0.000	0.000	0.000	12.383	0.000	0.254	1.500	15.750
14	1	2	2	0	0	0	0	0.000	0.000	0.000	0.000	0.000	0.000	0.625	17.250
15	1	0	1	0	0	198	0	0.399	0.000	0.000	14.954	0.000	0.000	1.500	17.875
16	1	2	2	0	0	0	0	0.000	0.000	0.000	0.000	0.000	0.000	1.125	19.375
17	1	0	0	0	0	197	0	0.464	0.000	0.000	16.923	0.000	0.000	1.500	20.500
18	1	2	2	0	0	0	0	0.000	0.000	0.000	0.000	0.000	0.000	1.500	22.000
19	1	0	1	0	0	198	0	0.521	0.000	0.000	18.943	0.000	0.000	1.500	23.500
20	1	2	2	0	0	0	0	0.000	0.000	0.000	0.000	0.000	0.000	1.500	25.000
21	1	0	0	0	0	197	0	0.396	0.000	0.000	21.030	0.000	0.000	1.500	26.500
22	1	2	2	0	0	0	0	0.000	0.000	0.000	0.000	0.000	0.000	1.625	28.000
23	1	0	0	0	0	197	0	0.522	0.000	0.000	22.983	0.000	0.000	1.500	29.625
24	1	2	2	0	0	0	0	0.000	0.000	0.000	0.000	0.000	0.000	1.875	31.125
25	1	0	1	0	0	198	0	0.362	0.000	0.000	25.070	0.000	0.000	1.500	33.000
26	1	2	2	0	0	0	0	0.000	0.000	0.000	0.000	0.000	0.000	1.250	34.500
27	1	0	1	0	0	198	0	0.371	0.000	0.000	26.990	0.000	0.000	1.500	35.750
28	1	2	2	0	0	0	0	0.000	0.000	0.000	0.000	0.000	0.000	0.875	37.250
29	1	1	1	1	300	198	0	0.421	0.000	0.000	28.926	0.000	0.303	1.500	38.125
30	1	2	2	0	0	0	0	0.000	0.000	0.000	0.000	0.000	0.000	1.500	39.625
31	1	1	0	2	300	0	0	0.000	0.000	0.000	30.930	0.000	0.304	1.500	41.125
32	1	2	2	0	0	0	0	0.000	0.000	0.000	0.000	0.000	0.000	1.125	42.625
33	1	0	1	0	0	198	0	0.325	0.000	0.000	33.501	0.000	0.000	1.500	43.750
34	1	2	2	0	0	0	0	0.000	0.000	0.000	0.000	0.000	0.000	1.500	45.250
35	1	0	1	0	0	198	0	0.334	0.000	0.000	35.387	0.000	0.000	1.500	46.750
36	1	2	2	0	0	0	0	0.000	0.000	0.000	0.000	0.000	0.000	2.750	48.250
37	1	0	0	0	0	197	0	0.528	0.000	0.000	37.290	0.000	0.000	1.500	51.000
38	1	2	2	0	0	0	0	0.000	0.000	0.000	0.000	0.000	0.000	1.750	52.500
39	1	1	1	1	250	198	0	0.385	0.000	0.000	39.377	0.000	0.253	1.500	54.250
40	1	2	2	0	0	0	0	0.000	0.000	0.000	0.000	0.000	0.000	0.625	55.750
41	1	1	0	2	350	197	0	0.742	0.000	0.000	41.347	0.000	0.355	1.500	56.375
42	1	2	2	0	0	0	0	0.000	0.000	0.000	0.000	0.000	0.000	1.000	57.875
43	1	0	0	0	0	197	0	0.446	0.000	0.000	43.651	0.000	0.000	1.500	58.875
44	1	2	2	0	0	0	0	0.000	0.000	0.000	0.000	0.000	0.000	0.625	60.375
45	1	0	1	0	0	198	0	0.508	0.000	0.000	45.654	0.000	0.000	1.500	61.000
46	1	2	2	0	0	0	0	0.000	0.000	0.000	0.000	0.000	0.000	0.875	62.500
47	1	0	0	0	0	197	0	0.653	0.000	0.000	47.724	0.000	0.000	1.500	63.375
48	1	2	2	0	0	0	0	0.000	0.000	0.000	0.000	0.000	0.000	0.750	64.875
49	1	0	0	0	0	197	0	0.344	0.000	0.000	49.944	0.000	0.000	1.500	65.625
50	1	2	2	0	0	0	0	0.000	0.000	0.000	0.000	0.000	0.000	1.375	67.125
51	1	0	0	0	0	197	0	0.323	0.000	0.000	51.847	0.000	0.000	1.500	68.500
52	1	2	2	0	0	0	0	0.000	0.000	0.000	0.000	0.000	0.000	1.000	70.000
53	1	0	1	0	0	198	0	0.317	0.000	0.000	53.734	0.000	0.000	1.500	71.000
54	1	2	2	0	0	0	0	0.000	0.000	0.000	0.000	0.000	0.000	0.875	72.500
55	1	0	1	0	0	198	0	0.340	0.000	0.000	55.620	0.000	0.000	1.500	73.375
56	1	2	2	0	0	0	0	0.000	0.000	0.000	0.000	0.000	0.000	1.000	74.875
57	1	0	0	0	0	197	0	0.351	0.000	0.000	57.523	0.000	0.000	1.500	75.875
58	1	2	2	0	0	0	0	0.000	0.000	0.000	0.000	0.000	0.000	1.375	77.375
59	1	0	1	0	0	198	0	0.374	0.000	0.000	59.443	0.000	0.000	1.500	78.750
60	1	2	2	0	0	0	0	0.000	0.000	0.000	0.000	0.000	0.000	2.125	80.250
61	1	1	0	2	300	197	0	0.334	0.000	0.000	61.380	0.000	0.305	1.500	82.375
62	1	2	2	0	0	0	0	0.000	0.000	0.000	0.000	0.000	0.000	1.500	83.875
63	1	1	1	1	200	0	0	0.000	0.000	0.000	63.300	0.000	0.204	1.500	85.375
64	1	2	2	0	0	0	0	0.000	0.000	0.000	0.000	0.000	0.000	2.125	86.875
65	1	0	1	0	0	198	0	0.372	0.000	0.000	65.854	0.000	0.000	1.500	89.000
66	1	2	2	0	0	0	0	0.000	0.000	0.000	0.000	0.000	0.000	0.875	90.500
67	1	1	0	2	250	0	0	0.000	0.000	0.000	67.790	0.000	0.254	1.500	91.375
68	1	2	2	0	0	0	0	0.000	0.000	0.000	0.000	0.000	0.000	0.625	92.875
69	1	0	0	0	0	197	0	0.504	0.000	0.000	70.361	0.000	0.000	1.500	93.500
70	1	2	2	0	0	0	0	0.000	0.000	0.000	0.000	0.000	0.000	0.625	95.000
71	1	1	1	1	250	198	0	0.354	0.000	0.000	72.431	0.000	0.254	1.500	95.625
72	1	2	2	0	0	0	0	0.000	0.000	0.000	0.000	0.000	0.000	1.375	97.125
73	1	0	0	0	0	197	0	0.553	0.000	0.000	74.368	0.000	0.000	1.500	98.500
74	1	2	2	0	0	0	0	0.000	0.000	0.000	0.000	0.000	0.000	2.125	100.000
75	1	0	1	0	0	198	0	0.386	0.000	0.000	76.488	0.000	0.000	1.500	102.125
76	1	2	2	0	0	0	0	0.000	0.000	0.000	0.000	0.000	0.000	0.875	103.625
77	1	0	0	0	0	197	0	0.328	0.000	0.000	78.441	0.000	0.000	1.500	104.500
78	1	2	2	0	0	0	0	0.000	0.000	0.000	0.000	0.000	0.000	0.625	106.000
79	1	0	1	0	0	198	0	0.275	0.000	0.000	80.328	0.000	0.000	1.500	106.625
80	1	2	2	0	0	0	0	0.000	0.000	0.000	0.000	0.000	0.000	1.250	108.125
81	1	0	0	0	0	197	0	0.333	0.000	0.000	82.164	0.000	0.000	1.500	109.375
82	1	2	2	0	0	0	0	0.000	0.000	0.000	0.000	0.000	0.000	1.000	110.875
83	1	0	1	0	0	198	0	0.319	0.000	0.000	84.067	0.000	0.000	1.500	111.875
84	1	2	2	0	0	0	0	0.000	0.000	0.000	0.000	0.000	0.000	0.625	113.375
85	1	0	0	0	0	197	0	0.361	0.000	0.000	85.953	0.000	0.000	1.500	114.000
86	1	2	2	0	0	0	0	0.000	0.000	0.000	0.000	0.000	0.000	2.500	115.500
87	1	0	0	0	0	197	0	0.384	0.000	0.000	87.873	0.000	0.000	1.500	118.000
88	1	2	2	0	0	0	0	0.000	0.000	0.000	0.000	0.000	0.000	2.125	119.500
89	1	0	1	0	0	198	0	0.287	0.000	0.000	89.827	0.000	0.000	1.500	121.625
90	1	2	2	0	0	0	0	0.000	0.000	0.000	0.000	0.000	0.000	1.000	123.125
91	1	0	1	0	0	198	0	0.395	0.000	0.000	91.680	0.000	0.000	1.500	124.125
92	1	2	2	0	0	0	0	0.000	0.000	0.000	0.000	0.000	0.000	0.625	125.625
93	1	1	1	2	300	198	0	0.378	0.000	0.000	93.633	0.000	0.303	1.500	126.250
94	1	2	2	0	0	0	0	0.000	0.000	0.000	0.000	0.000	0.000	2.000	127.750
95	1	1	0	1	200	0	0	0.000	0.000	0.000	95.603	0.000	0.205	1.500	129.750
96	1	2	2	0	0	0	0	0.000	0.000	0.000	0.000	0.000	0.000	0.625	131.250
97	1	0	0	0	0	197	0	0.372	0.000	0.000	98.174	0.000	0.000	1.500	131.875
98	1	2	2	0	0	0	0	0.000	0.000	0.000	0.000	0.000	0.000	1.375	133.375
99	1	0	1	0	0	198	0	0.339	0.000	0.000	100.110	0.000	0.000	1.500	134.750
100	1	2	2	0	0	0	0	0.000	0.000	0.000	0.000	0.000	0.000	1.250	136.250
101	1	0	0	0	0	197	0	0.356	0.000	0.000	102.013	0.000	0.000	1.500	137.500
102	1	2	2	0	0	0	0	0.000	0.000	0.000	0.000	0.000	0.000	0.625	139.000
103	1	0	0	0	0	197	0	0.340	0.000	0.000	103.933	0.000	0.000	1.500	139.625
104	1	2	2	0	0	0	0	0.000	0.000	0.000	0.000	0.000	0.000	2.000	141.125
105	1	1	1	1	250	198	0	0.342	0.000	0.000	105.836	0.000	0.255	1.500	143.125
106	1	2	2	0	0	0	0	0.000	0.000	0.000	0.000	0.000	0.000	1.250	144.625
107	1	0	1	0	0	198	0	0.470	0.000	0.000	107.773	0.000	0.000	1.500	145.875
108	1	2	2	0	0	0	0	0.000	0.000	0.000	0.000	0.000	0.000	1.750	147.375
109	1	1	0	2	250	197	0	0.363	0.000	0.000	109.809	0.000	0.255	1.500	149.125
110	1	2	2	0	0	0	0	0.000	0.000	0.000	0.000	0.000	0.000	1.875	150.625
111	1	0	1	0	0	198	0	0.462	0.000	0.000	111.763	0.000	0.000	1.500	152.500
112	1	2	2	0	0	0	0	0.000	0.000	0.000	0.000	0.000	0.000	0.750	154.000
113	1	0	1	0	0	198	0	0.324	0.000	0.000	113.783	0.000	0.000	1.500	154.750
114	1	2	2	0	0	0	0	0.000	0.000	0.000	0.000	0.000	0.000	2.375	156.250
115	1	0	0	0	0	197	0	0.390	0.000	0.000	115.669	0.000	0.000	1.500	158.625
116	1	2	2	0	0	0	0	0.000	0.000	0.000	0.000	0.000	0.000	0.625	160.125
117	1	0	1	0	0	198	0	0.316	0.000	0.000	117.622	0.000	0.000	1.500	160.750
118	1	2	2	0	0	0	0	0.000	0.000	0.000	0.000	0.000	0.000	1.625	162.250
119	1	0	0	0	0	197	0	0.325	0.000	0.000	119.509	0.000	0.000	1.500	163.875
120	1	2	2	0	0	0	0	0.000	0.000	0.000	0.000	0.000	0.000	0.500	165.375
121	1	0	1	0	0	198	0	0.304	0.000	0.000	121.395	0.000	0.000	1.500	165.875
122	1	2	2	0	0	0	0	0.000	0.000	0.000	0.000	0.000	0.000	2.500	167.375
123	1	0	0	0	0	197	0	0.304	0.000	0.000	123.265	0.000	0.000	1.500	169.875
124	1	2	2	0	0	0	0	0.000	0.000	0.000	0.000	0.000	0.000	0.875	171.375
125	1	1	1	1	200	198	0	0.356	0.000	0.000	125.135	0.000	0.205	1.500	172.250
126	1	2	2	0	0	0	0	0.000	0.000	0.000	0.000	0.000	0.000	1.500	173.750
127	1	1	0	2	200	197	0	0.347	0.000	0.000	127.088	0.000	0.205	1.500	175.250
128	1	2	2	0	0	0	0	0.000	0.000	0.000	0.000	0.000	0.000	1.000	176.750
129	1	1	0	1	150	197	0	0.490	0.000	0.000	159.140	0.000	0.469	1.500	177.750
130	1	2	2	0	0	0	0	0.000	0.000	0.000	0.000	0.000	0.000	3.500	179.250
131	1	1	1	2	150	0	0	0.000	0.000	0.000	161.227	0.000	0.156	1.500	182.750
132	1	2	2	0	0	0	0	0.000	0.000	0.000	0.000	0.000	0.000	0.750	184.250
133	1	0	1	0	0	198	0	0.376	0.000	0.000	163.798	0.000	0.000	1.500	185.000
134	1	2	2	0	0	0	0	0.000	0.000	0.000	0.000	0.000	0.000	0.875	186.500
135	1	0	0	0	0	197	0	0.336	0.000	0.000	165.734	0.000	0.000	1.500	187.375
136	1	2	2	0	0	0	0	0.000	0.000	0.000	0.000	0.000	0.000	1.875	188.875
137	1	0	1	0	0	198	0	0.256	0.000	0.000	167.638	0.000	0.000	1.500	190.750
138	1	2	2	0	0	0	0	0.000	0.000	0.000	0.000	0.000	0.000	0.875	192.250
139	1	0	0	0	0	197	0	0.316	0.000	0.000	169.457	0.000	0.000	1.500	193.125
140	1	2	2	0	0	0	0	0.000	0.000	0.000	0.000	0.000	0.000	1.375	194.625
141	1	0	1	0	0	198	0	0.288	0.000	0.000	171.344	0.000	0.000	1.500	196.000
142	1	2	2	0	0	0	0	0.000	0.000	0.000	0.000	0.000	0.000	0.500	197.500
143	1	0	0	0	0	197	0	0.264	0.000	0.000	173.197	0.000	0.000	1.500	198.000
144	1	2	2	0	0	0	0	0.000	0.000	0.000	0.000	0.000	0.000	1.500	199.500
145	1	0	0	0	0	197	0	0.325	0.000	0.000	175.033	0.000	0.000	1.500	201.000
146	1	2	2	0	0	0	0	0.000	0.000	0.000	0.000	0.000	0.000	3.500	202.500
147	1	0	0	0	0	197	0	0.358	0.000	0.000	176.920	0.000	0.000	1.500	206.000
148	1	2	2	0	0	0	0	0.000	0.000	0.000	0.000	0.000	0.000	0.750	207.500
149	1	0	0	0	0	197	0	0.336	0.000	0.000	178.839	0.000	0.000	1.500	208.250
150	1	2	2	0	0	0	0	0.000	0.000	0.000	0.000	0.000	0.000	1.500	209.750
151	1	0	1	0	0	198	0	0.328	0.000	0.000	180.742	0.000	0.000	1.500	211.250
152	1	2	2	0	0	0	0	0.000	0.000	0.000	0.000	0.000	0.000	0.750	212.750
153	1	1	1	2	200	198	0	0.322	0.000	0.000	182.629	0.000	0.205	1.500	213.500
154	1	2	2	0	0	0	0	0.000	0.000	0.000	0.000	0.000	0.000	0.875	215.000
155	1	0	1	0	0	198	0	0.394	0.000	0.000	184.532	0.000	0.000	1.500	215.875
156	1	2	2	0	0	0	0	0.000	0.000	0.000	0.000	0.000	0.000	1.500	217.375
157	1	1	0	1	100	197	0	0.337	0.000	0.000	186.485	0.000	0.105	1.500	218.875
158	1	2	2	0	0	0	0	0.000	0.000	0.000	0.000	0.000	0.000	1.125	220.375
159	1	0	1	0	0	198	0	0.369	0.000	0.000	188.388	0.000	0.000	1.500	221.500
160	1	2	2	0	0	0	0	0.000	0.000	0.000	0.000	0.000	0.000	0.625	223.000
161	1	0	1	0	0	198	0	0.346	0.000	0.000	190.325	0.000	0.000	1.500	223.625
162	1	2	2	0	0	0	0	0.000	0.000	0.000	0.000	0.000	0.000	1.375	225.125
163	1	0	0	0	0	197	0	0.298	0.000	0.000	192.228	0.000	0.000	1.500	226.500
164	1	2	2	0	0	0	0	0.000	0.000	0.000	0.000	0.000	0.000	0.500	228.000
165	1	0	1	0	0	198	0	0.284	0.000	0.000	194.098	0.000	0.000	1.500	228.500
166	1	2	2	0	0	0	0	0.000	0.000	0.000	0.000	0.000	0.000	3.500	230.000
167	1	1	0	2	150	197	0	0.312	0.000	0.000	195.951	0.000	0.155	1.500	233.500
168	1	2	2	0	0	0	0	0.000	0.000	0.000	0.000	0.000	0.000	2.125	235.000
169	1	1	1	1	50	0	0	0.000	0.000	0.000	197.854	0.000	0.053	1.500	237.125
170	1	2	2	0	0	0	0	0.000	0.000	0.000	0.000	0.000	0.000	1.500	238.625
171	1	0	0	0	0	197	0	0.324	0.000	0.000	200.425	0.000	0.000	1.500	240.125
172	1	2	2	0	0	0	0	0.000	0.000	0.000	0.000	0.000	0.000	0.500	241.625
173	1	0	0	0	0	197	0	0.376	0.000	0.000	202.311	0.000	0.000	1.500	242.125
174	1	2	2	0	0	0	0	0.000	0.000	0.000	0.000	0.000	0.000	0.875	243.625
175	1	0	1	0	0	198	0	0.374	0.000	0.000	204.248	0.000	0.000	1.500	244.500
176	1	2	2	0	0	0	0	0.000	0.000	0.000	0.000	0.000	0.000	1.875	246.000
177	1	0	1	0	0	198	0	0.397	0.000	0.000	206.184	0.000	0.000	1.500	247.875
178	1	2	2	0	0	0	0	0.000	0.000	0.000	0.000	0.000	0.000	0.500	249.375
179	1	0	1	0	0	198	0	0.381	0.000	0.000	208.138	0.000	0.000	1.500	249.875
180	1	2	2	0	0	0	0	0.000	0.000	0.000	0.000	0.000	0.000	1.750	251.375
181	1	0	0	0	0	197	0	0.420	0.000	0.000	210.074	0.000	0.000	1.500	253.125
182	1	2	2	0	0	0	0	0.000	0.000	0.000	0.000	0.000	0.000	1.375	254.625
183	1	0	1	0	0	198	0	0.368	0.000	0.000	212.061	0.000	0.000	1.500	256.000
184	1	2	2	0	0	0	0	0.000	0.000	0.000	0.000	0.000	0.000	3.625	257.500
185	1	0	0	0	0	197	0	0.368	0.000	0.000	213.997	0.000	0.000	1.500	261.125
186	1	2	2	0	0	0	0	0.000	0.000	0.000	0.000	0.000	0.000	0.500	262.625
187	1	0	0	0	0	197	0	0.352	0.000	0.000	215.934	0.000	0.000	1.500	263.125
188	1	2	2	0	0	0	0	0.000	0.000	0.000	0.000	0.000	0.000	2.375	264.625
189	1	1	1	1	100	0	0	0.000	0.000	0.000	217.853	0.000	0.103	1.500	267.000
190	1	2	2	0	0	0	0	0.000	0.000	0.000	0.000	0.000	0.000	0.625	268.500
191	1	1	0	2	100	0	0	0.000	0.000	0.000	220.424	0.000	0.105	1.500	269.125
192	1	2	2	0	0	0	0	0.000	0.000	0.000	0.000	0.000	0.000	1.500	270.625
193	1	1	0	2	150	0	0	0.000	0.000	0.000	222.995	0.000	0.155	1.500	272.125
194	1	2	2	0	0	0	0	0.000	0.000	0.000	0.000	0.000	0.000	1.250	273.625
195	1	1	1	1	150	0	0	0.000	0.000	0.000	225.566	0.000	0.155	1.500	274.875
196	1	2	2	0	0	0	0	0.000	0.000	0.000	0.000	0.000	0.000	0.500	276.375
197	1	0	0	0	0	197	0	0.384	0.000	0.000	228.137	0.000	0.000	1.500	276.875
198	1	2	2	0	0	0	0	0.000	0.000	0.000	0.000	0.000	0.000	1.125	278.375
199	1	0	0	0	0	197	0	0.357	0.000	0.000	230.090	0.000	0.000	1.500	279.500
200	1	2	2	0	0	0	0	0.000	0.000	0.000	0.000	0.000	0.000	0.750	281.000
201	1	0	1	0	0	198	0	0.349	0.000	0.000	232.010	0.000	0.000	1.500	281.750
202	1	2	2	0	0	0	0	0.000	0.000	0.000	0.000	0.000	0.000	0.875	283.250
203	1	0	1	0	0	198	0	0.335	0.000	0.000	233.930	0.000	0.000	1.500	284.125
204	1	2	2	0	0	0	0	0.000	0.000	0.000	0.000	0.000	0.000	2.875	285.625
205	1	0	1	0	0	198	0	0.327	0.000	0.000	235.833	0.000	0.000	1.500	288.500
206	1	2	2	0	0	0	0	0.000	0.000	0.000	0.000	0.000	0.000	1.750	290.000
207	1	0	0	0	0	197	0	0.345	0.000	0.000	237.719	0.000	0.000	1.500	291.750
208	1	2	2	0	0	0	0	0.000	0.000	0.000	0.000	0.000	0.000	0.875	293.250
209	1	1	0	1	200	197	0	0.321	0.000	0.000	239.622	0.000	0.204	1.500	294.125
210	1	2	2	0	0	0	0	0.000	0.000	0.000	0.000	0.000	0.000	0.750	295.625
211	1	0	1	0	0	198	0	0.394	0.000	0.000	241.526	0.000	0.000	1.500	296.375
212	1	2	2	0	0	0	0	0.000	0.000	0.000	0.000	0.000	0.000	0.750	297.875
213	1	1	1	2	200	0	0	0.000	0.000	0.000	243.479	0.000	0.205	1.500	298.625
214	1	2	2	0	0	0	0	0.000	0.000	0.000	0.000	0.000	0.000	1.000	300.125
215	1	0	1	0	0	198	0	0.453	0.000	0.000	246.050	0.000	0.000	1.500	301.125
216	1	2	2	0	0	0	0	0.000	0.000	0.000	0.000	0.000	0.000	0.625	302.625
217	1	0	1	0	0	198	0	0.330	0.000	0.000	248.070	0.000	0.000	1.500	303.250
218	1	2	2	0	0	0	0	0.000	0.000	0.000	0.000	0.000	0.000	3.125	304.750
219	1	0	0	0	0	197	0	0.340	0.000	0.000	249.956	0.000	0.000	1.500	307.875
220	1	2	2	0	0	0	0	0.000	0.000	0.000	0.000	0.000	0.000	0.625	309.375
221	1	0	0	0	0	197	0	0.334	0.000	0.000	251.859	0.000	0.000	1.500	310.000
222	1	2	2	0	0	0	0	0.000	0.000	0.000	0.000	0.000	0.000	1.500	311.500
223	1	0	0	0	0	197	0	0.308	0.000	0.000	253.762	0.000	0.000	1.500	313.000
224	1	2	2	0	0	0	0	0.000	0.000	0.000	0.000	0.000	0.000	1.500	314.500
225	1	0	1	0	0	198	0	0.367	0.000	0.000	255.632	0.000	0.000	1.500	316.000
226	1	2	2	0	0	0	0	0.000	0.000	0.000	0.000	0.000	0.000	2.125	317.500
227	1	0	0	0	0	197	0	0.352	0.000	0.000	257.569	0.000	0.000	1.500	319.625
228	1	2	2	0	0	0	0	0.000	0.000	0.000	0.000	0.000	0.000	0.875	321.125
229	1	0	0	0	0	197	0	0.374	0.000	0.000	259.488	0.000	0.000	1.500	322.000
230	1	2	2	0	0	0	0	0.000	0.000	0.000	0.000	0.000	0.000	1.625	323.500
231	1	0	0	0	0	197	0	0.406	0.000	0.000	261.425	0.000	0.000	1.500	325.125
232	1	2	2	0	0	0	0	0.000	0.000	0.000	0.000	0.000	0.000	0.625	326.625
233	1	1	1	2	250	198	0	0.341	0.000	0.000	263.395	0.000	0.254	1.500	327.250
234	1	2	2	0	0	0	0	0.000	0.000	0.000	0.000	0.000	0.000	2.000	328.750
235	1	0	1	0	0	198	0	0.348	0.000	0.000	265.331	0.000	0.000	1.500	330.750
236	1	2	2	0	0	0	0	0.000	0.000	0.000	0.000	0.000	0.000	0.500	332.250
237	1	1	0	1	150	0	0	0.000	0.000	0.000	267.251	0.000	0.155	1.500	332.750
238	1	2	2	0	0	0	0	0.000	0.000	0.000	0.000	0.000	0.000	0.625	334.250
239	1	0	1	0	0	198	0	0.346	0.000	0.000	269.822	0.000	0.000	1.500	334.875
240	1	2	2	0	0	0	0	0.000	0.000	0.000	0.000	0.000	0.000	2.875	336.375
241	1	0	1	0	0	198	0	0.345	0.000	0.000	271.725	0.000	0.000	1.500	339.250
242	1	2	2	0	0	0	0	0.000	0.000	0.000	0.000	0.000	0.000	1.125	340.750
243	1	0	0	0	0	197	0	0.340	0.000	0.000	273.628	0.000	0.000	1.500	341.875
244	1	2	2	0	0	0	0	0.000	0.000	0.000	0.000	0.000	0.000	0.500	343.375
245	1	1	0	1	200	197	0	0.349	0.000	0.000	275.532	0.000	0.205	1.500	343.875
246	1	2	2	0	0	0	0	0.000	0.000	0.000	0.000	0.000	0.000	0.500	345.375
247	1	1	1	2	200	0	0	0.000	0.000	0.000	277.468	0.000	0.205	1.500	345.875
248	1	2	2	0	0	0	0	0.000	0.000	0.000	0.000	0.000	0.000	0.625	347.375
249	1	0	1	0	0	198	0	0.345	0.000	0.000	280.039	0.000	0.000	1.500	348.000
250	1	2	2	0	0	0	0	0.000	0.000	0.000	0.000	0.000	0.000	1.375	349.500
251	1	0	1	0	0	198	0	0.362	0.000	0.000	281.942	0.000	0.000	1.500	350.875
252	1	2	2	0	0	0	0	0.000	0.000	0.000	0.000	0.000	0.000	0.625	352.375
253	1	0	0	0	0	197	0	0.474	0.000	0.000	283.862	0.000	0.000	1.500	353.000
254	1	2	2	0	0	0	0	0.000	0.000	0.000	0.000	0.000	0.000	1.625	354.500
255	1	0	0	0	0	197	0	0.396	0.000	0.000	285.899	0.000	0.000	1.500	356.125
256	1	2	2	0	0	0	0	0.000	0.000	0.000	0.000	0.000	0.000	2.125	357.625
Started: 17-Apr-2013 10:32
Started: 17-Apr-2013 10:34
Started: 17-Apr-2013 10:35
1	1	0	1	0	0	198	0	0.458	0.000	0.000	0.011	0.000	0.000	1.500	0.000
2	1	2	2	0	0	0	0	0.000	0.000	0.000	0.000	0.000	0.000	1.625	1.500
3	1	0	0	0	0	197	0	0.341	0.000	0.000	2.030	0.000	0.000	1.500	3.125
4	1	2	2	0	0	0	0	0.000	0.000	0.000	0.000	0.000	0.000	2.375	4.625
5	1	1	0	1	150	0	0	0.000	0.000	0.000	3.933	0.000	0.470	1.500	7.000
6	1	2	2	0	0	0	0	0.000	0.000	0.000	0.000	0.000	0.000	2.500	8.500
7	1	1	1	2	250	198	0	0.371	0.000	0.000	6.504	0.000	0.255	1.500	11.000
8	1	2	2	0	0	0	0	0.000	0.000	0.000	0.000	0.000	0.000	1.000	12.500
9	1	0	1	0	0	198	0	0.569	0.000	0.000	8.457	0.000	0.000	1.500	13.500
10	1	2	2	0	0	0	0	0.000	0.000	0.000	0.000	0.000	0.000	1.375	15.000
11	1	0	1	0	0	198	0	0.296	0.000	0.000	10.594	0.000	0.000	1.500	16.375
12	1	2	2	0	0	0	0	0.000	0.000	0.000	0.000	0.000	0.000	0.625	17.875
13	1	0	0	0	0	197	0	0.357	0.000	0.000	12.447	0.000	0.000	1.500	18.500
14	1	2	2	0	0	0	0	0.000	0.000	0.000	0.000	0.000	0.000	0.875	20.000
15	1	0	0	0	0	198	0	0.236	0.000	0.000	14.367	0.000	0.000	1.500	20.875
16	1	2	2	0	0	0	0	0.000	0.000	0.000	0.000	0.000	0.000	1.000	22.375
17	1	0	0	0	0	197	0	0.369	0.000	0.000	16.170	0.000	0.000	1.500	23.375
18	1	2	2	0	0	0	0	0.000	0.000	0.000	0.000	0.000	0.000	2.375	24.875
19	1	1	0	2	200	197	0	0.417	0.000	0.000	18.106	0.000	0.206	1.500	27.250
20	1	2	2	0	0	0	0	0.000	0.000	0.000	0.000	0.000	0.000	0.625	28.750
21	1	1	1	1	200	0	0	0.000	0.000	0.000	20.093	0.000	0.204	1.500	29.375
22	1	2	2	0	0	0	0	0.000	0.000	0.000	0.000	0.000	0.000	1.875	30.875
23	1	0	0	0	0	197	0	0.371	0.000	0.000	22.664	0.000	0.000	1.500	32.750
24	1	2	2	0	0	0	0	0.000	0.000	0.000	0.000	0.000	0.000	0.625	34.250
25	1	0	1	0	0	198	0	0.372	0.000	0.000	24.600	0.000	0.000	1.500	34.875
26	1	2	2	0	0	0	0	0.000	0.000	0.000	0.000	0.000	0.000	0.750	36.375
27	1	0	1	0	0	198	0	0.371	0.000	0.000	26.537	0.000	0.000	1.500	37.125
28	1	2	2	0	0	0	0	0.000	0.000	0.000	0.000	0.000	0.000	3.125	38.625
29	1	0	1	0	0	198	0	0.347	0.000	0.000	28.473	0.000	0.000	1.500	41.750
30	1	2	2	0	0	0	0	0.000	0.000	0.000	0.000	0.000	0.000	0.750	43.250
31	1	0	0	0	0	197	0	0.394	0.000	0.000	30.376	0.000	0.000	1.500	44.000
32	1	2	2	0	0	0	0	0.000	0.000	0.000	0.000	0.000	0.000	0.750	45.500
33	1	1	1	1	250	198	0	0.378	0.000	0.000	32.329	0.000	0.255	1.500	46.250
34	1	2	2	0	0	0	0	0.000	0.000	0.000	0.000	0.000	0.000	1.125	47.750
35	1	0	0	0	0	197	0	0.360	0.000	0.000	34.299	0.000	0.000	1.500	48.875
36	1	2	2	0	0	0	0	0.000	0.000	0.000	0.000	0.000	0.000	0.625	50.375
37	1	0	1	0	0	198	0	0.352	0.000	0.000	36.219	0.000	0.000	1.500	51.000
38	1	2	2	0	0	0	0	0.000	0.000	0.000	0.000	0.000	0.000	2.875	52.500
39	1	0	0	0	0	197	0	0.343	0.000	0.000	38.139	0.000	0.000	1.500	55.375
40	1	2	2	0	0	0	0	0.000	0.000	0.000	0.000	0.000	0.000	1.875	56.875
41	1	1	0	2	150	197	0	0.305	0.000	0.000	40.042	0.000	0.154	1.500	58.750
42	1	2	2	0	0	0	0	0.000	0.000	0.000	0.000	0.000	0.000	0.750	60.250
43	1	0	0	0	0	197	0	0.427	0.000	0.000	41.928	0.000	0.000	1.500	61.000
44	1	2	2	0	0	0	0	0.000	0.000	0.000	0.000	0.000	0.000	0.750	62.500
45	1	0	1	0	0	198	0	0.303	0.000	0.000	43.915	0.000	0.000	1.500	63.250
46	1	2	2	0	0	0	0	0.000	0.000	0.000	0.000	0.000	0.000	0.875	64.750
47	1	0	1	0	0	198	0	0.355	0.000	0.000	45.785	0.000	0.000	1.500	65.625
48	1	2	2	0	0	0	0	0.000	0.000	0.000	0.000	0.000	0.000	3.125	67.125
49	1	0	0	0	0	197	0	0.386	0.000	0.000	47.705	0.000	0.000	1.500	70.250
50	1	2	2	0	0	0	0	0.000	0.000	0.000	0.000	0.000	0.000	2.500	71.750
51	1	0	1	0	0	198	0	0.354	0.000	0.000	49.658	0.000	0.000	1.500	74.250
52	1	2	2	0	0	0	0	0.000	0.000	0.000	0.000	0.000	0.000	1.750	75.750
53	1	0	1	0	0	198	0	0.392	0.000	0.000	51.578	0.000	0.000	1.500	77.500
54	1	2	2	0	0	0	0	0.000	0.000	0.000	0.000	0.000	0.000	1.875	79.000
55	1	0	0	0	0	197	0	0.361	0.000	0.000	53.531	0.000	0.000	1.500	80.875
56	1	2	2	0	0	0	0	0.000	0.000	0.000	0.000	0.000	0.000	2.500	82.375
57	1	0	0	0	0	197	0	0.369	0.000	0.000	55.451	0.000	0.000	1.500	84.875
58	1	2	2	0	0	0	0	0.000	0.000	0.000	0.000	0.000	0.000	0.750	86.375
59	1	1	0	2	100	0	0	0.000	0.000	0.000	57.387	0.000	0.105	1.500	87.125
60	1	2	2	0	0	0	0	0.000	0.000	0.000	0.000	0.000	0.000	0.500	88.625
61	1	0	1	0	0	198	0	0.388	0.000	0.000	59.958	0.000	0.000	1.500	89.125
62	1	2	2	0	0	0	0	0.000	0.000	0.000	0.000	0.000	0.000	1.125	90.625
63	1	1	1	1	200	0	0	0.000	0.000	0.000	61.911	0.000	0.205	1.500	91.750
64	1	2	2	0	0	0	0	0.000	0.000	0.000	0.000	0.000	0.000	0.750	93.250
65	1	1	0	2	150	0	0	0.000	0.000	0.000	64.482	0.000	0.154	1.500	94.000
66	1	2	2	0	0	0	0	0.000	0.000	0.000	0.000	0.000	0.000	1.000	95.500
67	1	0	0	0	0	197	0	0.358	0.000	0.000	67.053	0.000	0.000	1.500	96.500
68	1	2	2	0	0	0	0	0.000	0.000	0.000	0.000	0.000	0.000	1.625	98.000
69	1	0	0	0	0	197	0	0.351	0.000	0.000	68.973	0.000	0.000	1.500	99.625
70	1	2	2	0	0	0	0	0.000	0.000	0.000	0.000	0.000	0.000	3.000	101.125
71	1	0	1	0	0	198	0	0.390	0.000	0.000	70.893	0.000	0.000	1.500	104.125
72	1	2	2	0	0	0	0	0.000	0.000	0.000	0.000	0.000	0.000	1.625	105.625
73	1	0	1	0	0	198	0	0.349	0.000	0.000	72.846	0.000	0.000	1.500	107.250
74	1	2	2	0	0	0	0	0.000	0.000	0.000	0.000	0.000	0.000	0.500	108.750
75	1	0	1	0	0	198	0	0.308	0.000	0.000	74.766	0.000	0.000	1.500	109.250
76	1	2	2	0	0	0	0	0.000	0.000	0.000	0.000	0.000	0.000	0.875	110.750
77	1	0	0	0	0	197	0	0.352	0.000	0.000	76.636	0.000	0.000	1.500	111.625
78	1	2	2	0	0	0	0	0.000	0.000	0.000	0.000	0.000	0.000	1.125	113.125
79	1	1	1	1	250	198	0	0.302	0.000	0.000	78.555	0.000	0.256	1.500	114.250
80	1	2	2	0	0	0	0	0.000	0.000	0.000	0.000	0.000	0.000	2.250	115.750
81	1	1	1	1	200	198	0	0.385	0.000	0.000	80.442	0.000	0.204	1.500	118.000
82	1	2	2	0	0	0	0	0.000	0.000	0.000	0.000	0.000	0.000	0.875	119.500
83	1	0	1	0	0	198	0	0.344	0.000	0.000	82.395	0.000	0.000	1.500	120.375
84	1	2	2	0	0	0	0	0.000	0.000	0.000	0.000	0.000	0.000	0.500	121.875
85	1	1	0	2	200	197	0	0.369	0.000	0.000	84.298	0.000	0.204	1.500	122.375
86	1	2	2	0	0	0	0	0.000	0.000	0.000	0.000	0.000	0.000	1.000	123.875
87	1	0	0	0	0	197	0	0.384	0.000	0.000	86.251	0.000	0.000	1.500	124.875
88	1	2	2	0	0	0	0	0.000	0.000	0.000	0.000	0.000	0.000	0.625	126.375
89	1	0	0	0	0	197	0	0.390	0.000	0.000	88.205	0.000	0.000	1.500	127.000
90	1	2	2	0	0	0	0	0.000	0.000	0.000	0.000	0.000	0.000	0.750	128.500
91	1	0	1	0	0	198	0	0.462	0.000	0.000	90.158	0.000	0.000	1.500	129.250
92	1	2	2	0	0	0	0	0.000	0.000	0.000	0.000	0.000	0.000	1.250	130.750
93	1	0	0	0	0	197	0	0.354	0.000	0.000	92.178	0.000	0.000	1.500	132.000
94	1	2	2	0	0	0	0	0.000	0.000	0.000	0.000	0.000	0.000	0.750	133.500
95	1	0	1	0	0	198	0	0.288	0.000	0.000	94.098	0.000	0.000	1.500	134.250
96	1	2	2	0	0	0	0	0.000	0.000	0.000	0.000	0.000	0.000	0.750	135.750
97	1	1	1	1	150	0	0	0.000	0.000	0.000	95.951	0.000	0.154	1.500	136.500
98	1	2	2	0	0	0	0	0.000	0.000	0.000	0.000	0.000	0.000	1.375	138.000
99	1	1	0	2	150	0	0	0.000	0.000	0.000	98.522	0.000	0.154	1.500	139.375
100	1	2	2	0	0	0	0	0.000	0.000	0.000	0.000	0.000	0.000	0.500	140.875
101	1	0	1	0	0	198	0	0.287	0.000	0.000	101.092	0.000	0.000	1.500	141.375
102	1	2	2	0	0	0	0	0.000	0.000	0.000	0.000	0.000	0.000	1.500	142.875
103	1	0	0	0	0	197	0	0.297	0.000	0.000	102.945	0.000	0.000	1.500	144.375
104	1	2	2	0	0	0	0	0.000	0.000	0.000	0.000	0.000	0.000	0.625	145.875
105	1	0	0	0	0	197	0	0.309	0.000	0.000	104.798	0.000	0.000	1.500	146.500
106	1	2	2	0	0	0	0	0.000	0.000	0.000	0.000	0.000	0.000	1.375	148.000
107	1	0	1	0	0	198	0	0.328	0.000	0.000	106.668	0.000	0.000	1.500	149.375
108	1	2	2	0	0	0	0	0.000	0.000	0.000	0.000	0.000	0.000	1.625	150.875
109	1	0	0	0	0	197	0	0.280	0.000	0.000	108.555	0.000	0.000	1.500	152.500
110	1	2	2	0	0	0	0	0.000	0.000	0.000	0.000	0.000	0.000	0.750	154.000
111	1	0	1	0	0	198	0	0.349	0.000	0.000	110.391	0.000	0.000	1.500	154.750
112	1	2	2	0	0	0	0	0.000	0.000	0.000	0.000	0.000	0.000	0.750	156.250
113	1	0	1	0	0	198	0	0.301	0.000	0.000	112.311	0.000	0.000	1.500	157.000
114	1	2	2	0	0	0	0	0.000	0.000	0.000	0.000	0.000	0.000	1.250	158.500
115	1	0	1	0	0	198	0	0.311	0.000	0.000	114.181	0.000	0.000	1.500	159.750
116	1	2	2	0	0	0	0	0.000	0.000	0.000	0.000	0.000	0.000	1.875	161.250
117	1	0	1	0	0	198	0	0.362	0.000	0.000	116.050	0.000	0.000	1.500	163.125
118	1	2	2	0	0	0	0	0.000	0.000	0.000	0.000	0.000	0.000	0.500	164.625
119	1	0	0	0	0	197	0	0.288	0.000	0.000	117.970	0.000	0.000	1.500	165.125
120	1	2	2	0	0	0	0	0.000	0.000	0.000	0.000	0.000	0.000	1.875	166.625
121	1	1	0	2	200	197	0	0.348	0.000	0.000	119.823	0.000	0.203	1.500	168.500
122	1	2	2	0	0	0	0	0.000	0.000	0.000	0.000	0.000	0.000	1.125	170.000
123	1	1	1	1	200	198	0	0.331	0.000	0.000	121.760	0.000	0.204	1.500	171.125
124	1	2	2	0	0	0	0	0.000	0.000	0.000	0.000	0.000	0.000	1.125	172.625
125	1	0	0	0	0	197	0	0.346	0.000	0.000	123.679	0.000	0.000	1.500	173.750
126	1	2	2	0	0	0	0	0.000	0.000	0.000	0.000	0.000	0.000	3.625	175.250
127	1	0	0	0	0	197	0	0.325	0.000	0.000	125.583	0.000	0.000	1.500	178.875
128	1	2	2	0	0	0	0	0.000	0.000	0.000	0.000	0.000	0.000	0.875	180.375
129	1	0	1	0	0	198	0	0.395	0.000	0.000	165.014	0.000	0.000	1.500	181.250
130	1	2	2	0	0	0	0	0.000	0.000	0.000	0.000	0.000	0.000	1.250	182.750
131	1	0	1	0	0	198	0	0.363	0.000	0.000	166.967	0.000	0.000	1.500	184.000
132	1	2	2	0	0	0	0	0.000	0.000	0.000	0.000	0.000	0.000	1.250	185.500
133	1	1	0	1	150	0	0	0.000	0.000	0.000	168.887	0.000	0.470	1.500	186.750
134	1	2	2	0	0	0	0	0.000	0.000	0.000	0.000	0.000	0.000	1.000	188.250
135	1	0	0	0	0	197	0	0.358	0.000	0.000	171.458	0.000	0.000	1.500	189.250
136	1	2	2	0	0	0	0	0.000	0.000	0.000	0.000	0.000	0.000	2.625	190.750
137	1	0	0	0	0	197	0	0.311	0.000	0.000	173.378	0.000	0.000	1.500	193.375
138	1	2	2	0	0	0	0	0.000	0.000	0.000	0.000	0.000	0.000	1.250	194.875
139	1	0	0	0	0	197	0	0.306	0.000	0.000	175.247	0.000	0.000	1.500	196.125
140	1	2	2	0	0	0	0	0.000	0.000	0.000	0.000	0.000	0.000	0.500	197.625
141	1	0	1	0	0	198	0	0.389	0.000	0.000	177.117	0.000	0.000	1.500	198.125
142	1	2	2	0	0	0	0	0.000	0.000	0.000	0.000	0.000	0.000	2.375	199.625
143	1	1	1	2	150	198	0	0.379	0.000	0.000	179.070	0.000	0.155	1.500	202.000
144	1	2	2	0	0	0	0	0.000	0.000	0.000	0.000	0.000	0.000	0.750	203.500
145	1	0	0	0	0	197	0	0.403	0.000	0.000	181.007	0.000	0.000	1.500	204.250
146	1	2	2	0	0	0	0	0.000	0.000	0.000	0.000	0.000	0.000	1.250	205.750
147	1	0	0	0	0	197	0	0.319	0.000	0.000	182.977	0.000	0.000	1.500	207.000
148	1	2	2	0	0	0	0	0.000	0.000	0.000	0.000	0.000	0.000	0.625	208.500
149	1	0	1	0	0	198	0	0.338	0.000	0.000	184.863	0.000	0.000	1.500	209.125
150	1	2	2	0	0	0	0	0.000	0.000	0.000	0.000	0.000	0.000	1.625	210.625
151	1	0	0	0	0	197	0	0.298	0.000	0.000	186.766	0.000	0.000	1.500	212.250
152	1	2	2	0	0	0	0	0.000	0.000	0.000	0.000	0.000	0.000	0.625	213.750
153	1	0	1	0	0	198	0	0.366	0.000	0.000	188.636	0.000	0.000	1.500	214.375
154	1	2	2	0	0	0	0	0.000	0.000	0.000	0.000	0.000	0.000	0.625	215.875
155	1	0	1	0	0	198	0	0.326	0.000	0.000	190.573	0.000	0.000	1.500	216.500
156	1	2	2	0	0	0	0	0.000	0.000	0.000	0.000	0.000	0.000	1.250	218.000
157	1	1	1	2	100	0	0	0.000	0.000	0.000	192.459	0.000	0.105	1.500	219.250
158	1	2	2	0	0	0	0	0.000	0.000	0.000	0.000	0.000	0.000	1.750	220.750
159	1	1	0	1	200	0	0	0.000	0.000	0.000	195.030	0.000	0.204	1.500	222.500
160	1	2	2	0	0	0	0	0.000	0.000	0.000	0.000	0.000	0.000	2.125	224.000
161	1	1	0	1	250	197	0	0.385	0.000	0.000	197.601	0.000	0.256	1.500	226.125
162	1	2	2	0	0	0	0	0.000	0.000	0.000	0.000	0.000	0.000	3.375	227.625
163	1	1	1	2	150	0	0	0.000	0.000	0.000	199.571	0.000	0.154	1.500	231.000
164	1	2	2	0	0	0	0	0.000	0.000	0.000	0.000	0.000	0.000	0.625	232.500
165	1	0	1	0	0	198	0	0.291	0.000	0.000	202.142	0.000	0.000	1.500	233.125
166	1	2	2	0	0	0	0	0.000	0.000	0.000	0.000	0.000	0.000	1.500	234.625
167	1	0	0	0	0	197	0	0.349	0.000	0.000	203.995	0.000	0.000	1.500	236.125
168	1	2	2	0	0	0	0	0.000	0.000	0.000	0.000	0.000	0.000	1.875	237.625
169	1	0	0	0	0	197	0	0.327	0.000	0.000	205.914	0.000	0.000	1.500	239.500
170	1	2	2	0	0	0	0	0.000	0.000	0.000	0.000	0.000	0.000	0.750	241.000
171	1	0	1	0	0	198	0	0.367	0.000	0.000	207.801	0.000	0.000	1.500	241.750
172	1	2	2	0	0	0	0	0.000	0.000	0.000	0.000	0.000	0.000	1.500	243.250
173	1	0	0	0	0	197	0	0.326	0.000	0.000	209.737	0.000	0.000	1.500	244.750
174	1	2	2	0	0	0	0	0.000	0.000	0.000	0.000	0.000	0.000	0.625	246.250
175	1	0	1	0	0	198	0	0.361	0.000	0.000	211.624	0.000	0.000	1.500	246.875
176	1	2	2	0	0	0	0	0.000	0.000	0.000	0.000	0.000	0.000	1.750	248.375
177	1	1	1	1	200	0	0	0.000	0.000	0.000	213.544	0.000	0.204	1.500	250.125
178	1	2	2	0	0	0	0	0.000	0.000	0.000	0.000	0.000	0.000	0.500	251.625
179	1	1	0	2	200	197	0	0.384	0.000	0.000	216.115	0.000	0.206	1.500	252.125
180	1	2	2	0	0	0	0	0.000	0.000	0.000	0.000	0.000	0.000	1.000	253.625
181	1	0	0	0	0	197	0	0.381	0.000	0.000	218.084	0.000	0.000	1.500	254.625
182	1	2	2	0	0	0	0	0.000	0.000	0.000	0.000	0.000	0.000	1.500	256.125
183	1	0	1	0	0	198	0	0.389	0.000	0.000	220.021	0.000	0.000	1.500	257.625
184	1	2	2	0	0	0	0	0.000	0.000	0.000	0.000	0.000	0.000	0.500	259.125
185	1	0	0	0	0	197	0	0.329	0.000	0.000	221.974	0.000	0.000	1.500	259.625
186	1	2	2	0	0	0	0	0.000	0.000	0.000	0.000	0.000	0.000	0.750	261.125
187	1	0	1	0	0	198	0	0.341	0.000	0.000	223.861	0.000	0.000	1.500	261.875
188	1	2	2	0	0	0	0	0.000	0.000	0.000	0.000	0.000	0.000	0.875	263.375
189	1	0	1	0	0	198	0	0.358	0.000	0.000	225.764	0.000	0.000	1.500	264.250
190	1	2	2	0	0	0	0	0.000	0.000	0.000	0.000	0.000	0.000	2.500	265.750
191	1	0	0	0	0	197	0	0.431	0.000	0.000	227.684	0.000	0.000	1.500	268.250
192	1	2	2	0	0	0	0	0.000	0.000	0.000	0.000	0.000	0.000	0.750	269.750
193	1	1	0	2	150	0	0	0.000	0.000	0.000	229.670	0.000	0.153	1.500	270.500
194	1	2	2	0	0	0	0	0.000	0.000	0.000	0.000	0.000	0.000	1.000	272.000
195	1	0	1	0	0	198	0	0.361	0.000	0.000	232.241	0.000	0.000	1.500	273.000
196	1	2	2	0	0	0	0	0.000	0.000	0.000	0.000	0.000	0.000	2.250	274.500
197	1	0	0	0	0	197	0	0.393	0.000	0.000	234.161	0.000	0.000	1.500	276.750
198	1	2	2	0	0	0	0	0.000	0.000	0.000	0.000	0.000	0.000	0.500	278.250
199	1	0	0	0	0	197	0	0.367	0.000	0.000	236.114	0.000	0.000	1.500	278.750
200	1	2	2	0	0	0	0	0.000	0.000	0.000	0.000	0.000	0.000	3.250	280.250
201	1	0	0	0	0	197	0	0.358	0.000	0.000	238.051	0.000	0.000	1.500	283.500
202	1	2	2	0	0	0	0	0.000	0.000	0.000	0.000	0.000	0.000	1.375	285.000
203	1	0	1	0	0	198	0	0.343	0.000	0.000	239.970	0.000	0.000	1.500	286.375
204	1	2	2	0	0	0	0	0.000	0.000	0.000	0.000	0.000	0.000	2.375	287.875
205	1	0	1	0	0	198	0	0.343	0.000	0.000	241.874	0.000	0.000	1.500	290.250
206	1	2	2	0	0	0	0	0.000	0.000	0.000	0.000	0.000	0.000	0.750	291.750
207	1	1	1	1	250	198	0	0.352	0.000	0.000	243.777	0.000	0.255	1.500	292.500
208	1	2	2	0	0	0	0	0.000	0.000	0.000	0.000	0.000	0.000	1.000	294.000
209	1	0	1	0	0	198	0	0.536	0.000	0.000	245.713	0.000	0.000	1.500	295.000
210	1	2	2	0	0	0	0	0.000	0.000	0.000	0.000	0.000	0.000	1.500	296.500
211	1	0	1	0	0	198	0	0.361	0.000	0.000	247.817	0.000	0.000	1.500	298.000
212	1	2	2	0	0	0	0	0.000	0.000	0.000	0.000	0.000	0.000	0.625	299.500
213	1	0	0	0	0	197	0	0.416	0.000	0.000	249.736	0.000	0.000	1.500	300.125
214	1	2	2	0	0	0	0	0.000	0.000	0.000	0.000	0.000	0.000	1.375	301.625
215	1	0	0	0	0	197	0	0.398	0.000	0.000	251.723	0.000	0.000	1.500	303.000
216	1	2	2	0	0	0	0	0.000	0.000	0.000	0.000	0.000	0.000	0.500	304.500
217	1	0	0	0	0	197	0	0.412	0.000	0.000	253.676	0.000	0.000	1.500	305.000
218	1	2	2	0	0	0	0	0.000	0.000	0.000	0.000	0.000	0.000	1.250	306.500
219	1	0	1	0	0	198	0	0.378	0.000	0.000	255.646	0.000	0.000	1.500	307.750
220	1	2	2	0	0	0	0	0.000	0.000	0.000	0.000	0.000	0.000	2.125	309.250
221	1	1	1	2	200	198	0	0.386	0.000	0.000	257.583	0.000	0.203	1.500	311.375
222	1	2	2	0	0	0	0	0.000	0.000	0.000	0.000	0.000	0.000	2.125	312.875
223	1	1	0	1	200	0	0	0.000	0.000	0.000	259.536	0.000	0.204	1.500	315.000
224	1	2	2	0	0	0	0	0.000	0.000	0.000	0.000	0.000	0.000	1.375	316.500
225	1	1	1	1	250	198	0	0.399	0.000	0.000	262.107	0.000	0.256	1.500	317.875
226	1	2	2	0	0	0	0	0.000	0.000	0.000	0.000	0.000	0.000	0.750	319.375
227	1	0	0	0	0	197	0	0.396	0.000	0.000	264.093	0.000	0.000	1.500	320.125
228	1	2	2	0	0	0	0	0.000	0.000	0.000	0.000	0.000	0.000	0.625	321.625
229	1	0	1	0	0	198	0	0.369	0.000	0.000	266.047	0.000	0.000	1.500	322.250
230	1	2	2	0	0	0	0	0.000	0.000	0.000	0.000	0.000	0.000	0.625	323.750
231	1	0	1	0	0	198	0	0.361	0.000	0.000	267.983	0.000	0.000	1.500	324.375
232	1	2	2	0	0	0	0	0.000	0.000	0.000	0.000	0.000	0.000	1.125	325.875
233	1	0	0	0	0	197	0	0.378	0.000	0.000	269.903	0.000	0.000	1.500	327.000
234	1	2	2	0	0	0	0	0.000	0.000	0.000	0.000	0.000	0.000	0.500	328.500
235	1	0	0	0	0	197	0	0.417	0.000	0.000	271.839	0.000	0.000	1.500	329.000
236	1	2	2	0	0	0	0	0.000	0.000	0.000	0.000	0.000	0.000	2.125	330.500
237	1	1	0	2	150	0	0	0.000	0.000	0.000	273.826	0.000	0.154	1.500	332.625
238	1	2	2	0	0	0	0	0.000	0.000	0.000	0.000	0.000	0.000	1.250	334.125
239	1	0	1	0	0	198	0	0.355	0.000	0.000	276.397	0.000	0.000	1.500	335.375
240	1	2	2	0	0	0	0	0.000	0.000	0.000	0.000	0.000	0.000	1.125	336.875
241	1	0	1	0	0	198	0	0.396	0.000	0.000	278.317	0.000	0.000	1.500	338.000
242	1	2	2	0	0	0	0	0.000	0.000	0.000	0.000	0.000	0.000	1.750	339.500
243	1	0	1	0	0	198	0	0.378	0.000	0.000	280.270	0.000	0.000	1.500	341.250
244	1	2	2	0	0	0	0	0.000	0.000	0.000	0.000	0.000	0.000	1.000	342.750
245	1	0	1	0	0	198	0	0.386	0.000	0.000	282.206	0.000	0.000	1.500	343.750
246	1	2	2	0	0	0	0	0.000	0.000	0.000	0.000	0.000	0.000	1.125	345.250
247	1	0	0	0	0	197	0	0.402	0.000	0.000	284.160	0.000	0.000	1.500	346.375
248	1	2	2	0	0	0	0	0.000	0.000	0.000	0.000	0.000	0.000	0.875	347.875
249	1	0	0	0	0	197	0	0.464	0.000	0.000	286.130	0.000	0.000	1.500	348.750
250	1	2	2	0	0	0	0	0.000	0.000	0.000	0.000	0.000	0.000	1.750	350.250
251	1	1	1	2	200	198	0	0.395	0.000	0.000	288.150	0.000	0.204	1.500	352.000
252	1	2	2	0	0	0	0	0.000	0.000	0.000	0.000	0.000	0.000	1.375	353.500
253	1	1	0	1	200	0	0	0.000	0.000	0.000	290.103	0.000	0.203	1.500	354.875
254	1	2	2	0	0	0	0	0.000	0.000	0.000	0.000	0.000	0.000	1.750	356.375
255	1	0	0	0	0	197	0	0.486	0.000	0.000	292.674	0.000	0.000	1.500	358.125
256	1	2	2	0	0	0	0	0.000	0.000	0.000	0.000	0.000	0.000	2.500	359.625
Started: 17-Apr-2013 10:43
Started: 17-Apr-2013 10:44
1	1	0	0	0	0	197	0	0.465	0.000	0.000	0.013	0.000	0.000	1.500	0.000
2	1	2	2	0	0	0	0	0.000	0.000	0.000	0.000	0.000	0.000	1.125	1.500
3	1	0	0	0	0	197	0	0.355	0.000	0.000	2.049	0.000	0.000	1.500	2.625
4	1	2	2	0	0	0	0	0.000	0.000	0.000	0.000	0.000	0.000	0.625	4.125
5	1	0	1	0	0	198	0	0.396	0.000	0.000	3.969	0.000	0.000	1.500	4.750
6	1	2	2	0	0	0	0	0.000	0.000	0.000	0.000	0.000	0.000	0.500	6.250
7	1	0	1	0	0	198	0	0.353	0.000	0.000	5.922	0.000	0.000	1.500	6.750
8	1	2	2	0	0	0	0	0.000	0.000	0.000	0.000	0.000	0.000	0.875	8.250
9	1	0	0	0	0	197	0	0.353	0.000	0.000	7.842	0.000	0.000	1.500	9.125
10	1	2	2	0	0	0	0	0.000	0.000	0.000	0.000	0.000	0.000	0.750	10.625
11	1	0	1	0	0	198	0	0.385	0.000	0.000	9.762	0.000	0.000	1.500	11.375
12	1	2	2	0	0	0	0	0.000	0.000	0.000	0.000	0.000	0.000	0.875	12.875
13	1	1	0	2	150	0	0	0.000	0.000	0.000	11.715	0.000	0.473	1.500	13.750
14	1	2	2	0	0	0	0	0.000	0.000	0.000	0.000	0.000	0.000	1.125	15.250
15	1	1	1	1	250	198	0	0.382	0.000	0.000	14.286	0.000	0.254	1.500	16.375
16	1	2	2	0	0	0	0	0.000	0.000	0.000	0.000	0.000	0.000	1.625	17.875
17	1	0	1	0	0	198	0	0.388	0.000	0.000	16.256	0.000	0.000	1.500	19.500
18	1	2	2	0	0	0	0	0.000	0.000	0.000	0.000	0.000	0.000	2.375	21.000
19	1	1	0	2	200	0	0	0.000	0.000	0.000	18.209	0.000	0.204	1.500	23.375
20	1	2	2	0	0	0	0	0.000	0.000	0.000	0.000	0.000	0.000	1.375	24.875
21	1	1	1	1	200	0	0	0.000	0.000	0.000	20.780	0.000	0.204	1.500	26.250
22	1	2	2	0	0	0	0	0.000	0.000	0.000	0.000	0.000	0.000	3.500	27.750
23	1	0	0	0	0	197	0	0.389	0.000	0.000	23.351	0.000	0.000	1.500	31.250
24	1	2	2	0	0	0	0	0.000	0.000	0.000	0.000	0.000	0.000	0.750	32.750
25	1	0	1	0	0	198	0	0.339	0.000	0.000	25.304	0.000	0.000	1.500	33.500
26	1	2	2	0	0	0	0	0.000	0.000	0.000	0.000	0.000	0.000	2.375	35.000
27	1	0	0	0	0	197	0	0.324	0.000	0.000	27.207	0.000	0.000	1.500	37.375
28	1	2	2	0	0	0	0	0.000	0.000	0.000	0.000	0.000	0.000	1.250	38.875
29	1	0	1	0	0	198	0	0.310	0.000	0.000	29.094	0.000	0.000	1.500	40.125
30	1	2	2	0	0	0	0	0.000	0.000	0.000	0.000	0.000	0.000	1.250	41.625
31	1	0	0	0	0	197	0	0.337	0.000	0.000	30.963	0.000	0.000	1.500	42.875
32	1	2	2	0	0	0	0	0.000	0.000	0.000	0.000	0.000	0.000	1.000	44.375
33	1	0	0	0	0	197	0	0.362	0.000	0.000	32.866	0.000	0.000	1.500	45.375
34	1	2	2	0	0	0	0	0.000	0.000	0.000	0.000	0.000	0.000	2.875	46.875
35	1	1	0	2	250	197	0	0.346	0.000	0.000	34.786	0.000	0.253	1.500	49.750
36	1	2	2	0	0	0	0	0.000	0.000	0.000	0.000	0.000	0.000	1.125	51.250
37	1	0	1	0	0	198	0	0.354	0.000	0.000	36.723	0.000	0.000	1.500	52.375
38	1	2	2	0	0	0	0	0.000	0.000	0.000	0.000	0.000	0.000	0.625	53.875
39	1	0	0	0	0	197	0	0.362	0.000	0.000	38.643	0.000	0.000	1.500	54.500
40	1	2	2	0	0	0	0	0.000	0.000	0.000	0.000	0.000	0.000	0.625	56.000
41	1	0	0	0	0	197	0	0.330	0.000	0.000	40.562	0.000	0.000	1.500	56.625
42	1	2	2	0	0	0	0	0.000	0.000	0.000	0.000	0.000	0.000	1.250	58.125
43	1	0	1	0	0	198	0	0.307	0.000	0.000	42.449	0.000	0.000	1.500	59.375
44	1	2	2	0	0	0	0	0.000	0.000	0.000	0.000	0.000	0.000	1.625	60.875
45	1	1	1	1	250	198	0	0.421	0.000	0.000	44.319	0.000	0.254	1.500	62.500
46	1	2	2	0	0	0	0	0.000	0.000	0.000	0.000	0.000	0.000	3.125	64.000
47	1	0	1	0	0	198	0	0.393	0.000	0.000	46.322	0.000	0.000	1.500	67.125
48	1	2	2	0	0	0	0	0.000	0.000	0.000	0.000	0.000	0.000	1.000	68.625
49	1	0	1	0	0	198	0	0.385	0.000	0.000	48.275	0.000	0.000	1.500	69.625
50	1	2	2	0	0	0	0	0.000	0.000	0.000	0.000	0.000	0.000	1.750	71.125
51	1	1	0	1	200	197	0	0.335	0.000	0.000	50.228	0.000	0.204	1.500	72.875
52	1	2	2	0	0	0	0	0.000	0.000	0.000	0.000	0.000	0.000	0.500	74.375
53	1	0	0	0	0	197	0	0.455	0.000	0.000	52.148	0.000	0.000	1.500	74.875
54	1	2	2	0	0	0	0	0.000	0.000	0.000	0.000	0.000	0.000	1.250	76.375
55	1	0	1	0	0	198	0	0.427	0.000	0.000	54.168	0.000	0.000	1.500	77.625
56	1	2	2	0	0	0	0	0.000	0.000	0.000	0.000	0.000	0.000	0.625	79.125
57	1	0	0	0	0	197	0	0.258	0.000	0.000	56.155	0.000	0.000	1.500	79.750
58	1	2	2	0	0	0	0	0.000	0.000	0.000	0.000	0.000	0.000	1.375	81.250
59	1	0	1	0	0	198	0	0.269	0.000	0.000	57.974	0.000	0.000	1.500	82.625
60	1	2	2	0	0	0	0	0.000	0.000	0.000	0.000	0.000	0.000	3.375	84.125
61	1	1	1	2	200	198	0	0.338	0.000	0.000	59.811	0.000	0.204	1.500	87.500
62	1	2	2	0	0	0	0	0.000	0.000	0.000	0.000	0.000	0.000	0.500	89.000
63	1	0	0	0	0	197	0	0.322	0.000	0.000	61.731	0.000	0.000	1.500	89.500
64	1	2	2	0	0	0	0	0.000	0.000	0.000	0.000	0.000	0.000	0.875	91.000
65	1	0	1	0	0	198	0	0.338	0.000	0.000	63.617	0.000	0.000	1.500	91.875
66	1	2	2	0	0	0	0	0.000	0.000	0.000	0.000	0.000	0.000	1.125	93.375
67	1	0	1	0	0	198	0	0.293	0.000	0.000	65.520	0.000	0.000	1.500	94.500
68	1	2	2	0	0	0	0	0.000	0.000	0.000	0.000	0.000	0.000	2.500	96.000
69	1	0	1	0	0	198	0	0.278	0.000	0.000	67.373	0.000	0.000	1.500	98.500
70	1	2	2	0	0	0	0	0.000	0.000	0.000	0.000	0.000	0.000	2.875	100.000
71	1	1	1	2	150	0	0	0.000	0.000	0.000	69.210	0.000	0.153	1.500	102.875
72	1	2	2	0	0	0	0	0.000	0.000	0.000	0.000	0.000	0.000	0.750	104.375
73	1	1	0	1	150	0	0	0.000	0.000	0.000	71.780	0.000	0.155	1.500	105.125
74	1	2	2	0	0	0	0	0.000	0.000	0.000	0.000	0.000	0.000	4.000	106.625
75	1	0	0	0	0	197	0	0.356	0.000	0.000	74.351	0.000	0.000	1.500	110.625
76	1	2	2	0	0	0	0	0.000	0.000	0.000	0.000	0.000	0.000	1.875	112.125
77	1	0	0	0	0	197	0	0.348	0.000	0.000	76.271	0.000	0.000	1.500	114.000
78	1	2	2	0	0	0	0	0.000	0.000	0.000	0.000	0.000	0.000	1.375	115.500
79	1	0	0	0	0	197	0	0.364	0.000	0.000	78.174	0.000	0.000	1.500	116.875
80	1	2	2	0	0	0	0	0.000	0.000	0.000	0.000	0.000	0.000	0.625	118.375
81	1	0	1	0	0	198	0	0.341	0.000	0.000	80.094	0.000	0.000	1.500	119.000
82	1	2	2	0	0	0	0	0.000	0.000	0.000	0.000	0.000	0.000	0.750	120.500
83	1	1	0	1	200	0	0	0.000	0.000	0.000	81.997	0.000	0.205	1.500	121.250
84	1	2	2	0	0	0	0	0.000	0.000	0.000	0.000	0.000	0.000	1.250	122.750
85	1	0	1	0	0	198	0	0.356	0.000	0.000	84.568	0.000	0.000	1.500	124.000
86	1	2	2	0	0	0	0	0.000	0.000	0.000	0.000	0.000	0.000	0.875	125.500
87	1	0	0	0	0	197	0	0.347	0.000	0.000	86.488	0.000	0.000	1.500	126.375
88	1	2	2	0	0	0	0	0.000	0.000	0.000	0.000	0.000	0.000	0.625	127.875
89	1	0	1	0	0	198	0	0.348	0.000	0.000	88.391	0.000	0.000	1.500	128.500
90	1	2	2	0	0	0	0	0.000	0.000	0.000	0.000	0.000	0.000	2.625	130.000
91	1	0	0	0	0	197	0	0.357	0.000	0.000	90.311	0.000	0.000	1.500	132.625
92	1	2	2	0	0	0	0	0.000	0.000	0.000	0.000	0.000	0.000	1.625	134.125
93	1	1	1	2	200	0	0	0.000	0.000	0.000	92.231	0.000	0.205	1.500	135.750
94	1	2	2	0	0	0	0	0.000	0.000	0.000	0.000	0.000	0.000	1.375	137.250
95	1	0	0	0	0	197	0	0.372	0.000	0.000	94.802	0.000	0.000	1.500	138.625
96	1	2	2	0	0	0	0	0.000	0.000	0.000	0.000	0.000	0.000	1.750	140.125
97	1	1	0	2	250	197	0	0.347	0.000	0.000	96.738	0.000	0.254	1.500	141.875
98	1	2	2	0	0	0	0	0.000	0.000	0.000	0.000	0.000	0.000	0.750	143.375
99	1	0	0	0	0	197	0	0.385	0.000	0.000	98.675	0.000	0.000	1.500	144.125
100	1	2	2	0	0	0	0	0.000	0.000	0.000	0.000	0.000	0.000	1.125	145.625
101	1	0	1	0	0	198	0	0.345	0.000	0.000	100.628	0.000	0.000	1.500	146.750
102	1	2	2	0	0	0	0	0.000	0.000	0.000	0.000	0.000	0.000	2.250	148.250
103	1	0	0	0	0	197	0	0.313	0.000	0.000	102.531	0.000	0.000	1.500	150.500
104	1	2	2	0	0	0	0	0.000	0.000	0.000	0.000	0.000	0.000	0.625	152.000
105	1	0	1	0	0	198	0	0.316	0.000	0.000	104.401	0.000	0.000	1.500	152.625
106	1	2	2	0	0	0	0	0.000	0.000	0.000	0.000	0.000	0.000	0.625	154.125
107	1	0	1	0	0	198	0	0.341	0.000	0.000	106.287	0.000	0.000	1.500	154.750
108	1	2	2	0	0	0	0	0.000	0.000	0.000	0.000	0.000	0.000	0.500	156.250
109	1	0	0	0	0	197	0	0.341	0.000	0.000	108.190	0.000	0.000	1.500	156.750
110	1	2	2	0	0	0	0	0.000	0.000	0.000	0.000	0.000	0.000	1.250	158.250
111	1	1	1	1	250	198	0	0.318	0.000	0.000	110.093	0.000	0.254	1.500	159.500
112	1	2	2	0	0	0	0	0.000	0.000	0.000	0.000	0.000	0.000	1.875	161.000
113	1	0	0	0	0	197	0	0.551	0.000	0.000	111.996	0.000	0.000	1.500	162.875
114	1	2	2	0	0	0	0	0.000	0.000	0.000	0.000	0.000	0.000	0.500	164.375
115	1	1	1	2	200	198	0	0.311	0.000	0.000	114.117	0.000	0.205	1.500	164.875
116	1	2	2	0	0	0	0	0.000	0.000	0.000	0.000	0.000	0.000	0.625	166.375
117	1	0	0	0	0	197	0	0.352	0.000	0.000	116.020	0.000	0.000	1.500	167.000
118	1	2	2	0	0	0	0	0.000	0.000	0.000	0.000	0.000	0.000	2.000	168.500
119	1	0	1	0	0	198	0	0.313	0.000	0.000	117.940	0.000	0.000	1.500	170.500
120	1	2	2	0	0	0	0	0.000	0.000	0.000	0.000	0.000	0.000	1.625	172.000
121	1	0	1	0	0	198	0	0.348	0.000	0.000	119.809	0.000	0.000	1.500	173.625
122	1	2	2	0	0	0	0	0.000	0.000	0.000	0.000	0.000	0.000	2.000	175.125
123	1	1	0	1	200	197	0	0.323	0.000	0.000	121.712	0.000	0.204	1.500	177.125
124	1	2	2	0	0	0	0	0.000	0.000	0.000	0.000	0.000	0.000	1.375	178.625
125	1	0	0	0	0	197	0	0.356	0.000	0.000	123.632	0.000	0.000	1.500	180.000
126	1	2	2	0	0	0	0	0.000	0.000	0.000	0.000	0.000	0.000	1.125	181.500
127	1	0	1	0	0	198	0	0.339	0.000	0.000	125.552	0.000	0.000	1.500	182.625
128	1	2	2	0	0	0	0	0.000	0.000	0.000	0.000	0.000	0.000	0.750	184.125
129	1	0	1	0	0	198	0	0.388	0.000	0.000	158.974	0.000	0.000	1.500	184.875
130	1	2	2	0	0	0	0	0.000	0.000	0.000	0.000	0.000	0.000	0.875	186.375
131	1	0	0	0	0	197	0	0.363	0.000	0.000	160.927	0.000	0.000	1.500	187.250
132	1	2	2	0	0	0	0	0.000	0.000	0.000	0.000	0.000	0.000	1.000	188.750
133	1	1	1	1	150	0	0	0.000	0.000	0.000	162.847	0.000	0.467	1.500	189.750
134	1	2	2	0	0	0	0	0.000	0.000	0.000	0.000	0.000	0.000	1.125	191.250
135	1	0	0	0	0	197	0	0.472	0.000	0.000	165.418	0.000	0.000	1.500	192.375
136	1	2	2	0	0	0	0	0.000	0.000	0.000	0.000	0.000	0.000	1.625	193.875
137	1	0	1	0	0	198	0	0.348	0.000	0.000	167.454	0.000	0.000	1.500	195.500
138	1	2	2	0	0	0	0	0.000	0.000	0.000	0.000	0.000	0.000	2.000	197.000
139	1	0	1	0	0	198	0	0.389	0.000	0.000	169.357	0.000	0.000	1.500	199.000
140	1	2	2	0	0	0	0	0.000	0.000	0.000	0.000	0.000	0.000	2.000	200.500
141	1	0	0	0	0	197	0	0.339	0.000	0.000	171.311	0.000	0.000	1.500	202.500
142	1	2	2	0	0	0	0	0.000	0.000	0.000	0.000	0.000	0.000	0.875	204.000
143	1	1	0	2	150	0	0	0.000	0.000	0.000	173.214	0.000	0.155	1.500	204.875
144	1	2	2	0	0	0	0	0.000	0.000	0.000	0.000	0.000	0.000	0.500	206.375
145	1	1	1	2	200	198	0	0.345	0.000	0.000	175.785	0.000	0.204	1.500	206.875
146	1	2	2	0	0	0	0	0.000	0.000	0.000	0.000	0.000	0.000	0.500	208.375
147	1	0	1	0	0	198	0	0.338	0.000	0.000	177.721	0.000	0.000	1.500	208.875
148	1	2	2	0	0	0	0	0.000	0.000	0.000	0.000	0.000	0.000	1.250	210.375
149	1	1	0	1	200	197	0	0.306	0.000	0.000	179.624	0.000	0.204	1.500	211.625
150	1	2	2	0	0	0	0	0.000	0.000	0.000	0.000	0.000	0.000	0.750	213.125
151	1	0	0	0	0	197	0	0.364	0.000	0.000	181.511	0.000	0.000	1.500	213.875
152	1	2	2	0	0	0	0	0.000	0.000	0.000	0.000	0.000	0.000	2.000	215.375
153	1	0	0	0	0	197	0	0.333	0.000	0.000	183.430	0.000	0.000	1.500	217.375
154	1	2	2	0	0	0	0	0.000	0.000	0.000	0.000	0.000	0.000	0.500	218.875
155	1	0	0	0	0	197	0	0.357	0.000	0.000	185.334	0.000	0.000	1.500	219.375
156	1	2	2	0	0	0	0	0.000	0.000	0.000	0.000	0.000	0.000	0.625	220.875
157	1	0	1	0	0	198	0	0.324	0.000	0.000	187.253	0.000	0.000	1.500	221.500
158	1	2	2	0	0	0	0	0.000	0.000	0.000	0.000	0.000	0.000	0.625	223.000
159	1	0	1	0	0	198	0	0.334	0.000	0.000	189.140	0.000	0.000	1.500	223.625
160	1	2	2	0	0	0	0	0.000	0.000	0.000	0.000	0.000	0.000	0.625	225.125
161	1	0	1	0	0	198	0	0.345	0.000	0.000	191.043	0.000	0.000	1.500	225.750
162	1	2	2	0	0	0	0	0.000	0.000	0.000	0.000	0.000	0.000	1.125	227.250
163	1	0	1	0	0	198	0	0.337	0.000	0.000	192.946	0.000	0.000	1.500	228.375
164	1	2	2	0	0	0	0	0.000	0.000	0.000	0.000	0.000	0.000	0.500	229.875
165	1	0	0	0	0	197	0	0.464	0.000	0.000	194.849	0.000	0.000	1.500	230.375
166	1	2	2	0	0	0	0	0.000	0.000	0.000	0.000	0.000	0.000	0.875	231.875
167	1	0	1	0	0	198	0	0.342	0.000	0.000	196.869	0.000	0.000	1.500	232.750
168	1	2	2	0	0	0	0	0.000	0.000	0.000	0.000	0.000	0.000	1.500	234.250
169	1	0	0	0	0	197	0	0.375	0.000	0.000	198.772	0.000	0.000	1.500	235.750
170	1	2	2	0	0	0	0	0.000	0.000	0.000	0.000	0.000	0.000	1.250	237.250
171	1	0	0	0	0	197	0	0.325	0.000	0.000	200.709	0.000	0.000	1.500	238.500
172	1	2	2	0	0	0	0	0.000	0.000	0.000	0.000	0.000	0.000	1.500	240.000
173	1	1	1	1	150	0	0	0.000	0.000	0.000	202.595	0.000	0.155	1.500	241.500
174	1	2	2	0	0	0	0	0.000	0.000	0.000	0.000	0.000	0.000	3.625	243.000
175	1	1	0	2	150	0	0	0.000	0.000	0.000	205.166	0.000	0.153	1.500	246.625
176	1	2	2	0	0	0	0	0.000	0.000	0.000	0.000	0.000	0.000	1.125	248.125
177	1	1	1	2	200	198	0	0.362	0.000	0.000	207.737	0.000	0.204	1.500	249.250
178	1	2	2	0	0	0	0	0.000	0.000	0.000	0.000	0.000	0.000	2.500	250.750
179	1	1	0	1	200	0	0	0.000	0.000	0.000	209.690	0.000	0.204	1.500	253.250
180	1	2	2	0	0	0	0	0.000	0.000	0.000	0.000	0.000	0.000	0.500	254.750
181	1	0	0	0	0	197	0	0.383	0.000	0.000	212.261	0.000	0.000	1.500	255.250
182	1	2	2	0	0	0	0	0.000	0.000	0.000	0.000	0.000	0.000	0.750	256.750
183	1	0	0	0	0	197	0	0.331	0.000	0.000	214.214	0.000	0.000	1.500	257.500
184	1	2	2	0	0	0	0	0.000	0.000	0.000	0.000	0.000	0.000	0.750	259.000
185	1	0	1	0	0	198	0	0.351	0.000	0.000	216.101	0.000	0.000	1.500	259.750
186	1	2	2	0	0	0	0	0.000	0.000	0.000	0.000	0.000	0.000	0.750	261.250
187	1	0	1	0	0	198	0	0.310	0.000	0.000	218.021	0.000	0.000	1.500	262.000
188	1	2	2	0	0	0	0	0.000	0.000	0.000	0.000	0.000	0.000	1.250	263.500
189	1	0	0	0	0	197	0	0.400	0.000	0.000	219.890	0.000	0.000	1.500	264.750
190	1	2	2	0	0	0	0	0.000	0.000	0.000	0.000	0.000	0.000	0.875	266.250
191	1	0	1	0	0	198	0	0.350	0.000	0.000	221.860	0.000	0.000	1.500	267.125
192	1	2	2	0	0	0	0	0.000	0.000	0.000	0.000	0.000	0.000	1.500	268.625
193	1	0	1	0	0	198	0	0.351	0.000	0.000	223.780	0.000	0.000	1.500	270.125
194	1	2	2	0	0	0	0	0.000	0.000	0.000	0.000	0.000	0.000	1.125	271.625
195	1	0	0	0	0	197	0	0.342	0.000	0.000	225.700	0.000	0.000	1.500	272.750
196	1	2	2	0	0	0	0	0.000	0.000	0.000	0.000	0.000	0.000	2.375	274.250
197	1	0	1	0	0	198	0	0.400	0.000	0.000	227.603	0.000	0.000	1.500	276.625
198	1	2	2	0	0	0	0	0.000	0.000	0.000	0.000	0.000	0.000	2.375	278.125
199	1	1	0	1	250	0	0	0.000	0.000	0.000	229.573	0.000	0.254	1.500	280.500
200	1	2	2	0	0	0	0	0.000	0.000	0.000	0.000	0.000	0.000	1.625	282.000
201	1	0	0	0	0	197	0	0.403	0.000	0.000	232.144	0.000	0.000	1.500	283.625
202	1	2	2	0	0	0	0	0.000	0.000	0.000	0.000	0.000	0.000	2.125	285.125
203	1	0	0	0	0	197	0	0.346	0.000	0.000	234.114	0.000	0.000	1.500	287.250
204	1	2	2	0	0	0	0	0.000	0.000	0.000	0.000	0.000	0.000	0.500	288.750
205	1	0	1	0	0	198	0	0.369	0.000	0.000	236.017	0.000	0.000	1.500	289.250
206	1	2	2	0	0	0	0	0.000	0.000	0.000	0.000	0.000	0.000	0.625	290.750
207	1	1	1	2	150	0	0	0.000	0.000	0.000	237.953	0.000	0.154	1.500	291.375
208	1	2	2	0	0	0	0	0.000	0.000	0.000	0.000	0.000	0.000	0.500	292.875
209	1	0	0	0	0	197	0	0.405	0.000	0.000	240.524	0.000	0.000	1.500	293.375
210	1	2	2	0	0	0	0	0.000	0.000	0.000	0.000	0.000	0.000	1.000	294.875
211	1	0	0	0	0	197	0	0.333	0.000	0.000	242.494	0.000	0.000	1.500	295.875
212	1	2	2	0	0	0	0	0.000	0.000	0.000	0.000	0.000	0.000	1.125	297.375
213	1	0	1	0	0	198	0	0.342	0.000	0.000	244.397	0.000	0.000	1.500	298.500
214	1	2	2	0	0	0	0	0.000	0.000	0.000	0.000	0.000	0.000	0.625	300.000
215	1	0	0	0	0	197	0	0.373	0.000	0.000	246.300	0.000	0.000	1.500	300.625
216	1	2	2	0	0	0	0	0.000	0.000	0.000	0.000	0.000	0.000	0.875	302.125
217	1	0	1	0	0	198	0	0.311	0.000	0.000	248.237	0.000	0.000	1.500	303.000
218	1	2	2	0	0	0	0	0.000	0.000	0.000	0.000	0.000	0.000	0.500	304.500
219	1	0	1	0	0	198	0	0.359	0.000	0.000	250.107	0.000	0.000	1.500	305.000
220	1	2	2	0	0	0	0	0.000	0.000	0.000	0.000	0.000	0.000	1.000	306.500
221	1	1	0	2	200	197	0	0.433	0.000	0.000	252.026	0.000	0.204	1.500	307.500
222	1	2	2	0	0	0	0	0.000	0.000	0.000	0.000	0.000	0.000	1.000	309.000
223	1	1	1	1	300	198	0	0.388	0.000	0.000	254.030	0.000	0.304	1.500	310.000
224	1	2	2	0	0	0	0	0.000	0.000	0.000	0.000	0.000	0.000	0.875	311.500
225	1	1	1	1	250	0	0	0.000	0.000	0.000	256.000	0.000	0.254	1.500	312.375
226	1	2	2	0	0	0	0	0.000	0.000	0.000	0.000	0.000	0.000	0.625	313.875
227	1	0	1	0	0	198	0	0.417	0.000	0.000	258.571	0.000	0.000	1.500	314.500
228	1	2	2	0	0	0	0	0.000	0.000	0.000	0.000	0.000	0.000	1.000	316.000
229	1	0	0	0	0	197	0	0.357	0.000	0.000	260.557	0.000	0.000	1.500	317.000
230	1	2	2	0	0	0	0	0.000	0.000	0.000	0.000	0.000	0.000	1.625	318.500
231	1	0	1	0	0	198	0	0.350	0.000	0.000	262.477	0.000	0.000	1.500	320.125
232	1	2	2	0	0	0	0	0.000	0.000	0.000	0.000	0.000	0.000	1.125	321.625
233	1	0	0	0	0	197	0	0.414	0.000	0.000	264.397	0.000	0.000	1.500	322.750
234	1	2	2	0	0	0	0	0.000	0.000	0.000	0.000	0.000	0.000	0.750	324.250
235	1	0	1	0	0	198	0	0.435	0.000	0.000	266.367	0.000	0.000	1.500	325.000
236	1	2	2	0	0	0	0	0.000	0.000	0.000	0.000	0.000	0.000	0.750	326.500
237	1	0	0	0	0	197	0	0.418	0.000	0.000	268.370	0.000	0.000	1.500	327.250
238	1	2	2	0	0	0	0	0.000	0.000	0.000	0.000	0.000	0.000	2.375	328.750
239	1	1	0	2	150	0	0	0.000	0.000	0.000	270.356	0.000	0.155	1.500	331.125
240	1	2	2	0	0	0	0	0.000	0.000	0.000	0.000	0.000	0.000	0.500	332.625
241	1	0	1	0	0	198	0	0.387	0.000	0.000	272.927	0.000	0.000	1.500	333.125
242	1	2	2	0	0	0	0	0.000	0.000	0.000	0.000	0.000	0.000	1.250	334.625
243	1	0	1	0	0	198	0	0.364	0.000	0.000	274.881	0.000	0.000	1.500	335.875
244	1	2	2	0	0	0	0	0.000	0.000	0.000	0.000	0.000	0.000	2.000	337.375
245	1	0	0	0	0	197	0	0.394	0.000	0.000	276.800	0.000	0.000	1.500	339.375
246	1	2	2	0	0	0	0	0.000	0.000	0.000	0.000	0.000	0.000	1.125	340.875
247	1	0	0	0	0	197	0	0.457	0.000	0.000	278.754	0.000	0.000	1.500	342.000
248	1	2	2	0	0	0	0	0.000	0.000	0.000	0.000	0.000	0.000	1.375	343.500
249	1	0	1	0	0	198	0	0.342	0.000	0.000	280.774	0.000	0.000	1.500	344.875
250	1	2	2	0	0	0	0	0.000	0.000	0.000	0.000	0.000	0.000	1.375	346.375
251	1	0	0	0	0	197	0	0.366	0.000	0.000	282.677	0.000	0.000	1.500	347.750
252	1	2	2	0	0	0	0	0.000	0.000	0.000	0.000	0.000	0.000	0.875	349.250
253	1	1	0	2	200	0	0	0.000	0.000	0.000	284.613	0.000	0.204	1.500	350.125
254	1	2	2	0	0	0	0	0.000	0.000	0.000	0.000	0.000	0.000	0.875	351.625
255	1	1	1	1	300	198	0	0.370	0.000	0.000	287.184	0.000	0.304	1.500	352.500
256	1	2	2	0	0	0	0	0.000	0.000	0.000	0.000	0.000	0.000	1.250	354.000
Started: 17-Apr-2013 10:50
1	1	0	1	0	0	198	0	0.457	0.000	0.000	0.013	0.000	0.000	1.500	0.000
2	1	2	2	0	0	0	0	0.000	0.000	0.000	0.000	0.000	0.000	0.750	1.500
3	1	1	0	1	250	197	0	0.364	0.000	0.000	2.032	0.000	0.255	1.500	2.250
4	1	2	2	0	0	0	0	0.000	0.000	0.000	0.000	0.000	0.000	1.375	3.750
5	1	0	0	0	0	197	0	0.409	0.000	0.000	3.985	0.000	0.000	1.500	5.125
6	1	2	2	0	0	0	0	0.000	0.000	0.000	0.000	0.000	0.000	3.125	6.625
7	1	1	1	2	250	198	0	0.328	0.000	0.000	5.955	0.000	0.255	1.500	9.750
8	1	2	2	0	0	0	0	0.000	0.000	0.000	0.000	0.000	0.000	1.875	11.250
9	1	0	1	0	0	198	0	0.370	0.000	0.000	7.875	0.000	0.000	1.500	13.125
10	1	2	2	0	0	0	0	0.000	0.000	0.000	0.000	0.000	0.000	2.750	14.625
11	1	0	0	0	0	197	0	0.295	0.000	0.000	9.811	0.000	0.000	1.500	17.375
12	1	2	2	0	0	0	0	0.000	0.000	0.000	0.000	0.000	0.000	0.875	18.875
13	1	0	1	0	0	198	0	0.355	0.000	0.000	11.664	0.000	0.000	1.500	19.750
14	1	2	2	0	0	0	0	0.000	0.000	0.000	0.000	0.000	0.000	0.500	21.250
15	1	0	0	0	0	197	0	0.292	0.000	0.000	13.584	0.000	0.000	1.500	21.750
16	1	2	2	0	0	0	0	0.000	0.000	0.000	0.000	0.000	0.000	1.000	23.250
17	1	0	1	0	0	198	0	0.318	0.000	0.000	15.437	0.000	0.000	1.500	24.250
18	1	2	2	0	0	0	0	0.000	0.000	0.000	0.000	0.000	0.000	0.625	25.750
19	1	0	1	0	0	198	0	0.311	0.000	0.000	17.323	0.000	0.000	1.500	26.375
20	1	2	2	0	0	0	0	0.000	0.000	0.000	0.000	0.000	0.000	1.000	27.875
21	1	0	0	0	0	197	0	0.314	0.000	0.000	19.193	0.000	0.000	1.500	28.875
22	1	2	2	0	0	0	0	0.000	0.000	0.000	0.000	0.000	0.000	1.000	30.375
23	1	0	0	0	0	197	0	0.347	0.000	0.000	21.063	0.000	0.000	1.500	31.375
24	1	2	2	0	0	0	0	0.000	0.000	0.000	0.000	0.000	0.000	1.500	32.875
25	1	0	0	0	0	197	0	0.294	0.000	0.000	22.966	0.000	0.000	1.500	34.375
26	1	2	2	0	0	0	0	0.000	0.000	0.000	0.000	0.000	0.000	1.000	35.875
27	1	1	1	2	200	198	0	0.311	0.000	0.000	24.819	0.000	0.203	1.500	36.875
28	1	2	2	0	0	0	0	0.000	0.000	0.000	0.000	0.000	0.000	0.625	38.375
29	1	0	1	0	0	198	0	0.320	0.000	0.000	26.722	0.000	0.000	1.500	39.000
30	1	2	2	0	0	0	0	0.000	0.000	0.000	0.000	0.000	0.000	0.625	40.500
31	1	1	0	1	200	0	0	0.000	0.000	0.000	28.609	0.000	0.204	1.500	41.125
32	1	2	2	0	0	0	0	0.000	0.000	0.000	0.000	0.000	0.000	3.500	42.625
33	1	0	1	0	0	198	0	0.424	0.000	0.000	31.179	0.000	0.000	1.500	46.125
34	1	2	2	0	0	0	0	0.000	0.000	0.000	0.000	0.000	0.000	0.750	47.625
35	1	1	0	2	150	0	0	0.000	0.000	0.000	33.166	0.000	0.154	1.500	48.375
36	1	2	2	0	0	0	0	0.000	0.000	0.000	0.000	0.000	0.000	2.750	49.875
37	1	0	0	0	0	197	0	0.369	0.000	0.000	35.737	0.000	0.000	1.500	52.625
38	1	2	2	0	0	0	0	0.000	0.000	0.000	0.000	0.000	0.000	0.625	54.125
39	1	0	0	0	0	197	0	0.386	0.000	0.000	37.673	0.000	0.000	1.500	54.750
40	1	2	2	0	0	0	0	0.000	0.000	0.000	0.000	0.000	0.000	1.500	56.250
41	1	0	0	0	0	197	0	0.344	0.000	0.000	39.627	0.000	0.000	1.500	57.750
42	1	2	2	0	0	0	0	0.000	0.000	0.000	0.000	0.000	0.000	0.875	59.250
43	1	0	1	0	0	198	0	0.346	0.000	0.000	41.530	0.000	0.000	1.500	60.125
44	1	2	2	0	0	0	0	0.000	0.000	0.000	0.000	0.000	0.000	1.125	61.625
45	1	0	1	0	0	198	0	0.306	0.000	0.000	43.433	0.000	0.000	1.500	62.750
46	1	2	2	0	0	0	0	0.000	0.000	0.000	0.000	0.000	0.000	0.875	64.250
47	1	1	1	1	250	198	0	0.357	0.000	0.000	45.303	0.000	0.255	1.500	65.125
48	1	2	2	0	0	0	0	0.000	0.000	0.000	0.000	0.000	0.000	0.625	66.625
49	1	1	1	1	200	0	0	0.000	0.000	0.000	47.256	0.000	0.204	1.500	67.250
50	1	2	2	0	0	0	0	0.000	0.000	0.000	0.000	0.000	0.000	1.625	68.750
51	1	1	0	2	200	197	0	0.378	0.000	0.000	49.827	0.000	0.203	1.500	70.375
52	1	2	2	0	0	0	0	0.000	0.000	0.000	0.000	0.000	0.000	0.500	71.875
53	1	0	0	0	0	197	0	0.478	0.000	0.000	51.797	0.000	0.000	1.500	72.375
54	1	2	2	0	0	0	0	0.000	0.000	0.000	0.000	0.000	0.000	0.750	73.875
55	1	0	1	0	0	198	0	0.416	0.000	0.000	53.833	0.000	0.000	1.500	74.625
56	1	2	2	0	0	0	0	0.000	0.000	0.000	0.000	0.000	0.000	2.000	76.125
57	1	0	1	0	0	198	0	0.334	0.000	0.000	55.820	0.000	0.000	1.500	78.125
58	1	2	2	0	0	0	0	0.000	0.000	0.000	0.000	0.000	0.000	0.500	79.625
59	1	0	0	0	0	197	0	0.343	0.000	0.000	57.723	0.000	0.000	1.500	80.125
60	1	2	2	0	0	0	0	0.000	0.000	0.000	0.000	0.000	0.000	0.625	81.625
61	1	0	1	0	0	198	0	0.345	0.000	0.000	59.626	0.000	0.000	1.500	82.250
62	1	2	2	0	0	0	0	0.000	0.000	0.000	0.000	0.000	0.000	0.500	83.750
63	1	0	0	0	0	197	0	0.354	0.000	0.000	61.529	0.000	0.000	1.500	84.250
64	1	2	2	0	0	0	0	0.000	0.000	0.000	0.000	0.000	0.000	0.625	85.750
65	1	0	1	0	0	198	0	0.329	0.000	0.000	63.449	0.000	0.000	1.500	86.375
66	1	2	2	0	0	0	0	0.000	0.000	0.000	0.000	0.000	0.000	0.500	87.875
67	1	0	0	0	0	197	0	0.450	0.000	0.000	65.336	0.000	0.000	1.500	88.375
68	1	2	2	0	0	0	0	0.000	0.000	0.000	0.000	0.000	0.000	0.500	89.875
69	1	1	1	1	250	198	0	0.342	0.000	0.000	67.356	0.000	0.256	1.500	90.375
70	1	2	2	0	0	0	0	0.000	0.000	0.000	0.000	0.000	0.000	2.875	91.875
71	1	1	0	2	150	0	0	0.000	0.000	0.000	69.292	0.000	0.154	1.500	94.750
72	1	2	2	0	0	0	0	0.000	0.000	0.000	0.000	0.000	0.000	1.125	96.250
73	1	0	1	0	0	198	0	0.346	0.000	0.000	71.863	0.000	0.000	1.500	97.375
74	1	2	2	0	0	0	0	0.000	0.000	0.000	0.000	0.000	0.000	0.625	98.875
75	1	0	1	0	0	198	0	0.317	0.000	0.000	73.766	0.000	0.000	1.500	99.500
76	1	2	2	0	0	0	0	0.000	0.000	0.000	0.000	0.000	0.000	1.500	101.000
77	1	0	0	0	0	197	0	0.349	0.000	0.000	75.653	0.000	0.000	1.500	102.500
78	1	2	2	0	0	0	0	0.000	0.000	0.000	0.000	0.000	0.000	0.625	104.000
79	1	0	0	0	0	197	0	0.360	0.000	0.000	77.572	0.000	0.000	1.500	104.625
80	1	2	2	0	0	0	0	0.000	0.000	0.000	0.000	0.000	0.000	0.875	106.125
81	1	0	1	0	0	198	0	0.343	0.000	0.000	79.492	0.000	0.000	1.500	107.000
82	1	2	2	0	0	0	0	0.000	0.000	0.000	0.000	0.000	0.000	0.750	108.500
83	1	0	1	0	0	198	0	0.294	0.000	0.000	81.395	0.000	0.000	1.500	109.250
84	1	2	2	0	0	0	0	0.000	0.000	0.000	0.000	0.000	0.000	4.000	110.750
85	1	1	1	1	200	198	0	0.290	0.000	0.000	83.248	0.000	0.203	1.500	114.750
86	1	2	2	0	0	0	0	0.000	0.000	0.000	0.000	0.000	0.000	1.375	116.250
87	1	1	0	2	200	0	0	0.000	0.000	0.000	85.135	0.000	0.204	1.500	117.625
88	1	2	2	0	0	0	0	0.000	0.000	0.000	0.000	0.000	0.000	0.625	119.125
89	1	0	0	0	0	197	0	0.401	0.000	0.000	87.706	0.000	0.000	1.500	119.750
90	1	2	2	0	0	0	0	0.000	0.000	0.000	0.000	0.000	0.000	1.250	121.250
91	1	0	0	0	0	197	0	0.424	0.000	0.000	89.676	0.000	0.000	1.500	122.500
92	1	2	2	0	0	0	0	0.000	0.000	0.000	0.000	0.000	0.000	3.375	124.000
93	1	0	1	0	0	198	0	0.381	0.000	0.000	91.662	0.000	0.000	1.500	127.375
94	1	2	2	0	0	0	0	0.000	0.000	0.000	0.000	0.000	0.000	4.000	128.875
95	1	0	0	0	0	197	0	0.347	0.000	0.000	93.599	0.000	0.000	1.500	132.875
96	1	2	2	0	0	0	0	0.000	0.000	0.000	0.000	0.000	0.000	1.250	134.375
97	1	0	0	0	0	197	0	0.389	0.000	0.000	95.502	0.000	0.000	1.500	135.625
98	1	2	2	0	0	0	0	0.000	0.000	0.000	0.000	0.000	0.000	0.750	137.125
99	1	0	0	0	0	197	0	0.308	0.000	0.000	97.455	0.000	0.000	1.500	137.875
100	1	2	2	0	0	0	0	0.000	0.000	0.000	0.000	0.000	0.000	0.625	139.375
101	1	0	1	0	0	198	0	0.326	0.000	0.000	99.325	0.000	0.000	1.500	140.000
102	1	2	2	0	0	0	0	0.000	0.000	0.000	0.000	0.000	0.000	1.500	141.500
103	1	1	1	1	150	198	0	0.393	0.000	0.000	101.211	0.000	0.154	1.500	143.000
104	1	2	2	0	0	0	0	0.000	0.000	0.000	0.000	0.000	0.000	1.625	144.500
105	1	1	0	2	250	197	0	0.367	0.000	0.000	103.164	0.000	0.254	1.500	146.125
106	1	2	2	0	0	0	0	0.000	0.000	0.000	0.000	0.000	0.000	2.500	147.625
107	1	0	0	0	0	197	0	0.372	0.000	0.000	105.118	0.000	0.000	1.500	150.125
108	1	2	2	0	0	0	0	0.000	0.000	0.000	0.000	0.000	0.000	0.750	151.625
109	1	0	1	0	0	198	0	0.467	0.000	0.000	107.054	0.000	0.000	1.500	152.375
110	1	2	2	0	0	0	0	0.000	0.000	0.000	0.000	0.000	0.000	1.250	153.875
111	1	0	1	0	0	198	0	0.375	0.000	0.000	109.091	0.000	0.000	1.500	155.125
112	1	2	2	0	0	0	0	0.000	0.000	0.000	0.000	0.000	0.000	1.125	156.625
113	1	0	1	0	0	198	0	0.312	0.000	0.000	111.027	0.000	0.000	1.500	157.750
114	1	2	2	0	0	0	0	0.000	0.000	0.000	0.000	0.000	0.000	1.375	159.250
115	1	0	1	0	0	198	0	0.321	0.000	0.000	112.897	0.000	0.000	1.500	160.625
116	1	2	2	0	0	0	0	0.000	0.000	0.000	0.000	0.000	0.000	1.000	162.125
117	1	0	1	0	0	198	0	0.331	0.000	0.000	114.784	0.000	0.000	1.500	163.125
118	1	2	2	0	0	0	0	0.000	0.000	0.000	0.000	0.000	0.000	0.500	164.625
119	1	0	0	0	0	197	0	0.308	0.000	0.000	116.687	0.000	0.000	1.500	165.125
120	1	2	2	0	0	0	0	0.000	0.000	0.000	0.000	0.000	0.000	0.625	166.625
121	1	1	0	2	200	197	0	0.527	0.000	0.000	118.556	0.000	0.204	1.500	167.250
122	1	2	2	0	0	0	0	0.000	0.000	0.000	0.000	0.000	0.000	0.750	168.750
123	1	0	0	0	0	197	0	0.337	0.000	0.000	120.643	0.000	0.000	1.500	169.500
124	1	2	2	0	0	0	0	0.000	0.000	0.000	0.000	0.000	0.000	0.875	171.000
125	1	0	0	0	0	197	0	0.369	0.000	0.000	122.546	0.000	0.000	1.500	171.875
126	1	2	2	0	0	0	0	0.000	0.000	0.000	0.000	0.000	0.000	2.875	173.375
127	1	1	1	1	100	0	0	0.000	0.000	0.000	124.483	0.000	0.105	1.500	176.250
128	1	2	2	0	0	0	0	0.000	0.000	0.000	0.000	0.000	0.000	0.625	177.750
129	1	1	0	1	150	197	0	0.474	0.000	0.000	164.482	0.000	0.471	1.500	178.375
130	1	2	2	0	0	0	0	0.000	0.000	0.000	0.000	0.000	0.000	1.500	179.875
131	1	0	0	0	0	197	0	0.377	0.000	0.000	166.552	0.000	0.000	1.500	181.375
132	1	2	2	0	0	0	0	0.000	0.000	0.000	0.000	0.000	0.000	2.000	182.875
133	1	1	1	2	150	0	0	0.000	0.000	0.000	168.488	0.000	0.155	1.500	184.875
134	1	2	2	0	0	0	0	0.000	0.000	0.000	0.000	0.000	0.000	2.250	186.375
135	1	0	1	0	0	198	0	0.389	0.000	0.000	171.059	0.000	0.000	1.500	188.625
136	1	2	2	0	0	0	0	0.000	0.000	0.000	0.000	0.000	0.000	0.500	190.125
137	1	0	1	0	0	198	0	0.389	0.000	0.000	173.012	0.000	0.000	1.500	190.625
138	1	2	2	0	0	0	0	0.000	0.000	0.000	0.000	0.000	0.000	1.375	192.125
139	1	0	0	0	0	197	0	0.331	0.000	0.000	174.966	0.000	0.000	1.500	193.500
140	1	2	2	0	0	0	0	0.000	0.000	0.000	0.000	0.000	0.000	0.625	195.000
141	1	0	1	0	0	198	0	0.323	0.000	0.000	176.869	0.000	0.000	1.500	195.625
142	1	2	2	0	0	0	0	0.000	0.000	0.000	0.000	0.000	0.000	1.750	197.125
143	1	0	0	0	0	197	0	0.349	0.000	0.000	178.755	0.000	0.000	1.500	198.875
144	1	2	2	0	0	0	0	0.000	0.000	0.000	0.000	0.000	0.000	0.500	200.375
145	1	0	1	0	0	198	0	0.372	0.000	0.000	180.675	0.000	0.000	1.500	200.875
146	1	2	2	0	0	0	0	0.000	0.000	0.000	0.000	0.000	0.000	0.625	202.375
147	1	0	1	0	0	198	0	0.374	0.000	0.000	182.612	0.000	0.000	1.500	203.000
148	1	2	2	0	0	0	0	0.000	0.000	0.000	0.000	0.000	0.000	0.625	204.500
149	1	1	0	1	100	0	0	0.000	0.000	0.000	184.548	0.000	0.105	1.500	205.125
150	1	2	2	0	0	0	0	0.000	0.000	0.000	0.000	0.000	0.000	0.500	206.625
151	1	1	1	2	200	198	0	0.377	0.000	0.000	187.119	0.000	0.203	1.500	207.125
152	1	2	2	0	0	0	0	0.000	0.000	0.000	0.000	0.000	0.000	2.000	208.625
153	1	0	0	0	0	197	0	0.391	0.000	0.000	189.089	0.000	0.000	1.500	210.625
154	1	2	2	0	0	0	0	0.000	0.000	0.000	0.000	0.000	0.000	0.625	212.125
155	1	0	1	0	0	198	0	0.360	0.000	0.000	191.042	0.000	0.000	1.500	212.750
156	1	2	2	0	0	0	0	0.000	0.000	0.000	0.000	0.000	0.000	2.750	214.250
157	1	0	0	0	0	197	0	0.366	0.000	0.000	192.962	0.000	0.000	1.500	217.000
158	1	2	2	0	0	0	0	0.000	0.000	0.000	0.000	0.000	0.000	0.750	218.500
159	1	0	0	0	0	197	0	0.406	0.000	0.000	194.898	0.000	0.000	1.500	219.250
160	1	2	2	0	0	0	0	0.000	0.000	0.000	0.000	0.000	0.000	0.500	220.750
161	1	0	0	0	0	197	0	0.397	0.000	0.000	196.868	0.000	0.000	1.500	221.250
162	1	2	2	0	0	0	0	0.000	0.000	0.000	0.000	0.000	0.000	0.625	222.750
163	1	0	1	0	0	198	0	0.365	0.000	0.000	198.821	0.000	0.000	1.500	223.375
164	1	2	2	0	0	0	0	0.000	0.000	0.000	0.000	0.000	0.000	1.375	224.875
165	1	0	0	0	0	197	0	0.403	0.000	0.000	200.758	0.000	0.000	1.500	226.250
166	1	2	2	0	0	0	0	0.000	0.000	0.000	0.000	0.000	0.000	0.625	227.750
167	1	0	0	0	0	197	0	0.392	0.000	0.000	202.728	0.000	0.000	1.500	228.375
168	1	2	2	0	0	0	0	0.000	0.000	0.000	0.000	0.000	0.000	1.750	229.875
169	1	0	1	0	0	198	0	0.431	0.000	0.000	204.681	0.000	0.000	1.500	231.625
170	1	2	2	0	0	0	0	0.000	0.000	0.000	0.000	0.000	0.000	0.500	233.125
171	1	0	1	0	0	198	0	0.371	0.000	0.000	206.684	0.000	0.000	1.500	233.625
172	1	2	2	0	0	0	0	0.000	0.000	0.000	0.000	0.000	0.000	1.375	235.125
173	1	1	0	2	150	0	0	0.000	0.000	0.000	208.621	0.000	0.154	1.500	236.500
174	1	2	2	0	0	0	0	0.000	0.000	0.000	0.000	0.000	0.000	1.750	238.000
175	1	1	1	1	150	0	0	0.000	0.000	0.000	211.192	0.000	0.155	1.500	239.750
176	1	2	2	0	0	0	0	0.000	0.000	0.000	0.000	0.000	0.000	0.625	241.250
177	1	0	0	0	0	197	0	0.374	0.000	0.000	213.763	0.000	0.000	1.500	241.875
178	1	2	2	0	0	0	0	0.000	0.000	0.000	0.000	0.000	0.000	1.000	243.375
179	1	0	1	0	0	198	0	0.348	0.000	0.000	215.699	0.000	0.000	1.500	244.375
180	1	2	2	0	0	0	0	0.000	0.000	0.000	0.000	0.000	0.000	1.750	245.875
181	1	0	1	0	0	198	0	0.348	0.000	0.000	217.619	0.000	0.000	1.500	247.625
182	1	2	2	0	0	0	0	0.000	0.000	0.000	0.000	0.000	0.000	1.500	249.125
183	1	0	0	0	0	197	0	0.343	0.000	0.000	219.539	0.000	0.000	1.500	250.625
184	1	2	2	0	0	0	0	0.000	0.000	0.000	0.000	0.000	0.000	0.500	252.125
185	1	0	1	0	0	198	0	0.462	0.000	0.000	221.442	0.000	0.000	1.500	252.625
186	1	2	2	0	0	0	0	0.000	0.000	0.000	0.000	0.000	0.000	1.625	254.125
187	1	0	0	0	0	197	0	0.345	0.000	0.000	223.462	0.000	0.000	1.500	255.750
188	1	2	2	0	0	0	0	0.000	0.000	0.000	0.000	0.000	0.000	2.125	257.250
189	1	1	0	2	200	197	0	0.403	0.000	0.000	225.365	0.000	0.203	1.500	259.375
190	1	2	2	0	0	0	0	0.000	0.000	0.000	0.000	0.000	0.000	2.250	260.875
191	1	1	1	1	200	198	0	0.346	0.000	0.000	227.335	0.000	0.203	1.500	263.125
192	1	2	2	0	0	0	0	0.000	0.000	0.000	0.000	0.000	0.000	0.625	264.625
193	1	0	0	0	0	197	0	0.514	0.000	0.000	229.271	0.000	0.000	1.500	265.250
194	1	2	2	0	0	0	0	0.000	0.000	0.000	0.000	0.000	0.000	1.875	266.750
195	1	0	0	0	0	197	0	0.378	0.000	0.000	231.342	0.000	0.000	1.500	268.625
196	1	2	2	0	0	0	0	0.000	0.000	0.000	0.000	0.000	0.000	0.875	270.125
197	1	0	1	0	0	198	0	0.340	0.000	0.000	233.278	0.000	0.000	1.500	271.000
198	1	2	2	0	0	0	0	0.000	0.000	0.000	0.000	0.000	0.000	0.500	272.500
199	1	0	1	0	0	198	0	0.332	0.000	0.000	235.181	0.000	0.000	1.500	273.000
200	1	2	2	0	0	0	0	0.000	0.000	0.000	0.000	0.000	0.000	0.750	274.500
201	1	0	0	0	0	197	0	0.347	0.000	0.000	237.084	0.000	0.000	1.500	275.250
202	1	2	2	0	0	0	0	0.000	0.000	0.000	0.000	0.000	0.000	1.000	276.750
203	1	0	1	0	0	198	0	0.349	0.000	0.000	238.987	0.000	0.000	1.500	277.750
204	1	2	2	0	0	0	0	0.000	0.000	0.000	0.000	0.000	0.000	0.500	279.250
205	1	1	0	1	150	0	0	0.000	0.000	0.000	240.907	0.000	0.154	1.500	279.750
206	1	2	2	0	0	0	0	0.000	0.000	0.000	0.000	0.000	0.000	0.500	281.250
207	1	1	1	2	150	0	0	0.000	0.000	0.000	243.478	0.000	0.155	1.500	281.750
208	1	2	2	0	0	0	0	0.000	0.000	0.000	0.000	0.000	0.000	2.500	283.250
209	1	0	1	0	0	198	0	0.352	0.000	0.000	246.049	0.000	0.000	1.500	285.750
210	1	2	2	0	0	0	0	0.000	0.000	0.000	0.000	0.000	0.000	1.750	287.250
211	1	0	1	0	0	198	0	0.321	0.000	0.000	247.969	0.000	0.000	1.500	289.000
212	1	2	2	0	0	0	0	0.000	0.000	0.000	0.000	0.000	0.000	1.250	290.500
213	1	0	0	0	0	197	0	0.337	0.000	0.000	249.855	0.000	0.000	1.500	291.750
214	1	2	2	0	0	0	0	0.000	0.000	0.000	0.000	0.000	0.000	2.625	293.250
215	1	0	1	0	0	198	0	0.370	0.000	0.000	251.758	0.000	0.000	1.500	295.875
216	1	2	2	0	0	0	0	0.000	0.000	0.000	0.000	0.000	0.000	1.625	297.375
217	1	1	1	2	200	0	0	0.000	0.000	0.000	253.695	0.000	0.204	1.500	299.000
218	1	2	2	0	0	0	0	0.000	0.000	0.000	0.000	0.000	0.000	0.500	300.500
219	1	0	0	0	0	197	0	0.343	0.000	0.000	256.266	0.000	0.000	1.500	301.000
220	1	2	2	0	0	0	0	0.000	0.000	0.000	0.000	0.000	0.000	0.625	302.500
221	1	1	0	1	200	0	0	0.000	0.000	0.000	258.169	0.000	0.204	1.500	303.125
222	1	2	2	0	0	0	0	0.000	0.000	0.000	0.000	0.000	0.000	0.625	304.625
223	1	0	0	0	0	197	0	0.428	0.000	0.000	260.740	0.000	0.000	1.500	305.250
224	1	2	2	0	0	0	0	0.000	0.000	0.000	0.000	0.000	0.000	3.000	306.750
225	1	1	1	2	250	198	0	0.346	0.000	0.000	262.726	0.000	0.256	1.500	309.750
226	1	2	2	0	0	0	0	0.000	0.000	0.000	0.000	0.000	0.000	2.625	311.250
227	1	0	0	0	0	197	0	0.403	0.000	0.000	264.663	0.000	0.000	1.500	313.875
228	1	2	2	0	0	0	0	0.000	0.000	0.000	0.000	0.000	0.000	1.500	315.375
229	1	0	1	0	0	198	0	0.337	0.000	0.000	266.633	0.000	0.000	1.500	316.875
230	1	2	2	0	0	0	0	0.000	0.000	0.000	0.000	0.000	0.000	2.875	318.375
231	1	0	1	0	0	198	0	0.353	0.000	0.000	268.536	0.000	0.000	1.500	321.250
232	1	2	2	0	0	0	0	0.000	0.000	0.000	0.000	0.000	0.000	1.000	322.750
233	1	0	1	0	0	198	0	0.369	0.000	0.000	270.456	0.000	0.000	1.500	323.750
234	1	2	2	0	0	0	0	0.000	0.000	0.000	0.000	0.000	0.000	0.875	325.250
235	1	1	0	1	250	197	0	0.320	0.000	0.000	272.392	0.000	0.256	1.500	326.125
236	1	2	2	0	0	0	0	0.000	0.000	0.000	0.000	0.000	0.000	1.375	327.625
237	1	0	0	0	0	197	0	0.465	0.000	0.000	274.295	0.000	0.000	1.500	329.000
238	1	2	2	0	0	0	0	0.000	0.000	0.000	0.000	0.000	0.000	0.750	330.500
239	1	0	0	0	0	197	0	0.412	0.000	0.000	276.315	0.000	0.000	1.500	331.250
240	1	2	2	0	0	0	0	0.000	0.000	0.000	0.000	0.000	0.000	2.625	332.750
241	1	0	1	0	0	198	0	0.347	0.000	0.000	278.285	0.000	0.000	1.500	335.375
242	1	2	2	0	0	0	0	0.000	0.000	0.000	0.000	0.000	0.000	2.500	336.875
243	1	0	0	0	0	197	0	0.388	0.000	0.000	280.188	0.000	0.000	1.500	339.375
244	1	2	2	0	0	0	0	0.000	0.000	0.000	0.000	0.000	0.000	1.500	340.875
245	1	0	1	0	0	198	0	0.369	0.000	0.000	282.142	0.000	0.000	1.500	342.375
246	1	2	2	0	0	0	0	0.000	0.000	0.000	0.000	0.000	0.000	1.125	343.875
247	1	0	1	0	0	198	0	0.371	0.000	0.000	284.078	0.000	0.000	1.500	345.000
248	1	2	2	0	0	0	0	0.000	0.000	0.000	0.000	0.000	0.000	0.500	346.500
249	1	1	0	1	200	0	0	0.000	0.000	0.000	286.015	0.000	0.202	1.500	347.000
250	1	2	2	0	0	0	0	0.000	0.000	0.000	0.000	0.000	0.000	0.750	348.500
251	1	0	0	0	0	197	0	0.479	0.000	0.000	288.586	0.000	0.000	1.500	349.250
252	1	2	2	0	0	0	0	0.000	0.000	0.000	0.000	0.000	0.000	1.750	350.750
253	1	1	1	2	200	198	0	0.371	0.000	0.000	290.622	0.000	0.203	1.500	352.500
254	1	2	2	0	0	0	0	0.000	0.000	0.000	0.000	0.000	0.000	2.500	354.000
255	1	0	0	0	0	197	0	0.386	0.000	0.000	292.575	0.000	0.000	1.500	356.500
256	1	2	2	0	0	0	0	0.000	0.000	0.000	0.000	0.000	0.000	1.125	358.000
