Started: 02-Aug-2013 15:17
Started: 02-Aug-2013 15:17
1	1	1	1	1	350	0	0	0.000	0.000	0.000	0.148	0.665	0.351	1.500	0.000
2	1	2	2	0	0	0	0	0.000	0.000	0.000	0.000	0.000	0.000	0.500	1.500
3	1	0	1	0	0	0	0	0.000	0.000	0.000	2.048	2.565	0.000	1.500	2.000
4	1	2	2	0	0	0	0	0.000	0.000	0.000	0.000	0.000	0.000	0.750	3.500
5	1	0	0	0	0	0	0	0.000	0.000	0.000	4.265	4.781	0.000	1.500	4.250
6	1	2	2	0	0	0	0	0.000	0.000	0.000	0.000	0.000	0.000	1.250	5.750
7	1	0	1	0	0	0	0	0.000	0.000	0.000	7.014	7.531	0.000	1.500	7.000
8	1	2	2	0	0	0	0	0.000	0.000	0.000	0.000	0.000	0.000	1.500	8.500
9	1	0	1	0	0	0	0	0.000	0.000	0.000	10.014	10.531	0.000	1.500	10.000
10	1	2	2	0	0	0	0	0.000	0.000	0.000	0.000	0.000	0.000	1.250	11.500
11	1	0	0	0	0	0	0	0.000	0.000	0.000	12.764	13.280	0.000	1.500	12.750
12	1	2	2	0	0	0	0	0.000	0.000	0.000	0.000	0.000	0.000	0.500	14.250
13	1	0	0	0	0	0	0	0.000	0.000	0.000	14.763	15.280	0.000	1.500	14.750
14	1	2	2	0	0	0	0	0.000	0.000	0.000	0.000	0.000	0.000	0.500	16.250
15	1	1	0	2	350	0	0	0.000	0.000	0.000	16.763	17.280	0.356	1.500	16.750
16	1	2	2	0	0	0	0	0.000	0.000	0.000	0.000	0.000	0.000	1.500	18.250
17	1	0	0	0	0	0	0	0.000	0.000	0.000	19.763	20.279	0.000	1.500	19.750
18	1	2	2	0	0	0	0	0.000	0.000	0.000	0.000	0.000	0.000	3.000	21.250
19	1	1	1	1	400	0	0	0.000	0.000	0.000	24.262	24.779	0.407	1.500	24.250
20	1	2	2	0	0	0	0	0.000	0.000	0.000	0.000	0.000	0.000	2.625	25.750
21	1	0	1	0	0	0	0	0.000	0.000	0.000	28.379	28.895	0.000	1.500	28.375
22	1	2	2	0	0	0	0	0.000	0.000	0.000	0.000	0.000	0.000	2.875	29.875
23	1	0	1	0	0	0	0	0.000	0.000	0.000	32.761	33.278	0.000	1.500	32.750
24	1	2	2	0	0	0	0	0.000	0.000	0.000	0.000	0.000	0.000	1.750	34.250
25	1	0	1	0	0	0	0	0.000	0.000	0.000	36.011	36.528	0.000	1.500	36.000
26	1	2	2	0	0	0	0	0.000	0.000	0.000	0.000	0.000	0.000	0.750	37.500
27	1	0	0	0	0	97	0	0.437	0.000	0.000	38.261	38.777	0.000	1.500	38.250
28	1	2	2	0	0	0	0	0.000	0.000	0.000	0.000	0.000	0.000	0.875	39.750
29	1	1	0	2	400	0	0	0.000	0.000	0.000	40.627	41.144	0.401	1.500	40.625
30	1	2	2	0	0	0	0	0.000	0.000	0.000	0.000	0.000	0.000	0.500	42.125
31	1	0	0	0	0	0	0	0.000	0.000	0.000	42.644	43.160	0.000	1.500	42.625
32	1	2	2	0	0	0	0	0.000	0.000	0.000	0.000	0.000	0.000	0.750	44.125
33	1	0	0	0	0	0	0	0.000	0.000	0.000	44.877	45.393	0.000	1.500	44.875
34	1	2	2	0	0	0	0	0.000	0.000	0.000	0.000	0.000	0.000	0.625	46.375
35	1	0	0	0	0	0	0	0.000	0.000	0.000	47.010	47.526	0.000	1.500	47.000
36	1	2	2	0	0	0	0	0.000	0.000	0.000	0.000	0.000	0.000	0.625	48.500
37	1	0	0	0	0	98	0	0.203	0.000	0.000	49.126	49.643	0.000	1.500	49.125
38	1	2	2	0	0	0	0	0.000	0.000	0.000	0.000	0.000	0.000	2.125	50.625
39	1	0	1	0	0	97	0	0.275	0.000	0.000	52.759	53.276	0.000	1.500	52.750
40	1	2	2	0	0	0	0	0.000	0.000	0.000	0.000	0.000	0.000	0.500	54.250
41	1	0	1	0	0	97	0	0.186	0.000	0.000	54.759	55.276	0.000	1.500	54.750
42	1	2	2	0	0	0	0	0.000	0.000	0.000	0.000	0.000	0.000	0.875	56.250
43	1	1	1	2	450	97	0	0.006	0.000	0.000	57.142	57.659	0.456	1.500	57.125
44	1	2	2	0	0	0	0	0.000	0.000	0.000	0.000	0.000	0.000	1.000	58.625
45	1	1	0	1	450	97	0	0.191	0.000	0.000	59.642	60.158	0.456	1.500	59.625
46	1	2	2	0	0	0	0	0.000	0.000	0.000	0.000	0.000	0.000	0.625	61.125
47	1	0	1	0	0	97	0	0.179	0.000	0.000	61.758	62.275	0.000	1.500	61.750
48	1	2	2	0	0	0	0	0.000	0.000	0.000	0.000	0.000	0.000	0.625	63.250
49	1	0	0	0	0	97	0	0.006	0.000	0.000	63.891	64.408	0.000	1.500	63.875
50	1	2	2	0	0	0	0	0.000	0.000	0.000	0.000	0.000	0.000	0.625	65.375
51	1	0	1	0	0	0	0	0.000	0.000	0.000	66.008	66.524	0.000	1.500	66.000
52	1	2	2	0	0	0	0	0.000	0.000	0.000	0.000	0.000	0.000	0.625	67.500
53	1	0	0	0	0	0	0	0.000	0.000	0.000	68.141	68.657	0.000	1.500	68.125
54	1	2	2	0	0	0	0	0.000	0.000	0.000	0.000	0.000	0.000	0.875	69.625
55	1	0	1	0	0	0	0	0.000	0.000	0.000	70.507	71.024	0.000	1.500	70.500
56	1	2	2	0	0	0	0	0.000	0.000	0.000	0.000	0.000	0.000	1.750	72.000
57	1	0	0	0	0	0	0	0.000	0.000	0.000	73.757	74.274	0.000	1.500	73.750
58	1	2	2	0	0	0	0	0.000	0.000	0.000	0.000	0.000	0.000	2.375	75.250
59	1	0	1	0	0	0	0	0.000	0.000	0.000	77.640	78.156	0.000	1.500	77.625
60	1	2	2	0	0	0	0	0.000	0.000	0.000	0.000	0.000	0.000	0.500	79.125
61	1	1	0	2	400	0	0	0.000	0.000	0.000	79.640	80.156	0.408	1.500	79.625
62	1	2	2	0	0	0	0	0.000	0.000	0.000	0.000	0.000	0.000	0.625	81.125
63	1	1	1	1	400	0	0	0.000	0.000	0.000	81.773	82.289	0.405	1.500	81.750
64	1	2	2	0	0	0	0	0.000	0.000	0.000	0.000	0.000	0.000	0.875	83.250
65	1	1	0	2	450	0	0	0.000	0.000	0.000	84.139	84.656	0.458	1.500	84.125
66	1	2	2	0	0	0	0	0.000	0.000	0.000	0.000	0.000	0.000	2.000	85.625
67	1	1	1	1	450	0	0	0.000	0.000	0.000	87.639	88.155	0.458	1.500	87.625
68	1	2	2	0	0	0	0	0.000	0.000	0.000	0.000	0.000	0.000	1.625	89.125
69	1	0	0	0	0	0	0	0.000	0.000	0.000	90.755	91.272	0.000	1.500	90.750
70	1	2	2	0	0	0	0	0.000	0.000	0.000	0.000	0.000	0.000	0.750	92.250
71	1	0	0	0	0	0	0	0.000	0.000	0.000	93.005	93.521	0.000	1.500	93.000
72	1	2	2	0	0	0	0	0.000	0.000	0.000	0.000	0.000	0.000	1.500	94.500
73	1	0	1	0	0	0	0	0.000	0.000	0.000	96.005	96.521	0.000	1.500	96.000
74	1	2	2	0	0	0	0	0.000	0.000	0.000	0.000	0.000	0.000	0.625	97.500
75	1	0	0	0	0	0	0	0.000	0.000	0.000	98.138	98.654	0.000	1.500	98.125
76	1	2	2	0	0	0	0	0.000	0.000	0.000	0.000	0.000	0.000	1.500	99.625
77	1	0	1	0	0	0	0	0.000	0.000	0.000	101.137	101.654	0.000	1.500	101.125
78	1	2	2	0	0	0	0	0.000	0.000	0.000	0.000	0.000	0.000	1.375	102.625
79	1	0	1	0	0	0	0	0.000	0.000	0.000	104.004	104.520	0.000	1.500	104.000
80	1	2	2	0	0	0	0	0.000	0.000	0.000	0.000	0.000	0.000	1.000	105.500
81	1	0	1	0	0	0	0	0.000	0.000	0.000	106.503	107.020	0.000	1.500	106.500
82	1	2	2	0	0	0	0	0.000	0.000	0.000	0.000	0.000	0.000	2.875	108.000
83	1	1	0	1	500	0	0	0.000	0.000	0.000	110.886	111.403	0.510	1.500	110.875
84	1	2	2	0	0	0	0	0.000	0.000	0.000	0.000	0.000	0.000	0.750	112.375
85	1	1	1	2	500	0	0	0.000	0.000	0.000	113.136	113.653	0.500	1.500	113.125
86	1	2	2	0	0	0	0	0.000	0.000	0.000	0.000	0.000	0.000	0.625	114.625
87	1	0	1	0	0	0	0	0.000	0.000	0.000	115.252	115.769	0.000	1.500	115.250
88	1	2	2	0	0	0	0	0.000	0.000	0.000	0.000	0.000	0.000	1.500	116.750
89	1	0	0	0	0	0	0	0.000	0.000	0.000	118.252	118.769	0.000	1.500	118.250
90	1	2	2	0	0	0	0	0.000	0.000	0.000	0.000	0.000	0.000	0.875	119.750
91	1	0	0	0	0	0	0	0.000	0.000	0.000	120.635	121.152	0.000	1.500	120.625
92	1	2	2	0	0	0	0	0.000	0.000	0.000	0.000	0.000	0.000	0.625	122.125
93	1	0	0	0	0	0	0	0.000	0.000	0.000	122.752	123.268	0.000	1.500	122.750
94	1	2	2	0	0	0	0	0.000	0.000	0.000	0.000	0.000	0.000	0.500	124.250
95	1	0	1	0	0	0	0	0.000	0.000	0.000	124.751	125.268	0.000	1.500	124.750
96	1	2	2	0	0	0	0	0.000	0.000	0.000	0.000	0.000	0.000	1.875	126.250
97	1	1	0	1	550	0	0	0.000	0.000	0.000	128.134	128.651	0.551	1.500	128.125
98	1	2	2	0	0	0	0	0.000	0.000	0.000	0.000	0.000	0.000	2.000	129.625
99	1	1	1	2	550	0	0	0.000	0.000	0.000	131.634	132.151	0.552	1.500	131.625
100	1	2	2	0	0	0	0	0.000	0.000	0.000	0.000	0.000	0.000	2.625	133.125
101	1	0	0	0	0	0	0	0.000	0.000	0.000	135.767	136.283	0.000	1.500	135.750
102	1	2	2	0	0	0	0	0.000	0.000	0.000	0.000	0.000	0.000	3.250	137.250
103	1	0	1	0	0	0	0	0.000	0.000	0.000	140.516	141.033	0.000	1.500	140.500
104	1	2	2	0	0	0	0	0.000	0.000	0.000	0.000	0.000	0.000	0.500	142.000
105	1	0	0	0	0	0	0	0.000	0.000	0.000	142.516	143.033	0.000	1.500	142.500
106	1	2	2	0	0	0	0	0.000	0.000	0.000	0.000	0.000	0.000	0.500	144.000
107	1	0	1	0	0	0	0	0.000	0.000	0.000	144.516	145.033	0.000	1.500	144.500
108	1	2	2	0	0	0	0	0.000	0.000	0.000	0.000	0.000	0.000	1.875	146.000
109	1	0	1	0	0	0	0	0.000	0.000	0.000	147.882	148.399	0.000	1.500	147.875
110	1	2	2	0	0	0	0	0.000	0.000	0.000	0.000	0.000	0.000	0.625	149.375
111	1	0	0	0	0	0	0	0.000	0.000	0.000	150.015	150.532	0.000	1.500	150.000
112	1	2	2	0	0	0	0	0.000	0.000	0.000	0.000	0.000	0.000	2.500	151.500
113	1	0	1	0	0	0	0	0.000	0.000	0.000	154.015	154.531	0.000	1.500	154.000
114	1	2	2	0	0	0	0	0.000	0.000	0.000	0.000	0.000	0.000	1.500	155.500
115	1	1	0	1	600	0	0	0.000	0.000	0.000	157.015	157.531	0.610	1.500	157.000
116	1	2	2	0	0	0	0	0.000	0.000	0.000	0.000	0.000	0.000	2.000	158.500
117	1	0	0	0	0	0	0	0.000	0.000	0.000	160.514	161.031	0.000	1.500	160.500
118	1	2	2	0	0	0	0	0.000	0.000	0.000	0.000	0.000	0.000	1.250	162.000
119	1	0	0	0	0	0	0	0.000	0.000	0.000	163.264	163.780	0.000	1.500	163.250
120	1	2	2	0	0	0	0	0.000	0.000	0.000	0.000	0.000	0.000	0.500	164.750
121	1	0	1	0	0	0	0	0.000	0.000	0.000	165.264	165.780	0.000	1.500	165.250
122	1	2	2	0	0	0	0	0.000	0.000	0.000	0.000	0.000	0.000	3.875	166.750
123	1	0	1	0	0	0	0	0.000	0.000	0.000	170.630	171.146	0.000	1.500	170.625
124	1	2	2	0	0	0	0	0.000	0.000	0.000	0.000	0.000	0.000	1.750	172.125
125	1	0	0	0	0	0	0	0.000	0.000	0.000	173.879	174.396	0.000	1.500	173.875
126	1	2	2	0	0	0	0	0.000	0.000	0.000	0.000	0.000	0.000	0.750	175.375
127	1	1	1	2	600	0	0	0.000	0.000	0.000	176.129	176.646	0.605	1.500	176.125
128	1	2	2	0	0	0	0	0.000	0.000	0.000	0.000	0.000	0.000	0.625	177.625
129	1	0	0	0	0	0	0	0.000	0.000	0.000	178.296	178.812	0.000	1.500	178.250
130	1	2	2	0	0	0	0	0.000	0.000	0.000	0.000	0.000	0.000	3.500	179.750
131	1	0	1	0	0	0	0	0.000	0.000	0.000	183.262	183.778	0.000	1.500	183.250
132	1	2	2	0	0	0	0	0.000	0.000	0.000	0.000	0.000	0.000	1.250	184.750
133	1	1	0	1	650	0	0	0.000	0.000	0.000	186.011	186.528	0.653	1.500	186.000
134	1	2	2	0	0	0	0	0.000	0.000	0.000	0.000	0.000	0.000	1.125	187.500
135	1	1	1	2	650	0	0	0.000	0.000	0.000	188.628	189.144	0.656	1.500	188.625
136	1	2	2	0	0	0	0	0.000	0.000	0.000	0.000	0.000	0.000	1.375	190.125
137	1	0	1	0	0	0	0	0.000	0.000	0.000	191.511	192.027	0.000	1.500	191.500
138	1	2	2	0	0	0	0	0.000	0.000	0.000	0.000	0.000	0.000	0.500	193.000
139	1	0	0	0	0	0	0	0.000	0.000	0.000	193.511	194.027	0.000	1.500	193.500
140	1	2	2	0	0	0	0	0.000	0.000	0.000	0.000	0.000	0.000	0.625	195.000
141	1	0	0	0	0	0	0	0.000	0.000	0.000	195.627	196.144	0.000	1.500	195.625
142	1	2	2	0	0	0	0	0.000	0.000	0.000	0.000	0.000	0.000	1.125	197.125
143	1	0	1	0	0	0	0	0.000	0.000	0.000	198.260	198.777	0.000	1.500	198.250
144	1	2	2	0	0	0	0	0.000	0.000	0.000	0.000	0.000	0.000	0.625	199.750
145	1	1	0	2	700	0	0	0.000	0.000	0.000	200.376	200.893	0.707	1.500	200.375
146	1	2	2	0	0	0	0	0.000	0.000	0.000	0.000	0.000	0.000	1.625	201.875
147	1	0	0	0	0	0	0	0.000	0.000	0.000	203.510	204.026	0.000	1.500	203.500
148	1	2	2	0	0	0	0	0.000	0.000	0.000	0.000	0.000	0.000	1.125	205.000
149	1	0	0	0	0	0	0	0.000	0.000	0.000	206.143	206.659	0.000	1.500	206.125
150	1	2	2	0	0	0	0	0.000	0.000	0.000	0.000	0.000	0.000	2.500	207.625
151	1	1	1	1	700	0	0	0.000	0.000	0.000	210.142	210.659	0.700	1.500	210.125
152	1	2	2	0	0	0	0	0.000	0.000	0.000	0.000	0.000	0.000	1.750	211.625
153	1	0	1	0	0	0	0	0.000	0.000	0.000	213.392	213.908	0.000	1.500	213.375
154	1	2	2	0	0	0	0	0.000	0.000	0.000	0.000	0.000	0.000	0.625	214.875
155	1	0	1	0	0	0	0	0.000	0.000	0.000	215.508	216.025	0.000	1.500	215.500
156	1	2	2	0	0	0	0	0.000	0.000	0.000	0.000	0.000	0.000	0.500	217.000
157	1	0	1	0	0	0	0	0.000	0.000	0.000	217.508	218.025	0.000	1.500	217.500
158	1	2	2	0	0	0	0	0.000	0.000	0.000	0.000	0.000	0.000	1.125	219.000
159	1	0	0	0	0	0	0	0.000	0.000	0.000	220.141	220.658	0.000	1.500	220.125
160	1	2	2	0	0	0	0	0.000	0.000	0.000	0.000	0.000	0.000	1.000	221.625
161	1	0	1	0	0	0	0	0.000	0.000	0.000	222.641	223.157	0.000	1.500	222.625
162	1	2	2	0	0	0	0	0.000	0.000	0.000	0.000	0.000	0.000	2.375	224.125
163	1	1	0	2	750	0	0	0.000	0.000	0.000	226.507	227.024	0.755	1.500	226.500
164	1	2	2	0	0	0	0	0.000	0.000	0.000	0.000	0.000	0.000	1.250	228.000
165	1	1	1	1	750	0	0	0.000	0.000	0.000	229.257	229.773	0.755	1.500	229.250
166	1	2	2	0	0	0	0	0.000	0.000	0.000	0.000	0.000	0.000	0.750	230.750
167	1	0	1	0	0	0	0	0.000	0.000	0.000	231.573	232.090	0.000	1.500	231.500
168	1	2	2	0	0	0	0	0.000	0.000	0.000	0.000	0.000	0.000	2.250	233.000
169	1	0	0	0	0	0	0	0.000	0.000	0.000	235.256	235.773	0.000	1.500	235.250
170	1	2	2	0	0	0	0	0.000	0.000	0.000	0.000	0.000	0.000	1.000	236.750
171	1	0	0	0	0	0	0	0.000	0.000	0.000	237.756	238.272	0.000	1.500	237.750
172	1	2	2	0	0	0	0	0.000	0.000	0.000	0.000	0.000	0.000	0.875	239.250
173	1	0	1	0	0	0	0	0.000	0.000	0.000	240.139	240.655	0.000	1.500	240.125
174	1	2	2	0	0	0	0	0.000	0.000	0.000	0.000	0.000	0.000	0.500	241.625
175	1	0	0	0	0	0	0	0.000	0.000	0.000	242.139	242.655	0.000	1.500	242.125
176	1	2	2	0	0	0	0	0.000	0.000	0.000	0.000	0.000	0.000	0.625	243.625
177	1	0	0	0	0	0	0	0.000	0.000	0.000	244.255	244.772	0.000	1.500	244.250
178	1	2	2	0	0	0	0	0.000	0.000	0.000	0.000	0.000	0.000	1.125	245.750
179	1	0	1	0	0	0	0	0.000	0.000	0.000	246.888	247.405	0.000	1.500	246.875
180	1	2	2	0	0	0	0	0.000	0.000	0.000	0.000	0.000	0.000	1.500	248.375
181	1	0	1	0	0	0	0	0.000	0.000	0.000	249.888	250.404	0.000	1.500	249.875
182	1	2	2	0	0	0	0	0.000	0.000	0.000	0.000	0.000	0.000	0.625	251.375
183	1	1	0	2	800	0	0	0.000	0.000	0.000	252.004	252.521	0.807	1.500	252.000
184	1	2	2	0	0	0	0	0.000	0.000	0.000	0.000	0.000	0.000	1.375	253.500
185	1	0	1	0	0	0	0	0.000	0.000	0.000	254.887	255.404	0.000	1.500	254.875
186	1	2	2	0	0	0	0	0.000	0.000	0.000	0.000	0.000	0.000	1.375	256.375
187	1	0	0	0	0	0	0	0.000	0.000	0.000	257.754	258.270	0.000	1.500	257.750
188	1	2	2	0	0	0	0	0.000	0.000	0.000	0.000	0.000	0.000	1.000	259.250
189	1	0	0	0	0	0	0	0.000	0.000	0.000	260.253	260.770	0.000	1.500	260.250
190	1	2	2	0	0	0	0	0.000	0.000	0.000	0.000	0.000	0.000	1.375	261.750
191	1	1	1	1	800	0	0	0.000	0.000	0.000	263.136	263.653	0.804	1.500	263.125
192	1	2	2	0	0	0	0	0.000	0.000	0.000	0.000	0.000	0.000	1.000	264.625
193	1	0	0	0	0	0	0	0.000	0.000	0.000	265.653	266.169	0.000	1.500	265.625
194	1	2	2	0	0	0	0	0.000	0.000	0.000	0.000	0.000	0.000	0.750	267.125
195	1	1	0	1	850	0	0	0.000	0.000	0.000	267.886	268.402	0.855	1.500	267.875
196	1	2	2	0	0	0	0	0.000	0.000	0.000	0.000	0.000	0.000	2.750	269.375
197	1	0	1	0	0	0	0	0.000	0.000	0.000	272.135	272.652	0.000	1.500	272.125
198	1	2	2	0	0	0	0	0.000	0.000	0.000	0.000	0.000	0.000	1.250	273.625
199	1	0	0	0	0	0	0	0.000	0.000	0.000	274.885	275.402	0.000	1.500	274.875
200	1	2	2	0	0	0	0	0.000	0.000	0.000	0.000	0.000	0.000	2.625	276.375
201	1	0	0	0	0	0	0	0.000	0.000	0.000	279.018	279.535	0.000	1.500	279.000
202	1	2	2	0	0	0	0	0.000	0.000	0.000	0.000	0.000	0.000	0.750	280.500
203	1	0	1	0	0	0	0	0.000	0.000	0.000	281.251	281.768	0.000	1.500	281.250
204	1	2	2	0	0	0	0	0.000	0.000	0.000	0.000	0.000	0.000	1.000	282.750
205	1	0	1	0	0	0	0	0.000	0.000	0.000	283.767	284.284	0.000	1.500	283.750
206	1	2	2	0	0	0	0	0.000	0.000	0.000	0.000	0.000	0.000	1.250	285.250
207	1	1	1	2	850	0	0	0.000	0.000	0.000	286.517	287.034	0.853	1.500	286.500
208	1	2	2	0	0	0	0	0.000	0.000	0.000	0.000	0.000	0.000	2.250	288.000
209	1	1	0	2	900	0	0	0.000	0.000	0.000	290.267	290.783	0.904	1.500	290.250
210	1	2	2	0	0	0	0	0.000	0.000	0.000	0.000	0.000	0.000	2.250	291.750
211	1	1	1	1	900	0	0	0.000	0.000	0.000	294.016	294.533	0.903	1.500	294.000
212	1	2	2	0	0	0	0	0.000	0.000	0.000	0.000	0.000	0.000	0.500	295.500
213	1	0	0	0	0	0	0	0.000	0.000	0.000	296.483	296.999	0.000	1.500	296.000
214	1	2	2	0	0	0	0	0.000	0.000	0.000	0.000	0.000	0.000	0.750	297.500
215	1	0	1	0	0	0	0	0.000	0.000	0.000	298.266	298.782	0.000	1.500	298.250
216	1	2	2	0	0	0	0	0.000	0.000	0.000	0.000	0.000	0.000	1.250	299.750
217	1	0	0	0	0	0	0	0.000	0.000	0.000	301.016	301.532	0.000	1.500	301.000
218	1	2	2	0	0	0	0	0.000	0.000	0.000	0.000	0.000	0.000	1.750	302.500
219	1	0	1	0	0	0	0	0.000	0.000	0.000	304.265	304.782	0.000	1.500	304.250
220	1	2	2	0	0	0	0	0.000	0.000	0.000	0.000	0.000	0.000	0.500	305.750
221	1	0	0	0	0	0	0	0.000	0.000	0.000	306.265	306.782	0.000	1.500	306.250
222	1	2	2	0	0	0	0	0.000	0.000	0.000	0.000	0.000	0.000	1.000	307.750
223	1	0	1	0	0	0	0	0.000	0.000	0.000	308.765	309.281	0.000	1.500	308.750
224	1	2	2	0	0	0	0	0.000	0.000	0.000	0.000	0.000	0.000	1.500	310.250
225	1	0	1	0	0	0	0	0.000	0.000	0.000	311.764	312.281	0.000	1.500	311.750
226	1	2	2	0	0	0	0	0.000	0.000	0.000	0.000	0.000	0.000	2.250	313.250
227	1	0	0	0	0	0	0	0.000	0.000	0.000	315.514	316.031	0.000	1.500	315.500
228	1	2	2	0	0	0	0	0.000	0.000	0.000	0.000	0.000	0.000	1.000	317.000
229	1	1	1	2	950	0	0	0.000	0.000	0.000	318.014	318.530	0.955	1.500	318.000
230	1	2	2	0	0	0	0	0.000	0.000	0.000	0.000	0.000	0.000	1.375	319.500
231	1	1	0	1	950	0	0	0.000	0.000	0.000	320.880	321.397	0.959	1.500	320.875
232	1	2	2	0	0	0	0	0.000	0.000	0.000	0.000	0.000	0.000	0.625	322.375
233	1	0	0	0	0	0	0	0.000	0.000	0.000	323.379	323.896	0.000	1.500	323.000
234	1	2	2	0	0	0	0	0.000	0.000	0.000	0.000	0.000	0.000	0.625	324.500
235	1	0	1	0	0	0	0	0.000	0.000	0.000	325.130	325.646	0.000	1.500	325.125
236	1	2	2	0	0	0	0	0.000	0.000	0.000	0.000	0.000	0.000	3.000	326.625
237	1	0	1	0	0	0	0	0.000	0.000	0.000	329.629	330.146	0.000	1.500	329.625
238	1	2	2	0	0	0	0	0.000	0.000	0.000	0.000	0.000	0.000	1.875	331.125
239	1	0	0	0	0	0	0	0.000	0.000	0.000	333.012	333.529	0.000	1.500	333.000
240	1	2	2	0	0	0	0	0.000	0.000	0.000	0.000	0.000	0.000	0.625	334.500
241	1	0	0	0	0	0	0	0.000	0.000	0.000	335.128	335.645	0.000	1.500	335.125
242	1	2	2	0	0	0	0	0.000	0.000	0.000	0.000	0.000	0.000	1.000	336.625
243	1	0	1	0	0	0	0	0.000	0.000	0.000	337.628	338.145	0.000	1.500	337.625
244	1	2	2	0	0	0	0	0.000	0.000	0.000	0.000	0.000	0.000	0.625	339.125
245	1	1	0	2	1000	0	0	0.000	0.000	0.000	339.761	340.278	1.007	1.500	339.750
246	1	2	2	0	0	0	0	0.000	0.000	0.000	0.000	0.000	0.000	0.500	341.250
247	1	0	1	0	0	0	0	0.000	0.000	0.000	342.311	342.828	0.000	1.500	341.750
248	1	2	2	0	0	0	0	0.000	0.000	0.000	0.000	0.000	0.000	1.375	343.250
249	1	0	1	0	0	0	0	0.000	0.000	0.000	344.627	345.144	0.000	1.500	344.625
250	1	2	2	0	0	0	0	0.000	0.000	0.000	0.000	0.000	0.000	1.500	346.125
251	1	0	0	0	0	0	0	0.000	0.000	0.000	347.627	348.144	0.000	1.500	347.625
252	1	2	2	0	0	0	0	0.000	0.000	0.000	0.000	0.000	0.000	1.750	349.125
253	1	0	0	0	0	0	0	0.000	0.000	0.000	350.893	351.410	0.000	1.500	350.875
254	1	2	2	0	0	0	0	0.000	0.000	0.000	0.000	0.000	0.000	0.750	352.375
255	1	1	1	1	1000	0	0	0.000	0.000	0.000	353.127	353.643	1.001	1.500	353.125
256	1	2	2	0	0	0	0	0.000	0.000	0.000	0.000	0.000	0.000	1.250	354.625
Started: 12-Aug-2013 13:56
1	1	1	1	1	350	0	0	0.374	0.000	0.000	0.141	0.674	0.356	1.500	0.000
2	1	2	2	0	0	0	0	0.000	0.000	0.000	0.000	0.000	0.000	0.500	1.500
Started: 20-Aug-2013 16:07
Started: 21-Aug-2013 17:35
1	1	1	1	1	350	0	0	0.000	0.000	0.000	0.141	0.674	0.356	1.500	0.000
2	1	2	2	0	0	0	0	0.000	0.000	0.000	0.000	0.000	0.000	0.500	1.500
3	1	0	1	0	0	0	0	0.000	0.000	0.000	2.057	2.591	0.000	1.500	2.000
4	1	2	2	0	0	0	0	0.000	0.000	0.000	0.000	0.000	0.000	0.750	3.500
5	1	0	0	0	0	0	0	0.000	0.000	0.000	4.274	4.807	0.000	1.500	4.250
6	1	2	2	0	0	0	0	0.000	0.000	0.000	0.000	0.000	0.000	1.250	5.750
7	1	0	1	0	0	0	0	0.000	0.000	0.000	7.023	7.557	0.000	1.500	7.000
8	1	2	2	0	0	0	0	0.000	0.000	0.000	0.000	0.000	0.000	1.500	8.500
9	1	0	1	0	0	97	0	0.483	0.000	0.000	10.023	10.556	0.000	1.500	10.000
10	1	2	2	0	0	0	0	0.000	0.000	0.000	0.000	0.000	0.000	1.250	11.500
11	1	0	0	0	0	98	0	0.350	0.000	0.000	12.756	13.289	0.000	1.500	12.750
12	1	2	2	0	0	0	0	0.000	0.000	0.000	0.000	0.000	0.000	0.500	14.250
13	1	0	0	0	0	98	0	0.310	0.000	0.000	14.755	15.289	0.000	1.500	14.750
14	1	2	2	0	0	0	0	0.000	0.000	0.000	0.000	0.000	0.000	0.500	16.250
15	1	1	0	2	350	97	0	0.270	0.000	0.000	16.755	17.289	0.351	1.500	16.750
16	1	2	2	0	0	0	0	0.000	0.000	0.000	0.000	0.000	0.000	1.500	18.250
17	1	0	0	0	0	97	0	0.005	0.000	0.000	19.755	20.288	0.000	1.500	19.750
18	1	2	2	0	0	0	0	0.000	0.000	0.000	0.000	0.000	0.000	3.000	21.250
Started: 22-Aug-2013 11:16
