Started: 23-Jul-2013 14:49
Started: 23-Jul-2013 14:53
1	1	1	1	1	250	0	0	0.000	0.000	0.000	0.036	0.000	0.250	1.500	0.000
2	1	2	2	0	0	0	0	0.000	0.000	0.000	0.000	0.000	0.000	0.500	1.500
3	1	0	1	0	0	0	0	0.000	0.000	0.000	2.020	0.000	0.000	1.500	2.000
4	1	2	2	0	0	0	0	0.000	0.000	0.000	0.000	0.000	0.000	0.750	3.500
5	1	0	0	0	0	0	0	0.000	0.000	0.000	4.270	0.000	0.000	1.500	4.250
6	1	2	2	0	0	0	0	0.000	0.000	0.000	0.000	0.000	0.000	1.250	5.750
7	1	0	1	0	0	0	0	0.000	0.000	0.000	7.019	0.000	0.000	1.500	7.000
8	1	2	2	0	0	0	0	0.000	0.000	0.000	0.000	0.000	0.000	1.500	8.500
9	1	0	1	0	0	0	0	0.000	0.000	0.000	10.023	0.000	0.000	1.500	10.000
10	1	2	2	0	0	0	0	0.000	0.000	0.000	0.000	0.000	0.000	1.250	11.500
11	1	0	0	0	0	0	0	0.000	0.000	0.000	12.773	0.000	0.000	1.500	12.750
12	1	2	2	0	0	0	0	0.000	0.000	0.000	0.000	0.000	0.000	0.500	14.250
13	1	0	0	0	0	0	0	0.000	0.000	0.000	14.773	0.000	0.000	1.500	14.750
14	1	2	2	0	0	0	0	0.000	0.000	0.000	0.000	0.000	0.000	0.500	16.250
15	1	1	0	2	350	0	0	0.000	0.000	0.000	16.773	0.000	0.350	1.500	16.750
16	1	2	2	0	0	0	0	0.000	0.000	0.000	0.000	0.000	0.000	1.500	18.250
17	1	0	0	0	0	0	0	0.000	0.000	0.000	19.772	0.000	0.000	1.500	19.750
18	1	2	2	0	0	0	0	0.000	0.000	0.000	0.000	0.000	0.000	3.000	21.250
19	1	1	1	1	300	0	0	0.000	0.000	0.000	24.272	0.000	0.300	1.500	24.250
20	1	2	2	0	0	0	0	0.000	0.000	0.000	0.000	0.000	0.000	2.625	25.750
21	1	0	1	0	0	0	0	0.000	0.000	0.000	28.390	0.000	0.000	1.500	28.375
22	1	2	2	0	0	0	0	0.000	0.000	0.000	0.000	0.000	0.000	2.875	29.875
23	1	0	1	0	0	0	0	0.000	0.000	0.000	32.771	0.000	0.000	1.500	32.750
24	1	2	2	0	0	0	0	0.000	0.000	0.000	0.000	0.000	0.000	1.750	34.250
25	1	0	1	0	0	0	0	0.000	0.000	0.000	36.020	0.000	0.000	1.500	36.000
26	1	2	2	0	0	0	0	0.000	0.000	0.000	0.000	0.000	0.000	0.750	37.500
27	1	0	0	0	0	0	0	0.000	0.000	0.000	38.270	0.000	0.000	1.500	38.250
28	1	2	2	0	0	0	0	0.000	0.000	0.000	0.000	0.000	0.000	0.875	39.750
29	1	1	0	2	400	0	0	0.000	0.000	0.000	40.640	0.000	0.400	1.500	40.625
30	1	2	2	0	0	0	0	0.000	0.000	0.000	0.000	0.000	0.000	0.500	42.125
31	1	0	0	0	0	0	0	0.000	0.000	0.000	42.640	0.000	0.000	1.500	42.625
32	1	2	2	0	0	0	0	0.000	0.000	0.000	0.000	0.000	0.000	0.750	44.125
33	1	0	0	0	0	0	0	0.000	0.000	0.000	44.890	0.000	0.000	1.500	44.875
34	1	2	2	0	0	0	0	0.000	0.000	0.000	0.000	0.000	0.000	0.625	46.375
35	1	0	0	0	0	0	0	0.000	0.000	0.000	47.019	0.000	0.000	1.500	47.000
36	1	2	2	0	0	0	0	0.000	0.000	0.000	0.000	0.000	0.000	0.625	48.500
37	1	0	0	0	0	0	0	0.000	0.000	0.000	49.140	0.000	0.000	1.500	49.125
38	1	2	2	0	0	0	0	0.000	0.000	0.000	0.000	0.000	0.000	2.125	50.625
39	1	0	1	0	0	0	0	0.000	0.000	0.000	52.769	0.000	0.000	1.500	52.750
40	1	2	2	0	0	0	0	0.000	0.000	0.000	0.000	0.000	0.000	0.500	54.250
41	1	0	1	0	0	0	0	0.000	0.000	0.000	54.768	0.000	0.000	1.500	54.750
42	1	2	2	0	0	0	0	0.000	0.000	0.000	0.000	0.000	0.000	0.875	56.250
43	1	1	1	2	450	0	0	0.000	0.000	0.000	57.140	0.000	0.450	1.500	57.125
44	1	2	2	0	0	0	0	0.000	0.000	0.000	0.000	0.000	0.000	1.000	58.625
45	1	1	0	1	350	0	0	0.000	0.000	0.000	59.651	0.000	0.350	1.500	59.625
46	1	2	2	0	0	0	0	0.000	0.000	0.000	0.000	0.000	0.000	0.625	61.125
47	1	0	1	0	0	0	0	0.000	0.000	0.000	61.767	0.000	0.000	1.500	61.750
48	1	2	2	0	0	0	0	0.000	0.000	0.000	0.000	0.000	0.000	0.625	63.250
49	1	0	0	0	0	0	0	0.000	0.000	0.000	63.901	0.000	0.000	1.500	63.875
50	1	2	2	0	0	0	0	0.000	0.000	0.000	0.000	0.000	0.000	0.625	65.375
51	1	0	1	0	0	0	0	0.000	0.000	0.000	66.017	0.000	0.000	1.500	66.000
52	1	2	2	0	0	0	0	0.000	0.000	0.000	0.000	0.000	0.000	0.625	67.500
53	1	0	0	0	0	0	0	0.000	0.000	0.000	68.150	0.000	0.000	1.500	68.125
54	1	2	2	0	0	0	0	0.000	0.000	0.000	0.000	0.000	0.000	0.875	69.625
55	1	0	1	0	0	0	0	0.000	0.000	0.000	70.517	0.000	0.000	1.500	70.500
56	1	2	2	0	0	0	0	0.000	0.000	0.000	0.000	0.000	0.000	1.750	72.000
57	1	0	0	0	0	0	0	0.000	0.000	0.000	73.766	0.000	0.000	1.500	73.750
58	1	2	2	0	0	0	0	0.000	0.000	0.000	0.000	0.000	0.000	2.375	75.250
59	1	0	1	0	0	0	0	0.000	0.000	0.000	77.649	0.000	0.000	1.500	77.625
60	1	2	2	0	0	0	0	0.000	0.000	0.000	0.000	0.000	0.000	0.500	79.125
61	1	1	0	2	500	0	0	0.000	0.000	0.000	79.649	0.000	0.500	1.500	79.625
62	1	2	2	0	0	0	0	0.000	0.000	0.000	0.000	0.000	0.000	0.625	81.125
63	1	1	1	1	400	0	0	0.000	0.000	0.000	81.765	0.000	0.400	1.500	81.750
64	1	2	2	0	0	0	0	0.000	0.000	0.000	0.000	0.000	0.000	0.875	83.250
65	1	1	0	2	550	0	0	0.000	0.000	0.000	84.148	0.000	0.550	1.500	84.125
66	1	2	2	0	0	0	0	0.000	0.000	0.000	0.000	0.000	0.000	2.000	85.625
67	1	1	1	1	450	0	0	0.000	0.000	0.000	87.648	0.000	0.450	1.500	87.625
68	1	2	2	0	0	0	0	0.000	0.000	0.000	0.000	0.000	0.000	1.625	89.125
69	1	0	0	0	0	0	0	0.000	0.000	0.000	90.765	0.000	0.000	1.500	90.750
70	1	2	2	0	0	0	0	0.000	0.000	0.000	0.000	0.000	0.000	0.750	92.250
71	1	0	0	0	0	0	0	0.000	0.000	0.000	93.016	0.000	0.000	1.500	93.000
72	1	2	2	0	0	0	0	0.000	0.000	0.000	0.000	0.000	0.000	1.500	94.500
73	1	0	1	0	0	0	0	0.000	0.000	0.000	96.015	0.000	0.000	1.500	96.000
74	1	2	2	0	0	0	0	0.000	0.000	0.000	0.000	0.000	0.000	0.625	97.500
75	1	0	0	0	0	0	0	0.000	0.000	0.000	98.147	0.000	0.000	1.500	98.125
76	1	2	2	0	0	0	0	0.000	0.000	0.000	0.000	0.000	0.000	1.500	99.625
77	1	0	1	0	0	0	0	0.000	0.000	0.000	101.146	0.000	0.000	1.500	101.125
78	1	2	2	0	0	0	0	0.000	0.000	0.000	0.000	0.000	0.000	1.375	102.625
79	1	0	1	0	0	0	0	0.000	0.000	0.000	104.015	0.000	0.000	1.500	104.000
80	1	2	2	0	0	0	0	0.000	0.000	0.000	0.000	0.000	0.000	1.000	105.500
81	1	0	1	0	0	0	0	0.000	0.000	0.000	106.515	0.000	0.000	1.500	106.500
82	1	2	2	0	0	0	0	0.000	0.000	0.000	0.000	0.000	0.000	2.875	108.000
83	1	1	0	1	500	0	0	0.000	0.000	0.000	110.895	0.000	0.500	1.500	110.875
84	1	2	2	0	0	0	0	0.000	0.000	0.000	0.000	0.000	0.000	0.750	112.375
85	1	1	1	2	600	0	0	0.000	0.000	0.000	113.145	0.000	0.600	1.500	113.125
86	1	2	2	0	0	0	0	0.000	0.000	0.000	0.000	0.000	0.000	0.625	114.625
87	1	0	1	0	0	0	0	0.000	0.000	0.000	115.265	0.000	0.000	1.500	115.250
88	1	2	2	0	0	0	0	0.000	0.000	0.000	0.000	0.000	0.000	1.500	116.750
89	1	0	0	0	0	0	0	0.000	0.000	0.000	118.265	0.000	0.000	1.500	118.250
90	1	2	2	0	0	0	0	0.000	0.000	0.000	0.000	0.000	0.000	0.875	119.750
91	1	0	0	0	0	0	0	0.000	0.000	0.000	120.644	0.000	0.000	1.500	120.625
92	1	2	2	0	0	0	0	0.000	0.000	0.000	0.000	0.000	0.000	0.625	122.125
93	1	0	0	0	0	0	0	0.000	0.000	0.000	122.765	0.000	0.000	1.500	122.750
94	1	2	2	0	0	0	0	0.000	0.000	0.000	0.000	0.000	0.000	0.500	124.250
95	1	0	1	0	0	0	0	0.000	0.000	0.000	124.765	0.000	0.000	1.500	124.750
96	1	2	2	0	0	0	0	0.000	0.000	0.000	0.000	0.000	0.000	1.875	126.250
97	1	1	0	1	550	0	0	0.000	0.000	0.000	128.144	0.000	0.550	1.500	128.125
98	1	2	2	0	0	0	0	0.000	0.000	0.000	0.000	0.000	0.000	2.000	129.625
99	1	1	1	2	650	0	0	0.000	0.000	0.000	131.643	0.000	0.650	1.500	131.625
100	1	2	2	0	0	0	0	0.000	0.000	0.000	0.000	0.000	0.000	2.625	133.125
101	1	0	0	0	0	0	0	0.000	0.000	0.000	135.776	0.000	0.000	1.500	135.750
102	1	2	2	0	0	0	0	0.000	0.000	0.000	0.000	0.000	0.000	3.250	137.250
103	1	0	1	0	0	0	0	0.000	0.000	0.000	140.525	0.000	0.000	1.500	140.500
104	1	2	2	0	0	0	0	0.000	0.000	0.000	0.000	0.000	0.000	0.500	142.000
105	1	0	0	0	0	0	0	0.000	0.000	0.000	142.525	0.000	0.000	1.500	142.500
106	1	2	2	0	0	0	0	0.000	0.000	0.000	0.000	0.000	0.000	0.500	144.000
107	1	0	1	0	0	0	0	0.000	0.000	0.000	144.525	0.000	0.000	1.500	144.500
108	1	2	2	0	0	0	0	0.000	0.000	0.000	0.000	0.000	0.000	1.875	146.000
109	1	0	1	0	0	0	0	0.000	0.000	0.000	147.891	0.000	0.000	1.500	147.875
110	1	2	2	0	0	0	0	0.000	0.000	0.000	0.000	0.000	0.000	0.625	149.375
111	1	0	0	0	0	0	0	0.000	0.000	0.000	150.024	0.000	0.000	1.500	150.000
112	1	2	2	0	0	0	0	0.000	0.000	0.000	0.000	0.000	0.000	2.500	151.500
113	1	0	1	0	0	0	0	0.000	0.000	0.000	154.024	0.000	0.000	1.500	154.000
114	1	2	2	0	0	0	0	0.000	0.000	0.000	0.000	0.000	0.000	1.500	155.500
115	1	1	0	1	600	0	0	0.000	0.000	0.000	157.024	0.000	0.600	1.500	157.000
116	1	2	2	0	0	0	0	0.000	0.000	0.000	0.000	0.000	0.000	2.000	158.500
117	1	0	0	0	0	0	0	0.000	0.000	0.000	160.523	0.000	0.000	1.500	160.500
118	1	2	2	0	0	0	0	0.000	0.000	0.000	0.000	0.000	0.000	1.250	162.000
119	1	0	0	0	0	0	0	0.000	0.000	0.000	163.273	0.000	0.000	1.500	163.250
120	1	2	2	0	0	0	0	0.000	0.000	0.000	0.000	0.000	0.000	0.500	164.750
121	1	0	1	0	0	0	0	0.000	0.000	0.000	165.273	0.000	0.000	1.500	165.250
122	1	2	2	0	0	0	0	0.000	0.000	0.000	0.000	0.000	0.000	3.875	166.750
123	1	0	1	0	0	0	0	0.000	0.000	0.000	170.640	0.000	0.000	1.500	170.625
124	1	2	2	0	0	0	0	0.000	0.000	0.000	0.000	0.000	0.000	1.750	172.125
125	1	0	0	0	0	0	0	0.000	0.000	0.000	173.890	0.000	0.000	1.500	173.875
126	1	2	2	0	0	0	0	0.000	0.000	0.000	0.000	0.000	0.000	0.750	175.375
127	1	1	1	2	700	0	0	0.000	0.000	0.000	176.140	0.000	0.700	1.500	176.125
128	1	2	2	0	0	0	0	0.000	0.000	0.000	0.000	0.000	0.000	0.625	177.625
129	1	0	0	0	0	0	0	0.000	0.000	0.000	178.271	0.000	0.000	1.500	178.250
130	1	2	2	0	0	0	0	0.000	0.000	0.000	0.000	0.000	0.000	3.500	179.750
131	1	0	1	0	0	0	0	0.000	0.000	0.000	183.271	0.000	0.000	1.500	183.250
132	1	2	2	0	0	0	0	0.000	0.000	0.000	0.000	0.000	0.000	1.250	184.750
133	1	1	0	1	650	0	0	0.000	0.000	0.000	186.020	0.000	0.650	1.500	186.000
134	1	2	2	0	0	0	0	0.000	0.000	0.000	0.000	0.000	0.000	1.125	187.500
135	1	1	1	2	750	0	0	0.000	0.000	0.000	188.641	0.000	0.750	1.500	188.625
136	1	2	2	0	0	0	0	0.000	0.000	0.000	0.000	0.000	0.000	1.375	190.125
137	1	0	1	0	0	0	0	0.000	0.000	0.000	191.520	0.000	0.000	1.500	191.500
138	1	2	2	0	0	0	0	0.000	0.000	0.000	0.000	0.000	0.000	0.500	193.000
139	1	0	0	0	0	0	0	0.000	0.000	0.000	193.519	0.000	0.000	1.500	193.500
140	1	2	2	0	0	0	0	0.000	0.000	0.000	0.000	0.000	0.000	0.625	195.000
141	1	0	0	0	0	0	0	0.000	0.000	0.000	195.640	0.000	0.000	1.500	195.625
142	1	2	2	0	0	0	0	0.000	0.000	0.000	0.000	0.000	0.000	1.125	197.125
143	1	0	1	0	0	0	0	0.000	0.000	0.000	198.269	0.000	0.000	1.500	198.250
144	1	2	2	0	0	0	0	0.000	0.000	0.000	0.000	0.000	0.000	0.625	199.750
145	1	1	0	2	800	0	0	0.000	0.000	0.000	200.390	0.000	0.800	1.500	200.375
146	1	2	2	0	0	0	0	0.000	0.000	0.000	0.000	0.000	0.000	1.625	201.875
147	1	0	0	0	0	0	0	0.000	0.000	0.000	203.518	0.000	0.000	1.500	203.500
148	1	2	2	0	0	0	0	0.000	0.000	0.000	0.000	0.000	0.000	1.125	205.000
149	1	0	0	0	0	0	0	0.000	0.000	0.000	206.140	0.000	0.000	1.500	206.125
150	1	2	2	0	0	0	0	0.000	0.000	0.000	0.000	0.000	0.000	2.500	207.625
151	1	1	1	1	700	0	0	0.000	0.000	0.000	210.140	0.000	0.700	1.500	210.125
152	1	2	2	0	0	0	0	0.000	0.000	0.000	0.000	0.000	0.000	1.750	211.625
153	1	0	1	0	0	0	0	0.000	0.000	0.000	213.401	0.000	0.000	1.500	213.375
154	1	2	2	0	0	0	0	0.000	0.000	0.000	0.000	0.000	0.000	0.625	214.875
155	1	0	1	0	0	0	0	0.000	0.000	0.000	215.517	0.000	0.000	1.500	215.500
156	1	2	2	0	0	0	0	0.000	0.000	0.000	0.000	0.000	0.000	0.500	217.000
157	1	0	1	0	0	0	0	0.000	0.000	0.000	217.517	0.000	0.000	1.500	217.500
158	1	2	2	0	0	0	0	0.000	0.000	0.000	0.000	0.000	0.000	1.125	219.000
159	1	0	0	0	0	0	0	0.000	0.000	0.000	220.150	0.000	0.000	1.500	220.125
160	1	2	2	0	0	0	0	0.000	0.000	0.000	0.000	0.000	0.000	1.000	221.625
161	1	0	1	0	0	0	0	0.000	0.000	0.000	222.650	0.000	0.000	1.500	222.625
162	1	2	2	0	0	0	0	0.000	0.000	0.000	0.000	0.000	0.000	2.375	224.125
163	1	1	0	2	850	0	0	0.000	0.000	0.000	226.516	0.000	0.850	1.500	226.500
164	1	2	2	0	0	0	0	0.000	0.000	0.000	0.000	0.000	0.000	1.250	228.000
165	1	1	1	1	750	0	0	0.000	0.000	0.000	229.266	0.000	0.750	1.500	229.250
166	1	2	2	0	0	0	0	0.000	0.000	0.000	0.000	0.000	0.000	0.750	230.750
167	1	0	1	0	0	0	0	0.000	0.000	0.000	231.515	0.000	0.000	1.500	231.500
168	1	2	2	0	0	0	0	0.000	0.000	0.000	0.000	0.000	0.000	2.250	233.000
169	1	0	0	0	0	0	0	0.000	0.000	0.000	235.265	0.000	0.000	1.500	235.250
170	1	2	2	0	0	0	0	0.000	0.000	0.000	0.000	0.000	0.000	1.000	236.750
171	1	0	0	0	0	0	0	0.000	0.000	0.000	237.766	0.000	0.000	1.500	237.750
172	1	2	2	0	0	0	0	0.000	0.000	0.000	0.000	0.000	0.000	0.875	239.250
173	1	0	1	0	0	0	0	0.000	0.000	0.000	240.148	0.000	0.000	1.500	240.125
174	1	2	2	0	0	0	0	0.000	0.000	0.000	0.000	0.000	0.000	0.500	241.625
175	1	0	0	0	0	0	0	0.000	0.000	0.000	242.148	0.000	0.000	1.500	242.125
176	1	2	2	0	0	0	0	0.000	0.000	0.000	0.000	0.000	0.000	0.625	243.625
177	1	0	0	0	0	0	0	0.000	0.000	0.000	244.265	0.000	0.000	1.500	244.250
178	1	2	2	0	0	0	0	0.000	0.000	0.000	0.000	0.000	0.000	1.125	245.750
179	1	0	1	0	0	0	0	0.000	0.000	0.000	246.897	0.000	0.000	1.500	246.875
180	1	2	2	0	0	0	0	0.000	0.000	0.000	0.000	0.000	0.000	1.500	248.375
181	1	0	1	0	0	0	0	0.000	0.000	0.000	249.897	0.000	0.000	1.500	249.875
182	1	2	2	0	0	0	0	0.000	0.000	0.000	0.000	0.000	0.000	0.625	251.375
183	1	1	0	2	900	0	0	0.000	0.000	0.000	252.016	0.000	0.900	1.500	252.000
184	1	2	2	0	0	0	0	0.000	0.000	0.000	0.000	0.000	0.000	1.375	253.500
185	1	0	1	0	0	0	0	0.000	0.000	0.000	254.896	0.000	0.000	1.500	254.875
186	1	2	2	0	0	0	0	0.000	0.000	0.000	0.000	0.000	0.000	1.375	256.375
187	1	0	0	0	0	0	0	0.000	0.000	0.000	257.765	0.000	0.000	1.500	257.750
188	1	2	2	0	0	0	0	0.000	0.000	0.000	0.000	0.000	0.000	1.000	259.250
189	1	0	0	0	0	0	0	0.000	0.000	0.000	260.265	0.000	0.000	1.500	260.250
190	1	2	2	0	0	0	0	0.000	0.000	0.000	0.000	0.000	0.000	1.375	261.750
191	1	1	1	1	800	0	0	0.000	0.000	0.000	263.145	0.000	0.800	1.500	263.125
192	1	2	2	0	0	0	0	0.000	0.000	0.000	0.000	0.000	0.000	1.000	264.625
193	1	0	0	0	0	0	0	0.000	0.000	0.000	265.645	0.000	0.000	1.500	265.625
194	1	2	2	0	0	0	0	0.000	0.000	0.000	0.000	0.000	0.000	0.750	267.125
195	1	1	0	1	850	0	0	0.000	0.000	0.000	267.894	0.000	0.850	1.500	267.875
196	1	2	2	0	0	0	0	0.000	0.000	0.000	0.000	0.000	0.000	2.750	269.375
197	1	0	1	0	0	0	0	0.000	0.000	0.000	272.144	0.000	0.000	1.500	272.125
198	1	2	2	0	0	0	0	0.000	0.000	0.000	0.000	0.000	0.000	1.250	273.625
199	1	0	0	0	0	0	0	0.000	0.000	0.000	274.894	0.000	0.000	1.500	274.875
200	1	2	2	0	0	0	0	0.000	0.000	0.000	0.000	0.000	0.000	2.625	276.375
201	1	0	0	0	0	0	0	0.000	0.000	0.000	279.016	0.000	0.000	1.500	279.000
202	1	2	2	0	0	0	0	0.000	0.000	0.000	0.000	0.000	0.000	0.750	280.500
203	1	0	1	0	0	0	0	0.000	0.000	0.000	281.265	0.000	0.000	1.500	281.250
204	1	2	2	0	0	0	0	0.000	0.000	0.000	0.000	0.000	0.000	1.000	282.750
205	1	0	1	0	0	0	0	0.000	0.000	0.000	283.765	0.000	0.000	1.500	283.750
206	1	2	2	0	0	0	0	0.000	0.000	0.000	0.000	0.000	0.000	1.250	285.250
207	1	1	1	2	950	0	0	0.000	0.000	0.000	286.526	0.000	0.950	1.500	286.500
208	1	2	2	0	0	0	0	0.000	0.000	0.000	0.000	0.000	0.000	2.250	288.000
209	1	1	0	2	1000	0	0	0.000	0.000	0.000	290.275	0.000	1.000	1.500	290.250
210	1	2	2	0	0	0	0	0.000	0.000	0.000	0.000	0.000	0.000	2.250	291.750
211	1	1	1	1	900	0	0	0.000	0.000	0.000	294.025	0.000	0.900	1.500	294.000
212	1	2	2	0	0	0	0	0.000	0.000	0.000	0.000	0.000	0.000	0.500	295.500
213	1	0	0	0	0	0	0	0.000	0.000	0.000	296.025	0.000	0.000	1.500	296.000
214	1	2	2	0	0	0	0	0.000	0.000	0.000	0.000	0.000	0.000	0.750	297.500
215	1	0	1	0	0	0	0	0.000	0.000	0.000	298.275	0.000	0.000	1.500	298.250
216	1	2	2	0	0	0	0	0.000	0.000	0.000	0.000	0.000	0.000	1.250	299.750
217	1	0	0	0	0	0	0	0.000	0.000	0.000	301.019	0.000	0.000	1.500	301.000
218	1	2	2	0	0	0	0	0.000	0.000	0.000	0.000	0.000	0.000	1.750	302.500
219	1	0	1	0	0	0	0	0.000	0.000	0.000	304.270	0.000	0.000	1.500	304.250
220	1	2	2	0	0	0	0	0.000	0.000	0.000	0.000	0.000	0.000	0.500	305.750
221	1	0	0	0	0	0	0	0.000	0.000	0.000	306.269	0.000	0.000	1.500	306.250
222	1	2	2	0	0	0	0	0.000	0.000	0.000	0.000	0.000	0.000	1.000	307.750
223	1	0	1	0	0	0	0	0.000	0.000	0.000	308.773	0.000	0.000	1.500	308.750
224	1	2	2	0	0	0	0	0.000	0.000	0.000	0.000	0.000	0.000	1.500	310.250
225	1	0	1	0	0	0	0	0.000	0.000	0.000	311.773	0.000	0.000	1.500	311.750
226	1	2	2	0	0	0	0	0.000	0.000	0.000	0.000	0.000	0.000	2.250	313.250
227	1	0	0	0	0	0	0	0.000	0.000	0.000	315.523	0.000	0.000	1.500	315.500
228	1	2	2	0	0	0	0	0.000	0.000	0.000	0.000	0.000	0.000	1.000	317.000
229	1	1	1	2	1050	0	0	0.000	0.000	0.000	318.022	0.000	0.000	1.500	318.000
230	1	2	2	0	0	0	0	0.000	0.000	0.000	0.000	0.000	0.000	1.375	319.500
231	1	1	0	1	950	0	0	0.000	0.000	0.000	320.890	0.000	0.950	1.500	320.875
232	1	2	2	0	0	0	0	0.000	0.000	0.000	0.000	0.000	0.000	0.625	322.375
233	1	0	0	0	0	0	0	0.000	0.000	0.000	323.022	0.000	0.000	1.500	323.000
234	1	2	2	0	0	0	0	0.000	0.000	0.000	0.000	0.000	0.000	0.625	324.500
235	1	0	1	0	0	0	0	0.000	0.000	0.000	325.140	0.000	0.000	1.500	325.125
236	1	2	2	0	0	0	0	0.000	0.000	0.000	0.000	0.000	0.000	3.000	326.625
237	1	0	1	0	0	0	0	0.000	0.000	0.000	329.640	0.000	0.000	1.500	329.625
238	1	2	2	0	0	0	0	0.000	0.000	0.000	0.000	0.000	0.000	1.875	331.125
239	1	0	0	0	0	0	0	0.000	0.000	0.000	333.021	0.000	0.000	1.500	333.000
240	1	2	2	0	0	0	0	0.000	0.000	0.000	0.000	0.000	0.000	0.625	334.500
241	1	0	0	0	0	0	0	0.000	0.000	0.000	335.140	0.000	0.000	1.500	335.125
242	1	2	2	0	0	0	0	0.000	0.000	0.000	0.000	0.000	0.000	1.000	336.625
243	1	0	1	0	0	0	0	0.000	0.000	0.000	337.641	0.000	0.000	1.500	337.625
244	1	2	2	0	0	0	0	0.000	0.000	0.000	0.000	0.000	0.000	0.625	339.125
245	1	1	0	2	1100	0	0	0.000	0.000	0.000	339.770	0.000	0.000	1.500	339.750
246	1	2	2	0	0	0	0	0.000	0.000	0.000	0.000	0.000	0.000	0.500	341.250
247	1	0	1	0	0	0	0	0.000	0.000	0.000	341.770	0.000	0.000	1.500	341.750
248	1	2	2	0	0	0	0	0.000	0.000	0.000	0.000	0.000	0.000	1.375	343.250
249	1	0	1	0	0	0	0	0.000	0.000	0.000	344.640	0.000	0.000	1.500	344.625
250	1	2	2	0	0	0	0	0.000	0.000	0.000	0.000	0.000	0.000	1.500	346.125
251	1	0	0	0	0	0	0	0.000	0.000	0.000	347.641	0.000	0.000	1.500	347.625
252	1	2	2	0	0	0	0	0.000	0.000	0.000	0.000	0.000	0.000	1.750	349.125
253	1	0	0	0	0	0	0	0.000	0.000	0.000	350.890	0.000	0.000	1.500	350.875
254	1	2	2	0	0	0	0	0.000	0.000	0.000	0.000	0.000	0.000	0.750	352.375
255	1	1	1	1	1000	0	0	0.000	0.000	0.000	353.152	0.000	1.000	1.500	353.125
256	1	2	2	0	0	0	0	0.000	0.000	0.000	0.000	0.000	0.000	1.250	354.625
Started: 23-Jul-2013 15:14
1	1	1	1	1	250	0	0	0.000	0.000	0.000	0.030	0.000	0.250	1.500	0.000
Started: 23-Jul-2013 15:17
1	1	1	1	1	250	0	0	0.000	0.000	0.000	0.042	0.000	0.250	1.500	0.000
2	1	2	2	0	0	0	0	0.000	0.000	0.000	0.000	0.000	0.000	0.500	1.500
3	1	0	1	0	0	0	0	0.000	0.000	0.000	2.009	0.000	0.000	1.500	2.000
4	1	2	2	0	0	0	0	0.000	0.000	0.000	0.000	0.000	0.000	0.750	3.500
5	1	0	0	0	0	0	0	0.000	0.000	0.000	4.259	0.000	0.000	1.500	4.250
6	1	2	2	0	0	0	0	0.000	0.000	0.000	0.000	0.000	0.000	1.250	5.750
7	1	0	1	0	0	0	0	0.000	0.000	0.000	7.009	0.000	0.000	1.500	7.000
8	1	2	2	0	0	0	0	0.000	0.000	0.000	0.000	0.000	0.000	1.500	8.500
9	1	0	1	0	0	0	0	0.000	0.000	0.000	10.008	0.000	0.000	1.500	10.000
10	1	2	2	0	0	0	0	0.000	0.000	0.000	0.000	0.000	0.000	1.250	11.500
11	1	0	0	0	0	0	0	0.000	0.000	0.000	12.765	0.000	0.000	1.500	12.750
12	1	2	2	0	0	0	0	0.000	0.000	0.000	0.000	0.000	0.000	0.500	14.250
13	1	0	0	0	0	0	0	0.000	0.000	0.000	14.765	0.000	0.000	1.500	14.750
14	1	2	2	0	0	0	0	0.000	0.000	0.000	0.000	0.000	0.000	0.500	16.250
15	1	1	0	2	350	0	0	0.000	0.000	0.000	16.766	0.000	0.350	1.500	16.750
16	1	2	2	0	0	0	0	0.000	0.000	0.000	0.000	0.000	0.000	1.500	18.250
17	1	0	0	0	0	0	0	0.000	0.000	0.000	19.767	0.000	0.000	1.500	19.750
18	1	2	2	0	0	0	0	0.000	0.000	0.000	0.000	0.000	0.000	3.000	21.250
19	1	1	1	1	300	0	0	0.000	0.000	0.000	24.266	0.000	0.300	1.500	24.250
20	1	2	2	0	0	0	0	0.000	0.000	0.000	0.000	0.000	0.000	2.625	25.750
21	1	0	1	0	0	0	0	0.000	0.000	0.000	28.394	0.000	0.000	1.500	28.375
22	1	2	2	0	0	0	0	0.000	0.000	0.000	0.000	0.000	0.000	2.875	29.875
23	1	0	1	0	0	0	0	0.000	0.000	0.000	32.777	0.000	0.000	1.500	32.750
24	1	2	2	0	0	0	0	0.000	0.000	0.000	0.000	0.000	0.000	1.750	34.250
25	1	0	1	0	0	0	0	0.000	0.000	0.000	36.026	0.000	0.000	1.500	36.000
26	1	2	2	0	0	0	0	0.000	0.000	0.000	0.000	0.000	0.000	0.750	37.500
27	1	0	0	0	0	0	0	0.000	0.000	0.000	38.265	0.000	0.000	1.500	38.250
28	1	2	2	0	0	0	0	0.000	0.000	0.000	0.000	0.000	0.000	0.875	39.750
29	1	1	0	2	400	0	0	0.000	0.000	0.000	40.643	0.000	0.400	1.500	40.625
30	1	2	2	0	0	0	0	0.000	0.000	0.000	0.000	0.000	0.000	0.500	42.125
31	1	0	0	0	0	0	0	0.000	0.000	0.000	42.642	0.000	0.000	1.500	42.625
32	1	2	2	0	0	0	0	0.000	0.000	0.000	0.000	0.000	0.000	0.750	44.125
33	1	0	0	0	0	0	0	0.000	0.000	0.000	44.892	0.000	0.000	1.500	44.875
34	1	2	2	0	0	0	0	0.000	0.000	0.000	0.000	0.000	0.000	0.625	46.375
35	1	0	0	0	0	0	0	0.000	0.000	0.000	47.025	0.000	0.000	1.500	47.000
36	1	2	2	0	0	0	0	0.000	0.000	0.000	0.000	0.000	0.000	0.625	48.500
Started: 23-Jul-2013 15:21
1	1	1	1	1	250	0	0	0.000	0.000	0.000	0.039	0.000	0.250	1.500	0.000
2	1	2	2	0	0	0	0	0.000	0.000	0.000	0.000	0.000	0.000	0.500	1.500
3	1	0	1	0	0	0	0	0.000	0.000	0.000	2.005	0.000	0.000	1.500	2.000
4	1	2	2	0	0	0	0	0.000	0.000	0.000	0.000	0.000	0.000	0.750	3.500
5	1	0	0	0	0	0	0	0.000	0.000	0.000	4.257	0.000	0.000	1.500	4.250
6	1	2	2	0	0	0	0	0.000	0.000	0.000	0.000	0.000	0.000	1.250	5.750
7	1	0	1	0	0	0	0	0.000	0.000	0.000	7.007	0.000	0.000	1.500	7.000
8	1	2	2	0	0	0	0	0.000	0.000	0.000	0.000	0.000	0.000	1.500	8.500
9	1	0	1	0	0	0	0	0.000	0.000	0.000	10.022	0.000	0.000	1.500	10.000
10	1	2	2	0	0	0	0	0.000	0.000	0.000	0.000	0.000	0.000	1.250	11.500
11	1	0	0	0	0	0	0	0.000	0.000	0.000	12.776	0.000	0.000	1.500	12.750
12	1	2	2	0	0	0	0	0.000	0.000	0.000	0.000	0.000	0.000	0.500	14.250
13	1	0	0	0	0	0	0	0.000	0.000	0.000	14.776	0.000	0.000	1.500	14.750
14	1	2	2	0	0	0	0	0.000	0.000	0.000	0.000	0.000	0.000	0.500	16.250
15	1	1	0	2	350	0	0	0.000	0.000	0.000	16.775	0.000	0.350	1.500	16.750
16	1	2	2	0	0	0	0	0.000	0.000	0.000	0.000	0.000	0.000	1.500	18.250
17	1	0	0	0	0	0	0	0.000	0.000	0.000	19.775	0.000	0.000	1.500	19.750
18	1	2	2	0	0	0	0	0.000	0.000	0.000	0.000	0.000	0.000	3.000	21.250
19	1	1	1	1	300	0	0	0.000	0.000	0.000	24.275	0.000	0.300	1.500	24.250
20	1	2	2	0	0	0	0	0.000	0.000	0.000	0.000	0.000	0.000	2.625	25.750
21	1	0	1	0	0	0	0	0.000	0.000	0.000	28.391	0.000	0.000	1.500	28.375
22	1	2	2	0	0	0	0	0.000	0.000	0.000	0.000	0.000	0.000	2.875	29.875
23	1	0	1	0	0	0	0	0.000	0.000	0.000	32.774	0.000	0.000	1.500	32.750
24	1	2	2	0	0	0	0	0.000	0.000	0.000	0.000	0.000	0.000	1.750	34.250
25	1	0	1	0	0	0	0	0.000	0.000	0.000	36.023	0.000	0.000	1.500	36.000
26	1	2	2	0	0	0	0	0.000	0.000	0.000	0.000	0.000	0.000	0.750	37.500
27	1	0	0	0	0	0	0	0.000	0.000	0.000	38.273	0.000	0.000	1.500	38.250
28	1	2	2	0	0	0	0	0.000	0.000	0.000	0.000	0.000	0.000	0.875	39.750
29	1	1	0	2	400	0	0	0.000	0.000	0.000	40.640	0.000	0.400	1.500	40.625
30	1	2	2	0	0	0	0	0.000	0.000	0.000	0.000	0.000	0.000	0.500	42.125
31	1	0	0	0	0	0	0	0.000	0.000	0.000	42.641	0.000	0.000	1.500	42.625
32	1	2	2	0	0	0	0	0.000	0.000	0.000	0.000	0.000	0.000	0.750	44.125
33	1	0	0	0	0	0	0	0.000	0.000	0.000	44.891	0.000	0.000	1.500	44.875
34	1	2	2	0	0	0	0	0.000	0.000	0.000	0.000	0.000	0.000	0.625	46.375
35	1	0	0	0	0	0	0	0.000	0.000	0.000	47.022	0.000	0.000	1.500	47.000
36	1	2	2	0	0	0	0	0.000	0.000	0.000	0.000	0.000	0.000	0.625	48.500
37	1	0	0	0	0	162	0	0.496	0.000	0.000	49.140	0.000	0.000	1.500	49.125
Started: 23-Jul-2013 15:32
1	1	1	1	1	250	0	0	0.000	0.000	0.000	0.041	0.000	0.250	1.500	0.000
2	1	2	2	0	0	0	0	0.000	0.000	0.000	0.000	0.000	0.000	0.500	1.500
3	1	0	1	0	0	0	0	0.000	0.000	0.000	2.007	0.000	0.000	1.500	2.000
4	1	2	2	0	0	0	0	0.000	0.000	0.000	0.000	0.000	0.000	0.750	3.500
5	1	0	0	0	0	0	0	0.000	0.000	0.000	4.257	0.000	0.000	1.500	4.250
6	1	2	2	0	0	0	0	0.000	0.000	0.000	0.000	0.000	0.000	1.250	5.750
7	1	0	1	0	0	0	0	0.000	0.000	0.000	7.007	0.000	0.000	1.500	7.000
8	1	2	2	0	0	0	0	0.000	0.000	0.000	0.000	0.000	0.000	1.500	8.500
9	1	0	1	0	0	0	0	0.000	0.000	0.000	10.007	0.000	0.000	1.500	10.000
10	1	2	2	0	0	0	0	0.000	0.000	0.000	0.000	0.000	0.000	1.250	11.500
11	1	0	0	0	0	0	0	0.000	0.000	0.000	12.757	0.000	0.000	1.500	12.750
12	1	2	2	0	0	0	0	0.000	0.000	0.000	0.000	0.000	0.000	0.500	14.250
13	1	0	0	0	0	0	0	0.000	0.000	0.000	14.766	0.000	0.000	1.500	14.750
14	1	2	2	0	0	0	0	0.000	0.000	0.000	0.000	0.000	0.000	0.500	16.250
15	1	1	0	2	350	0	0	0.000	0.000	0.000	16.765	0.000	0.350	1.500	16.750
16	1	2	2	0	0	0	0	0.000	0.000	0.000	0.000	0.000	0.000	1.500	18.250
17	1	0	0	0	0	0	0	0.000	0.000	0.000	19.777	0.000	0.000	1.500	19.750
18	1	2	2	0	0	0	0	0.000	0.000	0.000	0.000	0.000	0.000	3.000	21.250
19	1	1	1	1	300	0	0	0.000	0.000	0.000	24.265	0.000	0.300	1.500	24.250
20	1	2	2	0	0	0	0	0.000	0.000	0.000	0.000	0.000	0.000	2.625	25.750
21	1	0	1	0	0	0	0	0.000	0.000	0.000	28.392	0.000	0.000	1.500	28.375
22	1	2	2	0	0	0	0	0.000	0.000	0.000	0.000	0.000	0.000	2.875	29.875
23	1	0	1	0	0	0	0	0.000	0.000	0.000	32.775	0.000	0.000	1.500	32.750
24	1	2	2	0	0	0	0	0.000	0.000	0.000	0.000	0.000	0.000	1.750	34.250
25	1	0	1	0	0	0	0	0.000	0.000	0.000	36.025	0.000	0.000	1.500	36.000
26	1	2	2	0	0	0	0	0.000	0.000	0.000	0.000	0.000	0.000	0.750	37.500
27	1	0	0	0	0	0	0	0.000	0.000	0.000	38.275	0.000	0.000	1.500	38.250
28	1	2	2	0	0	0	0	0.000	0.000	0.000	0.000	0.000	0.000	0.875	39.750
29	1	1	0	2	400	0	0	0.000	0.000	0.000	40.641	0.000	0.400	1.500	40.625
30	1	2	2	0	0	0	0	0.000	0.000	0.000	0.000	0.000	0.000	0.500	42.125
31	1	0	0	0	0	0	0	0.000	0.000	0.000	42.641	0.000	0.000	1.500	42.625
32	1	2	2	0	0	0	0	0.000	0.000	0.000	0.000	0.000	0.000	0.750	44.125
33	1	0	0	0	0	0	0	0.000	0.000	0.000	44.891	0.000	0.000	1.500	44.875
34	1	2	2	0	0	0	0	0.000	0.000	0.000	0.000	0.000	0.000	0.625	46.375
35	1	0	0	0	0	0	0	0.000	0.000	0.000	47.024	0.000	0.000	1.500	47.000
36	1	2	2	0	0	0	0	0.000	0.000	0.000	0.000	0.000	0.000	0.625	48.500
37	1	0	0	0	0	0	0	0.000	0.000	0.000	49.140	0.000	0.000	1.500	49.125
38	1	2	2	0	0	0	0	0.000	0.000	0.000	0.000	0.000	0.000	2.125	50.625
39	1	0	1	0	0	0	0	0.000	0.000	0.000	52.773	0.000	0.000	1.500	52.750
40	1	2	2	0	0	0	0	0.000	0.000	0.000	0.000	0.000	0.000	0.500	54.250
41	1	0	1	0	0	0	0	0.000	0.000	0.000	54.773	0.000	0.000	1.500	54.750
42	1	2	2	0	0	0	0	0.000	0.000	0.000	0.000	0.000	0.000	0.875	56.250
43	1	1	1	2	450	0	0	0.000	0.000	0.000	57.140	0.000	0.450	1.500	57.125
44	1	2	2	0	0	0	0	0.000	0.000	0.000	0.000	0.000	0.000	1.000	58.625
45	1	1	0	1	350	0	0	0.000	0.000	0.000	59.641	0.000	0.350	1.500	59.625
46	1	2	2	0	0	0	0	0.000	0.000	0.000	0.000	0.000	0.000	0.625	61.125
47	1	0	1	0	0	0	0	0.000	0.000	0.000	61.772	0.000	0.000	1.500	61.750
48	1	2	2	0	0	0	0	0.000	0.000	0.000	0.000	0.000	0.000	0.625	63.250
49	1	0	0	0	0	0	0	0.000	0.000	0.000	63.891	0.000	0.000	1.500	63.875
50	1	2	2	0	0	0	0	0.000	0.000	0.000	0.000	0.000	0.000	0.625	65.375
51	1	0	1	0	0	0	0	0.000	0.000	0.000	66.022	0.000	0.000	1.500	66.000
52	1	2	2	0	0	0	0	0.000	0.000	0.000	0.000	0.000	0.000	0.625	67.500
53	1	0	0	0	0	0	0	0.000	0.000	0.000	68.140	0.000	0.000	1.500	68.125
54	1	2	2	0	0	0	0	0.000	0.000	0.000	0.000	0.000	0.000	0.875	69.625
55	1	0	1	0	0	0	0	0.000	0.000	0.000	70.521	0.000	0.000	1.500	70.500
56	1	2	2	0	0	0	0	0.000	0.000	0.000	0.000	0.000	0.000	1.750	72.000
57	1	0	0	0	0	0	0	0.000	0.000	0.000	73.771	0.000	0.000	1.500	73.750
58	1	2	2	0	0	0	0	0.000	0.000	0.000	0.000	0.000	0.000	2.375	75.250
Started: 23-Jul-2013 15:34
1	1	1	1	1	250	50	0	0.577	0.000	0.000	0.039	0.000	0.250	1.500	0.000
2	1	2	2	0	0	0	0	0.000	0.000	0.000	0.000	0.000	0.000	0.500	1.500
3	1	0	1	0	0	50	0	0.490	0.000	0.000	2.022	0.000	0.000	1.500	2.000
4	1	2	2	0	0	0	0	0.000	0.000	0.000	0.000	0.000	0.000	0.750	3.500
5	1	0	0	0	0	49	0	0.432	0.000	0.000	4.272	0.000	0.000	1.500	4.250
6	1	2	2	0	0	0	0	0.000	0.000	0.000	0.000	0.000	0.000	1.250	5.750
7	1	0	1	0	0	50	0	0.497	0.000	0.000	7.022	0.000	0.000	1.500	7.000
8	1	2	2	0	0	0	0	0.000	0.000	0.000	0.000	0.000	0.000	1.500	8.500
9	1	0	1	0	0	50	0	0.490	0.000	0.000	10.022	0.000	0.000	1.500	10.000
10	1	2	2	0	0	0	0	0.000	0.000	0.000	0.000	0.000	0.000	1.250	11.500
11	1	0	0	0	0	49	0	0.636	0.000	0.000	12.771	0.000	0.000	1.500	12.750
12	1	2	2	0	0	0	0	0.000	0.000	0.000	0.000	0.000	0.000	0.500	14.250
13	1	0	0	0	0	49	0	0.636	0.000	0.000	14.771	0.000	0.000	1.500	14.750
14	1	2	2	0	0	0	0	0.000	0.000	0.000	0.000	0.000	0.000	0.500	16.250
15	1	1	0	2	350	49	0	0.524	0.000	0.000	16.771	0.000	0.350	1.500	16.750
16	1	2	2	0	0	0	0	0.000	0.000	0.000	0.000	0.000	0.000	1.500	18.250
17	1	0	0	0	0	49	0	0.572	0.000	0.000	19.771	0.000	0.000	1.500	19.750
18	1	2	2	0	0	0	0	0.000	0.000	0.000	0.000	0.000	0.000	3.000	21.250
19	1	1	1	1	200	0	0	0.000	0.000	0.000	24.270	0.000	0.200	1.500	24.250
20	1	2	2	0	0	0	0	0.000	0.000	0.000	0.000	0.000	0.000	2.625	25.750
21	1	0	1	0	0	50	0	0.476	0.000	0.000	28.390	0.000	0.000	1.500	28.375
22	1	2	2	0	0	0	0	0.000	0.000	0.000	0.000	0.000	0.000	2.875	29.875
23	1	0	1	0	0	50	0	0.445	0.000	0.000	32.769	0.000	0.000	1.500	32.750
24	1	2	2	0	0	0	0	0.000	0.000	0.000	0.000	0.000	0.000	1.750	34.250
25	1	0	1	0	0	50	0	0.444	0.000	0.000	36.019	0.000	0.000	1.500	36.000
26	1	2	2	0	0	0	0	0.000	0.000	0.000	0.000	0.000	0.000	0.750	37.500
27	1	0	0	0	0	49	0	0.650	0.000	0.000	38.268	0.000	0.000	1.500	38.250
28	1	2	2	0	0	0	0	0.000	0.000	0.000	0.000	0.000	0.000	0.875	39.750
29	1	1	0	2	300	0	0	0.000	0.000	0.000	40.640	0.000	0.300	1.500	40.625
30	1	2	2	0	0	0	0	0.000	0.000	0.000	0.000	0.000	0.000	0.500	42.125
31	1	0	0	0	0	49	0	0.403	0.000	0.000	42.640	0.000	0.000	1.500	42.625
32	1	2	2	0	0	0	0	0.000	0.000	0.000	0.000	0.000	0.000	0.750	44.125
33	1	0	0	0	0	49	0	0.537	0.000	0.000	44.890	0.000	0.000	1.500	44.875
34	1	2	2	0	0	0	0	0.000	0.000	0.000	0.000	0.000	0.000	0.625	46.375
35	1	0	0	0	0	49	0	0.612	0.000	0.000	47.017	0.000	0.000	1.500	47.000
36	1	2	2	0	0	0	0	0.000	0.000	0.000	0.000	0.000	0.000	0.625	48.500
37	1	0	0	0	0	49	0	0.543	0.000	0.000	49.151	0.000	0.000	1.500	49.125
38	1	2	2	0	0	0	0	0.000	0.000	0.000	0.000	0.000	0.000	2.125	50.625
39	1	0	1	0	0	50	0	0.519	0.000	0.000	52.767	0.000	0.000	1.500	52.750
40	1	2	2	0	0	0	0	0.000	0.000	0.000	0.000	0.000	0.000	0.500	54.250
41	1	0	1	0	0	50	0	0.503	0.000	0.000	54.767	0.000	0.000	1.500	54.750
42	1	2	2	0	0	0	0	0.000	0.000	0.000	0.000	0.000	0.000	0.875	56.250
43	1	1	1	2	350	50	0	0.511	0.000	0.000	57.150	0.000	0.350	1.500	57.125
44	1	2	2	0	0	0	0	0.000	0.000	0.000	0.000	0.000	0.000	1.000	58.625
45	1	1	0	1	250	49	0	0.364	0.000	0.000	59.649	0.000	0.250	1.500	59.625
46	1	2	2	0	0	0	0	0.000	0.000	0.000	0.000	0.000	0.000	0.625	61.125
47	1	0	1	0	0	50	0	0.567	0.000	0.000	61.766	0.000	0.000	1.500	61.750
48	1	2	2	0	0	0	0	0.000	0.000	0.000	0.000	0.000	0.000	0.625	63.250
49	1	0	0	0	0	49	0	0.618	0.000	0.000	63.899	0.000	0.000	1.500	63.875
50	1	2	2	0	0	0	0	0.000	0.000	0.000	0.000	0.000	0.000	0.625	65.375
51	1	0	1	0	0	50	0	0.677	0.000	0.000	66.016	0.000	0.000	1.500	66.000
52	1	2	2	0	0	0	0	0.000	0.000	0.000	0.000	0.000	0.000	0.625	67.500
53	1	0	0	0	0	49	0	0.576	0.000	0.000	68.149	0.000	0.000	1.500	68.125
54	1	2	2	0	0	0	0	0.000	0.000	0.000	0.000	0.000	0.000	0.875	69.625
55	1	0	1	0	0	50	0	0.610	0.000	0.000	70.516	0.000	0.000	1.500	70.500
56	1	2	2	0	0	0	0	0.000	0.000	0.000	0.000	0.000	0.000	1.750	72.000
57	1	0	0	0	0	49	0	0.544	0.000	0.000	73.765	0.000	0.000	1.500	73.750
58	1	2	2	0	0	0	0	0.000	0.000	0.000	0.000	0.000	0.000	2.375	75.250
59	1	0	1	0	0	50	0	0.429	0.000	0.000	77.647	0.000	0.000	1.500	77.625
60	1	2	2	0	0	0	0	0.000	0.000	0.000	0.000	0.000	0.000	0.500	79.125
61	1	1	0	2	300	0	0	0.000	0.000	0.000	79.647	0.000	0.300	1.500	79.625
62	1	2	2	0	0	0	0	0.000	0.000	0.000	0.000	0.000	0.000	0.625	81.125
63	1	1	1	1	200	0	0	0.000	0.000	0.000	81.766	0.000	0.200	1.500	81.750
64	1	2	2	0	0	0	0	0.000	0.000	0.000	0.000	0.000	0.000	0.875	83.250
65	1	1	0	2	350	49	0	0.481	0.000	0.000	84.147	0.000	0.350	1.500	84.125
66	1	2	2	0	0	0	0	0.000	0.000	0.000	0.000	0.000	0.000	2.000	85.625
67	1	1	1	1	250	0	0	0.000	0.000	0.000	87.646	0.000	0.250	1.500	87.625
68	1	2	2	0	0	0	0	0.000	0.000	0.000	0.000	0.000	0.000	1.625	89.125
69	1	0	0	0	0	49	0	0.449	0.000	0.000	90.765	0.000	0.000	1.500	90.750
70	1	2	2	0	0	0	0	0.000	0.000	0.000	0.000	0.000	0.000	0.750	92.250
71	1	0	0	0	0	49	0	0.511	0.000	0.000	93.016	0.000	0.000	1.500	93.000
72	1	2	2	0	0	0	0	0.000	0.000	0.000	0.000	0.000	0.000	1.500	94.500
73	1	0	1	0	0	50	0	0.472	0.000	0.000	96.015	0.000	0.000	1.500	96.000
74	1	2	2	0	0	0	0	0.000	0.000	0.000	0.000	0.000	0.000	0.625	97.500
75	1	0	0	0	0	49	0	0.562	0.000	0.000	98.145	0.000	0.000	1.500	98.125
76	1	2	2	0	0	0	0	0.000	0.000	0.000	0.000	0.000	0.000	1.500	99.625
77	1	0	1	0	0	50	0	0.714	0.000	0.000	101.145	0.000	0.000	1.500	101.125
78	1	2	2	0	0	0	0	0.000	0.000	0.000	0.000	0.000	0.000	1.375	102.625
79	1	0	1	0	0	50	0	0.608	0.000	0.000	104.015	0.000	0.000	1.500	104.000
80	1	2	2	0	0	0	0	0.000	0.000	0.000	0.000	0.000	0.000	1.000	105.500
81	1	0	1	0	0	50	0	0.652	0.000	0.000	106.516	0.000	0.000	1.500	106.500
82	1	2	2	0	0	0	0	0.000	0.000	0.000	0.000	0.000	0.000	2.875	108.000
83	1	1	0	1	300	0	0	0.000	0.000	0.000	110.894	0.000	0.300	1.500	110.875
84	1	2	2	0	0	0	0	0.000	0.000	0.000	0.000	0.000	0.000	0.750	112.375
85	1	1	1	2	300	0	0	0.000	0.000	0.000	113.143	0.000	0.300	1.500	113.125
86	1	2	2	0	0	0	0	0.000	0.000	0.000	0.000	0.000	0.000	0.625	114.625
87	1	0	1	0	0	50	0	0.511	0.000	0.000	115.266	0.000	0.000	1.500	115.250
88	1	2	2	0	0	0	0	0.000	0.000	0.000	0.000	0.000	0.000	1.500	116.750
89	1	0	0	0	0	49	0	0.502	0.000	0.000	118.276	0.000	0.000	1.500	118.250
90	1	2	2	0	0	0	0	0.000	0.000	0.000	0.000	0.000	0.000	0.875	119.750
91	1	0	0	0	0	49	0	0.584	0.000	0.000	120.643	0.000	0.000	1.500	120.625
92	1	2	2	0	0	0	0	0.000	0.000	0.000	0.000	0.000	0.000	0.625	122.125
93	1	0	0	0	0	49	0	0.579	0.000	0.000	122.776	0.000	0.000	1.500	122.750
94	1	2	2	0	0	0	0	0.000	0.000	0.000	0.000	0.000	0.000	0.500	124.250
95	1	0	1	0	0	50	0	0.675	0.000	0.000	124.776	0.000	0.000	1.500	124.750
96	1	2	2	0	0	0	0	0.000	0.000	0.000	0.000	0.000	0.000	1.875	126.250
97	1	1	0	1	350	49	0	0.492	0.000	0.000	128.142	0.000	0.350	1.500	128.125
98	1	2	2	0	0	0	0	0.000	0.000	0.000	0.000	0.000	0.000	2.000	129.625
99	1	1	1	2	350	0	0	0.000	0.000	0.000	131.641	0.000	0.350	1.500	131.625
100	1	2	2	0	0	0	0	0.000	0.000	0.000	0.000	0.000	0.000	2.625	133.125
101	1	0	0	0	0	49	0	0.483	0.000	0.000	135.774	0.000	0.000	1.500	135.750
102	1	2	2	0	0	0	0	0.000	0.000	0.000	0.000	0.000	0.000	3.250	137.250
103	1	0	1	0	0	50	0	0.486	0.000	0.000	140.524	0.000	0.000	1.500	140.500
104	1	2	2	0	0	0	0	0.000	0.000	0.000	0.000	0.000	0.000	0.500	142.000
105	1	0	0	0	0	49	0	0.470	0.000	0.000	142.524	0.000	0.000	1.500	142.500
106	1	2	2	0	0	0	0	0.000	0.000	0.000	0.000	0.000	0.000	0.500	144.000
107	1	0	1	0	0	50	0	0.454	0.000	0.000	144.523	0.000	0.000	1.500	144.500
108	1	2	2	0	0	0	0	0.000	0.000	0.000	0.000	0.000	0.000	1.875	146.000
109	1	0	1	0	0	50	0	0.504	0.000	0.000	147.891	0.000	0.000	1.500	147.875
110	1	2	2	0	0	0	0	0.000	0.000	0.000	0.000	0.000	0.000	0.625	149.375
111	1	0	0	0	0	49	0	0.530	0.000	0.000	150.023	0.000	0.000	1.500	150.000
112	1	2	2	0	0	0	0	0.000	0.000	0.000	0.000	0.000	0.000	2.500	151.500
113	1	0	1	0	0	50	0	0.379	0.000	0.000	154.022	0.000	0.000	1.500	154.000
114	1	2	2	0	0	0	0	0.000	0.000	0.000	0.000	0.000	0.000	1.500	155.500
115	1	1	0	1	300	49	0	0.419	0.000	0.000	157.022	0.000	0.300	1.500	157.000
116	1	2	2	0	0	0	0	0.000	0.000	0.000	0.000	0.000	0.000	2.000	158.500
117	1	0	0	0	0	49	0	0.487	0.000	0.000	160.522	0.000	0.000	1.500	160.500
118	1	2	2	0	0	0	0	0.000	0.000	0.000	0.000	0.000	0.000	1.250	162.000
119	1	0	0	0	0	49	0	0.538	0.000	0.000	163.271	0.000	0.000	1.500	163.250
120	1	2	2	0	0	0	0	0.000	0.000	0.000	0.000	0.000	0.000	0.500	164.750
121	1	0	1	0	0	50	0	0.513	0.000	0.000	165.271	0.000	0.000	1.500	165.250
122	1	2	2	0	0	0	0	0.000	0.000	0.000	0.000	0.000	0.000	3.875	166.750
123	1	0	1	0	0	50	0	0.515	0.000	0.000	170.641	0.000	0.000	1.500	170.625
124	1	2	2	0	0	0	0	0.000	0.000	0.000	0.000	0.000	0.000	1.750	172.125
125	1	0	0	0	0	49	0	0.553	0.000	0.000	173.891	0.000	0.000	1.500	173.875
126	1	2	2	0	0	0	0	0.000	0.000	0.000	0.000	0.000	0.000	0.750	175.375
127	1	1	1	2	400	50	0	0.471	0.000	0.000	176.140	0.000	0.400	1.500	176.125
128	1	2	2	0	0	0	0	0.000	0.000	0.000	0.000	0.000	0.000	0.625	177.625
129	1	0	0	0	0	49	0	0.586	0.000	0.000	178.270	0.000	0.000	1.500	178.250
130	1	2	2	0	0	0	0	0.000	0.000	0.000	0.000	0.000	0.000	3.500	179.750
131	1	0	1	0	0	50	0	0.507	0.000	0.000	183.269	0.000	0.000	1.500	183.250
132	1	2	2	0	0	0	0	0.000	0.000	0.000	0.000	0.000	0.000	1.250	184.750
133	1	1	0	1	250	49	0	0.445	0.000	0.000	186.019	0.000	0.250	1.500	186.000
134	1	2	2	0	0	0	0	0.000	0.000	0.000	0.000	0.000	0.000	1.125	187.500
135	1	1	1	2	350	50	0	0.476	0.000	0.000	188.641	0.000	0.350	1.500	188.625
136	1	2	2	0	0	0	0	0.000	0.000	0.000	0.000	0.000	0.000	1.375	190.125
137	1	0	1	0	0	50	0	0.553	0.000	0.000	191.518	0.000	0.000	1.500	191.500
138	1	2	2	0	0	0	0	0.000	0.000	0.000	0.000	0.000	0.000	0.500	193.000
139	1	0	0	0	0	49	0	0.537	0.000	0.000	193.518	0.000	0.000	1.500	193.500
140	1	2	2	0	0	0	0	0.000	0.000	0.000	0.000	0.000	0.000	0.625	195.000
141	1	0	0	0	0	49	0	0.445	0.000	0.000	195.641	0.000	0.000	1.500	195.625
142	1	2	2	0	0	0	0	0.000	0.000	0.000	0.000	0.000	0.000	1.125	197.125
143	1	0	1	0	0	50	0	0.348	0.000	0.000	198.267	0.000	0.000	1.500	198.250
144	1	2	2	0	0	0	0	0.000	0.000	0.000	0.000	0.000	0.000	0.625	199.750
145	1	1	0	2	300	0	0	0.000	0.000	0.000	200.401	0.000	0.300	1.500	200.375
146	1	2	2	0	0	0	0	0.000	0.000	0.000	0.000	0.000	0.000	1.625	201.875
147	1	0	0	0	0	49	0	0.514	0.000	0.000	203.517	0.000	0.000	1.500	203.500
148	1	2	2	0	0	0	0	0.000	0.000	0.000	0.000	0.000	0.000	1.125	205.000
149	1	0	0	0	0	49	0	0.425	0.000	0.000	206.150	0.000	0.000	1.500	206.125
150	1	2	2	0	0	0	0	0.000	0.000	0.000	0.000	0.000	0.000	2.500	207.625
151	1	1	1	1	200	0	0	0.000	0.000	0.000	210.149	0.000	0.200	1.500	210.125
152	1	2	2	0	0	0	0	0.000	0.000	0.000	0.000	0.000	0.000	1.750	211.625
153	1	0	1	0	0	50	0	0.400	0.000	0.000	213.399	0.000	0.000	1.500	213.375
154	1	2	2	0	0	0	0	0.000	0.000	0.000	0.000	0.000	0.000	0.625	214.875
155	1	0	1	0	0	50	0	0.611	0.000	0.000	215.516	0.000	0.000	1.500	215.500
156	1	2	2	0	0	0	0	0.000	0.000	0.000	0.000	0.000	0.000	0.500	217.000
157	1	0	1	0	0	50	0	0.491	0.000	0.000	217.515	0.000	0.000	1.500	217.500
158	1	2	2	0	0	0	0	0.000	0.000	0.000	0.000	0.000	0.000	1.125	219.000
159	1	0	0	0	0	49	0	0.466	0.000	0.000	220.148	0.000	0.000	1.500	220.125
160	1	2	2	0	0	0	0	0.000	0.000	0.000	0.000	0.000	0.000	1.000	221.625
161	1	0	1	0	0	50	0	0.478	0.000	0.000	222.648	0.000	0.000	1.500	222.625
162	1	2	2	0	0	0	0	0.000	0.000	0.000	0.000	0.000	0.000	2.375	224.125
163	1	1	0	2	350	49	0	0.532	0.000	0.000	226.515	0.000	0.350	1.500	226.500
164	1	2	2	0	0	0	0	0.000	0.000	0.000	0.000	0.000	0.000	1.250	228.000
165	1	1	1	1	250	0	0	0.000	0.000	0.000	229.265	0.000	0.250	1.500	229.250
166	1	2	2	0	0	0	0	0.000	0.000	0.000	0.000	0.000	0.000	0.750	230.750
167	1	0	1	0	0	50	0	0.748	0.000	0.000	231.515	0.000	0.000	1.500	231.500
168	1	2	2	0	0	0	0	0.000	0.000	0.000	0.000	0.000	0.000	2.250	233.000
169	1	0	0	0	0	49	0	0.614	0.000	0.000	235.266	0.000	0.000	1.500	235.250
170	1	2	2	0	0	0	0	0.000	0.000	0.000	0.000	0.000	0.000	1.000	236.750
171	1	0	0	0	0	49	0	0.586	0.000	0.000	237.766	0.000	0.000	1.500	237.750
172	1	2	2	0	0	0	0	0.000	0.000	0.000	0.000	0.000	0.000	0.875	239.250
173	1	0	1	0	0	50	0	0.427	0.000	0.000	240.146	0.000	0.000	1.500	240.125
174	1	2	2	0	0	0	0	0.000	0.000	0.000	0.000	0.000	0.000	0.500	241.625
175	1	0	0	0	0	49	0	0.507	0.000	0.000	242.146	0.000	0.000	1.500	242.125
176	1	2	2	0	0	0	0	0.000	0.000	0.000	0.000	0.000	0.000	0.625	243.625
177	1	0	0	0	0	49	0	0.631	0.000	0.000	244.265	0.000	0.000	1.500	244.250
178	1	2	2	0	0	0	0	0.000	0.000	0.000	0.000	0.000	0.000	1.125	245.750
179	1	0	1	0	0	50	0	0.502	0.000	0.000	246.895	0.000	0.000	1.500	246.875
180	1	2	2	0	0	0	0	0.000	0.000	0.000	0.000	0.000	0.000	1.500	248.375
181	1	0	1	0	0	50	0	0.358	0.000	0.000	249.895	0.000	0.000	1.500	249.875
182	1	2	2	0	0	0	0	0.000	0.000	0.000	0.000	0.000	0.000	0.625	251.375
183	1	1	0	2	300	49	0	0.457	0.000	0.000	252.015	0.000	0.300	1.500	252.000
184	1	2	2	0	0	0	0	0.000	0.000	0.000	0.000	0.000	0.000	1.375	253.500
185	1	0	1	0	0	50	0	0.382	0.000	0.000	254.894	0.000	0.000	1.500	254.875
186	1	2	2	0	0	0	0	0.000	0.000	0.000	0.000	0.000	0.000	1.375	256.375
187	1	0	0	0	0	49	0	0.500	0.000	0.000	257.765	0.000	0.000	1.500	257.750
188	1	2	2	0	0	0	0	0.000	0.000	0.000	0.000	0.000	0.000	1.000	259.250
189	1	0	0	0	0	49	0	0.448	0.000	0.000	260.265	0.000	0.000	1.500	260.250
190	1	2	2	0	0	0	0	0.000	0.000	0.000	0.000	0.000	0.000	1.375	261.750
191	1	1	1	1	300	50	0	0.453	0.000	0.000	263.143	0.000	0.300	1.500	263.125
192	1	2	2	0	0	0	0	0.000	0.000	0.000	0.000	0.000	0.000	1.000	264.625
193	1	0	0	0	0	49	0	0.441	0.000	0.000	265.643	0.000	0.000	1.500	265.625
194	1	2	2	0	0	0	0	0.000	0.000	0.000	0.000	0.000	0.000	0.750	267.125
195	1	1	0	1	250	49	0	0.383	0.000	0.000	267.893	0.000	0.250	1.500	267.875
196	1	2	2	0	0	0	0	0.000	0.000	0.000	0.000	0.000	0.000	2.750	269.375
197	1	0	1	0	0	50	0	0.549	0.000	0.000	272.142	0.000	0.000	1.500	272.125
198	1	2	2	0	0	0	0	0.000	0.000	0.000	0.000	0.000	0.000	1.250	273.625
199	1	0	0	0	0	49	0	0.375	0.000	0.000	274.892	0.000	0.000	1.500	274.875
200	1	2	2	0	0	0	0	0.000	0.000	0.000	0.000	0.000	0.000	2.625	276.375
201	1	0	0	0	0	49	0	0.523	0.000	0.000	279.025	0.000	0.000	1.500	279.000
202	1	2	2	0	0	0	0	0.000	0.000	0.000	0.000	0.000	0.000	0.750	280.500
203	1	0	1	0	0	50	0	0.472	0.000	0.000	281.275	0.000	0.000	1.500	281.250
204	1	2	2	0	0	0	0	0.000	0.000	0.000	0.000	0.000	0.000	1.000	282.750
205	1	0	1	0	0	50	0	0.509	0.000	0.000	283.775	0.000	0.000	1.500	283.750
206	1	2	2	0	0	0	0	0.000	0.000	0.000	0.000	0.000	0.000	1.250	285.250
207	1	1	1	2	250	0	0	0.000	0.000	0.000	286.524	0.000	0.250	1.500	286.500
208	1	2	2	0	0	0	0	0.000	0.000	0.000	0.000	0.000	0.000	2.250	288.000
209	1	1	0	2	300	49	0	0.489	0.000	0.000	290.274	0.000	0.300	1.500	290.250
210	1	2	2	0	0	0	0	0.000	0.000	0.000	0.000	0.000	0.000	2.250	291.750
211	1	1	1	1	200	0	0	0.000	0.000	0.000	294.023	0.000	0.201	1.500	294.000
212	1	2	2	0	0	0	0	0.000	0.000	0.000	0.000	0.000	0.000	0.500	295.500
213	1	0	0	0	0	49	0	0.604	0.000	0.000	296.023	0.000	0.000	1.500	296.000
214	1	2	2	0	0	0	0	0.000	0.000	0.000	0.000	0.000	0.000	0.750	297.500
215	1	0	1	0	0	50	0	0.762	0.000	0.000	298.273	0.000	0.000	1.500	298.250
216	1	2	2	0	0	0	0	0.000	0.000	0.000	0.000	0.000	0.000	1.250	299.750
217	1	0	0	0	0	49	0	0.540	0.000	0.000	301.023	0.000	0.000	1.500	301.000
218	1	2	2	0	0	0	0	0.000	0.000	0.000	0.000	0.000	0.000	1.750	302.500
219	1	0	1	0	0	50	0	0.642	0.000	0.000	304.272	0.000	0.000	1.500	304.250
220	1	2	2	0	0	0	0	0.000	0.000	0.000	0.000	0.000	0.000	0.500	305.750
221	1	0	0	0	0	49	0	0.354	0.000	0.000	306.272	0.000	0.000	1.500	306.250
222	1	2	2	0	0	0	0	0.000	0.000	0.000	0.000	0.000	0.000	1.000	307.750
223	1	0	1	0	0	50	0	0.574	0.000	0.000	308.772	0.000	0.000	1.500	308.750
224	1	2	2	0	0	0	0	0.000	0.000	0.000	0.000	0.000	0.000	1.500	310.250
225	1	0	1	0	0	50	0	0.471	0.000	0.000	311.772	0.000	0.000	1.500	311.750
226	1	2	2	0	0	0	0	0.000	0.000	0.000	0.000	0.000	0.000	2.250	313.250
227	1	0	0	0	0	49	0	0.545	0.000	0.000	315.521	0.000	0.000	1.500	315.500
228	1	2	2	0	0	0	0	0.000	0.000	0.000	0.000	0.000	0.000	1.000	317.000
229	1	1	1	2	250	0	0	0.000	0.000	0.000	318.021	0.000	0.250	1.500	318.000
230	1	2	2	0	0	0	0	0.000	0.000	0.000	0.000	0.000	0.000	1.375	319.500
231	1	1	0	1	250	0	0	0.000	0.000	0.000	320.890	0.000	0.250	1.500	320.875
232	1	2	2	0	0	0	0	0.000	0.000	0.000	0.000	0.000	0.000	0.625	322.375
233	1	0	0	0	0	49	0	0.605	0.000	0.000	323.020	0.000	0.000	1.500	323.000
234	1	2	2	0	0	0	0	0.000	0.000	0.000	0.000	0.000	0.000	0.625	324.500
235	1	0	1	0	0	50	0	0.633	0.000	0.000	325.140	0.000	0.000	1.500	325.125
236	1	2	2	0	0	0	0	0.000	0.000	0.000	0.000	0.000	0.000	3.000	326.625
237	1	0	1	0	0	50	0	0.581	0.000	0.000	329.640	0.000	0.000	1.500	329.625
238	1	2	2	0	0	0	0	0.000	0.000	0.000	0.000	0.000	0.000	1.875	331.125
239	1	0	0	0	0	49	0	0.454	0.000	0.000	333.019	0.000	0.000	1.500	333.000
240	1	2	2	0	0	0	0	0.000	0.000	0.000	0.000	0.000	0.000	0.625	334.500
241	1	0	0	0	0	49	0	0.498	0.000	0.000	335.141	0.000	0.000	1.500	335.125
242	1	2	2	0	0	0	0	0.000	0.000	0.000	0.000	0.000	0.000	1.000	336.625
243	1	0	1	0	0	50	0	0.526	0.000	0.000	337.640	0.000	0.000	1.500	337.625
244	1	2	2	0	0	0	0	0.000	0.000	0.000	0.000	0.000	0.000	0.625	339.125
245	1	1	0	2	300	0	0	0.000	0.000	0.000	339.768	0.000	0.300	1.500	339.750
246	1	2	2	0	0	0	0	0.000	0.000	0.000	0.000	0.000	0.000	0.500	341.250
247	1	0	1	0	0	50	0	0.641	0.000	0.000	341.768	0.000	0.000	1.500	341.750
248	1	2	2	0	0	0	0	0.000	0.000	0.000	0.000	0.000	0.000	1.375	343.250
249	1	0	1	0	0	50	0	0.542	0.000	0.000	344.640	0.000	0.000	1.500	344.625
250	1	2	2	0	0	0	0	0.000	0.000	0.000	0.000	0.000	0.000	1.500	346.125
251	1	0	0	0	0	49	0	0.486	0.000	0.000	347.651	0.000	0.000	1.500	347.625
252	1	2	2	0	0	0	0	0.000	0.000	0.000	0.000	0.000	0.000	1.750	349.125
253	1	0	0	0	0	49	0	0.452	0.000	0.000	350.900	0.000	0.000	1.500	350.875
254	1	2	2	0	0	0	0	0.000	0.000	0.000	0.000	0.000	0.000	0.750	352.375
255	1	1	1	1	300	50	0	0.402	0.000	0.000	353.150	0.000	0.300	1.500	353.125
256	1	2	2	0	0	0	0	0.000	0.000	0.000	0.000	0.000	0.000	1.250	354.625
Started: 31-Jul-2013 13:20
1	1	1	1	1	250	0	0	0.000	0.000	0.000	0.029	0.000	0.250	1.500	0.000
2	1	2	2	0	0	0	0	0.000	0.000	0.000	0.000	0.000	0.000	0.500	1.500
3	1	0	1	0	0	0	0	0.000	0.000	0.000	2.012	0.000	0.000	1.500	2.000
4	1	2	2	0	0	0	0	0.000	0.000	0.000	0.000	0.000	0.000	0.750	3.500
5	1	0	0	0	0	0	0	0.000	0.000	0.000	4.261	0.000	0.000	1.500	4.250
6	1	2	2	0	0	0	0	0.000	0.000	0.000	0.000	0.000	0.000	1.250	5.750
7	1	0	1	0	0	0	0	0.000	0.000	0.000	7.011	0.000	0.000	1.500	7.000
8	1	2	2	0	0	0	0	0.000	0.000	0.000	0.000	0.000	0.000	1.500	8.500
9	1	0	1	0	0	0	0	0.000	0.000	0.000	10.011	0.000	0.000	1.500	10.000
10	1	2	2	0	0	0	0	0.000	0.000	0.000	0.000	0.000	0.000	1.250	11.500
11	1	0	0	0	0	0	0	0.000	0.000	0.000	12.760	0.000	0.000	1.500	12.750
12	1	2	2	0	0	0	0	0.000	0.000	0.000	0.000	0.000	0.000	0.500	14.250
13	1	0	0	0	0	0	0	0.000	0.000	0.000	14.760	0.000	0.000	1.500	14.750
14	1	2	2	0	0	0	0	0.000	0.000	0.000	0.000	0.000	0.000	0.500	16.250
15	1	1	0	2	350	0	0	0.000	0.000	0.000	16.760	0.000	0.350	1.500	16.750
16	1	2	2	0	0	0	0	0.000	0.000	0.000	0.000	0.000	0.000	1.500	18.250
17	1	0	0	0	0	0	0	0.000	0.000	0.000	19.759	0.000	0.000	1.500	19.750
18	1	2	2	0	0	0	0	0.000	0.000	0.000	0.000	0.000	0.000	3.000	21.250
Started: 31-Jul-2013 13:22
1	1	1	1	1	250	0	0	0.000	0.000	0.000	0.036	0.000	0.250	1.500	0.000
2	1	2	2	0	0	0	0	0.000	0.000	0.000	0.000	0.000	0.000	0.500	1.500
3	1	0	1	0	0	0	0	0.000	0.000	0.000	2.020	0.000	0.000	1.500	2.000
4	1	2	2	0	0	0	0	0.000	0.000	0.000	0.000	0.000	0.000	0.750	3.500
5	1	0	0	0	0	0	0	0.000	0.000	0.000	4.269	0.000	0.000	1.500	4.250
6	1	2	2	0	0	0	0	0.000	0.000	0.000	0.000	0.000	0.000	1.250	5.750
7	1	0	1	0	0	0	0	0.000	0.000	0.000	7.019	0.000	0.000	1.500	7.000
8	1	2	2	0	0	0	0	0.000	0.000	0.000	0.000	0.000	0.000	1.500	8.500
9	1	0	1	0	0	0	0	0.000	0.000	0.000	10.019	0.000	0.000	1.500	10.000
10	1	2	2	0	0	0	0	0.000	0.000	0.000	0.000	0.000	0.000	1.250	11.500
11	1	0	0	0	0	0	0	0.000	0.000	0.000	12.768	0.000	0.000	1.500	12.750
12	1	2	2	0	0	0	0	0.000	0.000	0.000	0.000	0.000	0.000	0.500	14.250
13	1	0	0	0	0	0	0	0.000	0.000	0.000	14.768	0.000	0.000	1.500	14.750
14	1	2	2	0	0	0	0	0.000	0.000	0.000	0.000	0.000	0.000	0.500	16.250
15	1	1	0	2	350	0	0	0.000	0.000	0.000	16.768	0.000	0.350	1.500	16.750
16	1	2	2	0	0	0	0	0.000	0.000	0.000	0.000	0.000	0.000	1.500	18.250
17	1	0	0	0	0	0	0	0.000	0.000	0.000	19.767	0.000	0.000	1.500	19.750
18	1	2	2	0	0	0	0	0.000	0.000	0.000	0.000	0.000	0.000	3.000	21.250
19	1	1	1	1	300	0	0	0.000	0.000	0.000	24.267	0.000	0.300	1.500	24.250
20	1	2	2	0	0	0	0	0.000	0.000	0.000	0.000	0.000	0.000	2.625	25.750
21	1	0	1	0	0	0	0	0.000	0.000	0.000	28.400	0.000	0.000	1.500	28.375
22	1	2	2	0	0	0	0	0.000	0.000	0.000	0.000	0.000	0.000	2.875	29.875
23	1	0	1	0	0	0	0	0.000	0.000	0.000	32.766	0.000	0.000	1.500	32.750
24	1	2	2	0	0	0	0	0.000	0.000	0.000	0.000	0.000	0.000	1.750	34.250
25	1	0	1	0	0	0	0	0.000	0.000	0.000	36.016	0.000	0.000	1.500	36.000
26	1	2	2	0	0	0	0	0.000	0.000	0.000	0.000	0.000	0.000	0.750	37.500
27	1	0	0	0	0	0	0	0.000	0.000	0.000	38.265	0.000	0.000	1.500	38.250
28	1	2	2	0	0	0	0	0.000	0.000	0.000	0.000	0.000	0.000	0.875	39.750
29	1	1	0	2	400	0	0	0.000	0.000	0.000	40.649	0.000	0.400	1.500	40.625
30	1	2	2	0	0	0	0	0.000	0.000	0.000	0.000	0.000	0.000	0.500	42.125
31	1	0	0	0	0	0	0	0.000	0.000	0.000	42.648	0.000	0.000	1.500	42.625
32	1	2	2	0	0	0	0	0.000	0.000	0.000	0.000	0.000	0.000	0.750	44.125
33	1	0	0	0	0	0	0	0.000	0.000	0.000	44.898	0.000	0.000	1.500	44.875
34	1	2	2	0	0	0	0	0.000	0.000	0.000	0.000	0.000	0.000	0.625	46.375
35	1	0	0	0	0	0	0	0.000	0.000	0.000	47.015	0.000	0.000	1.500	47.000
36	1	2	2	0	0	0	0	0.000	0.000	0.000	0.000	0.000	0.000	0.625	48.500
37	1	0	0	0	0	0	0	0.000	0.000	0.000	49.148	0.000	0.000	1.500	49.125
38	1	2	2	0	0	0	0	0.000	0.000	0.000	0.000	0.000	0.000	2.125	50.625
39	1	0	1	0	0	0	0	0.000	0.000	0.000	52.764	0.000	0.000	1.500	52.750
40	1	2	2	0	0	0	0	0.000	0.000	0.000	0.000	0.000	0.000	0.500	54.250
41	1	0	1	0	0	0	0	0.000	0.000	0.000	54.764	0.000	0.000	1.500	54.750
42	1	2	2	0	0	0	0	0.000	0.000	0.000	0.000	0.000	0.000	0.875	56.250
43	1	1	1	2	450	0	0	0.000	0.000	0.000	57.147	0.000	0.450	1.500	57.125
44	1	2	2	0	0	0	0	0.000	0.000	0.000	0.000	0.000	0.000	1.000	58.625
45	1	1	0	1	350	0	0	0.000	0.000	0.000	59.647	0.000	0.350	1.500	59.625
46	1	2	2	0	0	0	0	0.000	0.000	0.000	0.000	0.000	0.000	0.625	61.125
47	1	0	1	0	0	0	0	0.000	0.000	0.000	61.763	0.000	0.000	1.500	61.750
48	1	2	2	0	0	0	0	0.000	0.000	0.000	0.000	0.000	0.000	0.625	63.250
49	1	0	0	0	0	0	0	0.000	0.000	0.000	63.896	0.000	0.000	1.500	63.875
50	1	2	2	0	0	0	0	0.000	0.000	0.000	0.000	0.000	0.000	0.625	65.375
51	1	0	1	0	0	0	0	0.000	0.000	0.000	66.012	0.000	0.000	1.500	66.000
52	1	2	2	0	0	0	0	0.000	0.000	0.000	0.000	0.000	0.000	0.625	67.500
53	1	0	0	0	0	0	0	0.000	0.000	0.000	68.146	0.000	0.000	1.500	68.125
54	1	2	2	0	0	0	0	0.000	0.000	0.000	0.000	0.000	0.000	0.875	69.625
55	1	0	1	0	0	0	0	0.000	0.000	0.000	70.512	0.000	0.000	1.500	70.500
56	1	2	2	0	0	0	0	0.000	0.000	0.000	0.000	0.000	0.000	1.750	72.000
57	1	0	0	0	0	0	0	0.000	0.000	0.000	73.778	0.000	0.000	1.500	73.750
58	1	2	2	0	0	0	0	0.000	0.000	0.000	0.000	0.000	0.000	2.375	75.250
59	1	0	1	0	0	0	0	0.000	0.000	0.000	77.645	0.000	0.000	1.500	77.625
60	1	2	2	0	0	0	0	0.000	0.000	0.000	0.000	0.000	0.000	0.500	79.125
61	1	1	0	2	500	0	0	0.000	0.000	0.000	79.644	0.000	0.500	1.500	79.625
62	1	2	2	0	0	0	0	0.000	0.000	0.000	0.000	0.000	0.000	0.625	81.125
63	1	1	1	1	400	0	0	0.000	0.000	0.000	81.761	0.000	0.400	1.500	81.750
64	1	2	2	0	0	0	0	0.000	0.000	0.000	0.000	0.000	0.000	0.875	83.250
65	1	1	0	2	550	0	0	0.000	0.000	0.000	84.144	0.000	0.550	1.500	84.125
66	1	2	2	0	0	0	0	0.000	0.000	0.000	0.000	0.000	0.000	2.000	85.625
67	1	1	1	1	450	0	0	0.000	0.000	0.000	87.644	0.000	0.450	1.500	87.625
68	1	2	2	0	0	0	0	0.000	0.000	0.000	0.000	0.000	0.000	1.625	89.125
69	1	0	0	0	0	0	0	0.000	0.000	0.000	90.777	0.000	0.000	1.500	90.750
70	1	2	2	0	0	0	0	0.000	0.000	0.000	0.000	0.000	0.000	0.750	92.250
71	1	0	0	0	0	0	0	0.000	0.000	0.000	93.009	0.000	0.000	1.500	93.000
72	1	2	2	0	0	0	0	0.000	0.000	0.000	0.000	0.000	0.000	1.500	94.500
73	1	0	1	0	0	0	0	0.000	0.000	0.000	96.026	0.000	0.000	1.500	96.000
74	1	2	2	0	0	0	0	0.000	0.000	0.000	0.000	0.000	0.000	0.625	97.500
75	1	0	0	0	0	0	0	0.000	0.000	0.000	98.142	0.000	0.000	1.500	98.125
76	1	2	2	0	0	0	0	0.000	0.000	0.000	0.000	0.000	0.000	1.500	99.625
77	1	0	1	0	0	0	0	0.000	0.000	0.000	101.142	0.000	0.000	1.500	101.125
78	1	2	2	0	0	0	0	0.000	0.000	0.000	0.000	0.000	0.000	1.375	102.625
79	1	0	1	0	0	0	0	0.000	0.000	0.000	104.025	0.000	0.000	1.500	104.000
80	1	2	2	0	0	0	0	0.000	0.000	0.000	0.000	0.000	0.000	1.000	105.500
81	1	0	1	0	0	0	0	0.000	0.000	0.000	106.525	0.000	0.000	1.500	106.500
82	1	2	2	0	0	0	0	0.000	0.000	0.000	0.000	0.000	0.000	2.875	108.000
83	1	1	0	1	500	0	0	0.000	0.000	0.000	110.891	0.000	0.500	1.500	110.875
84	1	2	2	0	0	0	0	0.000	0.000	0.000	0.000	0.000	0.000	0.750	112.375
85	1	1	1	2	600	0	0	0.000	0.000	0.000	113.141	0.000	0.600	1.500	113.125
86	1	2	2	0	0	0	0	0.000	0.000	0.000	0.000	0.000	0.000	0.625	114.625
87	1	0	1	0	0	0	0	0.000	0.000	0.000	115.274	0.000	0.000	1.500	115.250
88	1	2	2	0	0	0	0	0.000	0.000	0.000	0.000	0.000	0.000	1.500	116.750
89	1	0	0	0	0	0	0	0.000	0.000	0.000	118.274	0.000	0.000	1.500	118.250
90	1	2	2	0	0	0	0	0.000	0.000	0.000	0.000	0.000	0.000	0.875	119.750
91	1	0	0	0	0	0	0	0.000	0.000	0.000	120.640	0.000	0.000	1.500	120.625
92	1	2	2	0	0	0	0	0.000	0.000	0.000	0.000	0.000	0.000	0.625	122.125
93	1	0	0	0	0	0	0	0.000	0.000	0.000	122.773	0.000	0.000	1.500	122.750
94	1	2	2	0	0	0	0	0.000	0.000	0.000	0.000	0.000	0.000	0.500	124.250
95	1	0	1	0	0	0	0	0.000	0.000	0.000	124.773	0.000	0.000	1.500	124.750
96	1	2	2	0	0	0	0	0.000	0.000	0.000	0.000	0.000	0.000	1.875	126.250
97	1	1	0	1	550	0	0	0.000	0.000	0.000	128.139	0.000	0.550	1.500	128.125
98	1	2	2	0	0	0	0	0.000	0.000	0.000	0.000	0.000	0.000	2.000	129.625
99	1	1	1	2	650	0	0	0.000	0.000	0.000	131.639	0.000	0.650	1.500	131.625
100	1	2	2	0	0	0	0	0.000	0.000	0.000	0.000	0.000	0.000	2.625	133.125
101	1	0	0	0	0	0	0	0.000	0.000	0.000	135.772	0.000	0.000	1.500	135.750
102	1	2	2	0	0	0	0	0.000	0.000	0.000	0.000	0.000	0.000	3.250	137.250
103	1	0	1	0	0	0	0	0.000	0.000	0.000	140.521	0.000	0.000	1.500	140.500
104	1	2	2	0	0	0	0	0.000	0.000	0.000	0.000	0.000	0.000	0.500	142.000
105	1	0	0	0	0	0	0	0.000	0.000	0.000	142.521	0.000	0.000	1.500	142.500
106	1	2	2	0	0	0	0	0.000	0.000	0.000	0.000	0.000	0.000	0.500	144.000
107	1	0	1	0	0	0	0	0.000	0.000	0.000	144.521	0.000	0.000	1.500	144.500
108	1	2	2	0	0	0	0	0.000	0.000	0.000	0.000	0.000	0.000	1.875	146.000
109	1	0	1	0	0	0	0	0.000	0.000	0.000	147.904	0.000	0.000	1.500	147.875
110	1	2	2	0	0	0	0	0.000	0.000	0.000	0.000	0.000	0.000	0.625	149.375
111	1	0	0	0	0	0	0	0.000	0.000	0.000	150.020	0.000	0.000	1.500	150.000
112	1	2	2	0	0	0	0	0.000	0.000	0.000	0.000	0.000	0.000	2.500	151.500
113	1	0	1	0	0	0	0	0.000	0.000	0.000	154.020	0.000	0.000	1.500	154.000
114	1	2	2	0	0	0	0	0.000	0.000	0.000	0.000	0.000	0.000	1.500	155.500
115	1	1	0	1	600	0	0	0.000	0.000	0.000	157.019	0.000	0.600	1.500	157.000
116	1	2	2	0	0	0	0	0.000	0.000	0.000	0.000	0.000	0.000	2.000	158.500
117	1	0	0	0	0	0	0	0.000	0.000	0.000	160.519	0.000	0.000	1.500	160.500
118	1	2	2	0	0	0	0	0.000	0.000	0.000	0.000	0.000	0.000	1.250	162.000
119	1	0	0	0	0	0	0	0.000	0.000	0.000	163.269	0.000	0.000	1.500	163.250
120	1	2	2	0	0	0	0	0.000	0.000	0.000	0.000	0.000	0.000	0.500	164.750
121	1	0	1	0	0	0	0	0.000	0.000	0.000	165.269	0.000	0.000	1.500	165.250
122	1	2	2	0	0	0	0	0.000	0.000	0.000	0.000	0.000	0.000	3.875	166.750
123	1	0	1	0	0	0	0	0.000	0.000	0.000	170.651	0.000	0.000	1.500	170.625
124	1	2	2	0	0	0	0	0.000	0.000	0.000	0.000	0.000	0.000	1.750	172.125
125	1	0	0	0	0	0	0	0.000	0.000	0.000	173.901	0.000	0.000	1.500	173.875
126	1	2	2	0	0	0	0	0.000	0.000	0.000	0.000	0.000	0.000	0.750	175.375
127	1	1	1	2	700	0	0	0.000	0.000	0.000	176.151	0.000	0.700	1.500	176.125
128	1	2	2	0	0	0	0	0.000	0.000	0.000	0.000	0.000	0.000	0.625	177.625
129	1	0	0	0	0	0	0	0.000	0.000	0.000	178.267	0.000	0.000	1.500	178.250
130	1	2	2	0	0	0	0	0.000	0.000	0.000	0.000	0.000	0.000	3.500	179.750
131	1	0	1	0	0	0	0	0.000	0.000	0.000	183.267	0.000	0.000	1.500	183.250
132	1	2	2	0	0	0	0	0.000	0.000	0.000	0.000	0.000	0.000	1.250	184.750
133	1	1	0	1	650	0	0	0.000	0.000	0.000	186.016	0.000	0.650	1.500	186.000
134	1	2	2	0	0	0	0	0.000	0.000	0.000	0.000	0.000	0.000	1.125	187.500
135	1	1	1	2	750	0	0	0.000	0.000	0.000	188.649	0.000	0.750	1.500	188.625
136	1	2	2	0	0	0	0	0.000	0.000	0.000	0.000	0.000	0.000	1.375	190.125
137	1	0	1	0	0	0	0	0.000	0.000	0.000	191.516	0.000	0.000	1.500	191.500
138	1	2	2	0	0	0	0	0.000	0.000	0.000	0.000	0.000	0.000	0.500	193.000
139	1	0	0	0	0	0	0	0.000	0.000	0.000	193.515	0.000	0.000	1.500	193.500
140	1	2	2	0	0	0	0	0.000	0.000	0.000	0.000	0.000	0.000	0.625	195.000
141	1	0	0	0	0	0	0	0.000	0.000	0.000	195.649	0.000	0.000	1.500	195.625
142	1	2	2	0	0	0	0	0.000	0.000	0.000	0.000	0.000	0.000	1.125	197.125
143	1	0	1	0	0	0	0	0.000	0.000	0.000	198.265	0.000	0.000	1.500	198.250
144	1	2	2	0	0	0	0	0.000	0.000	0.000	0.000	0.000	0.000	0.625	199.750
145	1	1	0	2	800	0	0	0.000	0.000	0.000	200.398	0.000	0.800	1.500	200.375
146	1	2	2	0	0	0	0	0.000	0.000	0.000	0.000	0.000	0.000	1.625	201.875
147	1	0	0	0	0	0	0	0.000	0.000	0.000	203.514	0.000	0.000	1.500	203.500
148	1	2	2	0	0	0	0	0.000	0.000	0.000	0.000	0.000	0.000	1.125	205.000
149	1	0	0	0	0	0	0	0.000	0.000	0.000	206.147	0.000	0.000	1.500	206.125
150	1	2	2	0	0	0	0	0.000	0.000	0.000	0.000	0.000	0.000	2.500	207.625
151	1	1	1	1	700	0	0	0.000	0.000	0.000	210.147	0.000	0.700	1.500	210.125
152	1	2	2	0	0	0	0	0.000	0.000	0.000	0.000	0.000	0.000	1.750	211.625
153	1	0	1	0	0	0	0	0.000	0.000	0.000	213.397	0.000	0.000	1.500	213.375
154	1	2	2	0	0	0	0	0.000	0.000	0.000	0.000	0.000	0.000	0.625	214.875
155	1	0	1	0	0	0	0	0.000	0.000	0.000	215.513	0.000	0.000	1.500	215.500
156	1	2	2	0	0	0	0	0.000	0.000	0.000	0.000	0.000	0.000	0.500	217.000
157	1	0	1	0	0	0	0	0.000	0.000	0.000	217.530	0.000	0.000	1.500	217.500
158	1	2	2	0	0	0	0	0.000	0.000	0.000	0.000	0.000	0.000	1.125	219.000
159	1	0	0	0	0	0	0	0.000	0.000	0.000	220.146	0.000	0.000	1.500	220.125
160	1	2	2	0	0	0	0	0.000	0.000	0.000	0.000	0.000	0.000	1.000	221.625
161	1	0	1	0	0	0	0	0.000	0.000	0.000	222.646	0.000	0.000	1.500	222.625
162	1	2	2	0	0	0	0	0.000	0.000	0.000	0.000	0.000	0.000	2.375	224.125
163	1	1	0	2	850	0	0	0.000	0.000	0.000	226.529	0.000	0.850	1.500	226.500
164	1	2	2	0	0	0	0	0.000	0.000	0.000	0.000	0.000	0.000	1.250	228.000
165	1	1	1	1	750	0	0	0.000	0.000	0.000	229.278	0.000	0.750	1.500	229.250
166	1	2	2	0	0	0	0	0.000	0.000	0.000	0.000	0.000	0.000	0.750	230.750
167	1	0	1	0	0	0	0	0.000	0.000	0.000	231.528	0.000	0.000	1.500	231.500
168	1	2	2	0	0	0	0	0.000	0.000	0.000	0.000	0.000	0.000	2.250	233.000
169	1	0	0	0	0	0	0	0.000	0.000	0.000	235.278	0.000	0.000	1.500	235.250
170	1	2	2	0	0	0	0	0.000	0.000	0.000	0.000	0.000	0.000	1.000	236.750
171	1	0	0	0	0	0	0	0.000	0.000	0.000	237.777	0.000	0.000	1.500	237.750
172	1	2	2	0	0	0	0	0.000	0.000	0.000	0.000	0.000	0.000	0.875	239.250
173	1	0	1	0	0	0	0	0.000	0.000	0.000	240.144	0.000	0.000	1.500	240.125
174	1	2	2	0	0	0	0	0.000	0.000	0.000	0.000	0.000	0.000	0.500	241.625
175	1	0	0	0	0	0	0	0.000	0.000	0.000	242.144	0.000	0.000	1.500	242.125
176	1	2	2	0	0	0	0	0.000	0.000	0.000	0.000	0.000	0.000	0.625	243.625
177	1	0	0	0	0	0	0	0.000	0.000	0.000	244.277	0.000	0.000	1.500	244.250
178	1	2	2	0	0	0	0	0.000	0.000	0.000	0.000	0.000	0.000	1.125	245.750
179	1	0	1	0	0	0	0	0.000	0.000	0.000	246.893	0.000	0.000	1.500	246.875
180	1	2	2	0	0	0	0	0.000	0.000	0.000	0.000	0.000	0.000	1.500	248.375
181	1	0	1	0	0	0	0	0.000	0.000	0.000	249.893	0.000	0.000	1.500	249.875
182	1	2	2	0	0	0	0	0.000	0.000	0.000	0.000	0.000	0.000	0.625	251.375
183	1	1	0	2	900	0	0	0.000	0.000	0.000	252.026	0.000	0.900	1.500	252.000
184	1	2	2	0	0	0	0	0.000	0.000	0.000	0.000	0.000	0.000	1.375	253.500
185	1	0	1	0	0	0	0	0.000	0.000	0.000	254.892	0.000	0.000	1.500	254.875
186	1	2	2	0	0	0	0	0.000	0.000	0.000	0.000	0.000	0.000	1.375	256.375
187	1	0	0	0	0	0	0	0.000	0.000	0.000	257.775	0.000	0.000	1.500	257.750
188	1	2	2	0	0	0	0	0.000	0.000	0.000	0.000	0.000	0.000	1.000	259.250
189	1	0	0	0	0	0	0	0.000	0.000	0.000	260.275	0.000	0.000	1.500	260.250
190	1	2	2	0	0	0	0	0.000	0.000	0.000	0.000	0.000	0.000	1.375	261.750
191	1	1	1	1	800	0	0	0.000	0.000	0.000	263.141	0.000	0.800	1.500	263.125
192	1	2	2	0	0	0	0	0.000	0.000	0.000	0.000	0.000	0.000	1.000	264.625
193	1	0	0	0	0	0	0	0.000	0.000	0.000	265.641	0.000	0.000	1.500	265.625
194	1	2	2	0	0	0	0	0.000	0.000	0.000	0.000	0.000	0.000	0.750	267.125
195	1	1	0	1	850	0	0	0.000	0.000	0.000	267.891	0.000	0.850	1.500	267.875
196	1	2	2	0	0	0	0	0.000	0.000	0.000	0.000	0.000	0.000	2.750	269.375
197	1	0	1	0	0	0	0	0.000	0.000	0.000	272.140	0.000	0.000	1.500	272.125
198	1	2	2	0	0	0	0	0.000	0.000	0.000	0.000	0.000	0.000	1.250	273.625
199	1	0	0	0	0	0	0	0.000	0.000	0.000	274.890	0.000	0.000	1.500	274.875
200	1	2	2	0	0	0	0	0.000	0.000	0.000	0.000	0.000	0.000	2.625	276.375
201	1	0	0	0	0	0	0	0.000	0.000	0.000	279.023	0.000	0.000	1.500	279.000
202	1	2	2	0	0	0	0	0.000	0.000	0.000	0.000	0.000	0.000	0.750	280.500
203	1	0	1	0	0	0	0	0.000	0.000	0.000	281.273	0.000	0.000	1.500	281.250
204	1	2	2	0	0	0	0	0.000	0.000	0.000	0.000	0.000	0.000	1.000	282.750
205	1	0	1	0	0	0	0	0.000	0.000	0.000	283.772	0.000	0.000	1.500	283.750
206	1	2	2	0	0	0	0	0.000	0.000	0.000	0.000	0.000	0.000	1.250	285.250
207	1	1	1	2	950	0	0	0.000	0.000	0.000	286.522	0.000	0.950	1.500	286.500
208	1	2	2	0	0	0	0	0.000	0.000	0.000	0.000	0.000	0.000	2.250	288.000
209	1	1	0	2	1000	0	0	0.000	0.000	0.000	290.272	0.000	1.000	1.500	290.250
210	1	2	2	0	0	0	0	0.000	0.000	0.000	0.000	0.000	0.000	2.250	291.750
211	1	1	1	1	900	0	0	0.000	0.000	0.000	294.021	0.000	0.900	1.500	294.000
212	1	2	2	0	0	0	0	0.000	0.000	0.000	0.000	0.000	0.000	0.500	295.500
213	1	0	0	0	0	0	0	0.000	0.000	0.000	296.021	0.000	0.000	1.500	296.000
214	1	2	2	0	0	0	0	0.000	0.000	0.000	0.000	0.000	0.000	0.750	297.500
215	1	0	1	0	0	0	0	0.000	0.000	0.000	298.271	0.000	0.000	1.500	298.250
216	1	2	2	0	0	0	0	0.000	0.000	0.000	0.000	0.000	0.000	1.250	299.750
217	1	0	0	0	0	0	0	0.000	0.000	0.000	301.021	0.000	0.000	1.500	301.000
218	1	2	2	0	0	0	0	0.000	0.000	0.000	0.000	0.000	0.000	1.750	302.500
219	1	0	1	0	0	0	0	0.000	0.000	0.000	304.270	0.000	0.000	1.500	304.250
220	1	2	2	0	0	0	0	0.000	0.000	0.000	0.000	0.000	0.000	0.500	305.750
221	1	0	0	0	0	0	0	0.000	0.000	0.000	306.270	0.000	0.000	1.500	306.250
222	1	2	2	0	0	0	0	0.000	0.000	0.000	0.000	0.000	0.000	1.000	307.750
223	1	0	1	0	0	0	0	0.000	0.000	0.000	308.770	0.000	0.000	1.500	308.750
224	1	2	2	0	0	0	0	0.000	0.000	0.000	0.000	0.000	0.000	1.500	310.250
225	1	0	1	0	0	0	0	0.000	0.000	0.000	311.769	0.000	0.000	1.500	311.750
226	1	2	2	0	0	0	0	0.000	0.000	0.000	0.000	0.000	0.000	2.250	313.250
227	1	0	0	0	0	0	0	0.000	0.000	0.000	315.519	0.000	0.000	1.500	315.500
228	1	2	2	0	0	0	0	0.000	0.000	0.000	0.000	0.000	0.000	1.000	317.000
229	1	1	1	2	1050	0	0	0.000	0.000	0.000	318.019	0.000	0.000	1.500	318.000
230	1	2	2	0	0	0	0	0.000	0.000	0.000	0.000	0.000	0.000	1.375	319.500
231	1	1	0	1	950	0	0	0.000	0.000	0.000	320.885	0.000	0.950	1.500	320.875
232	1	2	2	0	0	0	0	0.000	0.000	0.000	0.000	0.000	0.000	0.625	322.375
233	1	0	0	0	0	0	0	0.000	0.000	0.000	323.018	0.000	0.000	1.500	323.000
234	1	2	2	0	0	0	0	0.000	0.000	0.000	0.000	0.000	0.000	0.625	324.500
235	1	0	1	0	0	0	0	0.000	0.000	0.000	325.134	0.000	0.000	1.500	325.125
236	1	2	2	0	0	0	0	0.000	0.000	0.000	0.000	0.000	0.000	3.000	326.625
237	1	0	1	0	0	0	0	0.000	0.000	0.000	329.634	0.000	0.000	1.500	329.625
238	1	2	2	0	0	0	0	0.000	0.000	0.000	0.000	0.000	0.000	1.875	331.125
239	1	0	0	0	0	0	0	0.000	0.000	0.000	333.017	0.000	0.000	1.500	333.000
240	1	2	2	0	0	0	0	0.000	0.000	0.000	0.000	0.000	0.000	0.625	334.500
241	1	0	0	0	0	0	0	0.000	0.000	0.000	335.133	0.000	0.000	1.500	335.125
242	1	2	2	0	0	0	0	0.000	0.000	0.000	0.000	0.000	0.000	1.000	336.625
243	1	0	1	0	0	0	0	0.000	0.000	0.000	337.633	0.000	0.000	1.500	337.625
244	1	2	2	0	0	0	0	0.000	0.000	0.000	0.000	0.000	0.000	0.625	339.125
245	1	1	0	2	1100	0	0	0.000	0.000	0.000	339.766	0.000	0.000	1.500	339.750
246	1	2	2	0	0	0	0	0.000	0.000	0.000	0.000	0.000	0.000	0.500	341.250
247	1	0	1	0	0	0	0	0.000	0.000	0.000	341.766	0.000	0.000	1.500	341.750
248	1	2	2	0	0	0	0	0.000	0.000	0.000	0.000	0.000	0.000	1.375	343.250
249	1	0	1	0	0	0	0	0.000	0.000	0.000	344.632	0.000	0.000	1.500	344.625
250	1	2	2	0	0	0	0	0.000	0.000	0.000	0.000	0.000	0.000	1.500	346.125
251	1	0	0	0	0	0	0	0.000	0.000	0.000	347.632	0.000	0.000	1.500	347.625
252	1	2	2	0	0	0	0	0.000	0.000	0.000	0.000	0.000	0.000	1.750	349.125
253	1	0	0	0	0	0	0	0.000	0.000	0.000	350.881	0.000	0.000	1.500	350.875
254	1	2	2	0	0	0	0	0.000	0.000	0.000	0.000	0.000	0.000	0.750	352.375
255	1	1	1	1	1000	0	0	0.000	0.000	0.000	353.131	0.000	1.000	1.500	353.125
256	1	2	2	0	0	0	0	0.000	0.000	0.000	0.000	0.000	0.000	1.250	354.625
Started: 01-Aug-2013 15:17
Started: 01-Aug-2013 15:18
Started: 01-Aug-2013 15:25
1	1	1	1	1	250	0	0	0.000	0.000	0.000	0.130	0.647	0.251	1.500	0.000
2	1	2	2	0	0	0	0	0.000	0.000	0.000	0.000	0.000	0.000	0.500	1.500
3	1	0	1	0	0	0	0	0.000	0.000	0.000	2.030	2.547	0.000	1.500	2.000
4	1	2	2	0	0	0	0	0.000	0.000	0.000	0.000	0.000	0.000	0.750	3.500
5	1	0	0	0	0	0	0	0.000	0.000	0.000	4.263	4.780	0.000	1.500	4.250
6	1	2	2	0	0	0	0	0.000	0.000	0.000	0.000	0.000	0.000	1.250	5.750
7	1	0	1	0	0	0	0	0.000	0.000	0.000	7.013	7.530	0.000	1.500	7.000
8	1	2	2	0	0	0	0	0.000	0.000	0.000	0.000	0.000	0.000	1.500	8.500
9	1	0	1	0	0	0	0	0.000	0.000	0.000	10.013	10.529	0.000	1.500	10.000
10	1	2	2	0	0	0	0	0.000	0.000	0.000	0.000	0.000	0.000	1.250	11.500
11	1	0	0	0	0	0	0	0.000	0.000	0.000	12.762	13.279	0.000	1.500	12.750
12	1	2	2	0	0	0	0	0.000	0.000	0.000	0.000	0.000	0.000	0.500	14.250
13	1	0	0	0	0	0	0	0.000	0.000	0.000	14.762	15.279	0.000	1.500	14.750
14	1	2	2	0	0	0	0	0.000	0.000	0.000	0.000	0.000	0.000	0.500	16.250
15	1	1	0	2	350	0	0	0.000	0.000	0.000	16.762	17.279	0.358	1.500	16.750
16	1	2	2	0	0	0	0	0.000	0.000	0.000	0.000	0.000	0.000	1.500	18.250
17	1	0	0	0	0	0	0	0.000	0.000	0.000	19.762	20.278	0.000	1.500	19.750
18	1	2	2	0	0	0	0	0.000	0.000	0.000	0.000	0.000	0.000	3.000	21.250
19	1	1	1	1	300	0	0	0.000	0.000	0.000	24.261	24.778	0.309	1.500	24.250
20	1	2	2	0	0	0	0	0.000	0.000	0.000	0.000	0.000	0.000	2.625	25.750
21	1	0	1	0	0	0	0	0.000	0.000	0.000	28.394	28.911	0.000	1.500	28.375
22	1	2	2	0	0	0	0	0.000	0.000	0.000	0.000	0.000	0.000	2.875	29.875
23	1	0	1	0	0	0	0	0.000	0.000	0.000	32.760	33.277	0.000	1.500	32.750
24	1	2	2	0	0	0	0	0.000	0.000	0.000	0.000	0.000	0.000	1.750	34.250
25	1	0	1	0	0	0	0	0.000	0.000	0.000	36.010	36.526	0.000	1.500	36.000
26	1	2	2	0	0	0	0	0.000	0.000	0.000	0.000	0.000	0.000	0.750	37.500
27	1	0	0	0	0	0	0	0.000	0.000	0.000	38.260	38.776	0.000	1.500	38.250
28	1	2	2	0	0	0	0	0.000	0.000	0.000	0.000	0.000	0.000	0.875	39.750
29	1	1	0	2	400	0	0	0.000	0.000	0.000	40.643	41.159	0.407	1.500	40.625
30	1	2	2	0	0	0	0	0.000	0.000	0.000	0.000	0.000	0.000	0.500	42.125
31	1	0	0	0	0	0	0	0.000	0.000	0.000	42.642	43.159	0.000	1.500	42.625
32	1	2	2	0	0	0	0	0.000	0.000	0.000	0.000	0.000	0.000	0.750	44.125
33	1	0	0	0	0	0	0	0.000	0.000	0.000	44.892	45.409	0.000	1.500	44.875
34	1	2	2	0	0	0	0	0.000	0.000	0.000	0.000	0.000	0.000	0.625	46.375
35	1	0	0	0	0	0	0	0.000	0.000	0.000	47.009	47.525	0.000	1.500	47.000
36	1	2	2	0	0	0	0	0.000	0.000	0.000	0.000	0.000	0.000	0.625	48.500
37	1	0	0	0	0	0	0	0.000	0.000	0.000	49.142	49.658	0.000	1.500	49.125
38	1	2	2	0	0	0	0	0.000	0.000	0.000	0.000	0.000	0.000	2.125	50.625
39	1	0	1	0	0	0	0	0.000	0.000	0.000	52.758	53.275	0.000	1.500	52.750
40	1	2	2	0	0	0	0	0.000	0.000	0.000	0.000	0.000	0.000	0.500	54.250
41	1	0	1	0	0	0	0	0.000	0.000	0.000	54.758	55.274	0.000	1.500	54.750
42	1	2	2	0	0	0	0	0.000	0.000	0.000	0.000	0.000	0.000	0.875	56.250
43	1	1	1	2	450	0	0	0.000	0.000	0.000	57.141	57.658	0.458	1.500	57.125
44	1	2	2	0	0	0	0	0.000	0.000	0.000	0.000	0.000	0.000	1.000	58.625
45	1	1	0	1	350	0	0	0.000	0.000	0.000	59.641	60.157	0.359	1.500	59.625
46	1	2	2	0	0	0	0	0.000	0.000	0.000	0.000	0.000	0.000	0.625	61.125
47	1	0	1	0	0	0	0	0.000	0.000	0.000	61.774	62.290	0.000	1.500	61.750
48	1	2	2	0	0	0	0	0.000	0.000	0.000	0.000	0.000	0.000	0.625	63.250
49	1	0	0	0	0	0	0	0.000	0.000	0.000	63.890	64.407	0.000	1.500	63.875
50	1	2	2	0	0	0	0	0.000	0.000	0.000	0.000	0.000	0.000	0.625	65.375
51	1	0	1	0	0	0	0	0.000	0.000	0.000	66.007	66.523	0.000	1.500	66.000
52	1	2	2	0	0	0	0	0.000	0.000	0.000	0.000	0.000	0.000	0.625	67.500
53	1	0	0	0	0	0	0	0.000	0.000	0.000	68.140	68.656	0.000	1.500	68.125
54	1	2	2	0	0	0	0	0.000	0.000	0.000	0.000	0.000	0.000	0.875	69.625
55	1	0	1	0	0	0	0	0.000	0.000	0.000	70.506	71.023	0.000	1.500	70.500
56	1	2	2	0	0	0	0	0.000	0.000	0.000	0.000	0.000	0.000	1.750	72.000
57	1	0	0	0	0	0	0	0.000	0.000	0.000	73.756	74.272	0.000	1.500	73.750
58	1	2	2	0	0	0	0	0.000	0.000	0.000	0.000	0.000	0.000	2.375	75.250
59	1	0	1	0	0	0	0	0.000	0.000	0.000	77.639	78.155	0.000	1.500	77.625
60	1	2	2	0	0	0	0	0.000	0.000	0.000	0.000	0.000	0.000	0.500	79.125
61	1	1	0	2	500	0	0	0.000	0.000	0.000	79.639	80.155	0.509	1.500	79.625
62	1	2	2	0	0	0	0	0.000	0.000	0.000	0.000	0.000	0.000	0.625	81.125
63	1	1	1	1	400	0	0	0.000	0.000	0.000	81.772	82.288	0.406	1.500	81.750
64	1	2	2	0	0	0	0	0.000	0.000	0.000	0.000	0.000	0.000	0.875	83.250
65	1	1	0	2	550	0	0	0.000	0.000	0.000	84.138	84.655	0.560	1.500	84.125
66	1	2	2	0	0	0	0	0.000	0.000	0.000	0.000	0.000	0.000	2.000	85.625
67	1	1	1	1	450	0	0	0.000	0.000	0.000	87.638	88.154	0.450	1.500	87.625
68	1	2	2	0	0	0	0	0.000	0.000	0.000	0.000	0.000	0.000	1.625	89.125
69	1	0	0	0	0	0	0	0.000	0.000	0.000	90.754	91.271	0.000	1.500	90.750
70	1	2	2	0	0	0	0	0.000	0.000	0.000	0.000	0.000	0.000	0.750	92.250
71	1	0	0	0	0	0	0	0.000	0.000	0.000	93.004	93.520	0.000	1.500	93.000
72	1	2	2	0	0	0	0	0.000	0.000	0.000	0.000	0.000	0.000	1.500	94.500
73	1	0	1	0	0	0	0	0.000	0.000	0.000	96.003	96.520	0.000	1.500	96.000
74	1	2	2	0	0	0	0	0.000	0.000	0.000	0.000	0.000	0.000	0.625	97.500
75	1	0	0	0	0	0	0	0.000	0.000	0.000	98.136	98.653	0.000	1.500	98.125
76	1	2	2	0	0	0	0	0.000	0.000	0.000	0.000	0.000	0.000	1.500	99.625
77	1	0	1	0	0	0	0	0.000	0.000	0.000	101.136	101.653	0.000	1.500	101.125
78	1	2	2	0	0	0	0	0.000	0.000	0.000	0.000	0.000	0.000	1.375	102.625
79	1	0	1	0	0	0	0	0.000	0.000	0.000	104.003	104.519	0.000	1.500	104.000
80	1	2	2	0	0	0	0	0.000	0.000	0.000	0.000	0.000	0.000	1.000	105.500
81	1	0	1	0	0	0	0	0.000	0.000	0.000	106.502	107.019	0.000	1.500	106.500
82	1	2	2	0	0	0	0	0.000	0.000	0.000	0.000	0.000	0.000	2.875	108.000
83	1	1	0	1	500	0	0	0.000	0.000	0.000	110.885	111.402	0.502	1.500	110.875
84	1	2	2	0	0	0	0	0.000	0.000	0.000	0.000	0.000	0.000	0.750	112.375
85	1	1	1	2	600	0	0	0.000	0.000	0.000	113.135	113.651	0.603	1.500	113.125
86	1	2	2	0	0	0	0	0.000	0.000	0.000	0.000	0.000	0.000	0.625	114.625
87	1	0	1	0	0	0	0	0.000	0.000	0.000	115.301	115.818	0.000	1.500	115.250
88	1	2	2	0	0	0	0	0.000	0.000	0.000	0.000	0.000	0.000	1.500	116.750
89	1	0	0	0	0	0	0	0.000	0.000	0.000	118.268	118.784	0.000	1.500	118.250
90	1	2	2	0	0	0	0	0.000	0.000	0.000	0.000	0.000	0.000	0.875	119.750
91	1	0	0	0	0	0	0	0.000	0.000	0.000	120.634	121.151	0.000	1.500	120.625
92	1	2	2	0	0	0	0	0.000	0.000	0.000	0.000	0.000	0.000	0.625	122.125
93	1	0	0	0	0	0	0	0.000	0.000	0.000	122.767	123.284	0.000	1.500	122.750
94	1	2	2	0	0	0	0	0.000	0.000	0.000	0.000	0.000	0.000	0.500	124.250
95	1	0	1	0	0	0	0	0.000	0.000	0.000	124.767	125.284	0.000	1.500	124.750
96	1	2	2	0	0	0	0	0.000	0.000	0.000	0.000	0.000	0.000	1.875	126.250
97	1	1	0	1	550	0	0	0.000	0.000	0.000	128.133	128.650	0.554	1.500	128.125
98	1	2	2	0	0	0	0	0.000	0.000	0.000	0.000	0.000	0.000	2.000	129.625
99	1	1	1	2	650	0	0	0.000	0.000	0.000	131.633	132.150	0.653	1.500	131.625
100	1	2	2	0	0	0	0	0.000	0.000	0.000	0.000	0.000	0.000	2.625	133.125
101	1	0	0	0	0	0	0	0.000	0.000	0.000	135.766	136.282	0.000	1.500	135.750
102	1	2	2	0	0	0	0	0.000	0.000	0.000	0.000	0.000	0.000	3.250	137.250
103	1	0	1	0	0	0	0	0.000	0.000	0.000	140.515	141.032	0.000	1.500	140.500
104	1	2	2	0	0	0	0	0.000	0.000	0.000	0.000	0.000	0.000	0.500	142.000
105	1	0	0	0	0	0	0	0.000	0.000	0.000	142.515	143.032	0.000	1.500	142.500
106	1	2	2	0	0	0	0	0.000	0.000	0.000	0.000	0.000	0.000	0.500	144.000
107	1	0	1	0	0	0	0	0.000	0.000	0.000	144.515	145.031	0.000	1.500	144.500
108	1	2	2	0	0	0	0	0.000	0.000	0.000	0.000	0.000	0.000	1.875	146.000
109	1	0	1	0	0	0	0	0.000	0.000	0.000	147.881	148.398	0.000	1.500	147.875
110	1	2	2	0	0	0	0	0.000	0.000	0.000	0.000	0.000	0.000	0.625	149.375
111	1	0	0	0	0	0	0	0.000	0.000	0.000	150.014	150.531	0.000	1.500	150.000
112	1	2	2	0	0	0	0	0.000	0.000	0.000	0.000	0.000	0.000	2.500	151.500
113	1	0	1	0	0	0	0	0.000	0.000	0.000	154.014	154.530	0.000	1.500	154.000
114	1	2	2	0	0	0	0	0.000	0.000	0.000	0.000	0.000	0.000	1.500	155.500
115	1	1	0	1	600	0	0	0.000	0.000	0.000	157.013	157.530	0.602	1.500	157.000
116	1	2	2	0	0	0	0	0.000	0.000	0.000	0.000	0.000	0.000	2.000	158.500
117	1	0	0	0	0	0	0	0.000	0.000	0.000	160.513	161.030	0.000	1.500	160.500
118	1	2	2	0	0	0	0	0.000	0.000	0.000	0.000	0.000	0.000	1.250	162.000
119	1	0	0	0	0	0	0	0.000	0.000	0.000	163.263	163.779	0.000	1.500	163.250
120	1	2	2	0	0	0	0	0.000	0.000	0.000	0.000	0.000	0.000	0.500	164.750
121	1	0	1	0	0	0	0	0.000	0.000	0.000	165.263	165.779	0.000	1.500	165.250
122	1	2	2	0	0	0	0	0.000	0.000	0.000	0.000	0.000	0.000	3.875	166.750
123	1	0	1	0	0	0	0	0.000	0.000	0.000	170.645	171.162	0.000	1.500	170.625
124	1	2	2	0	0	0	0	0.000	0.000	0.000	0.000	0.000	0.000	1.750	172.125
125	1	0	0	0	0	0	0	0.000	0.000	0.000	173.878	174.395	0.000	1.500	173.875
126	1	2	2	0	0	0	0	0.000	0.000	0.000	0.000	0.000	0.000	0.750	175.375
127	1	1	1	2	700	0	0	0.000	0.000	0.000	176.128	176.645	0.707	1.500	176.125
128	1	2	2	0	0	0	0	0.000	0.000	0.000	0.000	0.000	0.000	0.625	177.625
129	1	0	0	0	0	0	0	0.000	0.000	0.000	178.378	178.894	0.000	1.500	178.250
130	1	2	2	0	0	0	0	0.000	0.000	0.000	0.000	0.000	0.000	3.500	179.750
131	1	0	1	0	0	0	0	0.000	0.000	0.000	183.261	183.777	0.000	1.500	183.250
132	1	2	2	0	0	0	0	0.000	0.000	0.000	0.000	0.000	0.000	1.250	184.750
133	1	1	0	1	650	0	0	0.000	0.000	0.000	186.010	186.527	0.654	1.500	186.000
134	1	2	2	0	0	0	0	0.000	0.000	0.000	0.000	0.000	0.000	1.125	187.500
135	1	1	1	2	750	0	0	0.000	0.000	0.000	188.627	189.143	0.758	1.500	188.625
136	1	2	2	0	0	0	0	0.000	0.000	0.000	0.000	0.000	0.000	1.375	190.125
137	1	0	1	0	0	0	0	0.000	0.000	0.000	191.510	192.026	0.000	1.500	191.500
138	1	2	2	0	0	0	0	0.000	0.000	0.000	0.000	0.000	0.000	0.500	193.000
139	1	0	0	0	0	0	0	0.000	0.000	0.000	193.510	194.026	0.000	1.500	193.500
140	1	2	2	0	0	0	0	0.000	0.000	0.000	0.000	0.000	0.000	0.625	195.000
141	1	0	0	0	0	0	0	0.000	0.000	0.000	195.626	196.143	0.000	1.500	195.625
142	1	2	2	0	0	0	0	0.000	0.000	0.000	0.000	0.000	0.000	1.125	197.125
143	1	0	1	0	0	0	0	0.000	0.000	0.000	198.259	198.776	0.000	1.500	198.250
144	1	2	2	0	0	0	0	0.000	0.000	0.000	0.000	0.000	0.000	0.625	199.750
145	1	1	0	2	800	0	0	0.000	0.000	0.000	200.392	200.909	0.802	1.500	200.375
146	1	2	2	0	0	0	0	0.000	0.000	0.000	0.000	0.000	0.000	1.625	201.875
147	1	0	0	0	0	0	0	0.000	0.000	0.000	203.508	204.025	0.000	1.500	203.500
148	1	2	2	0	0	0	0	0.000	0.000	0.000	0.000	0.000	0.000	1.125	205.000
149	1	0	0	0	0	0	0	0.000	0.000	0.000	206.141	206.658	0.000	1.500	206.125
150	1	2	2	0	0	0	0	0.000	0.000	0.000	0.000	0.000	0.000	2.500	207.625
151	1	1	1	1	700	0	0	0.000	0.000	0.000	210.141	210.658	0.703	1.500	210.125
152	1	2	2	0	0	0	0	0.000	0.000	0.000	0.000	0.000	0.000	1.750	211.625
153	1	0	1	0	0	0	0	0.000	0.000	0.000	213.391	213.907	0.000	1.500	213.375
154	1	2	2	0	0	0	0	0.000	0.000	0.000	0.000	0.000	0.000	0.625	214.875
155	1	0	1	0	0	0	0	0.000	0.000	0.000	215.507	216.024	0.000	1.500	215.500
156	1	2	2	0	0	0	0	0.000	0.000	0.000	0.000	0.000	0.000	0.500	217.000
157	1	0	1	0	0	0	0	0.000	0.000	0.000	217.507	218.024	0.000	1.500	217.500
158	1	2	2	0	0	0	0	0.000	0.000	0.000	0.000	0.000	0.000	1.125	219.000
159	1	0	0	0	0	0	0	0.000	0.000	0.000	220.140	220.657	0.000	1.500	220.125
160	1	2	2	0	0	0	0	0.000	0.000	0.000	0.000	0.000	0.000	1.000	221.625
161	1	0	1	0	0	0	0	0.000	0.000	0.000	222.640	223.156	0.000	1.500	222.625
162	1	2	2	0	0	0	0	0.000	0.000	0.000	0.000	0.000	0.000	2.375	224.125
163	1	1	0	2	850	0	0	0.000	0.000	0.000	226.506	227.023	0.857	1.500	226.500
164	1	2	2	0	0	0	0	0.000	0.000	0.000	0.000	0.000	0.000	1.250	228.000
165	1	1	1	1	750	0	0	0.000	0.000	0.000	229.256	229.772	0.758	1.500	229.250
166	1	2	2	0	0	0	0	0.000	0.000	0.000	0.000	0.000	0.000	0.750	230.750
167	1	0	1	0	0	0	0	0.000	0.000	0.000	231.572	232.089	0.000	1.500	231.500
168	1	2	2	0	0	0	0	0.000	0.000	0.000	0.000	0.000	0.000	2.250	233.000
169	1	0	0	0	0	0	0	0.000	0.000	0.000	235.255	235.772	0.000	1.500	235.250
170	1	2	2	0	0	0	0	0.000	0.000	0.000	0.000	0.000	0.000	1.000	236.750
171	1	0	0	0	0	0	0	0.000	0.000	0.000	237.755	238.271	0.000	1.500	237.750
172	1	2	2	0	0	0	0	0.000	0.000	0.000	0.000	0.000	0.000	0.875	239.250
173	1	0	1	0	0	0	0	0.000	0.000	0.000	240.138	240.654	0.000	1.500	240.125
174	1	2	2	0	0	0	0	0.000	0.000	0.000	0.000	0.000	0.000	0.500	241.625
175	1	0	0	0	0	0	0	0.000	0.000	0.000	242.138	242.654	0.000	1.500	242.125
176	1	2	2	0	0	0	0	0.000	0.000	0.000	0.000	0.000	0.000	0.625	243.625
177	1	0	0	0	0	0	0	0.000	0.000	0.000	244.254	244.771	0.000	1.500	244.250
178	1	2	2	0	0	0	0	0.000	0.000	0.000	0.000	0.000	0.000	1.125	245.750
179	1	0	1	0	0	0	0	0.000	0.000	0.000	246.887	247.404	0.000	1.500	246.875
180	1	2	2	0	0	0	0	0.000	0.000	0.000	0.000	0.000	0.000	1.500	248.375
181	1	0	1	0	0	0	0	0.000	0.000	0.000	249.887	250.403	0.000	1.500	249.875
182	1	2	2	0	0	0	0	0.000	0.000	0.000	0.000	0.000	0.000	0.625	251.375
183	1	1	0	2	900	0	0	0.000	0.000	0.000	252.003	252.520	0.910	1.500	252.000
184	1	2	2	0	0	0	0	0.000	0.000	0.000	0.000	0.000	0.000	1.375	253.500
185	1	0	1	0	0	0	0	0.000	0.000	0.000	254.886	255.403	0.000	1.500	254.875
186	1	2	2	0	0	0	0	0.000	0.000	0.000	0.000	0.000	0.000	1.375	256.375
187	1	0	0	0	0	0	0	0.000	0.000	0.000	257.753	258.269	0.000	1.500	257.750
188	1	2	2	0	0	0	0	0.000	0.000	0.000	0.000	0.000	0.000	1.000	259.250
189	1	0	0	0	0	0	0	0.000	0.000	0.000	260.252	260.769	0.000	1.500	260.250
190	1	2	2	0	0	0	0	0.000	0.000	0.000	0.000	0.000	0.000	1.375	261.750
191	1	1	1	1	800	0	0	0.000	0.000	0.000	263.135	263.652	0.807	1.500	263.125
192	1	2	2	0	0	0	0	0.000	0.000	0.000	0.000	0.000	0.000	1.000	264.625
193	1	0	0	0	0	0	0	0.000	0.000	0.000	265.652	266.168	0.000	1.500	265.625
194	1	2	2	0	0	0	0	0.000	0.000	0.000	0.000	0.000	0.000	0.750	267.125
195	1	1	0	1	850	0	0	0.000	0.000	0.000	267.885	268.401	0.857	1.500	267.875
196	1	2	2	0	0	0	0	0.000	0.000	0.000	0.000	0.000	0.000	2.750	269.375
197	1	0	1	0	0	0	0	0.000	0.000	0.000	272.134	272.651	0.000	1.500	272.125
198	1	2	2	0	0	0	0	0.000	0.000	0.000	0.000	0.000	0.000	1.250	273.625
199	1	0	0	0	0	0	0	0.000	0.000	0.000	274.884	275.401	0.000	1.500	274.875
200	1	2	2	0	0	0	0	0.000	0.000	0.000	0.000	0.000	0.000	2.625	276.375
201	1	0	0	0	0	0	0	0.000	0.000	0.000	279.017	279.534	0.000	1.500	279.000
202	1	2	2	0	0	0	0	0.000	0.000	0.000	0.000	0.000	0.000	0.750	280.500
203	1	0	1	0	0	0	0	0.000	0.000	0.000	281.267	281.783	0.000	1.500	281.250
204	1	2	2	0	0	0	0	0.000	0.000	0.000	0.000	0.000	0.000	1.000	282.750
205	1	0	1	0	0	0	0	0.000	0.000	0.000	283.766	284.283	0.000	1.500	283.750
206	1	2	2	0	0	0	0	0.000	0.000	0.000	0.000	0.000	0.000	1.250	285.250
207	1	1	1	2	950	0	0	0.000	0.000	0.000	286.516	287.033	0.955	1.500	286.500
208	1	2	2	0	0	0	0	0.000	0.000	0.000	0.000	0.000	0.000	2.250	288.000
209	1	1	0	2	1000	0	0	0.000	0.000	0.000	290.266	290.782	1.005	1.500	290.250
210	1	2	2	0	0	0	0	0.000	0.000	0.000	0.000	0.000	0.000	2.250	291.750
211	1	1	1	1	900	0	0	0.000	0.000	0.000	294.015	294.532	0.905	1.500	294.000
212	1	2	2	0	0	0	0	0.000	0.000	0.000	0.000	0.000	0.000	0.500	295.500
213	1	0	0	0	0	0	0	0.000	0.000	0.000	296.482	296.998	0.000	1.500	296.000
214	1	2	2	0	0	0	0	0.000	0.000	0.000	0.000	0.000	0.000	0.750	297.500
215	1	0	1	0	0	0	0	0.000	0.000	0.000	298.265	298.781	0.000	1.500	298.250
216	1	2	2	0	0	0	0	0.000	0.000	0.000	0.000	0.000	0.000	1.250	299.750
217	1	0	0	0	0	0	0	0.000	0.000	0.000	301.031	301.548	0.000	1.500	301.000
218	1	2	2	0	0	0	0	0.000	0.000	0.000	0.000	0.000	0.000	1.750	302.500
219	1	0	1	0	0	0	0	0.000	0.000	0.000	304.264	304.798	0.000	1.500	304.250
220	1	2	2	0	0	0	0	0.000	0.000	0.000	0.000	0.000	0.000	0.500	305.750
221	1	0	0	0	0	0	0	0.000	0.000	0.000	306.264	306.814	0.000	1.500	306.250
222	1	2	2	0	0	0	0	0.000	0.000	0.000	0.000	0.000	0.000	1.000	307.750
223	1	0	1	0	0	0	0	0.000	0.000	0.000	308.764	309.280	0.000	1.500	308.750
224	1	2	2	0	0	0	0	0.000	0.000	0.000	0.000	0.000	0.000	1.500	310.250
225	1	0	1	0	0	0	0	0.000	0.000	0.000	311.763	312.280	0.000	1.500	311.750
226	1	2	2	0	0	0	0	0.000	0.000	0.000	0.000	0.000	0.000	2.250	313.250
227	1	0	0	0	0	0	0	0.000	0.000	0.000	315.513	316.030	0.000	1.500	315.500
228	1	2	2	0	0	0	0	0.000	0.000	0.000	0.000	0.000	0.000	1.000	317.000
229	1	1	1	2	1050	0	0	0.000	0.000	0.000	318.013	318.529	1.058	1.500	318.000
230	1	2	2	0	0	0	0	0.000	0.000	0.000	0.000	0.000	0.000	1.375	319.500
231	1	1	0	1	950	0	0	0.000	0.000	0.000	320.879	321.396	0.951	1.500	320.875
232	1	2	2	0	0	0	0	0.000	0.000	0.000	0.000	0.000	0.000	0.625	322.375
233	1	0	0	0	0	0	0	0.000	0.000	0.000	323.379	323.895	0.000	1.500	323.000
234	1	2	2	0	0	0	0	0.000	0.000	0.000	0.000	0.000	0.000	0.625	324.500
235	1	0	1	0	0	0	0	0.000	0.000	0.000	325.129	325.645	0.000	1.500	325.125
236	1	2	2	0	0	0	0	0.000	0.000	0.000	0.000	0.000	0.000	3.000	326.625
237	1	0	1	0	0	0	0	0.000	0.000	0.000	329.645	330.161	0.000	1.500	329.625
238	1	2	2	0	0	0	0	0.000	0.000	0.000	0.000	0.000	0.000	1.875	331.125
239	1	0	0	0	0	0	0	0.000	0.000	0.000	333.011	333.528	0.000	1.500	333.000
240	1	2	2	0	0	0	0	0.000	0.000	0.000	0.000	0.000	0.000	0.625	334.500
241	1	0	0	0	0	0	0	0.000	0.000	0.000	335.127	335.644	0.000	1.500	335.125
242	1	2	2	0	0	0	0	0.000	0.000	0.000	0.000	0.000	0.000	1.000	336.625
243	1	0	1	0	0	0	0	0.000	0.000	0.000	337.627	338.144	0.000	1.500	337.625
244	1	2	2	0	0	0	0	0.000	0.000	0.000	0.000	0.000	0.000	0.625	339.125
245	1	1	0	2	1100	0	0	0.000	0.000	0.000	339.760	340.277	1.110	1.500	339.750
246	1	2	2	0	0	0	0	0.000	0.000	0.000	0.000	0.000	0.000	0.500	341.250
247	1	0	1	0	0	0	0	0.000	0.000	0.000	342.427	342.943	0.000	1.500	341.750
248	1	2	2	0	0	0	0	0.000	0.000	0.000	0.000	0.000	0.000	1.375	343.250
249	1	0	1	0	0	0	0	0.000	0.000	0.000	344.626	345.143	0.000	1.500	344.625
250	1	2	2	0	0	0	0	0.000	0.000	0.000	0.000	0.000	0.000	1.500	346.125
251	1	0	0	0	0	0	0	0.000	0.000	0.000	347.643	348.159	0.000	1.500	347.625
252	1	2	2	0	0	0	0	0.000	0.000	0.000	0.000	0.000	0.000	1.750	349.125
253	1	0	0	0	0	0	0	0.000	0.000	0.000	350.892	351.409	0.000	1.500	350.875
254	1	2	2	0	0	0	0	0.000	0.000	0.000	0.000	0.000	0.000	0.750	352.375
255	1	1	1	1	1000	0	0	0.000	0.000	0.000	353.142	353.659	1.007	1.500	353.125
256	1	2	2	0	0	0	0	0.000	0.000	0.000	0.000	0.000	0.000	1.250	354.625
Started: 02-Aug-2013 14:19
1	1	1	1	1	250	0	0	0.000	0.000	0.000	0.185	0.701	0.253	1.500	0.000
2	1	2	2	0	0	0	0	0.000	0.000	0.000	0.000	0.000	0.000	0.500	1.500
Started: 02-Aug-2013 14:21
1	1	1	1	1	250	0	0	0.000	0.000	0.000	0.145	0.662	0.254	1.500	0.000
2	1	2	2	0	0	0	0	0.000	0.000	0.000	0.000	0.000	0.000	0.500	1.500
3	1	0	1	0	0	0	0	0.000	0.000	0.000	2.028	2.545	0.000	1.500	2.000
4	1	2	2	0	0	0	0	0.000	0.000	0.000	0.000	0.000	0.000	0.750	3.500
5	1	0	0	0	0	0	0	0.000	0.000	0.000	4.261	4.778	0.000	1.500	4.250
6	1	2	2	0	0	0	0	0.000	0.000	0.000	0.000	0.000	0.000	1.250	5.750
7	1	0	1	0	0	0	0	0.000	0.000	0.000	7.011	7.528	0.000	1.500	7.000
8	1	2	2	0	0	0	0	0.000	0.000	0.000	0.000	0.000	0.000	1.500	8.500
9	1	0	1	0	0	0	0	0.000	0.000	0.000	10.011	10.527	0.000	1.500	10.000
10	1	2	2	0	0	0	0	0.000	0.000	0.000	0.000	0.000	0.000	1.250	11.500
11	1	0	0	0	0	0	0	0.000	0.000	0.000	12.760	13.277	0.000	1.500	12.750
12	1	2	2	0	0	0	0	0.000	0.000	0.000	0.000	0.000	0.000	0.500	14.250
13	1	0	0	0	0	0	0	0.000	0.000	0.000	14.760	15.277	0.000	1.500	14.750
14	1	2	2	0	0	0	0	0.000	0.000	0.000	0.000	0.000	0.000	0.500	16.250
15	1	1	0	2	350	0	0	0.000	0.000	0.000	16.760	17.276	0.358	1.500	16.750
16	1	2	2	0	0	0	0	0.000	0.000	0.000	0.000	0.000	0.000	1.500	18.250
17	1	0	0	0	0	0	0	0.000	0.000	0.000	19.759	20.276	0.000	1.500	19.750
18	1	2	2	0	0	0	0	0.000	0.000	0.000	0.000	0.000	0.000	3.000	21.250
19	1	1	1	1	300	0	0	0.000	0.000	0.000	24.259	24.775	0.309	1.500	24.250
20	1	2	2	0	0	0	0	0.000	0.000	0.000	0.000	0.000	0.000	2.625	25.750
21	1	0	1	0	0	0	0	0.000	0.000	0.000	28.392	28.908	0.000	1.500	28.375
22	1	2	2	0	0	0	0	0.000	0.000	0.000	0.000	0.000	0.000	2.875	29.875
23	1	0	1	0	0	0	0	0.000	0.000	0.000	32.758	33.275	0.000	1.500	32.750
24	1	2	2	0	0	0	0	0.000	0.000	0.000	0.000	0.000	0.000	1.750	34.250
25	1	0	1	0	0	0	0	0.000	0.000	0.000	36.008	36.524	0.000	1.500	36.000
26	1	2	2	0	0	0	0	0.000	0.000	0.000	0.000	0.000	0.000	0.750	37.500
27	1	0	0	0	0	97	0	0.457	0.000	0.000	38.257	38.774	0.000	1.500	38.250
28	1	2	2	0	0	0	0	0.000	0.000	0.000	0.000	0.000	0.000	0.875	39.750
29	1	1	0	2	400	97	0	0.400	0.000	0.000	40.640	41.157	0.407	1.500	40.625
30	1	2	2	0	0	0	0	0.000	0.000	0.000	0.000	0.000	0.000	0.500	42.125
31	1	0	0	0	0	97	0	0.874	0.000	0.000	42.640	43.157	0.000	1.500	42.625
32	1	2	2	0	0	0	0	0.000	0.000	0.000	0.000	0.000	0.000	0.750	44.125
33	1	0	0	0	0	97	0	0.383	0.000	0.000	44.890	45.407	0.000	1.500	44.875
34	1	2	2	0	0	0	0	0.000	0.000	0.000	0.000	0.000	0.000	0.625	46.375
35	1	0	0	0	0	98	0	0.483	0.000	0.000	47.006	47.523	0.000	1.500	47.000
36	1	2	2	0	0	0	0	0.000	0.000	0.000	0.000	0.000	0.000	0.625	48.500
37	1	0	0	0	0	98	0	0.462	0.000	0.000	49.140	49.656	0.000	1.500	49.125
38	1	2	2	0	0	0	0	0.000	0.000	0.000	0.000	0.000	0.000	2.125	50.625
39	1	0	1	0	0	97	0	0.365	0.000	0.000	52.756	53.272	0.000	1.500	52.750
40	1	2	2	0	0	0	0	0.000	0.000	0.000	0.000	0.000	0.000	0.500	54.250
41	1	0	1	0	0	98	0	0.421	0.000	0.000	54.756	55.272	0.000	1.500	54.750
42	1	2	2	0	0	0	0	0.000	0.000	0.000	0.000	0.000	0.000	0.875	56.250
43	1	1	1	2	350	98	0	0.366	0.000	0.000	57.139	57.655	0.358	1.500	57.125
44	1	2	2	0	0	0	0	0.000	0.000	0.000	0.000	0.000	0.000	1.000	58.625
45	1	1	0	1	350	97	0	0.350	0.000	0.000	59.638	60.155	0.359	1.500	59.625
46	1	2	2	0	0	0	0	0.000	0.000	0.000	0.000	0.000	0.000	0.625	61.125
47	1	0	1	0	0	98	0	0.334	0.000	0.000	61.755	62.271	0.000	1.500	61.750
48	1	2	2	0	0	0	0	0.000	0.000	0.000	0.000	0.000	0.000	0.625	63.250
49	1	0	0	0	0	97	0	0.273	0.000	0.000	63.888	64.405	0.000	1.500	63.875
50	1	2	2	0	0	0	0	0.000	0.000	0.000	0.000	0.000	0.000	0.625	65.375
51	1	0	1	0	0	98	0	0.284	0.000	0.000	66.004	66.521	0.000	1.500	66.000
52	1	2	2	0	0	0	0	0.000	0.000	0.000	0.000	0.000	0.000	0.625	67.500
53	1	0	0	0	0	97	0	0.303	0.000	0.000	68.138	68.654	0.000	1.500	68.125
54	1	2	2	0	0	0	0	0.000	0.000	0.000	0.000	0.000	0.000	0.875	69.625
55	1	0	1	0	0	98	0	0.313	0.000	0.000	70.504	71.021	0.000	1.500	70.500
56	1	2	2	0	0	0	0	0.000	0.000	0.000	0.000	0.000	0.000	1.750	72.000
57	1	0	0	0	0	97	0	0.270	0.000	0.000	73.770	74.287	0.000	1.500	73.750
58	1	2	2	0	0	0	0	0.000	0.000	0.000	0.000	0.000	0.000	2.375	75.250
59	1	0	1	0	0	98	0	0.268	0.000	0.000	77.637	78.153	0.000	1.500	77.625
60	1	2	2	0	0	0	0	0.000	0.000	0.000	0.000	0.000	0.000	0.500	79.125
61	1	1	0	2	300	97	0	0.300	0.000	0.000	79.636	80.153	0.310	1.500	79.625
62	1	2	2	0	0	0	0	0.000	0.000	0.000	0.000	0.000	0.000	0.625	81.125
63	1	1	1	1	300	98	0	0.300	0.000	0.000	81.753	82.269	0.304	1.500	81.750
64	1	2	2	0	0	0	0	0.000	0.000	0.000	0.000	0.000	0.000	0.875	83.250
65	1	1	0	2	250	0	0	0.000	0.000	0.000	84.136	84.652	0.260	1.500	84.125
66	1	2	2	0	0	0	0	0.000	0.000	0.000	0.000	0.000	0.000	2.000	85.625
67	1	1	1	1	250	0	0	0.000	0.000	0.000	87.635	88.152	0.250	1.500	87.625
68	1	2	2	0	0	0	0	0.000	0.000	0.000	0.000	0.000	0.000	1.625	89.125
69	1	0	0	0	0	0	0	0.000	0.000	0.000	90.768	91.285	0.000	1.500	90.750
70	1	2	2	0	0	0	0	0.000	0.000	0.000	0.000	0.000	0.000	0.750	92.250
71	1	0	0	0	0	0	0	0.000	0.000	0.000	93.001	93.518	0.000	1.500	93.000
72	1	2	2	0	0	0	0	0.000	0.000	0.000	0.000	0.000	0.000	1.500	94.500
73	1	0	1	0	0	0	0	0.000	0.000	0.000	96.018	96.534	0.000	1.500	96.000
74	1	2	2	0	0	0	0	0.000	0.000	0.000	0.000	0.000	0.000	0.625	97.500
75	1	0	0	0	0	0	0	0.000	0.000	0.000	98.134	98.651	0.000	1.500	98.125
76	1	2	2	0	0	0	0	0.000	0.000	0.000	0.000	0.000	0.000	1.500	99.625
77	1	0	1	0	0	0	0	0.000	0.000	0.000	101.134	101.651	0.000	1.500	101.125
78	1	2	2	0	0	0	0	0.000	0.000	0.000	0.000	0.000	0.000	1.375	102.625
79	1	0	1	0	0	0	0	0.000	0.000	0.000	104.017	104.534	0.000	1.500	104.000
80	1	2	2	0	0	0	0	0.000	0.000	0.000	0.000	0.000	0.000	1.000	105.500
81	1	0	1	0	0	0	0	0.000	0.000	0.000	106.517	107.033	0.000	1.500	106.500
82	1	2	2	0	0	0	0	0.000	0.000	0.000	0.000	0.000	0.000	2.875	108.000
83	1	1	0	1	300	0	0	0.000	0.000	0.000	110.883	111.399	0.302	1.500	110.875
84	1	2	2	0	0	0	0	0.000	0.000	0.000	0.000	0.000	0.000	0.750	112.375
85	1	1	1	2	300	0	0	0.000	0.000	0.000	113.133	113.649	0.303	1.500	113.125
86	1	2	2	0	0	0	0	0.000	0.000	0.000	0.000	0.000	0.000	0.625	114.625
87	1	0	1	0	0	0	0	0.000	0.000	0.000	115.266	115.782	0.000	1.500	115.250
88	1	2	2	0	0	0	0	0.000	0.000	0.000	0.000	0.000	0.000	1.500	116.750
89	1	0	0	0	0	0	0	0.000	0.000	0.000	118.265	118.782	0.000	1.500	118.250
90	1	2	2	0	0	0	0	0.000	0.000	0.000	0.000	0.000	0.000	0.875	119.750
91	1	0	0	0	0	0	0	0.000	0.000	0.000	120.632	121.148	0.000	1.500	120.625
92	1	2	2	0	0	0	0	0.000	0.000	0.000	0.000	0.000	0.000	0.625	122.125
93	1	0	0	0	0	0	0	0.000	0.000	0.000	122.765	123.282	0.000	1.500	122.750
94	1	2	2	0	0	0	0	0.000	0.000	0.000	0.000	0.000	0.000	0.500	124.250
95	1	0	1	0	0	0	0	0.000	0.000	0.000	124.765	125.281	0.000	1.500	124.750
96	1	2	2	0	0	0	0	0.000	0.000	0.000	0.000	0.000	0.000	1.875	126.250
97	1	1	0	1	350	0	0	0.000	0.000	0.000	128.131	128.648	0.354	1.500	128.125
98	1	2	2	0	0	0	0	0.000	0.000	0.000	0.000	0.000	0.000	2.000	129.625
99	1	1	1	2	350	0	0	0.000	0.000	0.000	131.631	132.147	0.354	1.500	131.625
100	1	2	2	0	0	0	0	0.000	0.000	0.000	0.000	0.000	0.000	2.625	133.125
101	1	0	0	0	0	0	0	0.000	0.000	0.000	135.764	136.280	0.000	1.500	135.750
102	1	2	2	0	0	0	0	0.000	0.000	0.000	0.000	0.000	0.000	3.250	137.250
103	1	0	1	0	0	0	0	0.000	0.000	0.000	140.513	141.030	0.000	1.500	140.500
104	1	2	2	0	0	0	0	0.000	0.000	0.000	0.000	0.000	0.000	0.500	142.000
105	1	0	0	0	0	0	0	0.000	0.000	0.000	142.513	143.029	0.000	1.500	142.500
106	1	2	2	0	0	0	0	0.000	0.000	0.000	0.000	0.000	0.000	0.500	144.000
107	1	0	1	0	0	0	0	0.000	0.000	0.000	144.513	145.029	0.000	1.500	144.500
108	1	2	2	0	0	0	0	0.000	0.000	0.000	0.000	0.000	0.000	1.875	146.000
109	1	0	1	0	0	0	0	0.000	0.000	0.000	147.879	148.395	0.000	1.500	147.875
110	1	2	2	0	0	0	0	0.000	0.000	0.000	0.000	0.000	0.000	0.625	149.375
111	1	0	0	0	0	0	0	0.000	0.000	0.000	150.012	150.529	0.000	1.500	150.000
112	1	2	2	0	0	0	0	0.000	0.000	0.000	0.000	0.000	0.000	2.500	151.500
113	1	0	1	0	0	0	0	0.000	0.000	0.000	154.012	154.528	0.000	1.500	154.000
114	1	2	2	0	0	0	0	0.000	0.000	0.000	0.000	0.000	0.000	1.500	155.500
115	1	1	0	1	400	0	0	0.000	0.000	0.000	157.011	157.528	0.402	1.500	157.000
116	1	2	2	0	0	0	0	0.000	0.000	0.000	0.000	0.000	0.000	2.000	158.500
117	1	0	0	0	0	0	0	0.000	0.000	0.000	160.511	161.027	0.000	1.500	160.500
118	1	2	2	0	0	0	0	0.000	0.000	0.000	0.000	0.000	0.000	1.250	162.000
119	1	0	0	0	0	0	0	0.000	0.000	0.000	163.261	163.777	0.000	1.500	163.250
120	1	2	2	0	0	0	0	0.000	0.000	0.000	0.000	0.000	0.000	0.500	164.750
121	1	0	1	0	0	0	0	0.000	0.000	0.000	165.277	165.794	0.000	1.500	165.250
122	1	2	2	0	0	0	0	0.000	0.000	0.000	0.000	0.000	0.000	3.875	166.750
123	1	0	1	0	0	0	0	0.000	0.000	0.000	170.643	171.160	0.000	1.500	170.625
124	1	2	2	0	0	0	0	0.000	0.000	0.000	0.000	0.000	0.000	1.750	172.125
125	1	0	0	0	0	0	0	0.000	0.000	0.000	173.893	174.409	0.000	1.500	173.875
126	1	2	2	0	0	0	0	0.000	0.000	0.000	0.000	0.000	0.000	0.750	175.375
127	1	1	1	2	400	0	0	0.000	0.000	0.000	176.142	176.659	0.400	1.500	176.125
128	1	2	2	0	0	0	0	0.000	0.000	0.000	0.000	0.000	0.000	0.625	177.625
129	1	0	0	0	0	0	0	0.000	0.000	0.000	178.259	178.776	0.000	1.500	178.250
130	1	2	2	0	0	0	0	0.000	0.000	0.000	0.000	0.000	0.000	3.500	179.750
131	1	0	1	0	0	0	0	0.000	0.000	0.000	183.258	183.775	0.000	1.500	183.250
132	1	2	2	0	0	0	0	0.000	0.000	0.000	0.000	0.000	0.000	1.250	184.750
133	1	1	0	1	450	0	0	0.000	0.000	0.000	186.008	186.525	0.455	1.500	186.000
134	1	2	2	0	0	0	0	0.000	0.000	0.000	0.000	0.000	0.000	1.125	187.500
135	1	1	1	2	450	0	0	0.000	0.000	0.000	188.641	189.158	0.452	1.500	188.625
136	1	2	2	0	0	0	0	0.000	0.000	0.000	0.000	0.000	0.000	1.375	190.125
137	1	0	1	0	0	0	0	0.000	0.000	0.000	191.507	192.024	0.000	1.500	191.500
138	1	2	2	0	0	0	0	0.000	0.000	0.000	0.000	0.000	0.000	0.500	193.000
139	1	0	0	0	0	0	0	0.000	0.000	0.000	193.507	194.024	0.000	1.500	193.500
140	1	2	2	0	0	0	0	0.000	0.000	0.000	0.000	0.000	0.000	0.625	195.000
141	1	0	0	0	0	0	0	0.000	0.000	0.000	195.640	196.157	0.000	1.500	195.625
142	1	2	2	0	0	0	0	0.000	0.000	0.000	0.000	0.000	0.000	1.125	197.125
143	1	0	1	0	0	0	0	0.000	0.000	0.000	198.257	198.773	0.000	1.500	198.250
144	1	2	2	0	0	0	0	0.000	0.000	0.000	0.000	0.000	0.000	0.625	199.750
145	1	1	0	2	500	0	0	0.000	0.000	0.000	200.390	200.906	0.502	1.500	200.375
146	1	2	2	0	0	0	0	0.000	0.000	0.000	0.000	0.000	0.000	1.625	201.875
147	1	0	0	0	0	0	0	0.000	0.000	0.000	203.506	204.023	0.000	1.500	203.500
148	1	2	2	0	0	0	0	0.000	0.000	0.000	0.000	0.000	0.000	1.125	205.000
149	1	0	0	0	0	0	0	0.000	0.000	0.000	206.139	206.656	0.000	1.500	206.125
150	1	2	2	0	0	0	0	0.000	0.000	0.000	0.000	0.000	0.000	2.500	207.625
151	1	1	1	1	500	0	0	0.000	0.000	0.000	210.139	210.655	0.503	1.500	210.125
152	1	2	2	0	0	0	0	0.000	0.000	0.000	0.000	0.000	0.000	1.750	211.625
153	1	0	1	0	0	0	0	0.000	0.000	0.000	213.388	213.905	0.000	1.500	213.375
154	1	2	2	0	0	0	0	0.000	0.000	0.000	0.000	0.000	0.000	0.625	214.875
155	1	0	1	0	0	0	0	0.000	0.000	0.000	215.505	216.021	0.000	1.500	215.500
156	1	2	2	0	0	0	0	0.000	0.000	0.000	0.000	0.000	0.000	0.500	217.000
157	1	0	1	0	0	0	0	0.000	0.000	0.000	217.505	218.021	0.000	1.500	217.500
158	1	2	2	0	0	0	0	0.000	0.000	0.000	0.000	0.000	0.000	1.125	219.000
159	1	0	0	0	0	0	0	0.000	0.000	0.000	220.138	220.654	0.000	1.500	220.125
160	1	2	2	0	0	0	0	0.000	0.000	0.000	0.000	0.000	0.000	1.000	221.625
161	1	0	1	0	0	0	0	0.000	0.000	0.000	222.637	223.154	0.000	1.500	222.625
162	1	2	2	0	0	0	0	0.000	0.000	0.000	0.000	0.000	0.000	2.375	224.125
163	1	1	0	2	550	0	0	0.000	0.000	0.000	226.520	227.037	0.551	1.500	226.500
164	1	2	2	0	0	0	0	0.000	0.000	0.000	0.000	0.000	0.000	1.250	228.000
165	1	1	1	1	550	0	0	0.000	0.000	0.000	229.253	229.770	0.558	1.500	229.250
166	1	2	2	0	0	0	0	0.000	0.000	0.000	0.000	0.000	0.000	0.750	230.750
167	1	0	1	0	0	0	0	0.000	0.000	0.000	231.503	232.020	0.000	1.500	231.500
168	1	2	2	0	0	0	0	0.000	0.000	0.000	0.000	0.000	0.000	2.250	233.000
169	1	0	0	0	0	0	0	0.000	0.000	0.000	235.269	235.786	0.000	1.500	235.250
170	1	2	2	0	0	0	0	0.000	0.000	0.000	0.000	0.000	0.000	1.000	236.750
171	1	0	0	0	0	0	0	0.000	0.000	0.000	237.752	238.269	0.000	1.500	237.750
172	1	2	2	0	0	0	0	0.000	0.000	0.000	0.000	0.000	0.000	0.875	239.250
173	1	0	1	0	0	0	0	0.000	0.000	0.000	240.136	240.652	0.000	1.500	240.125
174	1	2	2	0	0	0	0	0.000	0.000	0.000	0.000	0.000	0.000	0.500	241.625
175	1	0	0	0	0	0	0	0.000	0.000	0.000	242.135	242.652	0.000	1.500	242.125
176	1	2	2	0	0	0	0	0.000	0.000	0.000	0.000	0.000	0.000	0.625	243.625
177	1	0	0	0	0	0	0	0.000	0.000	0.000	244.252	244.768	0.000	1.500	244.250
178	1	2	2	0	0	0	0	0.000	0.000	0.000	0.000	0.000	0.000	1.125	245.750
179	1	0	1	0	0	0	0	0.000	0.000	0.000	246.885	247.401	0.000	1.500	246.875
180	1	2	2	0	0	0	0	0.000	0.000	0.000	0.000	0.000	0.000	1.500	248.375
181	1	0	1	0	0	0	0	0.000	0.000	0.000	249.884	250.401	0.000	1.500	249.875
182	1	2	2	0	0	0	0	0.000	0.000	0.000	0.000	0.000	0.000	0.625	251.375
183	1	1	0	2	600	0	0	0.000	0.000	0.000	252.018	252.534	0.603	1.500	252.000
184	1	2	2	0	0	0	0	0.000	0.000	0.000	0.000	0.000	0.000	1.375	253.500
185	1	0	1	0	0	0	0	0.000	0.000	0.000	254.884	255.401	0.000	1.500	254.875
186	1	2	2	0	0	0	0	0.000	0.000	0.000	0.000	0.000	0.000	1.375	256.375
187	1	0	0	0	0	0	0	0.000	0.000	0.000	257.767	258.284	0.000	1.500	257.750
188	1	2	2	0	0	0	0	0.000	0.000	0.000	0.000	0.000	0.000	1.000	259.250
189	1	0	0	0	0	0	0	0.000	0.000	0.000	260.267	260.783	0.000	1.500	260.250
190	1	2	2	0	0	0	0	0.000	0.000	0.000	0.000	0.000	0.000	1.375	261.750
191	1	1	1	1	600	0	0	0.000	0.000	0.000	263.133	263.650	0.607	1.500	263.125
192	1	2	2	0	0	0	0	0.000	0.000	0.000	0.000	0.000	0.000	1.000	264.625
193	1	0	0	0	0	0	0	0.000	0.000	0.000	265.633	266.149	0.000	1.500	265.625
194	1	2	2	0	0	0	0	0.000	0.000	0.000	0.000	0.000	0.000	0.750	267.125
195	1	1	0	1	650	0	0	0.000	0.000	0.000	267.883	268.399	0.657	1.500	267.875
196	1	2	2	0	0	0	0	0.000	0.000	0.000	0.000	0.000	0.000	2.750	269.375
197	1	0	1	0	0	0	0	0.000	0.000	0.000	272.132	272.649	0.000	1.500	272.125
198	1	2	2	0	0	0	0	0.000	0.000	0.000	0.000	0.000	0.000	1.250	273.625
199	1	0	0	0	0	0	0	0.000	0.000	0.000	274.882	275.398	0.000	1.500	274.875
200	1	2	2	0	0	0	0	0.000	0.000	0.000	0.000	0.000	0.000	2.625	276.375
201	1	0	0	0	0	0	0	0.000	0.000	0.000	279.015	279.531	0.000	1.500	279.000
202	1	2	2	0	0	0	0	0.000	0.000	0.000	0.000	0.000	0.000	0.750	280.500
203	1	0	1	0	0	0	0	0.000	0.000	0.000	281.264	281.781	0.000	1.500	281.250
204	1	2	2	0	0	0	0	0.000	0.000	0.000	0.000	0.000	0.000	1.000	282.750
205	1	0	1	0	0	0	0	0.000	0.000	0.000	283.764	284.281	0.000	1.500	283.750
206	1	2	2	0	0	0	0	0.000	0.000	0.000	0.000	0.000	0.000	1.250	285.250
207	1	1	1	2	650	0	0	0.000	0.000	0.000	286.514	287.030	0.655	1.500	286.500
208	1	2	2	0	0	0	0	0.000	0.000	0.000	0.000	0.000	0.000	2.250	288.000
209	1	1	0	2	700	0	0	0.000	0.000	0.000	290.263	290.780	0.706	1.500	290.250
210	1	2	2	0	0	0	0	0.000	0.000	0.000	0.000	0.000	0.000	2.250	291.750
211	1	1	1	1	700	0	0	0.000	0.000	0.000	294.013	294.530	0.705	1.500	294.000
212	1	2	2	0	0	0	0	0.000	0.000	0.000	0.000	0.000	0.000	0.500	295.500
213	1	0	0	0	0	0	0	0.000	0.000	0.000	296.263	296.779	0.000	1.500	296.000
214	1	2	2	0	0	0	0	0.000	0.000	0.000	0.000	0.000	0.000	0.750	297.500
215	1	0	1	0	0	0	0	0.000	0.000	0.000	298.262	298.779	0.000	1.500	298.250
216	1	2	2	0	0	0	0	0.000	0.000	0.000	0.000	0.000	0.000	1.250	299.750
217	1	0	0	0	0	0	0	0.000	0.000	0.000	301.012	301.529	0.000	1.500	301.000
218	1	2	2	0	0	0	0	0.000	0.000	0.000	0.000	0.000	0.000	1.750	302.500
219	1	0	1	0	0	0	0	0.000	0.000	0.000	304.262	304.778	0.000	1.500	304.250
220	1	2	2	0	0	0	0	0.000	0.000	0.000	0.000	0.000	0.000	0.500	305.750
221	1	0	0	0	0	0	0	0.000	0.000	0.000	306.262	306.778	0.000	1.500	306.250
222	1	2	2	0	0	0	0	0.000	0.000	0.000	0.000	0.000	0.000	1.000	307.750
223	1	0	1	0	0	0	0	0.000	0.000	0.000	308.761	309.278	0.000	1.500	308.750
224	1	2	2	0	0	0	0	0.000	0.000	0.000	0.000	0.000	0.000	1.500	310.250
225	1	0	1	0	0	0	0	0.000	0.000	0.000	311.761	312.278	0.000	1.500	311.750
226	1	2	2	0	0	0	0	0.000	0.000	0.000	0.000	0.000	0.000	2.250	313.250
227	1	0	0	0	0	0	0	0.000	0.000	0.000	315.511	316.027	0.000	1.500	315.500
228	1	2	2	0	0	0	0	0.000	0.000	0.000	0.000	0.000	0.000	1.000	317.000
229	1	1	1	2	750	0	0	0.000	0.000	0.000	318.010	318.527	0.758	1.500	318.000
230	1	2	2	0	0	0	0	0.000	0.000	0.000	0.000	0.000	0.000	1.375	319.500
231	1	1	0	1	750	0	0	0.000	0.000	0.000	320.877	321.393	0.751	1.500	320.875
232	1	2	2	0	0	0	0	0.000	0.000	0.000	0.000	0.000	0.000	0.625	322.375
233	1	0	0	0	0	0	0	0.000	0.000	0.000	323.193	323.710	0.000	1.500	323.000
234	1	2	2	0	0	0	0	0.000	0.000	0.000	0.000	0.000	0.000	0.625	324.500
235	1	0	1	0	0	0	0	0.000	0.000	0.000	325.143	325.659	0.000	1.500	325.125
236	1	2	2	0	0	0	0	0.000	0.000	0.000	0.000	0.000	0.000	3.000	326.625
237	1	0	1	0	0	0	0	0.000	0.000	0.000	329.642	330.159	0.000	1.500	329.625
238	1	2	2	0	0	0	0	0.000	0.000	0.000	0.000	0.000	0.000	1.875	331.125
239	1	0	0	0	0	0	0	0.000	0.000	0.000	333.009	333.525	0.000	1.500	333.000
240	1	2	2	0	0	0	0	0.000	0.000	0.000	0.000	0.000	0.000	0.625	334.500
241	1	0	0	0	0	0	0	0.000	0.000	0.000	335.142	335.658	0.000	1.500	335.125
242	1	2	2	0	0	0	0	0.000	0.000	0.000	0.000	0.000	0.000	1.000	336.625
243	1	0	1	0	0	0	0	0.000	0.000	0.000	337.642	338.158	0.000	1.500	337.625
244	1	2	2	0	0	0	0	0.000	0.000	0.000	0.000	0.000	0.000	0.625	339.125
245	1	1	0	2	800	0	0	0.000	0.000	0.000	339.758	340.275	0.809	1.500	339.750
246	1	2	2	0	0	0	0	0.000	0.000	0.000	0.000	0.000	0.000	0.500	341.250
247	1	0	1	0	0	0	0	0.000	0.000	0.000	342.124	342.641	0.000	1.500	341.750
248	1	2	2	0	0	0	0	0.000	0.000	0.000	0.000	0.000	0.000	1.375	343.250
249	1	0	1	0	0	0	0	0.000	0.000	0.000	344.641	345.157	0.000	1.500	344.625
250	1	2	2	0	0	0	0	0.000	0.000	0.000	0.000	0.000	0.000	1.500	346.125
251	1	0	0	0	0	0	0	0.000	0.000	0.000	347.640	348.157	0.000	1.500	347.625
252	1	2	2	0	0	0	0	0.000	0.000	0.000	0.000	0.000	0.000	1.750	349.125
253	1	0	0	0	0	0	0	0.000	0.000	0.000	350.890	351.407	0.000	1.500	350.875
254	1	2	2	0	0	0	0	0.000	0.000	0.000	0.000	0.000	0.000	0.750	352.375
255	1	1	1	1	800	0	0	0.000	0.000	0.000	353.140	353.656	0.807	1.500	353.125
256	1	2	2	0	0	0	0	0.000	0.000	0.000	0.000	0.000	0.000	1.250	354.625
