Started: 22-Jul-2013 15:46
1	1	0	1	0	0	37	0	0.530	0.000	0.000	0.059	0.000	0.000	1.500	0.000
2	1	2	2	0	0	0	0	0.000	0.000	0.000	0.000	0.000	0.000	0.875	1.500
3	1	0	0	0	0	0	0	0.000	0.000	0.000	2.142	0.000	0.000	1.500	2.375
4	1	2	2	0	0	0	0	0.000	0.000	0.000	0.000	0.000	0.000	0.500	3.875
5	1	0	0	0	0	0	0	0.000	0.000	0.000	4.710	0.000	0.000	1.500	4.375
6	1	2	2	0	0	0	0	0.000	0.000	0.000	0.000	0.000	0.000	2.125	5.875
7	1	0	0	0	0	0	0	0.000	0.000	0.000	7.276	0.000	0.000	1.500	8.000
8	1	2	2	0	0	0	0	0.000	0.000	0.000	0.000	0.000	0.000	1.375	9.500
9	1	0	1	0	0	0	0	0.000	0.000	0.000	9.842	0.000	0.000	1.500	10.875
10	1	2	2	0	0	0	0	0.000	0.000	0.000	0.000	0.000	0.000	1.125	12.375
11	1	1	0	2	350	0	0	0.000	0.000	0.000	12.413	0.000	0.350	1.500	13.500
12	1	2	2	0	0	0	0	0.000	0.000	0.000	0.000	0.000	0.000	0.750	15.000
13	1	1	1	1	250	0	0	0.000	0.000	0.000	14.979	0.000	0.251	1.500	15.750
14	1	2	2	0	0	0	0	0.000	0.000	0.000	0.000	0.000	0.000	0.625	17.250
15	1	0	1	0	0	0	0	0.000	0.000	0.000	17.546	0.000	0.000	1.500	17.875
16	1	2	2	0	0	0	0	0.000	0.000	0.000	0.000	0.000	0.000	1.125	19.375
17	1	0	0	0	0	0	0	0.000	0.000	0.000	20.114	0.000	0.000	1.500	20.500
18	1	2	2	0	0	0	0	0.000	0.000	0.000	0.000	0.000	0.000	1.500	22.000
19	1	0	1	0	0	0	0	0.000	0.000	0.000	22.678	0.000	0.000	1.500	23.500
20	1	2	2	0	0	0	0	0.000	0.000	0.000	0.000	0.000	0.000	1.500	25.000
21	1	0	0	0	0	0	0	0.000	0.000	0.000	25.245	0.000	0.000	1.500	26.500
22	1	2	2	0	0	0	0	0.000	0.000	0.000	0.000	0.000	0.000	1.625	28.000
23	1	0	0	0	0	0	0	0.000	0.000	0.000	27.811	0.000	0.000	1.500	29.625
24	1	2	2	0	0	0	0	0.000	0.000	0.000	0.000	0.000	0.000	1.875	31.125
25	1	0	1	0	0	0	0	0.000	0.000	0.000	30.377	0.000	0.000	1.500	33.000
26	1	2	2	0	0	0	0	0.000	0.000	0.000	0.000	0.000	0.000	1.250	34.500
27	1	0	1	0	0	0	0	0.000	0.000	0.000	32.944	0.000	0.000	1.500	35.750
28	1	2	2	0	0	0	0	0.000	0.000	0.000	0.000	0.000	0.000	0.875	37.250
29	1	1	1	1	300	0	0	0.000	0.000	0.000	35.510	0.000	0.301	1.500	38.125
30	1	2	2	0	0	0	0	0.000	0.000	0.000	0.000	0.000	0.000	1.500	39.625
31	1	1	0	2	400	0	0	0.000	0.000	0.000	38.077	0.000	0.401	1.500	41.125
32	1	2	2	0	0	0	0	0.000	0.000	0.000	0.000	0.000	0.000	1.125	42.625
33	1	0	1	0	0	0	0	0.000	0.000	0.000	40.643	0.000	0.000	1.500	43.750
34	1	2	2	0	0	0	0	0.000	0.000	0.000	0.000	0.000	0.000	1.500	45.250
35	1	0	1	0	0	0	0	0.000	0.000	0.000	43.209	0.000	0.000	1.500	46.750
36	1	2	2	0	0	0	0	0.000	0.000	0.000	0.000	0.000	0.000	2.750	48.250
37	1	0	0	0	0	0	0	0.000	0.000	0.000	45.776	0.000	0.000	1.500	51.000
38	1	2	2	0	0	0	0	0.000	0.000	0.000	0.000	0.000	0.000	1.750	52.500
39	1	1	1	1	350	0	0	0.000	0.000	0.000	48.342	0.000	0.350	1.500	54.250
40	1	2	2	0	0	0	0	0.000	0.000	0.000	0.000	0.000	0.000	0.625	55.750
41	1	1	0	2	450	0	0	0.000	0.000	0.000	50.909	0.000	0.450	1.500	56.375
42	1	2	2	0	0	0	0	0.000	0.000	0.000	0.000	0.000	0.000	1.000	57.875
43	1	0	0	0	0	0	0	0.000	0.000	0.000	53.475	0.000	0.000	1.500	58.875
44	1	2	2	0	0	0	0	0.000	0.000	0.000	0.000	0.000	0.000	0.625	60.375
45	1	0	1	0	0	0	0	0.000	0.000	0.000	56.041	0.000	0.000	1.500	61.000
46	1	2	2	0	0	0	0	0.000	0.000	0.000	0.000	0.000	0.000	0.875	62.500
47	1	0	0	0	0	0	0	0.000	0.000	0.000	58.608	0.000	0.000	1.500	63.375
48	1	2	2	0	0	0	0	0.000	0.000	0.000	0.000	0.000	0.000	0.750	64.875
49	1	0	0	0	0	0	0	0.000	0.000	0.000	61.174	0.000	0.000	1.500	65.625
50	1	2	2	0	0	0	0	0.000	0.000	0.000	0.000	0.000	0.000	1.375	67.125
51	1	0	0	0	0	0	0	0.000	0.000	0.000	63.740	0.000	0.000	1.500	68.500
52	1	2	2	0	0	0	0	0.000	0.000	0.000	0.000	0.000	0.000	1.000	70.000
53	1	0	1	0	0	0	0	0.000	0.000	0.000	66.307	0.000	0.000	1.500	71.000
54	1	2	2	0	0	0	0	0.000	0.000	0.000	0.000	0.000	0.000	0.875	72.500
55	1	0	1	0	0	0	0	0.000	0.000	0.000	68.873	0.000	0.000	1.500	73.375
56	1	2	2	0	0	0	0	0.000	0.000	0.000	0.000	0.000	0.000	1.000	74.875
57	1	0	0	0	0	0	0	0.000	0.000	0.000	71.440	0.000	0.000	1.500	75.875
58	1	2	2	0	0	0	0	0.000	0.000	0.000	0.000	0.000	0.000	1.375	77.375
59	1	0	1	0	0	0	0	0.000	0.000	0.000	74.006	0.000	0.000	1.500	78.750
60	1	2	2	0	0	0	0	0.000	0.000	0.000	0.000	0.000	0.000	2.125	80.250
61	1	1	0	2	500	0	0	0.000	0.000	0.000	76.572	0.000	0.501	1.500	82.375
62	1	2	2	0	0	0	0	0.000	0.000	0.000	0.000	0.000	0.000	1.500	83.875
63	1	1	1	1	400	0	0	0.000	0.000	0.000	79.139	0.000	0.401	1.500	85.375
64	1	2	2	0	0	0	0	0.000	0.000	0.000	0.000	0.000	0.000	2.125	86.875
65	1	0	1	0	0	0	0	0.000	0.000	0.000	81.705	0.000	0.000	1.500	89.000
66	1	2	2	0	0	0	0	0.000	0.000	0.000	0.000	0.000	0.000	0.875	90.500
67	1	1	0	2	550	162	0	0.545	0.000	0.000	84.271	0.000	0.000	1.500	91.375
Started: 15-Aug-2013 12:53
