Started: 24-Jul-2013 16:51
1	1	0	1	0	0	0	0	0.000	0.000	0.000	0.045	0.000	0.000	1.500	0.000
2	1	2	2	0	0	0	0	0.000	0.000	0.000	0.000	0.000	0.000	0.875	1.500
3	1	0	0	0	0	0	0	0.000	0.000	0.000	2.628	0.000	0.000	1.500	2.375
4	1	2	2	0	0	0	0	0.000	0.000	0.000	0.000	0.000	0.000	0.500	3.875
5	1	0	0	0	0	0	0	0.000	0.000	0.000	5.194	0.000	0.000	1.500	4.375
6	1	2	2	0	0	0	0	0.000	0.000	0.000	0.000	0.000	0.000	2.125	5.875
7	1	0	0	0	0	0	0	0.000	0.000	0.000	7.778	0.000	0.000	1.500	8.000
8	1	2	2	0	0	0	0	0.000	0.000	0.000	0.000	0.000	0.000	1.375	9.500
9	1	0	1	0	0	0	0	0.000	0.000	0.000	10.344	0.000	0.000	1.500	10.875
10	1	2	2	0	0	0	0	0.000	0.000	0.000	0.000	0.000	0.000	1.125	12.375
11	1	1	0	2	350	0	0	0.000	0.000	0.000	12.910	0.000	0.350	1.500	13.500
12	1	2	2	0	0	0	0	0.000	0.000	0.000	0.000	0.000	0.000	0.750	15.000
13	1	1	1	1	250	0	0	0.000	0.000	0.000	15.481	0.000	0.250	1.500	15.750
14	1	2	2	0	0	0	0	0.000	0.000	0.000	0.000	0.000	0.000	0.625	17.250
15	1	0	1	0	0	0	0	0.000	0.000	0.000	18.064	0.000	0.000	1.500	17.875
16	1	2	2	0	0	0	0	0.000	0.000	0.000	0.000	0.000	0.000	1.125	19.375
17	1	0	0	0	0	0	0	0.000	0.000	0.000	20.664	0.000	0.000	1.500	20.500
18	1	2	2	0	0	0	0	0.000	0.000	0.000	0.000	0.000	0.000	1.500	22.000
19	1	0	1	0	0	0	0	0.000	0.000	0.000	23.248	0.000	0.000	1.500	23.500
20	1	2	2	0	0	0	0	0.000	0.000	0.000	0.000	0.000	0.000	1.500	25.000
21	1	0	0	0	0	0	0	0.000	0.000	0.000	25.830	0.000	0.000	1.500	26.500
22	1	2	2	0	0	0	0	0.000	0.000	0.000	0.000	0.000	0.000	1.625	28.000
23	1	0	0	0	0	0	0	0.000	0.000	0.000	28.413	0.000	0.000	1.500	29.625
24	1	2	2	0	0	0	0	0.000	0.000	0.000	0.000	0.000	0.000	1.875	31.125
25	1	0	1	0	0	0	0	0.000	0.000	0.000	30.998	0.000	0.000	1.500	33.000
26	1	2	2	0	0	0	0	0.000	0.000	0.000	0.000	0.000	0.000	1.250	34.500
27	1	0	1	0	0	0	0	0.000	0.000	0.000	33.581	0.000	0.000	1.500	35.750
28	1	2	2	0	0	0	0	0.000	0.000	0.000	0.000	0.000	0.000	0.875	37.250
29	1	1	1	1	300	0	0	0.000	0.000	0.000	36.164	0.000	0.300	1.500	38.125
30	1	2	2	0	0	0	0	0.000	0.000	0.000	0.000	0.000	0.000	1.500	39.625
31	1	1	0	2	400	0	0	0.000	0.000	0.000	38.747	0.000	0.400	1.500	41.125
32	1	2	2	0	0	0	0	0.000	0.000	0.000	0.000	0.000	0.000	1.125	42.625
33	1	0	1	0	0	0	0	0.000	0.000	0.000	41.330	0.000	0.000	1.500	43.750
34	1	2	2	0	0	0	0	0.000	0.000	0.000	0.000	0.000	0.000	1.500	45.250
35	1	0	1	0	0	0	0	0.000	0.000	0.000	43.913	0.000	0.000	1.500	46.750
36	1	2	2	0	0	0	0	0.000	0.000	0.000	0.000	0.000	0.000	2.750	48.250
37	1	0	0	0	0	0	0	0.000	0.000	0.000	46.495	0.000	0.000	1.500	51.000
38	1	2	2	0	0	0	0	0.000	0.000	0.000	0.000	0.000	0.000	1.750	52.500
39	1	1	1	1	350	0	0	0.000	0.000	0.000	49.077	0.000	0.350	1.500	54.250
40	1	2	2	0	0	0	0	0.000	0.000	0.000	0.000	0.000	0.000	0.625	55.750
41	1	1	0	2	450	0	0	0.000	0.000	0.000	51.660	0.000	0.450	1.500	56.375
42	1	2	2	0	0	0	0	0.000	0.000	0.000	0.000	0.000	0.000	1.000	57.875
43	1	0	0	0	0	0	0	0.000	0.000	0.000	54.245	0.000	0.000	1.500	58.875
44	1	2	2	0	0	0	0	0.000	0.000	0.000	0.000	0.000	0.000	0.625	60.375
45	1	0	1	0	0	0	0	0.000	0.000	0.000	56.828	0.000	0.000	1.500	61.000
46	1	2	2	0	0	0	0	0.000	0.000	0.000	0.000	0.000	0.000	0.875	62.500
47	1	0	0	0	0	0	0	0.000	0.000	0.000	59.411	0.000	0.000	1.500	63.375
48	1	2	2	0	0	0	0	0.000	0.000	0.000	0.000	0.000	0.000	0.750	64.875
49	1	0	0	0	0	0	0	0.000	0.000	0.000	61.994	0.000	0.000	1.500	65.625
50	1	2	2	0	0	0	0	0.000	0.000	0.000	0.000	0.000	0.000	1.375	67.125
51	1	0	0	0	0	0	0	0.000	0.000	0.000	64.577	0.000	0.000	1.500	68.500
52	1	2	2	0	0	0	0	0.000	0.000	0.000	0.000	0.000	0.000	1.000	70.000
53	1	0	1	0	0	0	0	0.000	0.000	0.000	67.160	0.000	0.000	1.500	71.000
54	1	2	2	0	0	0	0	0.000	0.000	0.000	0.000	0.000	0.000	0.875	72.500
55	1	0	1	0	0	0	0	0.000	0.000	0.000	69.743	0.000	0.000	1.500	73.375
56	1	2	2	0	0	0	0	0.000	0.000	0.000	0.000	0.000	0.000	1.000	74.875
57	1	0	0	0	0	0	0	0.000	0.000	0.000	72.325	0.000	0.000	1.500	75.875
58	1	2	2	0	0	0	0	0.000	0.000	0.000	0.000	0.000	0.000	1.375	77.375
59	1	0	1	0	0	0	0	0.000	0.000	0.000	74.907	0.000	0.000	1.500	78.750
60	1	2	2	0	0	0	0	0.000	0.000	0.000	0.000	0.000	0.000	2.125	80.250
61	1	1	0	2	500	0	0	0.000	0.000	0.000	77.490	0.000	0.500	1.500	82.375
62	1	2	2	0	0	0	0	0.000	0.000	0.000	0.000	0.000	0.000	1.500	83.875
63	1	1	1	1	400	0	0	0.000	0.000	0.000	80.075	0.000	0.400	1.500	85.375
64	1	2	2	0	0	0	0	0.000	0.000	0.000	0.000	0.000	0.000	2.125	86.875
65	1	0	1	0	0	0	0	0.000	0.000	0.000	82.658	0.000	0.000	1.500	89.000
66	1	2	2	0	0	0	0	0.000	0.000	0.000	0.000	0.000	0.000	0.875	90.500
67	1	1	0	2	550	0	0	0.000	0.000	0.000	85.241	0.000	0.550	1.500	91.375
68	1	2	2	0	0	0	0	0.000	0.000	0.000	0.000	0.000	0.000	0.625	92.875
69	1	0	0	0	0	0	0	0.000	0.000	0.000	87.824	0.000	0.000	1.500	93.500
70	1	2	2	0	0	0	0	0.000	0.000	0.000	0.000	0.000	0.000	0.625	95.000
71	1	1	1	1	450	0	0	0.000	0.000	0.000	90.407	0.000	0.450	1.500	95.625
72	1	2	2	0	0	0	0	0.000	0.000	0.000	0.000	0.000	0.000	1.375	97.125
73	1	0	0	0	0	0	0	0.000	0.000	0.000	92.990	0.000	0.000	1.500	98.500
74	1	2	2	0	0	0	0	0.000	0.000	0.000	0.000	0.000	0.000	2.125	100.000
75	1	0	1	0	0	0	0	0.000	0.000	0.000	95.573	0.000	0.000	1.500	102.125
76	1	2	2	0	0	0	0	0.000	0.000	0.000	0.000	0.000	0.000	0.875	103.625
77	1	0	0	0	0	0	0	0.000	0.000	0.000	98.155	0.000	0.000	1.500	104.500
78	1	2	2	0	0	0	0	0.000	0.000	0.000	0.000	0.000	0.000	0.625	106.000
79	1	0	1	0	0	0	0	0.000	0.000	0.000	100.737	0.000	0.000	1.500	106.625
80	1	2	2	0	0	0	0	0.000	0.000	0.000	0.000	0.000	0.000	1.250	108.125
81	1	0	0	0	0	0	0	0.000	0.000	0.000	103.323	0.000	0.000	1.500	109.375
82	1	2	2	0	0	0	0	0.000	0.000	0.000	0.000	0.000	0.000	1.000	110.875
83	1	0	1	0	0	0	0	0.000	0.000	0.000	105.905	0.000	0.000	1.500	111.875
84	1	2	2	0	0	0	0	0.000	0.000	0.000	0.000	0.000	0.000	0.625	113.375
85	1	0	0	0	0	0	0	0.000	0.000	0.000	108.489	0.000	0.000	1.500	114.000
86	1	2	2	0	0	0	0	0.000	0.000	0.000	0.000	0.000	0.000	2.500	115.500
87	1	0	0	0	0	0	0	0.000	0.000	0.000	111.071	0.000	0.000	1.500	118.000
88	1	2	2	0	0	0	0	0.000	0.000	0.000	0.000	0.000	0.000	2.125	119.500
89	1	0	1	0	0	0	0	0.000	0.000	0.000	113.654	0.000	0.000	1.500	121.625
90	1	2	2	0	0	0	0	0.000	0.000	0.000	0.000	0.000	0.000	1.000	123.125
91	1	0	1	0	0	0	0	0.000	0.000	0.000	116.237	0.000	0.000	1.500	124.125
92	1	2	2	0	0	0	0	0.000	0.000	0.000	0.000	0.000	0.000	0.625	125.625
93	1	1	1	2	600	0	0	0.000	0.000	0.000	118.820	0.000	0.600	1.500	126.250
94	1	2	2	0	0	0	0	0.000	0.000	0.000	0.000	0.000	0.000	2.000	127.750
95	1	1	0	1	500	0	0	0.000	0.000	0.000	121.403	0.000	0.500	1.500	129.750
96	1	2	2	0	0	0	0	0.000	0.000	0.000	0.000	0.000	0.000	0.625	131.250
97	1	0	0	0	0	0	0	0.000	0.000	0.000	123.985	0.000	0.000	1.500	131.875
98	1	2	2	0	0	0	0	0.000	0.000	0.000	0.000	0.000	0.000	1.375	133.375
99	1	0	1	0	0	0	0	0.000	0.000	0.000	126.553	0.000	0.000	1.500	134.750
100	1	2	2	0	0	0	0	0.000	0.000	0.000	0.000	0.000	0.000	1.250	136.250
101	1	0	0	0	0	0	0	0.000	0.000	0.000	129.136	0.000	0.000	1.500	137.500
102	1	2	2	0	0	0	0	0.000	0.000	0.000	0.000	0.000	0.000	0.625	139.000
103	1	0	0	0	0	0	0	0.000	0.000	0.000	131.702	0.000	0.000	1.500	139.625
104	1	2	2	0	0	0	0	0.000	0.000	0.000	0.000	0.000	0.000	2.000	141.125
105	1	1	1	1	550	0	0	0.000	0.000	0.000	134.285	0.000	0.550	1.500	143.125
106	1	2	2	0	0	0	0	0.000	0.000	0.000	0.000	0.000	0.000	1.250	144.625
107	1	0	1	0	0	0	0	0.000	0.000	0.000	136.869	0.000	0.000	1.500	145.875
108	1	2	2	0	0	0	0	0.000	0.000	0.000	0.000	0.000	0.000	1.750	147.375
109	1	1	0	2	650	0	0	0.000	0.000	0.000	139.451	0.000	0.650	1.500	149.125
110	1	2	2	0	0	0	0	0.000	0.000	0.000	0.000	0.000	0.000	1.875	150.625
111	1	0	1	0	0	0	0	0.000	0.000	0.000	142.034	0.000	0.000	1.500	152.500
112	1	2	2	0	0	0	0	0.000	0.000	0.000	0.000	0.000	0.000	0.750	154.000
113	1	0	1	0	0	0	0	0.000	0.000	0.000	144.617	0.000	0.000	1.500	154.750
114	1	2	2	0	0	0	0	0.000	0.000	0.000	0.000	0.000	0.000	2.375	156.250
115	1	0	0	0	0	0	0	0.000	0.000	0.000	147.200	0.000	0.000	1.500	158.625
116	1	2	2	0	0	0	0	0.000	0.000	0.000	0.000	0.000	0.000	0.625	160.125
117	1	0	1	0	0	0	0	0.000	0.000	0.000	149.782	0.000	0.000	1.500	160.750
118	1	2	2	0	0	0	0	0.000	0.000	0.000	0.000	0.000	0.000	1.625	162.250
119	1	0	0	0	0	0	0	0.000	0.000	0.000	152.364	0.000	0.000	1.500	163.875
120	1	2	2	0	0	0	0	0.000	0.000	0.000	0.000	0.000	0.000	0.500	165.375
121	1	0	1	0	0	0	0	0.000	0.000	0.000	154.949	0.000	0.000	1.500	165.875
122	1	2	2	0	0	0	0	0.000	0.000	0.000	0.000	0.000	0.000	2.500	167.375
123	1	0	0	0	0	0	0	0.000	0.000	0.000	157.533	0.000	0.000	1.500	169.875
124	1	2	2	0	0	0	0	0.000	0.000	0.000	0.000	0.000	0.000	0.875	171.375
125	1	1	1	1	600	0	0	0.000	0.000	0.000	160.115	0.000	0.600	1.500	172.250
126	1	2	2	0	0	0	0	0.000	0.000	0.000	0.000	0.000	0.000	1.500	173.750
127	1	1	0	2	700	0	0	0.000	0.000	0.000	162.698	0.000	0.700	1.500	175.250
128	1	2	2	0	0	0	0	0.000	0.000	0.000	0.000	0.000	0.000	1.000	176.750
129	1	1	0	1	650	0	0	0.000	0.000	0.000	186.443	0.000	0.650	1.500	177.750
130	1	2	2	0	0	0	0	0.000	0.000	0.000	0.000	0.000	0.000	3.500	179.250
131	1	1	1	2	750	0	0	0.000	0.000	0.000	189.029	0.000	0.750	1.500	182.750
132	1	2	2	0	0	0	0	0.000	0.000	0.000	0.000	0.000	0.000	0.750	184.250
133	1	0	1	0	0	0	0	0.000	0.000	0.000	191.611	0.000	0.000	1.500	185.000
134	1	2	2	0	0	0	0	0.000	0.000	0.000	0.000	0.000	0.000	0.875	186.500
135	1	0	0	0	0	0	0	0.000	0.000	0.000	194.194	0.000	0.000	1.500	187.375
136	1	2	2	0	0	0	0	0.000	0.000	0.000	0.000	0.000	0.000	1.875	188.875
137	1	0	1	0	0	0	0	0.000	0.000	0.000	196.777	0.000	0.000	1.500	190.750
138	1	2	2	0	0	0	0	0.000	0.000	0.000	0.000	0.000	0.000	0.875	192.250
139	1	0	0	0	0	0	0	0.000	0.000	0.000	199.360	0.000	0.000	1.500	193.125
140	1	2	2	0	0	0	0	0.000	0.000	0.000	0.000	0.000	0.000	1.375	194.625
141	1	0	1	0	0	0	0	0.000	0.000	0.000	201.943	0.000	0.000	1.500	196.000
142	1	2	2	0	0	0	0	0.000	0.000	0.000	0.000	0.000	0.000	0.500	197.500
143	1	0	0	0	0	0	0	0.000	0.000	0.000	204.510	0.000	0.000	1.500	198.000
144	1	2	2	0	0	0	0	0.000	0.000	0.000	0.000	0.000	0.000	1.500	199.500
145	1	0	0	0	0	0	0	0.000	0.000	0.000	207.093	0.000	0.000	1.500	201.000
146	1	2	2	0	0	0	0	0.000	0.000	0.000	0.000	0.000	0.000	3.500	202.500
147	1	0	0	0	0	0	0	0.000	0.000	0.000	209.676	0.000	0.000	1.500	206.000
148	1	2	2	0	0	0	0	0.000	0.000	0.000	0.000	0.000	0.000	0.750	207.500
149	1	0	0	0	0	0	0	0.000	0.000	0.000	212.259	0.000	0.000	1.500	208.250
150	1	2	2	0	0	0	0	0.000	0.000	0.000	0.000	0.000	0.000	1.500	209.750
151	1	0	1	0	0	0	0	0.000	0.000	0.000	214.840	0.000	0.000	1.500	211.250
152	1	2	2	0	0	0	0	0.000	0.000	0.000	0.000	0.000	0.000	0.750	212.750
153	1	1	1	2	800	0	0	0.000	0.000	0.000	217.425	0.000	0.800	1.500	213.500
154	1	2	2	0	0	0	0	0.000	0.000	0.000	0.000	0.000	0.000	0.875	215.000
155	1	0	1	0	0	0	0	0.000	0.000	0.000	220.007	0.000	0.000	1.500	215.875
156	1	2	2	0	0	0	0	0.000	0.000	0.000	0.000	0.000	0.000	1.500	217.375
157	1	1	0	1	700	0	0	0.000	0.000	0.000	222.589	0.000	0.700	1.500	218.875
158	1	2	2	0	0	0	0	0.000	0.000	0.000	0.000	0.000	0.000	1.125	220.375
159	1	0	1	0	0	0	0	0.000	0.000	0.000	225.172	0.000	0.000	1.500	221.500
160	1	2	2	0	0	0	0	0.000	0.000	0.000	0.000	0.000	0.000	0.625	223.000
161	1	0	1	0	0	0	0	0.000	0.000	0.000	227.757	0.000	0.000	1.500	223.625
162	1	2	2	0	0	0	0	0.000	0.000	0.000	0.000	0.000	0.000	1.375	225.125
163	1	0	0	0	0	0	0	0.000	0.000	0.000	230.340	0.000	0.000	1.500	226.500
164	1	2	2	0	0	0	0	0.000	0.000	0.000	0.000	0.000	0.000	0.500	228.000
165	1	0	1	0	0	0	0	0.000	0.000	0.000	232.923	0.000	0.000	1.500	228.500
166	1	2	2	0	0	0	0	0.000	0.000	0.000	0.000	0.000	0.000	3.500	230.000
167	1	1	0	2	850	0	0	0.000	0.000	0.000	235.506	0.000	0.850	1.500	233.500
168	1	2	2	0	0	0	0	0.000	0.000	0.000	0.000	0.000	0.000	2.125	235.000
169	1	1	1	1	750	0	0	0.000	0.000	0.000	238.089	0.000	0.750	1.500	237.125
170	1	2	2	0	0	0	0	0.000	0.000	0.000	0.000	0.000	0.000	1.500	238.625
171	1	0	0	0	0	0	0	0.000	0.000	0.000	240.672	0.000	0.000	1.500	240.125
172	1	2	2	0	0	0	0	0.000	0.000	0.000	0.000	0.000	0.000	0.500	241.625
173	1	0	0	0	0	0	0	0.000	0.000	0.000	243.238	0.000	0.000	1.500	242.125
174	1	2	2	0	0	0	0	0.000	0.000	0.000	0.000	0.000	0.000	0.875	243.625
175	1	0	1	0	0	0	0	0.000	0.000	0.000	245.821	0.000	0.000	1.500	244.500
176	1	2	2	0	0	0	0	0.000	0.000	0.000	0.000	0.000	0.000	1.875	246.000
177	1	0	1	0	0	0	0	0.000	0.000	0.000	248.404	0.000	0.000	1.500	247.875
178	1	2	2	0	0	0	0	0.000	0.000	0.000	0.000	0.000	0.000	0.500	249.375
179	1	0	1	0	0	0	0	0.000	0.000	0.000	250.969	0.000	0.000	1.500	249.875
180	1	2	2	0	0	0	0	0.000	0.000	0.000	0.000	0.000	0.000	1.750	251.375
181	1	0	0	0	0	0	0	0.000	0.000	0.000	253.552	0.000	0.000	1.500	253.125
182	1	2	2	0	0	0	0	0.000	0.000	0.000	0.000	0.000	0.000	1.375	254.625
183	1	0	1	0	0	0	0	0.000	0.000	0.000	256.137	0.000	0.000	1.500	256.000
184	1	2	2	0	0	0	0	0.000	0.000	0.000	0.000	0.000	0.000	3.625	257.500
185	1	0	0	0	0	0	0	0.000	0.000	0.000	258.720	0.000	0.000	1.500	261.125
186	1	2	2	0	0	0	0	0.000	0.000	0.000	0.000	0.000	0.000	0.500	262.625
187	1	0	0	0	0	0	0	0.000	0.000	0.000	261.303	0.000	0.000	1.500	263.125
188	1	2	2	0	0	0	0	0.000	0.000	0.000	0.000	0.000	0.000	2.375	264.625
189	1	1	1	1	800	0	0	0.000	0.000	0.000	263.886	0.000	0.800	1.500	267.000
190	1	2	2	0	0	0	0	0.000	0.000	0.000	0.000	0.000	0.000	0.625	268.500
191	1	1	0	2	900	0	0	0.000	0.000	0.000	266.469	0.000	0.900	1.500	269.125
192	1	2	2	0	0	0	0	0.000	0.000	0.000	0.000	0.000	0.000	1.500	270.625
193	1	1	0	2	950	0	0	0.000	0.000	0.000	269.052	0.000	0.950	1.500	272.125
194	1	2	2	0	0	0	0	0.000	0.000	0.000	0.000	0.000	0.000	1.250	273.625
195	1	1	1	1	850	0	0	0.000	0.000	0.000	271.635	0.000	0.850	1.500	274.875
196	1	2	2	0	0	0	0	0.000	0.000	0.000	0.000	0.000	0.000	0.500	276.375
197	1	0	0	0	0	0	0	0.000	0.000	0.000	274.216	0.000	0.000	1.500	276.875
198	1	2	2	0	0	0	0	0.000	0.000	0.000	0.000	0.000	0.000	1.125	278.375
199	1	0	0	0	0	0	0	0.000	0.000	0.000	276.801	0.000	0.000	1.500	279.500
200	1	2	2	0	0	0	0	0.000	0.000	0.000	0.000	0.000	0.000	0.750	281.000
201	1	0	1	0	0	0	0	0.000	0.000	0.000	279.384	0.000	0.000	1.500	281.750
202	1	2	2	0	0	0	0	0.000	0.000	0.000	0.000	0.000	0.000	0.875	283.250
203	1	0	1	0	0	0	0	0.000	0.000	0.000	281.967	0.000	0.000	1.500	284.125
204	1	2	2	0	0	0	0	0.000	0.000	0.000	0.000	0.000	0.000	2.875	285.625
205	1	0	1	0	0	0	0	0.000	0.000	0.000	284.550	0.000	0.000	1.500	288.500
206	1	2	2	0	0	0	0	0.000	0.000	0.000	0.000	0.000	0.000	1.750	290.000
207	1	0	0	0	0	0	0	0.000	0.000	0.000	287.133	0.000	0.000	1.500	291.750
208	1	2	2	0	0	0	0	0.000	0.000	0.000	0.000	0.000	0.000	0.875	293.250
209	1	1	0	1	900	0	0	0.000	0.000	0.000	289.716	0.000	0.900	1.500	294.125
210	1	2	2	0	0	0	0	0.000	0.000	0.000	0.000	0.000	0.000	0.750	295.625
211	1	0	1	0	0	0	0	0.000	0.000	0.000	292.299	0.000	0.000	1.500	296.375
212	1	2	2	0	0	0	0	0.000	0.000	0.000	0.000	0.000	0.000	0.750	297.875
213	1	1	1	2	1000	0	0	0.000	0.000	0.000	294.882	0.000	1.000	1.500	298.625
214	1	2	2	0	0	0	0	0.000	0.000	0.000	0.000	0.000	0.000	1.000	300.125
215	1	0	1	0	0	0	0	0.000	0.000	0.000	297.464	0.000	0.000	1.500	301.125
216	1	2	2	0	0	0	0	0.000	0.000	0.000	0.000	0.000	0.000	0.625	302.625
217	1	0	1	0	0	0	0	0.000	0.000	0.000	300.046	0.000	0.000	1.500	303.250
218	1	2	2	0	0	0	0	0.000	0.000	0.000	0.000	0.000	0.000	3.125	304.750
219	1	0	0	0	0	0	0	0.000	0.000	0.000	302.629	0.000	0.000	1.500	307.875
220	1	2	2	0	0	0	0	0.000	0.000	0.000	0.000	0.000	0.000	0.625	309.375
221	1	0	0	0	0	0	0	0.000	0.000	0.000	305.214	0.000	0.000	1.500	310.000
222	1	2	2	0	0	0	0	0.000	0.000	0.000	0.000	0.000	0.000	1.500	311.500
223	1	0	0	0	0	0	0	0.000	0.000	0.000	307.797	0.000	0.000	1.500	313.000
224	1	2	2	0	0	0	0	0.000	0.000	0.000	0.000	0.000	0.000	1.500	314.500
225	1	0	1	0	0	0	0	0.000	0.000	0.000	310.380	0.000	0.000	1.500	316.000
226	1	2	2	0	0	0	0	0.000	0.000	0.000	0.000	0.000	0.000	2.125	317.500
227	1	0	0	0	0	0	0	0.000	0.000	0.000	312.963	0.000	0.000	1.500	319.625
228	1	2	2	0	0	0	0	0.000	0.000	0.000	0.000	0.000	0.000	0.875	321.125
229	1	0	0	0	0	0	0	0.000	0.000	0.000	315.546	0.000	0.000	1.500	322.000
230	1	2	2	0	0	0	0	0.000	0.000	0.000	0.000	0.000	0.000	1.625	323.500
231	1	0	0	0	0	0	0	0.000	0.000	0.000	318.129	0.000	0.000	1.500	325.125
232	1	2	2	0	0	0	0	0.000	0.000	0.000	0.000	0.000	0.000	0.625	326.625
233	1	1	1	2	1050	0	0	0.000	0.000	0.000	320.712	0.000	0.000	1.500	327.250
234	1	2	2	0	0	0	0	0.000	0.000	0.000	0.000	0.000	0.000	2.000	328.750
235	1	0	1	0	0	0	0	0.000	0.000	0.000	323.278	0.000	0.000	1.500	330.750
236	1	2	2	0	0	0	0	0.000	0.000	0.000	0.000	0.000	0.000	0.500	332.250
237	1	1	0	1	950	0	0	0.000	0.000	0.000	325.861	0.000	0.950	1.500	332.750
238	1	2	2	0	0	0	0	0.000	0.000	0.000	0.000	0.000	0.000	0.625	334.250
239	1	0	1	0	0	0	0	0.000	0.000	0.000	328.444	0.000	0.000	1.500	334.875
240	1	2	2	0	0	0	0	0.000	0.000	0.000	0.000	0.000	0.000	2.875	336.375
241	1	0	1	0	0	0	0	0.000	0.000	0.000	331.028	0.000	0.000	1.500	339.250
242	1	2	2	0	0	0	0	0.000	0.000	0.000	0.000	0.000	0.000	1.125	340.750
243	1	0	0	0	0	0	0	0.000	0.000	0.000	333.610	0.000	0.000	1.500	341.875
244	1	2	2	0	0	0	0	0.000	0.000	0.000	0.000	0.000	0.000	0.500	343.375
245	1	1	0	1	1000	0	0	0.000	0.000	0.000	336.193	0.000	1.000	1.500	343.875
246	1	2	2	0	0	0	0	0.000	0.000	0.000	0.000	0.000	0.000	0.500	345.375
247	1	1	1	2	1100	0	0	0.000	0.000	0.000	338.775	0.000	0.000	1.500	345.875
248	1	2	2	0	0	0	0	0.000	0.000	0.000	0.000	0.000	0.000	0.625	347.375
249	1	0	1	0	0	0	0	0.000	0.000	0.000	341.360	0.000	0.000	1.500	348.000
250	1	2	2	0	0	0	0	0.000	0.000	0.000	0.000	0.000	0.000	1.375	349.500
251	1	0	1	0	0	0	0	0.000	0.000	0.000	343.942	0.000	0.000	1.500	350.875
252	1	2	2	0	0	0	0	0.000	0.000	0.000	0.000	0.000	0.000	0.625	352.375
253	1	0	0	0	0	0	0	0.000	0.000	0.000	346.526	0.000	0.000	1.500	353.000
254	1	2	2	0	0	0	0	0.000	0.000	0.000	0.000	0.000	0.000	1.625	354.500
255	1	0	0	0	0	0	0	0.000	0.000	0.000	349.109	0.000	0.000	1.500	356.125
256	1	2	2	0	0	0	0	0.000	0.000	0.000	0.000	0.000	0.000	2.125	357.625
Started: 02-Aug-2013 14:32
Started: 02-Aug-2013 14:35
1	1	0	1	0	0	98	0	0.444	0.000	0.000	0.543	1.060	0.000	1.500	0.000
2	1	2	2	0	0	0	0	0.000	0.000	0.000	0.000	0.000	0.000	0.875	1.500
3	1	0	0	0	0	98	0	0.355	0.000	0.000	2.376	2.893	0.000	1.500	2.375
4	1	2	2	0	0	0	0	0.000	0.000	0.000	0.000	0.000	0.000	0.500	3.875
5	1	0	0	0	0	98	0	0.403	0.000	0.000	4.376	4.893	0.000	1.500	4.375
6	1	2	2	0	0	0	0	0.000	0.000	0.000	0.000	0.000	0.000	2.125	5.875
7	1	0	0	0	0	98	0	0.522	0.000	0.000	8.009	8.526	0.000	1.500	8.000
8	1	2	2	0	0	0	0	0.000	0.000	0.000	0.000	0.000	0.000	1.375	9.500
9	1	0	1	0	0	97	0	0.416	0.000	0.000	10.892	11.409	0.000	1.500	10.875
10	1	2	2	0	0	0	0	0.000	0.000	0.000	0.000	0.000	0.000	1.125	12.375
11	1	1	0	2	350	98	0	0.350	0.000	0.000	13.508	14.025	0.351	1.500	13.500
12	1	2	2	0	0	0	0	0.000	0.000	0.000	0.000	0.000	0.000	0.750	15.000
13	1	1	1	1	250	97	0	0.317	0.000	0.000	15.758	16.275	0.251	1.500	15.750
14	1	2	2	0	0	0	0	0.000	0.000	0.000	0.000	0.000	0.000	0.625	17.250
15	1	0	1	0	0	98	0	0.359	0.000	0.000	17.891	18.408	0.000	1.500	17.875
16	1	2	2	0	0	0	0	0.000	0.000	0.000	0.000	0.000	0.000	1.125	19.375
17	1	0	0	0	0	97	0	0.319	0.000	0.000	20.508	21.024	0.000	1.500	20.500
18	1	2	2	0	0	0	0	0.000	0.000	0.000	0.000	0.000	0.000	1.500	22.000
Started: 02-Aug-2013 14:37
1	1	0	1	0	0	98	0	0.429	0.000	0.000	0.535	1.051	0.000	1.500	0.000
2	1	2	2	0	0	0	0	0.000	0.000	0.000	0.000	0.000	0.000	0.875	1.500
3	1	0	0	0	0	97	0	0.291	0.000	0.000	2.385	2.901	0.000	1.500	2.375
4	1	2	2	0	0	0	0	0.000	0.000	0.000	0.000	0.000	0.000	0.500	3.875
5	1	0	0	0	0	97	0	0.451	0.000	0.000	4.384	4.901	0.000	1.500	4.375
6	1	2	2	0	0	0	0	0.000	0.000	0.000	0.000	0.000	0.000	2.125	5.875
7	1	0	0	0	0	97	0	0.466	0.000	0.000	8.017	8.534	0.000	1.500	8.000
8	1	2	2	0	0	0	0	0.000	0.000	0.000	0.000	0.000	0.000	1.375	9.500
9	1	0	1	0	0	98	0	0.511	0.000	0.000	10.884	11.400	0.000	1.500	10.875
10	1	2	2	0	0	0	0	0.000	0.000	0.000	0.000	0.000	0.000	1.125	12.375
11	1	1	0	2	350	97	0	0.366	0.000	0.000	13.517	14.033	0.354	1.500	13.500
12	1	2	2	0	0	0	0	0.000	0.000	0.000	0.000	0.000	0.000	0.750	15.000
13	1	1	1	1	250	98	0	0.365	0.000	0.000	15.766	16.283	0.254	1.500	15.750
14	1	2	2	0	0	0	0	0.000	0.000	0.000	0.000	0.000	0.000	0.625	17.250
15	1	0	1	0	0	98	0	0.360	0.000	0.000	17.883	18.399	0.000	1.500	17.875
16	1	2	2	0	0	0	0	0.000	0.000	0.000	0.000	0.000	0.000	1.125	19.375
17	1	0	0	0	0	97	0	0.343	0.000	0.000	20.516	21.032	0.000	1.500	20.500
18	1	2	2	0	0	0	0	0.000	0.000	0.000	0.000	0.000	0.000	1.500	22.000
19	1	0	1	0	0	98	0	0.263	0.000	0.000	23.515	24.032	0.000	1.500	23.500
20	1	2	2	0	0	0	0	0.000	0.000	0.000	0.000	0.000	0.000	1.500	25.000
21	1	0	0	0	0	97	0	0.335	0.000	0.000	26.515	27.032	0.000	1.500	26.500
22	1	2	2	0	0	0	0	0.000	0.000	0.000	0.000	0.000	0.000	1.625	28.000
23	1	0	0	0	0	97	0	0.338	0.000	0.000	29.632	30.165	0.000	1.500	29.625
24	1	2	2	0	0	0	0	0.000	0.000	0.000	0.000	0.000	0.000	1.875	31.125
25	1	0	1	0	0	98	0	0.475	0.000	0.000	33.014	33.531	0.000	1.500	33.000
26	1	2	2	0	0	0	0	0.000	0.000	0.000	0.000	0.000	0.000	1.250	34.500
27	1	0	1	0	0	98	0	0.382	0.000	0.000	35.764	36.281	0.000	1.500	35.750
28	1	2	2	0	0	0	0	0.000	0.000	0.000	0.000	0.000	0.000	0.875	37.250
Started: 02-Aug-2013 14:47
Started: 02-Aug-2013 14:49
1	1	0	1	0	0	98	0	0.386	0.000	0.000	0.578	1.094	0.000	1.500	0.000
2	1	2	2	0	0	0	0	0.000	0.000	0.000	0.000	0.000	0.000	0.875	1.500
3	1	0	0	0	0	97	0	0.394	0.000	0.000	2.378	2.894	0.000	1.500	2.375
4	1	2	2	0	0	0	0	0.000	0.000	0.000	0.000	0.000	0.000	0.500	3.875
5	1	0	0	0	0	97	0	0.570	0.000	0.000	4.377	4.894	0.000	1.500	4.375
6	1	2	2	0	0	0	0	0.000	0.000	0.000	0.000	0.000	0.000	2.125	5.875
7	1	0	0	0	0	97	0	0.393	0.000	0.000	8.010	8.527	0.000	1.500	8.000
8	1	2	2	0	0	0	0	0.000	0.000	0.000	0.000	0.000	0.000	1.375	9.500
9	1	0	1	0	0	98	0	0.318	0.000	0.000	10.893	11.410	0.000	1.500	10.875
10	1	2	2	0	0	0	0	0.000	0.000	0.000	0.000	0.000	0.000	1.125	12.375
11	1	1	0	2	350	97	0	0.350	0.000	0.000	13.510	14.026	0.354	1.500	13.500
12	1	2	2	0	0	0	0	0.000	0.000	0.000	0.000	0.000	0.000	0.750	15.000
13	1	1	1	1	250	98	0	0.316	0.000	0.000	15.759	16.276	0.254	1.500	15.750
14	1	2	2	0	0	0	0	0.000	0.000	0.000	0.000	0.000	0.000	0.625	17.250
15	1	0	1	0	0	97	0	0.318	0.000	0.000	17.892	18.409	0.000	1.500	17.875
16	1	2	2	0	0	0	0	0.000	0.000	0.000	0.000	0.000	0.000	1.125	19.375
17	1	0	0	0	0	97	0	0.302	0.000	0.000	20.509	21.025	0.000	1.500	20.500
18	1	2	2	0	0	0	0	0.000	0.000	0.000	0.000	0.000	0.000	1.500	22.000
19	1	0	1	0	0	98	0	0.302	0.000	0.000	23.509	24.025	0.000	1.500	23.500
20	1	2	2	0	0	0	0	0.000	0.000	0.000	0.000	0.000	0.000	1.500	25.000
21	1	0	0	0	0	97	0	0.294	0.000	0.000	26.508	27.025	0.000	1.500	26.500
22	1	2	2	0	0	0	0	0.000	0.000	0.000	0.000	0.000	0.000	1.625	28.000
Started: 02-Aug-2013 14:55
1	1	0	1	0	0	98	0	0.427	0.000	0.000	0.536	1.053	0.000	1.500	0.000
2	1	2	2	0	0	0	0	0.000	0.000	0.000	0.000	0.000	0.000	0.875	1.500
3	1	0	0	0	0	97	0	0.377	0.000	0.000	2.386	2.903	0.000	1.500	2.375
4	1	2	2	0	0	0	0	0.000	0.000	0.000	0.000	0.000	0.000	0.500	3.875
5	1	0	0	0	0	97	0	0.329	0.000	0.000	4.386	4.903	0.000	1.500	4.375
6	1	2	2	0	0	0	0	0.000	0.000	0.000	0.000	0.000	0.000	2.125	5.875
7	1	0	0	0	0	97	0	0.312	0.000	0.000	8.019	8.536	0.000	1.500	8.000
8	1	2	2	0	0	0	0	0.000	0.000	0.000	0.000	0.000	0.000	1.375	9.500
9	1	0	1	0	0	98	0	0.341	0.000	0.000	10.885	11.402	0.000	1.500	10.875
10	1	2	2	0	0	0	0	0.000	0.000	0.000	0.000	0.000	0.000	1.125	12.375
11	1	1	0	2	350	97	0	0.316	0.000	0.000	13.518	14.035	0.352	1.500	13.500
12	1	2	2	0	0	0	0	0.000	0.000	0.000	0.000	0.000	0.000	0.750	15.000
13	1	1	1	1	250	0	0	0.000	0.000	0.000	15.768	16.285	0.251	1.500	15.750
14	1	2	2	0	0	0	0	0.000	0.000	0.000	0.000	0.000	0.000	0.625	17.250
15	1	0	1	0	0	98	0	0.422	0.000	0.000	17.884	18.401	0.000	1.500	17.875
16	1	2	2	0	0	0	0	0.000	0.000	0.000	0.000	0.000	0.000	1.125	19.375
17	1	0	0	0	0	97	0	0.285	0.000	0.000	20.517	21.034	0.000	1.500	20.500
18	1	2	2	0	0	0	0	0.000	0.000	0.000	0.000	0.000	0.000	1.500	22.000
19	1	0	1	0	0	98	0	0.301	0.000	0.000	23.517	24.034	0.000	1.500	23.500
20	1	2	2	0	0	0	0	0.000	0.000	0.000	0.000	0.000	0.000	1.500	25.000
21	1	0	0	0	0	97	0	0.349	0.000	0.000	26.517	27.033	0.000	1.500	26.500
22	1	2	2	0	0	0	0	0.000	0.000	0.000	0.000	0.000	0.000	1.625	28.000
23	1	0	0	0	0	97	0	0.377	0.000	0.000	29.633	30.150	0.000	1.500	29.625
24	1	2	2	0	0	0	0	0.000	0.000	0.000	0.000	0.000	0.000	1.875	31.125
25	1	0	1	0	0	98	0	0.354	0.000	0.000	33.016	33.533	0.000	1.500	33.000
26	1	2	2	0	0	0	0	0.000	0.000	0.000	0.000	0.000	0.000	1.250	34.500
27	1	0	1	0	0	98	0	0.388	0.000	0.000	35.766	36.282	0.000	1.500	35.750
28	1	2	2	0	0	0	0	0.000	0.000	0.000	0.000	0.000	0.000	0.875	37.250
29	1	1	1	1	300	98	0	0.437	0.000	0.000	38.132	38.649	0.307	1.500	38.125
30	1	2	2	0	0	0	0	0.000	0.000	0.000	0.000	0.000	0.000	1.500	39.625
31	1	1	0	2	300	0	0	0.000	0.000	0.000	41.132	41.648	0.307	1.500	41.125
32	1	2	2	0	0	0	0	0.000	0.000	0.000	0.000	0.000	0.000	1.125	42.625
33	1	0	1	0	0	98	0	0.524	0.000	0.000	43.765	44.281	0.000	1.500	43.750
34	1	2	2	0	0	0	0	0.000	0.000	0.000	0.000	0.000	0.000	1.500	45.250
35	1	0	1	0	0	98	0	0.469	0.000	0.000	46.765	47.281	0.000	1.500	46.750
36	1	2	2	0	0	0	0	0.000	0.000	0.000	0.000	0.000	0.000	2.750	48.250
37	1	0	0	0	0	97	0	0.491	0.000	0.000	51.014	51.531	0.000	1.500	51.000
38	1	2	2	0	0	0	0	0.000	0.000	0.000	0.000	0.000	0.000	1.750	52.500
39	1	1	1	1	250	0	0	0.000	0.000	0.000	54.264	54.780	0.254	1.500	54.250
40	1	2	2	0	0	0	0	0.000	0.000	0.000	0.000	0.000	0.000	0.625	55.750
41	1	1	0	2	350	0	0	0.000	0.000	0.000	56.380	56.897	0.358	1.500	56.375
42	1	2	2	0	0	0	0	0.000	0.000	0.000	0.000	0.000	0.000	1.000	57.875
43	1	0	0	0	0	97	0	0.489	0.000	0.000	58.880	59.397	0.000	1.500	58.875
44	1	2	2	0	0	0	0	0.000	0.000	0.000	0.000	0.000	0.000	0.625	60.375
45	1	0	1	0	0	98	0	0.475	0.000	0.000	61.013	61.530	0.000	1.500	61.000
46	1	2	2	0	0	0	0	0.000	0.000	0.000	0.000	0.000	0.000	0.875	62.500
47	1	0	0	0	0	97	0	0.445	0.000	0.000	63.379	63.896	0.000	1.500	63.375
48	1	2	2	0	0	0	0	0.000	0.000	0.000	0.000	0.000	0.000	0.750	64.875
49	1	0	0	0	0	97	0	0.443	0.000	0.000	65.629	66.146	0.000	1.500	65.625
50	1	2	2	0	0	0	0	0.000	0.000	0.000	0.000	0.000	0.000	1.375	67.125
51	1	0	0	0	0	97	0	0.504	0.000	0.000	68.512	69.029	0.000	1.500	68.500
52	1	2	2	0	0	0	0	0.000	0.000	0.000	0.000	0.000	0.000	1.000	70.000
53	1	0	1	0	0	98	0	0.508	0.000	0.000	71.012	71.529	0.000	1.500	71.000
54	1	2	2	0	0	0	0	0.000	0.000	0.000	0.000	0.000	0.000	0.875	72.500
55	1	0	1	0	0	98	0	0.438	0.000	0.000	73.378	73.895	0.000	1.500	73.375
56	1	2	2	0	0	0	0	0.000	0.000	0.000	0.000	0.000	0.000	1.000	74.875
57	1	0	0	0	0	97	0	0.322	0.000	0.000	75.878	76.395	0.000	1.500	75.875
58	1	2	2	0	0	0	0	0.000	0.000	0.000	0.000	0.000	0.000	1.375	77.375
59	1	0	1	0	0	98	0	0.495	0.000	0.000	78.761	79.278	0.000	1.500	78.750
60	1	2	2	0	0	0	0	0.000	0.000	0.000	0.000	0.000	0.000	2.125	80.250
61	1	1	0	2	400	97	0	0.502	0.000	0.000	82.394	82.911	0.404	1.500	82.375
62	1	2	2	0	0	0	0	0.000	0.000	0.000	0.000	0.000	0.000	1.500	83.875
63	1	1	1	1	300	0	0	0.000	0.000	0.000	85.394	85.910	0.304	1.500	85.375
64	1	2	2	0	0	0	0	0.000	0.000	0.000	0.000	0.000	0.000	2.125	86.875
65	1	0	1	0	0	98	0	0.469	0.000	0.000	89.010	89.527	0.000	1.500	89.000
66	1	2	2	0	0	0	0	0.000	0.000	0.000	0.000	0.000	0.000	0.875	90.500
67	1	1	0	2	350	97	0	0.446	0.000	0.000	91.393	91.910	0.354	1.500	91.375
68	1	2	2	0	0	0	0	0.000	0.000	0.000	0.000	0.000	0.000	0.625	92.875
69	1	0	0	0	0	97	0	0.642	0.000	0.000	93.509	94.026	0.000	1.500	93.500
70	1	2	2	0	0	0	0	0.000	0.000	0.000	0.000	0.000	0.000	0.625	95.000
71	1	1	1	1	350	98	0	0.525	0.000	0.000	95.643	96.159	0.354	1.500	95.625
72	1	2	2	0	0	0	0	0.000	0.000	0.000	0.000	0.000	0.000	1.375	97.125
73	1	0	0	0	0	97	0	0.538	0.000	0.000	98.509	99.026	0.000	1.500	98.500
74	1	2	2	0	0	0	0	0.000	0.000	0.000	0.000	0.000	0.000	2.125	100.000
75	1	0	1	0	0	98	0	0.537	0.000	0.000	102.142	102.658	0.000	1.500	102.125
76	1	2	2	0	0	0	0	0.000	0.000	0.000	0.000	0.000	0.000	0.875	103.625
77	1	0	0	0	0	97	0	0.522	0.000	0.000	104.508	105.025	0.000	1.500	104.500
78	1	2	2	0	0	0	0	0.000	0.000	0.000	0.000	0.000	0.000	0.625	106.000
79	1	0	1	0	0	98	0	0.573	0.000	0.000	106.641	107.158	0.000	1.500	106.625
80	1	2	2	0	0	0	0	0.000	0.000	0.000	0.000	0.000	0.000	1.250	108.125
81	1	0	0	0	0	97	0	0.479	0.000	0.000	109.391	109.908	0.000	1.500	109.375
82	1	2	2	0	0	0	0	0.000	0.000	0.000	0.000	0.000	0.000	1.000	110.875
83	1	0	1	0	0	98	0	0.532	0.000	0.000	111.891	112.407	0.000	1.500	111.875
84	1	2	2	0	0	0	0	0.000	0.000	0.000	0.000	0.000	0.000	0.625	113.375
85	1	0	0	0	0	97	0	0.543	0.000	0.000	114.007	114.524	0.000	1.500	114.000
86	1	2	2	0	0	0	0	0.000	0.000	0.000	0.000	0.000	0.000	2.500	115.500
87	1	0	0	0	0	97	0	0.543	0.000	0.000	118.007	118.523	0.000	1.500	118.000
88	1	2	2	0	0	0	0	0.000	0.000	0.000	0.000	0.000	0.000	2.125	119.500
89	1	0	1	0	0	98	0	0.478	0.000	0.000	121.640	122.156	0.000	1.500	121.625
90	1	2	2	0	0	0	0	0.000	0.000	0.000	0.000	0.000	0.000	1.000	123.125
91	1	0	1	0	0	98	0	0.578	0.000	0.000	124.139	124.656	0.000	1.500	124.125
92	1	2	2	0	0	0	0	0.000	0.000	0.000	0.000	0.000	0.000	0.625	125.625
93	1	1	1	2	300	0	0	0.000	0.000	0.000	126.256	126.773	0.310	1.500	126.250
94	1	2	2	0	0	0	0	0.000	0.000	0.000	0.000	0.000	0.000	2.000	127.750
95	1	1	0	1	300	0	0	0.000	0.000	0.000	129.756	130.272	0.300	1.500	129.750
96	1	2	2	0	0	0	0	0.000	0.000	0.000	0.000	0.000	0.000	0.625	131.250
97	1	0	0	0	0	97	0	0.749	0.000	0.000	131.889	132.405	0.000	1.500	131.875
98	1	2	2	0	0	0	0	0.000	0.000	0.000	0.000	0.000	0.000	1.375	133.375
99	1	0	1	0	0	98	0	0.595	0.000	0.000	134.755	135.272	0.000	1.500	134.750
100	1	2	2	0	0	0	0	0.000	0.000	0.000	0.000	0.000	0.000	1.250	136.250
101	1	0	0	0	0	97	0	0.541	0.000	0.000	137.505	138.021	0.000	1.500	137.500
102	1	2	2	0	0	0	0	0.000	0.000	0.000	0.000	0.000	0.000	0.625	139.000
103	1	0	0	0	0	97	0	0.584	0.000	0.000	139.638	140.154	0.000	1.500	139.625
104	1	2	2	0	0	0	0	0.000	0.000	0.000	0.000	0.000	0.000	2.000	141.125
105	1	1	1	1	350	98	0	0.476	0.000	0.000	143.137	143.654	0.358	1.500	143.125
106	1	2	2	0	0	0	0	0.000	0.000	0.000	0.000	0.000	0.000	1.250	144.625
107	1	0	1	0	0	98	0	0.550	0.000	0.000	145.887	146.404	0.000	1.500	145.875
108	1	2	2	0	0	0	0	0.000	0.000	0.000	0.000	0.000	0.000	1.750	147.375
109	1	1	0	2	350	97	0	0.500	0.000	0.000	149.137	149.653	0.358	1.500	149.125
110	1	2	2	0	0	0	0	0.000	0.000	0.000	0.000	0.000	0.000	1.875	150.625
111	1	0	1	0	0	98	0	0.614	0.000	0.000	152.503	153.020	0.000	1.500	152.500
112	1	2	2	0	0	0	0	0.000	0.000	0.000	0.000	0.000	0.000	0.750	154.000
113	1	0	1	0	0	98	0	0.492	0.000	0.000	154.753	155.269	0.000	1.500	154.750
114	1	2	2	0	0	0	0	0.000	0.000	0.000	0.000	0.000	0.000	2.375	156.250
115	1	0	0	0	0	97	0	0.433	0.000	0.000	158.636	159.152	0.000	1.500	158.625
116	1	2	2	0	0	0	0	0.000	0.000	0.000	0.000	0.000	0.000	0.625	160.125
117	1	0	1	0	0	98	0	0.556	0.000	0.000	160.752	161.269	0.000	1.500	160.750
118	1	2	2	0	0	0	0	0.000	0.000	0.000	0.000	0.000	0.000	1.625	162.250
119	1	0	0	0	0	97	0	0.463	0.000	0.000	163.885	164.402	0.000	1.500	163.875
120	1	2	2	0	0	0	0	0.000	0.000	0.000	0.000	0.000	0.000	0.500	165.375
121	1	0	1	0	0	98	0	0.503	0.000	0.000	165.885	166.402	0.000	1.500	165.875
122	1	2	2	0	0	0	0	0.000	0.000	0.000	0.000	0.000	0.000	2.500	167.375
123	1	0	0	0	0	97	0	0.479	0.000	0.000	169.885	170.401	0.000	1.500	169.875
124	1	2	2	0	0	0	0	0.000	0.000	0.000	0.000	0.000	0.000	0.875	171.375
125	1	1	1	1	300	0	0	0.000	0.000	0.000	172.268	172.784	0.307	1.500	172.250
126	1	2	2	0	0	0	0	0.000	0.000	0.000	0.000	0.000	0.000	1.500	173.750
127	1	1	0	2	300	0	0	0.000	0.000	0.000	175.267	175.784	0.307	1.500	175.250
128	1	2	2	0	0	0	0	0.000	0.000	0.000	0.000	0.000	0.000	1.000	176.750
129	1	1	0	1	350	97	0	0.411	0.000	0.000	190.232	190.749	0.352	1.500	177.750
130	1	2	2	0	0	0	0	0.000	0.000	0.000	0.000	0.000	0.000	3.500	179.250
131	1	1	1	2	350	0	0	0.000	0.000	0.000	191.198	191.715	0.354	1.500	182.750
132	1	2	2	0	0	0	0	0.000	0.000	0.000	0.000	0.000	0.000	0.750	184.250
133	1	0	1	0	0	98	0	0.568	0.000	0.000	193.115	193.632	0.000	1.500	185.000
134	1	2	2	0	0	0	0	0.000	0.000	0.000	0.000	0.000	0.000	0.875	186.500
135	1	0	0	0	0	97	0	0.587	0.000	0.000	194.248	194.765	0.000	1.500	187.375
136	1	2	2	0	0	0	0	0.000	0.000	0.000	0.000	0.000	0.000	1.875	188.875
137	1	0	1	0	0	98	0	0.341	0.000	0.000	195.399	195.915	0.000	1.500	190.750
138	1	2	2	0	0	0	0	0.000	0.000	0.000	0.000	0.000	0.000	0.875	192.250
139	1	0	0	0	0	97	0	0.377	0.000	0.000	196.298	196.815	0.000	1.500	193.125
140	1	2	2	0	0	0	0	0.000	0.000	0.000	0.000	0.000	0.000	1.375	194.625
141	1	0	1	0	0	98	0	0.356	0.000	0.000	197.231	197.748	0.000	1.500	196.000
142	1	2	2	0	0	0	0	0.000	0.000	0.000	0.000	0.000	0.000	0.500	197.500
143	1	0	0	0	0	97	0	0.351	0.000	0.000	198.148	198.665	0.000	1.500	198.000
144	1	2	2	0	0	0	0	0.000	0.000	0.000	0.000	0.000	0.000	1.500	199.500
145	1	0	0	0	0	97	0	0.509	0.000	0.000	201.014	201.531	0.000	1.500	201.000
146	1	2	2	0	0	0	0	0.000	0.000	0.000	0.000	0.000	0.000	3.500	202.500
147	1	0	0	0	0	97	0	0.445	0.000	0.000	206.014	206.530	0.000	1.500	206.000
148	1	2	2	0	0	0	0	0.000	0.000	0.000	0.000	0.000	0.000	0.750	207.500
149	1	0	0	0	0	97	0	0.443	0.000	0.000	208.264	208.780	0.000	1.500	208.250
150	1	2	2	0	0	0	0	0.000	0.000	0.000	0.000	0.000	0.000	1.500	209.750
151	1	0	1	0	0	98	0	0.515	0.000	0.000	211.263	211.780	0.000	1.500	211.250
152	1	2	2	0	0	0	0	0.000	0.000	0.000	0.000	0.000	0.000	0.750	212.750
153	1	1	1	2	400	98	0	0.457	0.000	0.000	213.513	214.030	0.410	1.500	213.500
154	1	2	2	0	0	0	0	0.000	0.000	0.000	0.000	0.000	0.000	0.875	215.000
155	1	0	1	0	0	98	0	0.603	0.000	0.000	215.879	216.396	0.000	1.500	215.875
156	1	2	2	0	0	0	0	0.000	0.000	0.000	0.000	0.000	0.000	1.500	217.375
157	1	1	0	1	300	97	0	0.483	0.000	0.000	218.879	219.396	0.304	1.500	218.875
158	1	2	2	0	0	0	0	0.000	0.000	0.000	0.000	0.000	0.000	1.125	220.375
159	1	0	1	0	0	98	0	0.594	0.000	0.000	221.512	222.029	0.000	1.500	221.500
160	1	2	2	0	0	0	0	0.000	0.000	0.000	0.000	0.000	0.000	0.625	223.000
161	1	0	1	0	0	98	0	0.645	0.000	0.000	223.629	224.145	0.000	1.500	223.625
162	1	2	2	0	0	0	0	0.000	0.000	0.000	0.000	0.000	0.000	1.375	225.125
163	1	0	0	0	0	97	0	0.498	0.000	0.000	226.512	227.028	0.000	1.500	226.500
164	1	2	2	0	0	0	0	0.000	0.000	0.000	0.000	0.000	0.000	0.500	228.000
165	1	0	1	0	0	98	0	0.554	0.000	0.000	228.511	229.028	0.000	1.500	228.500
166	1	2	2	0	0	0	0	0.000	0.000	0.000	0.000	0.000	0.000	3.500	230.000
167	1	1	0	2	350	97	0	0.442	0.000	0.000	233.511	234.027	0.351	1.500	233.500
168	1	2	2	0	0	0	0	0.000	0.000	0.000	0.000	0.000	0.000	2.125	235.000
169	1	1	1	1	250	0	0	0.000	0.000	0.000	237.144	237.660	0.258	1.500	237.125
170	1	2	2	0	0	0	0	0.000	0.000	0.000	0.000	0.000	0.000	1.500	238.625
171	1	0	0	0	0	97	0	0.547	0.000	0.000	240.127	240.643	0.000	1.500	240.125
172	1	2	2	0	0	0	0	0.000	0.000	0.000	0.000	0.000	0.000	0.500	241.625
173	1	0	0	0	0	97	0	0.482	0.000	0.000	242.127	242.643	0.000	1.500	242.125
174	1	2	2	0	0	0	0	0.000	0.000	0.000	0.000	0.000	0.000	0.875	243.625
175	1	0	1	0	0	98	0	0.660	0.000	0.000	244.510	245.026	0.000	1.500	244.500
176	1	2	2	0	0	0	0	0.000	0.000	0.000	0.000	0.000	0.000	1.875	246.000
177	1	0	1	0	0	98	0	0.476	0.000	0.000	247.893	248.409	0.000	1.500	247.875
178	1	2	2	0	0	0	0	0.000	0.000	0.000	0.000	0.000	0.000	0.500	249.375
179	1	0	1	0	0	98	0	0.492	0.000	0.000	249.892	250.409	0.000	1.500	249.875
180	1	2	2	0	0	0	0	0.000	0.000	0.000	0.000	0.000	0.000	1.750	251.375
181	1	0	0	0	0	97	0	0.506	0.000	0.000	253.142	253.659	0.000	1.500	253.125
182	1	2	2	0	0	0	0	0.000	0.000	0.000	0.000	0.000	0.000	1.375	254.625
183	1	0	1	0	0	98	0	0.520	0.000	0.000	256.008	256.525	0.000	1.500	256.000
184	1	2	2	0	0	0	0	0.000	0.000	0.000	0.000	0.000	0.000	3.625	257.500
185	1	0	0	0	0	97	0	0.443	0.000	0.000	261.141	261.658	0.000	1.500	261.125
186	1	2	2	0	0	0	0	0.000	0.000	0.000	0.000	0.000	0.000	0.500	262.625
187	1	0	0	0	0	97	0	0.547	0.000	0.000	263.141	263.658	0.000	1.500	263.125
188	1	2	2	0	0	0	0	0.000	0.000	0.000	0.000	0.000	0.000	2.375	264.625
189	1	1	1	1	300	98	0	0.473	0.000	0.000	267.007	267.524	0.304	1.500	267.000
190	1	2	2	0	0	0	0	0.000	0.000	0.000	0.000	0.000	0.000	0.625	268.500
191	1	1	0	2	300	97	0	0.476	0.000	0.000	269.140	269.657	0.301	1.500	269.125
192	1	2	2	0	0	0	0	0.000	0.000	0.000	0.000	0.000	0.000	1.500	270.625
193	1	1	0	2	250	0	0	0.000	0.000	0.000	272.140	272.657	0.251	1.500	272.125
194	1	2	2	0	0	0	0	0.000	0.000	0.000	0.000	0.000	0.000	1.250	273.625
195	1	1	1	1	250	98	0	0.422	0.000	0.000	274.890	275.406	0.251	1.500	274.875
196	1	2	2	0	0	0	0	0.000	0.000	0.000	0.000	0.000	0.000	0.500	276.375
197	1	0	0	0	0	97	0	0.526	0.000	0.000	276.889	277.406	0.000	1.500	276.875
198	1	2	2	0	0	0	0	0.000	0.000	0.000	0.000	0.000	0.000	1.125	278.375
199	1	0	0	0	0	97	0	0.486	0.000	0.000	279.506	280.022	0.000	1.500	279.500
200	1	2	2	0	0	0	0	0.000	0.000	0.000	0.000	0.000	0.000	0.750	281.000
201	1	0	1	0	0	98	0	0.572	0.000	0.000	281.756	282.272	0.000	1.500	281.750
202	1	2	2	0	0	0	0	0.000	0.000	0.000	0.000	0.000	0.000	0.875	283.250
203	1	0	1	0	0	98	0	0.460	0.000	0.000	284.139	284.655	0.000	1.500	284.125
204	1	2	2	0	0	0	0	0.000	0.000	0.000	0.000	0.000	0.000	2.875	285.625
205	1	0	1	0	0	98	0	0.470	0.000	0.000	288.505	289.021	0.000	1.500	288.500
206	1	2	2	0	0	0	0	0.000	0.000	0.000	0.000	0.000	0.000	1.750	290.000
207	1	0	0	0	0	97	0	0.468	0.000	0.000	291.755	292.271	0.000	1.500	291.750
208	1	2	2	0	0	0	0	0.000	0.000	0.000	0.000	0.000	0.000	0.875	293.250
209	1	1	0	1	200	0	0	0.000	0.000	0.000	294.138	294.654	0.203	1.500	294.125
210	1	2	2	0	0	0	0	0.000	0.000	0.000	0.000	0.000	0.000	0.750	295.625
211	1	0	1	0	0	98	0	0.508	0.000	0.000	296.387	296.904	0.000	1.500	296.375
212	1	2	2	0	0	0	0	0.000	0.000	0.000	0.000	0.000	0.000	0.750	297.875
213	1	1	1	2	300	0	0	0.000	0.000	0.000	298.637	299.154	0.303	1.500	298.625
214	1	2	2	0	0	0	0	0.000	0.000	0.000	0.000	0.000	0.000	1.000	300.125
215	1	0	1	0	0	98	0	0.574	0.000	0.000	301.137	301.653	0.000	1.500	301.125
216	1	2	2	0	0	0	0	0.000	0.000	0.000	0.000	0.000	0.000	0.625	302.625
217	1	0	1	0	0	98	0	0.570	0.000	0.000	303.253	303.770	0.000	1.500	303.250
218	1	2	2	0	0	0	0	0.000	0.000	0.000	0.000	0.000	0.000	3.125	304.750
219	1	0	0	0	0	97	0	0.512	0.000	0.000	307.886	308.403	0.000	1.500	307.875
220	1	2	2	0	0	0	0	0.000	0.000	0.000	0.000	0.000	0.000	0.625	309.375
221	1	0	0	0	0	97	0	0.524	0.000	0.000	310.003	310.519	0.000	1.500	310.000
222	1	2	2	0	0	0	0	0.000	0.000	0.000	0.000	0.000	0.000	1.500	311.500
223	1	0	0	0	0	97	0	0.483	0.000	0.000	313.019	313.535	0.000	1.500	313.000
224	1	2	2	0	0	0	0	0.000	0.000	0.000	0.000	0.000	0.000	1.500	314.500
225	1	0	1	0	0	98	0	0.459	0.000	0.000	316.019	316.535	0.000	1.500	316.000
226	1	2	2	0	0	0	0	0.000	0.000	0.000	0.000	0.000	0.000	2.125	317.500
227	1	0	0	0	0	97	0	0.459	0.000	0.000	319.635	320.151	0.000	1.500	319.625
228	1	2	2	0	0	0	0	0.000	0.000	0.000	0.000	0.000	0.000	0.875	321.125
229	1	0	0	0	0	97	0	0.508	0.000	0.000	322.018	322.535	0.000	1.500	322.000
230	1	2	2	0	0	0	0	0.000	0.000	0.000	0.000	0.000	0.000	1.625	323.500
231	1	0	0	0	0	97	0	0.511	0.000	0.000	325.134	325.651	0.000	1.500	325.125
232	1	2	2	0	0	0	0	0.000	0.000	0.000	0.000	0.000	0.000	0.625	326.625
233	1	1	1	2	350	98	0	0.394	0.000	0.000	327.267	327.784	0.352	1.500	327.250
234	1	2	2	0	0	0	0	0.000	0.000	0.000	0.000	0.000	0.000	2.000	328.750
235	1	0	1	0	0	98	0	0.487	0.000	0.000	330.767	331.284	0.000	1.500	330.750
236	1	2	2	0	0	0	0	0.000	0.000	0.000	0.000	0.000	0.000	0.500	332.250
237	1	1	0	1	250	0	0	0.000	0.000	0.000	332.767	333.283	0.252	1.500	332.750
238	1	2	2	0	0	0	0	0.000	0.000	0.000	0.000	0.000	0.000	0.625	334.250
239	1	0	1	0	0	98	0	0.474	0.000	0.000	334.883	335.400	0.000	1.500	334.875
240	1	2	2	0	0	0	0	0.000	0.000	0.000	0.000	0.000	0.000	2.875	336.375
241	1	0	1	0	0	98	0	0.435	0.000	0.000	339.266	339.783	0.000	1.500	339.250
242	1	2	2	0	0	0	0	0.000	0.000	0.000	0.000	0.000	0.000	1.125	340.750
243	1	0	0	0	0	97	0	0.482	0.000	0.000	341.882	342.399	0.000	1.500	341.875
244	1	2	2	0	0	0	0	0.000	0.000	0.000	0.000	0.000	0.000	0.500	343.375
245	1	1	0	1	300	0	0	0.000	0.000	0.000	343.882	344.399	0.307	1.500	343.875
246	1	2	2	0	0	0	0	0.000	0.000	0.000	0.000	0.000	0.000	0.500	345.375
247	1	1	1	2	300	0	0	0.000	0.000	0.000	345.882	346.399	0.307	1.500	345.875
248	1	2	2	0	0	0	0	0.000	0.000	0.000	0.000	0.000	0.000	0.625	347.375
249	1	0	1	0	0	98	0	0.494	0.000	0.000	348.015	348.532	0.000	1.500	348.000
250	1	2	2	0	0	0	0	0.000	0.000	0.000	0.000	0.000	0.000	1.375	349.500
251	1	0	1	0	0	98	0	0.531	0.000	0.000	350.881	351.398	0.000	1.500	350.875
252	1	2	2	0	0	0	0	0.000	0.000	0.000	0.000	0.000	0.000	0.625	352.375
253	1	0	0	0	0	97	0	0.590	0.000	0.000	353.015	353.531	0.000	1.500	353.000
254	1	2	2	0	0	0	0	0.000	0.000	0.000	0.000	0.000	0.000	1.625	354.500
255	1	0	0	0	0	97	0	0.521	0.000	0.000	356.131	356.647	0.000	1.500	356.125
256	1	2	2	0	0	0	0	0.000	0.000	0.000	0.000	0.000	0.000	2.125	357.625
Started: 05-Aug-2013 16:10
1	1	0	1	0	0	0	0	0.436	0.000	0.000	0.543	1.060	0.000	1.500	0.000
2	1	2	2	0	0	0	0	0.000	0.000	0.000	0.000	0.000	0.000	0.875	1.500
3	1	0	0	0	0	0	0	0.000	0.000	0.000	2.376	2.893	0.000	1.500	2.375
4	1	2	2	0	0	0	0	0.000	0.000	0.000	0.000	0.000	0.000	0.500	3.875
5	1	0	0	0	0	0	0	0.355	0.000	0.000	4.376	4.893	0.000	1.500	4.375
6	1	2	2	0	0	0	0	0.000	0.000	0.000	0.000	0.000	0.000	2.125	5.875
